[0.898s] Invoking command in '/home/tuaydin/ros2_ws/build/my_py_pkg': PYTHONPATH=/home/tuaydin/ros2_ws/build/my_py_pkg/prefix_override:/usr/lib/python3/dist-packages/colcon_core/task/python/colcon_distutils_commands:/home/tuaydin/ros2_ws/install/my_py_pkg/lib/python3.12/site-packages:${PYTHONPATH} /usr/bin/python3 -W ignore:setup.py install is deprecated -W ignore:easy_install command is deprecated setup.py develop --uninstall --editable --build-directory /home/tuaydin/ros2_ws/build/my_py_pkg/build
[1.154s] running develop
[1.318s] Removing /home/tuaydin/ros2_ws/install/my_py_pkg/lib/python3.12/site-packages/my-py-pkg.egg-link (link to .)
[1.350s] Invoked command in '/home/tuaydin/ros2_ws/build/my_py_pkg' returned '0': PYTHONPATH=/home/tuaydin/ros2_ws/build/my_py_pkg/prefix_override:/usr/lib/python3/dist-packages/colcon_core/task/python/colcon_distutils_commands:/home/tuaydin/ros2_ws/install/my_py_pkg/lib/python3.12/site-packages:${PYTHONPATH} /usr/bin/python3 -W ignore:setup.py install is deprecated -W ignore:easy_install command is deprecated setup.py develop --uninstall --editable --build-directory /home/tuaydin/ros2_ws/build/my_py_pkg/build
[1.352s] Invoking command in '/home/tuaydin/ros2_ws/src/my_py_pkg': PYTHONPATH=/home/tuaydin/ros2_ws/build/my_py_pkg/prefix_override:/usr/lib/python3/dist-packages/colcon_core/task/python/colcon_distutils_commands:/home/tuaydin/ros2_ws/install/my_py_pkg/lib/python3.12/site-packages:${PYTHONPATH} /usr/bin/python3 -W ignore:setup.py install is deprecated -W ignore:easy_install command is deprecated setup.py egg_info --egg-base ../../build/my_py_pkg build --build-base /home/tuaydin/ros2_ws/build/my_py_pkg/build install --record /home/tuaydin/ros2_ws/build/my_py_pkg/install.log --single-version-externally-managed install_data --force
[1.562s] running egg_info
[1.576s] writing ../../build/my_py_pkg/my_py_pkg.egg-info/PKG-INFO
[1.576s] writing dependency_links to ../../build/my_py_pkg/my_py_pkg.egg-info/dependency_links.txt
[1.576s] writing entry points to ../../build/my_py_pkg/my_py_pkg.egg-info/entry_points.txt
[1.577s] writing requirements to ../../build/my_py_pkg/my_py_pkg.egg-info/requires.txt
[1.577s] writing top-level names to ../../build/my_py_pkg/my_py_pkg.egg-info/top_level.txt
[1.607s] reading manifest file '../../build/my_py_pkg/my_py_pkg.egg-info/SOURCES.txt'
[1.608s] writing manifest file '../../build/my_py_pkg/my_py_pkg.egg-info/SOURCES.txt'
[1.608s] running build
[1.608s] running build_py
[1.608s] copying my_py_pkg/robot_news_station.py -> /home/tuaydin/ros2_ws/build/my_py_pkg/build/lib/my_py_pkg
[1.609s] copying my_py_pkg/number_publisher.py -> /home/tuaydin/ros2_ws/build/my_py_pkg/build/lib/my_py_pkg
[1.609s] copying my_py_pkg/template_python_node.py -> /home/tuaydin/ros2_ws/build/my_py_pkg/build/lib/my_py_pkg
[1.609s] copying my_py_pkg/smartphone.py -> /home/tuaydin/ros2_ws/build/my_py_pkg/build/lib/my_py_pkg
[1.609s] running install
[1.614s] running install_lib
[1.631s] creating /home/tuaydin/ros2_ws/install/my_py_pkg/lib/python3.12/site-packages/my_py_pkg
[1.631s] copying /home/tuaydin/ros2_ws/build/my_py_pkg/build/lib/my_py_pkg/robot_news_station.py -> /home/tuaydin/ros2_ws/install/my_py_pkg/lib/python3.12/site-packages/my_py_pkg
[1.631s] copying /home/tuaydin/ros2_ws/build/my_py_pkg/build/lib/my_py_pkg/number_publisher.py -> /home/tuaydin/ros2_ws/install/my_py_pkg/lib/python3.12/site-packages/my_py_pkg
[1.632s] copying /home/tuaydin/ros2_ws/build/my_py_pkg/build/lib/my_py_pkg/__init__.py -> /home/tuaydin/ros2_ws/install/my_py_pkg/lib/python3.12/site-packages/my_py_pkg
[1.632s] copying /home/tuaydin/ros2_ws/build/my_py_pkg/build/lib/my_py_pkg/my_first_node.py -> /home/tuaydin/ros2_ws/install/my_py_pkg/lib/python3.12/site-packages/my_py_pkg
[1.632s] copying /home/tuaydin/ros2_ws/build/my_py_pkg/build/lib/my_py_pkg/template_python_node.py -> /home/tuaydin/ros2_ws/install/my_py_pkg/lib/python3.12/site-packages/my_py_pkg
[1.632s] copying /home/tuaydin/ros2_ws/build/my_py_pkg/build/lib/my_py_pkg/smartphone.py -> /home/tuaydin/ros2_ws/install/my_py_pkg/lib/python3.12/site-packages/my_py_pkg
[1.632s] byte-compiling /home/tuaydin/ros2_ws/install/my_py_pkg/lib/python3.12/site-packages/my_py_pkg/robot_news_station.py to robot_news_station.cpython-312.pyc
[1.633s] byte-compiling /home/tuaydin/ros2_ws/install/my_py_pkg/lib/python3.12/site-packages/my_py_pkg/number_publisher.py to number_publisher.cpython-312.pyc
[1.633s] byte-compiling /home/tuaydin/ros2_ws/install/my_py_pkg/lib/python3.12/site-packages/my_py_pkg/__init__.py to __init__.cpython-312.pyc
[1.634s] byte-compiling /home/tuaydin/ros2_ws/install/my_py_pkg/lib/python3.12/site-packages/my_py_pkg/my_first_node.py to my_first_node.cpython-312.pyc
[1.634s] byte-compiling /home/tuaydin/ros2_ws/install/my_py_pkg/lib/python3.12/site-packages/my_py_pkg/template_python_node.py to template_python_node.cpython-312.pyc
[1.634s] byte-compiling /home/tuaydin/ros2_ws/install/my_py_pkg/lib/python3.12/site-packages/my_py_pkg/smartphone.py to smartphone.cpython-312.pyc
[1.634s] running install_data
[1.635s] copying resource/my_py_pkg -> /home/tuaydin/ros2_ws/install/my_py_pkg/share/ament_index/resource_index/packages
[1.635s] copying package.xml -> /home/tuaydin/ros2_ws/install/my_py_pkg/share/my_py_pkg
[1.635s] running install_egg_info
[1.651s] Copying ../../build/my_py_pkg/my_py_pkg.egg-info to /home/tuaydin/ros2_ws/install/my_py_pkg/lib/python3.12/site-packages/my_py_pkg-0.0.0-py3.12.egg-info
[1.652s] running install_scripts
[1.756s] Installing number_publisher script to /home/tuaydin/ros2_ws/install/my_py_pkg/lib/my_py_pkg
[1.756s] Installing py_node script to /home/tuaydin/ros2_ws/install/my_py_pkg/lib/my_py_pkg
[1.756s] Installing robot_news_station script to /home/tuaydin/ros2_ws/install/my_py_pkg/lib/my_py_pkg
[1.756s] Installing smartphone script to /home/tuaydin/ros2_ws/install/my_py_pkg/lib/my_py_pkg
[1.757s] writing list of installed files to '/home/tuaydin/ros2_ws/build/my_py_pkg/install.log'
[1.783s] Invoked command in '/home/tuaydin/ros2_ws/src/my_py_pkg' returned '0': PYTHONPATH=/home/tuaydin/ros2_ws/build/my_py_pkg/prefix_override:/usr/lib/python3/dist-packages/colcon_core/task/python/colcon_distutils_commands:/home/tuaydin/ros2_ws/install/my_py_pkg/lib/python3.12/site-packages:${PYTHONPATH} /usr/bin/python3 -W ignore:setup.py install is deprecated -W ignore:easy_install command is deprecated setup.py egg_info --egg-base ../../build/my_py_pkg build --build-base /home/tuaydin/ros2_ws/build/my_py_pkg/build install --record /home/tuaydin/ros2_ws/build/my_py_pkg/install.log --single-version-externally-managed install_data --force
