[0.010s] Invoking command in '/home/tuaydin/Desktop/ros2_ws/build/my_cpp_pkg': CMAKE_PREFIX_PATH=/home/tuaydin/Desktop/ros2_ws/install/my_robot_interfaces:/home/tuaydin/Desktop/ros2_ws/install/my_robot_bringup:/home/tuaydin/Desktop/ros2_ws/install/my_cpp_pkg:/home/tuaydin/Desktop/ros2_ws/src/install/my_cpp_pkg:/opt/ros/jazzy/opt/gz_math_vendor:/opt/ros/jazzy/opt/gz_utils_vendor:/opt/ros/jazzy/opt/gz_cmake_vendor:/home/tuaydin/Desktop/ros2_ws/install/my_py_pkg:/home/tuaydin/Desktop/ros2_ws/src/install/my_py_pkg:/opt/ros/jazzy PYTHONPATH=/home/tuaydin/Desktop/ros2_ws/install/my_robot_interfaces/lib/python3.12/site-packages:/home/tuaydin/Desktop/ros2_ws/install/my_py_pkg/lib/python3.12/site-packages:/home/tuaydin/Desktop/ros2_ws/src/install/my_py_pkg/lib/python3.12/site-packages:/opt/ros/jazzy/lib/python3.12/site-packages /usr/bin/cmake --build /home/tuaydin/Desktop/ros2_ws/build/my_cpp_pkg -- -j16 -l16
[0.076s] [ 35%] Built target robot_news_station
[0.076s] [ 35%] Built target add_two_ints_client
[0.076s] [ 35%] Built target cpp_node
[0.076s] [ 70%] Built target smartphone
[0.076s] [ 70%] Built target hardware_status_publisher
[0.076s] [ 70%] Built target number_counter
[0.077s] [ 70%] Built target add_two_ints_server
[0.078s] [ 90%] Built target led_panel
[0.078s] [ 90%] Built target add_two_ints_client_no_oop
[0.087s] [ 95%] [32mBuilding CXX object CMakeFiles/battery.dir/src/battery.cpp.o[0m
[3.401s] [100%] [32m[1mLinking CXX executable battery[0m
[3.537s] [100%] Built target battery
[3.549s] Invoked command in '/home/tuaydin/Desktop/ros2_ws/build/my_cpp_pkg' returned '0': CMAKE_PREFIX_PATH=/home/tuaydin/Desktop/ros2_ws/install/my_robot_interfaces:/home/tuaydin/Desktop/ros2_ws/install/my_robot_bringup:/home/tuaydin/Desktop/ros2_ws/install/my_cpp_pkg:/home/tuaydin/Desktop/ros2_ws/src/install/my_cpp_pkg:/opt/ros/jazzy/opt/gz_math_vendor:/opt/ros/jazzy/opt/gz_utils_vendor:/opt/ros/jazzy/opt/gz_cmake_vendor:/home/tuaydin/Desktop/ros2_ws/install/my_py_pkg:/home/tuaydin/Desktop/ros2_ws/src/install/my_py_pkg:/opt/ros/jazzy PYTHONPATH=/home/tuaydin/Desktop/ros2_ws/install/my_robot_interfaces/lib/python3.12/site-packages:/home/tuaydin/Desktop/ros2_ws/install/my_py_pkg/lib/python3.12/site-packages:/home/tuaydin/Desktop/ros2_ws/src/install/my_py_pkg/lib/python3.12/site-packages:/opt/ros/jazzy/lib/python3.12/site-packages /usr/bin/cmake --build /home/tuaydin/Desktop/ros2_ws/build/my_cpp_pkg -- -j16 -l16
[3.551s] Invoking command in '/home/tuaydin/Desktop/ros2_ws/build/my_cpp_pkg': CMAKE_PREFIX_PATH=/home/tuaydin/Desktop/ros2_ws/install/my_robot_interfaces:/home/tuaydin/Desktop/ros2_ws/install/my_robot_bringup:/home/tuaydin/Desktop/ros2_ws/install/my_cpp_pkg:/home/tuaydin/Desktop/ros2_ws/src/install/my_cpp_pkg:/opt/ros/jazzy/opt/gz_math_vendor:/opt/ros/jazzy/opt/gz_utils_vendor:/opt/ros/jazzy/opt/gz_cmake_vendor:/home/tuaydin/Desktop/ros2_ws/install/my_py_pkg:/home/tuaydin/Desktop/ros2_ws/src/install/my_py_pkg:/opt/ros/jazzy PYTHONPATH=/home/tuaydin/Desktop/ros2_ws/install/my_robot_interfaces/lib/python3.12/site-packages:/home/tuaydin/Desktop/ros2_ws/install/my_py_pkg/lib/python3.12/site-packages:/home/tuaydin/Desktop/ros2_ws/src/install/my_py_pkg/lib/python3.12/site-packages:/opt/ros/jazzy/lib/python3.12/site-packages /usr/bin/cmake --install /home/tuaydin/Desktop/ros2_ws/build/my_cpp_pkg
[3.559s] -- Install configuration: ""
[3.559s] -- Up-to-date: /home/tuaydin/Desktop/ros2_ws/install/my_cpp_pkg/lib/my_cpp_pkg/cpp_node
[3.559s] -- Up-to-date: /home/tuaydin/Desktop/ros2_ws/install/my_cpp_pkg/lib/my_cpp_pkg/robot_news_station
[3.560s] -- Up-to-date: /home/tuaydin/Desktop/ros2_ws/install/my_cpp_pkg/lib/my_cpp_pkg/smartphone
[3.560s] -- Up-to-date: /home/tuaydin/Desktop/ros2_ws/install/my_cpp_pkg/lib/my_cpp_pkg/number_counter
[3.560s] -- Up-to-date: /home/tuaydin/Desktop/ros2_ws/install/my_cpp_pkg/lib/my_cpp_pkg/add_two_ints_server
[3.560s] -- Up-to-date: /home/tuaydin/Desktop/ros2_ws/install/my_cpp_pkg/lib/my_cpp_pkg/add_two_ints_client
[3.561s] -- Up-to-date: /home/tuaydin/Desktop/ros2_ws/install/my_cpp_pkg/lib/my_cpp_pkg/add_two_ints_client_no_oop
[3.561s] -- Up-to-date: /home/tuaydin/Desktop/ros2_ws/install/my_cpp_pkg/lib/my_cpp_pkg/hardware_status_publisher
[3.561s] -- Up-to-date: /home/tuaydin/Desktop/ros2_ws/install/my_cpp_pkg/lib/my_cpp_pkg/led_panel
[3.562s] -- Installing: /home/tuaydin/Desktop/ros2_ws/install/my_cpp_pkg/lib/my_cpp_pkg/battery
[3.563s] -- Set non-toolchain portion of runtime path of "/home/tuaydin/Desktop/ros2_ws/install/my_cpp_pkg/lib/my_cpp_pkg/battery" to ""
[3.563s] -- Up-to-date: /home/tuaydin/Desktop/ros2_ws/install/my_cpp_pkg/share/ament_index/resource_index/package_run_dependencies/my_cpp_pkg
[3.564s] -- Up-to-date: /home/tuaydin/Desktop/ros2_ws/install/my_cpp_pkg/share/ament_index/resource_index/parent_prefix_path/my_cpp_pkg
[3.564s] -- Up-to-date: /home/tuaydin/Desktop/ros2_ws/install/my_cpp_pkg/share/my_cpp_pkg/environment/ament_prefix_path.sh
[3.564s] -- Up-to-date: /home/tuaydin/Desktop/ros2_ws/install/my_cpp_pkg/share/my_cpp_pkg/environment/ament_prefix_path.dsv
[3.564s] -- Up-to-date: /home/tuaydin/Desktop/ros2_ws/install/my_cpp_pkg/share/my_cpp_pkg/environment/path.sh
[3.564s] -- Up-to-date: /home/tuaydin/Desktop/ros2_ws/install/my_cpp_pkg/share/my_cpp_pkg/environment/path.dsv
[3.564s] -- Up-to-date: /home/tuaydin/Desktop/ros2_ws/install/my_cpp_pkg/share/my_cpp_pkg/local_setup.bash
[3.565s] -- Up-to-date: /home/tuaydin/Desktop/ros2_ws/install/my_cpp_pkg/share/my_cpp_pkg/local_setup.sh
[3.565s] -- Up-to-date: /home/tuaydin/Desktop/ros2_ws/install/my_cpp_pkg/share/my_cpp_pkg/local_setup.zsh
[3.565s] -- Up-to-date: /home/tuaydin/Desktop/ros2_ws/install/my_cpp_pkg/share/my_cpp_pkg/local_setup.dsv
[3.565s] -- Installing: /home/tuaydin/Desktop/ros2_ws/install/my_cpp_pkg/share/my_cpp_pkg/package.dsv
[3.565s] -- Up-to-date: /home/tuaydin/Desktop/ros2_ws/install/my_cpp_pkg/share/ament_index/resource_index/packages/my_cpp_pkg
[3.565s] -- Up-to-date: /home/tuaydin/Desktop/ros2_ws/install/my_cpp_pkg/share/my_cpp_pkg/cmake/my_cpp_pkgConfig.cmake
[3.565s] -- Up-to-date: /home/tuaydin/Desktop/ros2_ws/install/my_cpp_pkg/share/my_cpp_pkg/cmake/my_cpp_pkgConfig-version.cmake
[3.565s] -- Up-to-date: /home/tuaydin/Desktop/ros2_ws/install/my_cpp_pkg/share/my_cpp_pkg/package.xml
[3.566s] Invoked command in '/home/tuaydin/Desktop/ros2_ws/build/my_cpp_pkg' returned '0': CMAKE_PREFIX_PATH=/home/tuaydin/Desktop/ros2_ws/install/my_robot_interfaces:/home/tuaydin/Desktop/ros2_ws/install/my_robot_bringup:/home/tuaydin/Desktop/ros2_ws/install/my_cpp_pkg:/home/tuaydin/Desktop/ros2_ws/src/install/my_cpp_pkg:/opt/ros/jazzy/opt/gz_math_vendor:/opt/ros/jazzy/opt/gz_utils_vendor:/opt/ros/jazzy/opt/gz_cmake_vendor:/home/tuaydin/Desktop/ros2_ws/install/my_py_pkg:/home/tuaydin/Desktop/ros2_ws/src/install/my_py_pkg:/opt/ros/jazzy PYTHONPATH=/home/tuaydin/Desktop/ros2_ws/install/my_robot_interfaces/lib/python3.12/site-packages:/home/tuaydin/Desktop/ros2_ws/install/my_py_pkg/lib/python3.12/site-packages:/home/tuaydin/Desktop/ros2_ws/src/install/my_py_pkg/lib/python3.12/site-packages:/opt/ros/jazzy/lib/python3.12/site-packages /usr/bin/cmake --install /home/tuaydin/Desktop/ros2_ws/build/my_cpp_pkg
