[ 14%] Built target cpp_node
[ 28%] Built target number_counter
[ 42%] Built target smartphone
[ 57%] Built target robot_news_station
[ 71%] Built target add_two_ints_server
[ 85%] Built target add_two_ints_client_no_oop
[ 92%] [32mBuilding CXX object CMakeFiles/add_two_ints_client.dir/src/add_two_ints_client.cpp.o[0m
In file included from [01m[K/opt/ros/jazzy/include/rclcpp/rclcpp/logging.hpp:24[m[K,
                 from [01m[K/opt/ros/jazzy/include/rclcpp/rclcpp/copy_all_parameter_values.hpp:27[m[K,
                 from [01m[K/opt/ros/jazzy/include/rclcpp/rclcpp/rclcpp.hpp:171[m[K,
                 from [01m[K/home/tuaydin/ros2_ws/src/my_cpp_pkg/src/add_two_ints_client.cpp:1[m[K:
[01m[K/home/tuaydin/ros2_ws/src/my_cpp_pkg/src/add_two_ints_client.cpp:[m[K In member function ‘[01m[Kvoid AddTwoIntsClientNode::[01;32m[KcallAddTwoIntsService[m[K(int, int)[m[K’:
[01m[K/home/tuaydin/ros2_ws/src/my_cpp_pkg/src/add_two_ints_client.cpp:27:57:[m[K [01;35m[Kwarning: [m[Kformat ‘[01m[K%d[m[K’ expects argument of type ‘[01m[Kint[m[K’, but argument 7 has type ‘[01m[Kexample_interfaces::srv::AddTwoInts_Response_<std::allocator<void> >::_sum_type[m[K’ {aka ‘[01m[Klong int[m[K’} [[01;35m[K]8;;https://gcc.gnu.org/onlinedocs/gcc/Warning-Options.html#index-Wformat=-Wformat=]8;;[m[K]
   27 |                         RCLCPP_INFO(this->get_logger(), [01;35m[K"%d + %d = %d"[m[K, a, b, [32m[Kresponse->sum[m[K);
      |                                                         [01;35m[K^~~~~~~~~~~~~~[m[K        [32m[K~~~~~~~~~~~~~[m[K
      |                                                                                         [32m[K|[m[K
      |                                                                                         [32m[Kexample_interfaces::srv::AddTwoInts_Response_<std::allocator<void> >::_sum_type {aka long int}[m[K
[01m[K/home/tuaydin/ros2_ws/src/my_cpp_pkg/src/add_two_ints_client.cpp:27:69:[m[K [01;36m[Knote: [m[Kformat string is defined here
   27 |                         RCLCPP_INFO(this->get_logger(), "%d + %d = [01;36m[K%d[m[K", a, b, response->sum);
      |                                                                    [01;36m[K~^[m[K
      |                                                                     [01;36m[K|[m[K
      |                                                                     [01;36m[Kint[m[K
      |                                                                    [32m[K%ld[m[K
[100%] [32m[1mLinking CXX executable add_two_ints_client[0m
[100%] Built target add_two_ints_client
-- Install configuration: ""
-- Up-to-date: /home/tuaydin/ros2_ws/install/my_cpp_pkg/lib/my_cpp_pkg/cpp_node
-- Up-to-date: /home/tuaydin/ros2_ws/install/my_cpp_pkg/lib/my_cpp_pkg/robot_news_station
-- Up-to-date: /home/tuaydin/ros2_ws/install/my_cpp_pkg/lib/my_cpp_pkg/smartphone
-- Up-to-date: /home/tuaydin/ros2_ws/install/my_cpp_pkg/lib/my_cpp_pkg/number_counter
-- Up-to-date: /home/tuaydin/ros2_ws/install/my_cpp_pkg/lib/my_cpp_pkg/add_two_ints_server
-- Installing: /home/tuaydin/ros2_ws/install/my_cpp_pkg/lib/my_cpp_pkg/add_two_ints_client
-- Set non-toolchain portion of runtime path of "/home/tuaydin/ros2_ws/install/my_cpp_pkg/lib/my_cpp_pkg/add_two_ints_client" to ""
-- Up-to-date: /home/tuaydin/ros2_ws/install/my_cpp_pkg/lib/my_cpp_pkg/add_two_ints_client_no_oop
-- Up-to-date: /home/tuaydin/ros2_ws/install/my_cpp_pkg/share/ament_index/resource_index/package_run_dependencies/my_cpp_pkg
-- Up-to-date: /home/tuaydin/ros2_ws/install/my_cpp_pkg/share/ament_index/resource_index/parent_prefix_path/my_cpp_pkg
-- Up-to-date: /home/tuaydin/ros2_ws/install/my_cpp_pkg/share/my_cpp_pkg/environment/ament_prefix_path.sh
-- Up-to-date: /home/tuaydin/ros2_ws/install/my_cpp_pkg/share/my_cpp_pkg/environment/ament_prefix_path.dsv
-- Up-to-date: /home/tuaydin/ros2_ws/install/my_cpp_pkg/share/my_cpp_pkg/environment/path.sh
-- Up-to-date: /home/tuaydin/ros2_ws/install/my_cpp_pkg/share/my_cpp_pkg/environment/path.dsv
-- Up-to-date: /home/tuaydin/ros2_ws/install/my_cpp_pkg/share/my_cpp_pkg/local_setup.bash
-- Up-to-date: /home/tuaydin/ros2_ws/install/my_cpp_pkg/share/my_cpp_pkg/local_setup.sh
-- Up-to-date: /home/tuaydin/ros2_ws/install/my_cpp_pkg/share/my_cpp_pkg/local_setup.zsh
-- Up-to-date: /home/tuaydin/ros2_ws/install/my_cpp_pkg/share/my_cpp_pkg/local_setup.dsv
-- Installing: /home/tuaydin/ros2_ws/install/my_cpp_pkg/share/my_cpp_pkg/package.dsv
-- Up-to-date: /home/tuaydin/ros2_ws/install/my_cpp_pkg/share/ament_index/resource_index/packages/my_cpp_pkg
-- Up-to-date: /home/tuaydin/ros2_ws/install/my_cpp_pkg/share/my_cpp_pkg/cmake/my_cpp_pkgConfig.cmake
-- Up-to-date: /home/tuaydin/ros2_ws/install/my_cpp_pkg/share/my_cpp_pkg/cmake/my_cpp_pkgConfig-version.cmake
-- Up-to-date: /home/tuaydin/ros2_ws/install/my_cpp_pkg/share/my_cpp_pkg/package.xml
