[1.119s] Invoking command in '/home/tuaydin/ros2_ws/src/my_py_pkg': PYTHONPATH=/home/tuaydin/ros2_ws/src/build/my_py_pkg/prefix_override:/usr/lib/python3/dist-packages/colcon_core/task/python/colcon_distutils_commands:/home/tuaydin/ros2_ws/src/install/my_py_pkg/lib/python3.12/site-packages:${PYTHONPATH} /usr/bin/python3 -W ignore:setup.py install is deprecated -W ignore:easy_install command is deprecated setup.py egg_info --egg-base ../build/my_py_pkg build --build-base /home/tuaydin/ros2_ws/src/build/my_py_pkg/build install --record /home/tuaydin/ros2_ws/src/build/my_py_pkg/install.log --single-version-externally-managed install_data
[1.363s] running egg_info
[1.363s] creating ../build/my_py_pkg/my_py_pkg.egg-info
[1.380s] writing ../build/my_py_pkg/my_py_pkg.egg-info/PKG-INFO
[1.380s] writing dependency_links to ../build/my_py_pkg/my_py_pkg.egg-info/dependency_links.txt
[1.381s] writing requirements to ../build/my_py_pkg/my_py_pkg.egg-info/requires.txt
[1.381s] writing top-level names to ../build/my_py_pkg/my_py_pkg.egg-info/top_level.txt
[1.381s] writing manifest file '../build/my_py_pkg/my_py_pkg.egg-info/SOURCES.txt'
[1.416s] reading manifest file '../build/my_py_pkg/my_py_pkg.egg-info/SOURCES.txt'
[1.416s] writing manifest file '../build/my_py_pkg/my_py_pkg.egg-info/SOURCES.txt'
[1.417s] running build
[1.417s] running build_py
[1.417s] creating /home/tuaydin/ros2_ws/src/build/my_py_pkg/build
[1.417s] creating /home/tuaydin/ros2_ws/src/build/my_py_pkg/build/lib
[1.417s] creating /home/tuaydin/ros2_ws/src/build/my_py_pkg/build/lib/my_py_pkg
[1.418s] copying my_py_pkg/__init__.py -> /home/tuaydin/ros2_ws/src/build/my_py_pkg/build/lib/my_py_pkg
[1.418s] running install
[1.424s] running install_lib
[1.443s] creating /home/tuaydin/ros2_ws/src/install/my_py_pkg/lib/python3.12/site-packages/my_py_pkg
[1.443s] copying /home/tuaydin/ros2_ws/src/build/my_py_pkg/build/lib/my_py_pkg/__init__.py -> /home/tuaydin/ros2_ws/src/install/my_py_pkg/lib/python3.12/site-packages/my_py_pkg
[1.444s] byte-compiling /home/tuaydin/ros2_ws/src/install/my_py_pkg/lib/python3.12/site-packages/my_py_pkg/__init__.py to __init__.cpython-312.pyc
[1.445s] running install_data
[1.445s] creating /home/tuaydin/ros2_ws/src/install/my_py_pkg/share/ament_index
[1.445s] creating /home/tuaydin/ros2_ws/src/install/my_py_pkg/share/ament_index/resource_index
[1.445s] creating /home/tuaydin/ros2_ws/src/install/my_py_pkg/share/ament_index/resource_index/packages
[1.446s] copying resource/my_py_pkg -> /home/tuaydin/ros2_ws/src/install/my_py_pkg/share/ament_index/resource_index/packages
[1.446s] copying package.xml -> /home/tuaydin/ros2_ws/src/install/my_py_pkg/share/my_py_pkg
[1.446s] running install_egg_info
[1.465s] Copying ../build/my_py_pkg/my_py_pkg.egg-info to /home/tuaydin/ros2_ws/src/install/my_py_pkg/lib/python3.12/site-packages/my_py_pkg-0.0.0-py3.12.egg-info
[1.466s] running install_scripts
[1.585s] writing list of installed files to '/home/tuaydin/ros2_ws/src/build/my_py_pkg/install.log'
[1.623s] Invoked command in '/home/tuaydin/ros2_ws/src/my_py_pkg' returned '0': PYTHONPATH=/home/tuaydin/ros2_ws/src/build/my_py_pkg/prefix_override:/usr/lib/python3/dist-packages/colcon_core/task/python/colcon_distutils_commands:/home/tuaydin/ros2_ws/src/install/my_py_pkg/lib/python3.12/site-packages:${PYTHONPATH} /usr/bin/python3 -W ignore:setup.py install is deprecated -W ignore:easy_install command is deprecated setup.py egg_info --egg-base ../build/my_py_pkg build --build-base /home/tuaydin/ros2_ws/src/build/my_py_pkg/build install --record /home/tuaydin/ros2_ws/src/build/my_py_pkg/install.log --single-version-externally-managed install_data
