[0.025s] Invoking command in '/home/tuaydin/Desktop/ros2_ws/build/my_cpp_pkg': CMAKE_PREFIX_PATH=/home/tuaydin/Desktop/ros2_ws/install/my_robot_interfaces:/home/tuaydin/Desktop/ros2_ws/install/my_robot_bringup:/home/tuaydin/Desktop/ros2_ws/install/my_cpp_pkg:/home/tuaydin/Desktop/ros2_ws/src/install/my_cpp_pkg:/opt/ros/jazzy/opt/gz_math_vendor:/opt/ros/jazzy/opt/gz_utils_vendor:/opt/ros/jazzy/opt/gz_cmake_vendor:/home/tuaydin/Desktop/ros2_ws/install/my_py_pkg:/home/tuaydin/Desktop/ros2_ws/src/install/my_py_pkg:/opt/ros/jazzy PYTHONPATH=/home/tuaydin/Desktop/ros2_ws/install/my_robot_interfaces/lib/python3.12/site-packages:/home/tuaydin/Desktop/ros2_ws/install/my_py_pkg/lib/python3.12/site-packages:/home/tuaydin/Desktop/ros2_ws/src/install/my_py_pkg/lib/python3.12/site-packages:/opt/ros/jazzy/lib/python3.12/site-packages /usr/bin/cmake --build /home/tuaydin/Desktop/ros2_ws/build/my_cpp_pkg -- -j16 -l16
[0.125s] [  8%] Built target cpp_node
[0.125s] [ 16%] Built target led_panel
[0.127s] [ 25%] Built target number_counter
[0.132s] [ 33%] Built target add_two_ints_client_no_oop
[0.138s] [ 50%] Built target turtle_spawner
[0.138s] [ 50%] Built target robot_news_station
[0.139s] [ 58%] Built target add_two_ints_server
[0.140s] [ 66%] Built target smartphone
[0.143s] [ 75%] Built target hardware_status_publisher
[0.150s] [ 83%] Built target add_two_ints_client
[0.158s] [ 91%] Built target battery
[0.166s] [ 95%] [32mBuilding CXX object CMakeFiles/turtle_controller.dir/src/turtle_controller.cpp.o[0m
[5.006s] [01m[K/home/tuaydin/Desktop/ros2_ws/src/my_cpp_pkg/src/turtle_controller.cpp:[m[K In member function ‘[01m[Kvoid TurtleControllerNode::[01;32m[Kcallback_turtle_pose[m[K(turtlesim::msg::Pose_<std::allocator<void> >::SharedPtr)[m[K’:
[5.007s] [01m[K/home/tuaydin/Desktop/ros2_ws/src/my_cpp_pkg/src/turtle_controller.cpp:32:23:[m[K [01;31m[Kerror: [m[Kno match for ‘[01m[Koperator=[m[K’ (operand types are ‘[01m[Kturtlesim::msg::Pose[m[K’ {aka ‘[01m[Kturtlesim::msg::Pose_<std::allocator<void> >[m[K’} and ‘[01m[Kconst turtlesim::msg::Pose_<std::allocator<void> >::SharedPtr[m[K’ {aka ‘[01m[Kconst std::shared_ptr<turtlesim::msg::Pose_<std::allocator<void> > >[m[K’})
[5.007s]    32 |         this->pose_ = [01;31m[Kmsg[m[K;
[5.007s]       |                       [01;31m[K^~~[m[K
[5.007s] In file included from [01m[K/opt/ros/jazzy/include/turtlesim/turtlesim/msg/pose.hpp:7[m[K,
[5.008s]                  from [01m[K/home/tuaydin/Desktop/ros2_ws/src/my_cpp_pkg/src/turtle_controller.cpp:2[m[K:
[5.008s] [01m[K/opt/ros/jazzy/include/turtlesim/turtlesim/msg/detail/pose__struct.hpp:35:8:[m[K [01;36m[Knote: [m[Kcandidate: ‘[01m[Kconstexpr turtlesim::msg::Pose_<std::allocator<void> >& turtlesim::msg::Pose_<std::allocator<void> >::[01;32m[Koperator=[m[K(const turtlesim::msg::Pose_<std::allocator<void> >&)[m[K’
[5.008s]    35 | struct [01;36m[KPose_[m[K
[5.008s]       |        [01;36m[K^~~~~[m[K
[5.008s] [01m[K/opt/ros/jazzy/include/turtlesim/turtlesim/msg/detail/pose__struct.hpp:35:8:[m[K [01;36m[Knote: [m[K  no known conversion for argument 1 from ‘[01m[Kconst turtlesim::msg::Pose_<std::allocator<void> >::SharedPtr[m[K’ {aka ‘[01m[Kconst std::shared_ptr<turtlesim::msg::Pose_<std::allocator<void> > >[m[K’} to ‘[01m[Kconst turtlesim::msg::Pose_<std::allocator<void> >&[m[K’
[5.009s] [01m[K/opt/ros/jazzy/include/turtlesim/turtlesim/msg/detail/pose__struct.hpp:35:8:[m[K [01;36m[Knote: [m[Kcandidate: ‘[01m[Kconstexpr turtlesim::msg::Pose_<std::allocator<void> >& turtlesim::msg::Pose_<std::allocator<void> >::[01;32m[Koperator=[m[K(turtlesim::msg::Pose_<std::allocator<void> >&&)[m[K’
[5.009s] [01m[K/opt/ros/jazzy/include/turtlesim/turtlesim/msg/detail/pose__struct.hpp:35:8:[m[K [01;36m[Knote: [m[K  no known conversion for argument 1 from ‘[01m[Kconst turtlesim::msg::Pose_<std::allocator<void> >::SharedPtr[m[K’ {aka ‘[01m[Kconst std::shared_ptr<turtlesim::msg::Pose_<std::allocator<void> > >[m[K’} to ‘[01m[Kturtlesim::msg::Pose_<std::allocator<void> >&&[m[K’
[8.536s] gmake[2]: *** [CMakeFiles/turtle_controller.dir/build.make:76: CMakeFiles/turtle_controller.dir/src/turtle_controller.cpp.o] Error 1
[8.536s] gmake[1]: *** [CMakeFiles/Makefile2:445: CMakeFiles/turtle_controller.dir/all] Error 2
[8.536s] gmake: *** [Makefile:146: all] Error 2
[8.540s] Invoked command in '/home/tuaydin/Desktop/ros2_ws/build/my_cpp_pkg' returned '2': CMAKE_PREFIX_PATH=/home/tuaydin/Desktop/ros2_ws/install/my_robot_interfaces:/home/tuaydin/Desktop/ros2_ws/install/my_robot_bringup:/home/tuaydin/Desktop/ros2_ws/install/my_cpp_pkg:/home/tuaydin/Desktop/ros2_ws/src/install/my_cpp_pkg:/opt/ros/jazzy/opt/gz_math_vendor:/opt/ros/jazzy/opt/gz_utils_vendor:/opt/ros/jazzy/opt/gz_cmake_vendor:/home/tuaydin/Desktop/ros2_ws/install/my_py_pkg:/home/tuaydin/Desktop/ros2_ws/src/install/my_py_pkg:/opt/ros/jazzy PYTHONPATH=/home/tuaydin/Desktop/ros2_ws/install/my_robot_interfaces/lib/python3.12/site-packages:/home/tuaydin/Desktop/ros2_ws/install/my_py_pkg/lib/python3.12/site-packages:/home/tuaydin/Desktop/ros2_ws/src/install/my_py_pkg/lib/python3.12/site-packages:/opt/ros/jazzy/lib/python3.12/site-packages /usr/bin/cmake --build /home/tuaydin/Desktop/ros2_ws/build/my_cpp_pkg -- -j16 -l16
