[0.025s] Invoking command in '/home/tuaydin/Desktop/ros2_ws/build/my_cpp_pkg': CMAKE_PREFIX_PATH=/home/tuaydin/Desktop/ros2_ws/install/my_robot_interfaces:/home/tuaydin/Desktop/ros2_ws/install/my_robot_bringup:/home/tuaydin/Desktop/ros2_ws/install/my_cpp_pkg:/home/tuaydin/Desktop/ros2_ws/src/install/my_cpp_pkg:/opt/ros/jazzy/opt/gz_math_vendor:/opt/ros/jazzy/opt/gz_utils_vendor:/opt/ros/jazzy/opt/gz_cmake_vendor:/home/tuaydin/Desktop/ros2_ws/install/my_py_pkg:/home/tuaydin/Desktop/ros2_ws/src/install/my_py_pkg:/opt/ros/jazzy PYTHONPATH=/home/tuaydin/Desktop/ros2_ws/install/my_robot_interfaces/lib/python3.12/site-packages:/home/tuaydin/Desktop/ros2_ws/install/my_py_pkg/lib/python3.12/site-packages:/home/tuaydin/Desktop/ros2_ws/src/install/my_py_pkg/lib/python3.12/site-packages:/opt/ros/jazzy/lib/python3.12/site-packages /usr/bin/cmake --build /home/tuaydin/Desktop/ros2_ws/build/my_cpp_pkg -- -j16 -l16
[0.129s] [  8%] Built target robot_news_station
[0.137s] [ 16%] Built target add_two_ints_client_no_oop
[0.142s] [ 25%] Built target cpp_node
[0.149s] [ 33%] Built target number_counter
[0.154s] [ 41%] Built target hardware_status_publisher
[0.158s] [ 50%] Built target add_two_ints_client
[0.162s] [ 58%] Built target add_two_ints_server
[0.166s] [ 75%] Built target smartphone
[0.167s] [ 75%] Built target led_panel
[0.169s] [ 83%] Built target battery
[0.171s] [ 91%] Built target turtle_controller
[0.176s] [ 95%] [32mBuilding CXX object CMakeFiles/turtle_spawner.dir/src/turtle_spawner.cpp.o[0m
[10.162s] [100%] [32m[1mLinking CXX executable turtle_spawner[0m
[10.363s] [100%] Built target turtle_spawner
[10.376s] Invoked command in '/home/tuaydin/Desktop/ros2_ws/build/my_cpp_pkg' returned '0': CMAKE_PREFIX_PATH=/home/tuaydin/Desktop/ros2_ws/install/my_robot_interfaces:/home/tuaydin/Desktop/ros2_ws/install/my_robot_bringup:/home/tuaydin/Desktop/ros2_ws/install/my_cpp_pkg:/home/tuaydin/Desktop/ros2_ws/src/install/my_cpp_pkg:/opt/ros/jazzy/opt/gz_math_vendor:/opt/ros/jazzy/opt/gz_utils_vendor:/opt/ros/jazzy/opt/gz_cmake_vendor:/home/tuaydin/Desktop/ros2_ws/install/my_py_pkg:/home/tuaydin/Desktop/ros2_ws/src/install/my_py_pkg:/opt/ros/jazzy PYTHONPATH=/home/tuaydin/Desktop/ros2_ws/install/my_robot_interfaces/lib/python3.12/site-packages:/home/tuaydin/Desktop/ros2_ws/install/my_py_pkg/lib/python3.12/site-packages:/home/tuaydin/Desktop/ros2_ws/src/install/my_py_pkg/lib/python3.12/site-packages:/opt/ros/jazzy/lib/python3.12/site-packages /usr/bin/cmake --build /home/tuaydin/Desktop/ros2_ws/build/my_cpp_pkg -- -j16 -l16
[10.377s] Invoking command in '/home/tuaydin/Desktop/ros2_ws/build/my_cpp_pkg': CMAKE_PREFIX_PATH=/home/tuaydin/Desktop/ros2_ws/install/my_robot_interfaces:/home/tuaydin/Desktop/ros2_ws/install/my_robot_bringup:/home/tuaydin/Desktop/ros2_ws/install/my_cpp_pkg:/home/tuaydin/Desktop/ros2_ws/src/install/my_cpp_pkg:/opt/ros/jazzy/opt/gz_math_vendor:/opt/ros/jazzy/opt/gz_utils_vendor:/opt/ros/jazzy/opt/gz_cmake_vendor:/home/tuaydin/Desktop/ros2_ws/install/my_py_pkg:/home/tuaydin/Desktop/ros2_ws/src/install/my_py_pkg:/opt/ros/jazzy PYTHONPATH=/home/tuaydin/Desktop/ros2_ws/install/my_robot_interfaces/lib/python3.12/site-packages:/home/tuaydin/Desktop/ros2_ws/install/my_py_pkg/lib/python3.12/site-packages:/home/tuaydin/Desktop/ros2_ws/src/install/my_py_pkg/lib/python3.12/site-packages:/opt/ros/jazzy/lib/python3.12/site-packages /usr/bin/cmake --install /home/tuaydin/Desktop/ros2_ws/build/my_cpp_pkg
[10.385s] -- Install configuration: ""
[10.385s] -- Up-to-date: /home/tuaydin/Desktop/ros2_ws/install/my_cpp_pkg/lib/my_cpp_pkg/cpp_node
[10.385s] -- Up-to-date: /home/tuaydin/Desktop/ros2_ws/install/my_cpp_pkg/lib/my_cpp_pkg/robot_news_station
[10.386s] -- Up-to-date: /home/tuaydin/Desktop/ros2_ws/install/my_cpp_pkg/lib/my_cpp_pkg/smartphone
[10.386s] -- Up-to-date: /home/tuaydin/Desktop/ros2_ws/install/my_cpp_pkg/lib/my_cpp_pkg/number_counter
[10.386s] -- Up-to-date: /home/tuaydin/Desktop/ros2_ws/install/my_cpp_pkg/lib/my_cpp_pkg/add_two_ints_server
[10.386s] -- Up-to-date: /home/tuaydin/Desktop/ros2_ws/install/my_cpp_pkg/lib/my_cpp_pkg/add_two_ints_client
[10.386s] -- Up-to-date: /home/tuaydin/Desktop/ros2_ws/install/my_cpp_pkg/lib/my_cpp_pkg/add_two_ints_client_no_oop
[10.387s] -- Up-to-date: /home/tuaydin/Desktop/ros2_ws/install/my_cpp_pkg/lib/my_cpp_pkg/hardware_status_publisher
[10.387s] -- Up-to-date: /home/tuaydin/Desktop/ros2_ws/install/my_cpp_pkg/lib/my_cpp_pkg/led_panel
[10.387s] -- Up-to-date: /home/tuaydin/Desktop/ros2_ws/install/my_cpp_pkg/lib/my_cpp_pkg/battery
[10.387s] -- Installing: /home/tuaydin/Desktop/ros2_ws/install/my_cpp_pkg/lib/my_cpp_pkg/turtle_spawner
[10.391s] -- Set non-toolchain portion of runtime path of "/home/tuaydin/Desktop/ros2_ws/install/my_cpp_pkg/lib/my_cpp_pkg/turtle_spawner" to ""
[10.391s] -- Up-to-date: /home/tuaydin/Desktop/ros2_ws/install/my_cpp_pkg/lib/my_cpp_pkg/turtle_controller
[10.392s] -- Up-to-date: /home/tuaydin/Desktop/ros2_ws/install/my_cpp_pkg/share/ament_index/resource_index/package_run_dependencies/my_cpp_pkg
[10.392s] -- Up-to-date: /home/tuaydin/Desktop/ros2_ws/install/my_cpp_pkg/share/ament_index/resource_index/parent_prefix_path/my_cpp_pkg
[10.392s] -- Up-to-date: /home/tuaydin/Desktop/ros2_ws/install/my_cpp_pkg/share/my_cpp_pkg/environment/ament_prefix_path.sh
[10.392s] -- Up-to-date: /home/tuaydin/Desktop/ros2_ws/install/my_cpp_pkg/share/my_cpp_pkg/environment/ament_prefix_path.dsv
[10.392s] -- Up-to-date: /home/tuaydin/Desktop/ros2_ws/install/my_cpp_pkg/share/my_cpp_pkg/environment/path.sh
[10.392s] -- Up-to-date: /home/tuaydin/Desktop/ros2_ws/install/my_cpp_pkg/share/my_cpp_pkg/environment/path.dsv
[10.392s] -- Up-to-date: /home/tuaydin/Desktop/ros2_ws/install/my_cpp_pkg/share/my_cpp_pkg/local_setup.bash
[10.393s] -- Up-to-date: /home/tuaydin/Desktop/ros2_ws/install/my_cpp_pkg/share/my_cpp_pkg/local_setup.sh
[10.393s] -- Up-to-date: /home/tuaydin/Desktop/ros2_ws/install/my_cpp_pkg/share/my_cpp_pkg/local_setup.zsh
[10.393s] -- Up-to-date: /home/tuaydin/Desktop/ros2_ws/install/my_cpp_pkg/share/my_cpp_pkg/local_setup.dsv
[10.393s] -- Installing: /home/tuaydin/Desktop/ros2_ws/install/my_cpp_pkg/share/my_cpp_pkg/package.dsv
[10.393s] -- Up-to-date: /home/tuaydin/Desktop/ros2_ws/install/my_cpp_pkg/share/ament_index/resource_index/packages/my_cpp_pkg
[10.393s] -- Up-to-date: /home/tuaydin/Desktop/ros2_ws/install/my_cpp_pkg/share/my_cpp_pkg/cmake/my_cpp_pkgConfig.cmake
[10.393s] -- Up-to-date: /home/tuaydin/Desktop/ros2_ws/install/my_cpp_pkg/share/my_cpp_pkg/cmake/my_cpp_pkgConfig-version.cmake
[10.393s] -- Up-to-date: /home/tuaydin/Desktop/ros2_ws/install/my_cpp_pkg/share/my_cpp_pkg/package.xml
[10.394s] Invoked command in '/home/tuaydin/Desktop/ros2_ws/build/my_cpp_pkg' returned '0': CMAKE_PREFIX_PATH=/home/tuaydin/Desktop/ros2_ws/install/my_robot_interfaces:/home/tuaydin/Desktop/ros2_ws/install/my_robot_bringup:/home/tuaydin/Desktop/ros2_ws/install/my_cpp_pkg:/home/tuaydin/Desktop/ros2_ws/src/install/my_cpp_pkg:/opt/ros/jazzy/opt/gz_math_vendor:/opt/ros/jazzy/opt/gz_utils_vendor:/opt/ros/jazzy/opt/gz_cmake_vendor:/home/tuaydin/Desktop/ros2_ws/install/my_py_pkg:/home/tuaydin/Desktop/ros2_ws/src/install/my_py_pkg:/opt/ros/jazzy PYTHONPATH=/home/tuaydin/Desktop/ros2_ws/install/my_robot_interfaces/lib/python3.12/site-packages:/home/tuaydin/Desktop/ros2_ws/install/my_py_pkg/lib/python3.12/site-packages:/home/tuaydin/Desktop/ros2_ws/src/install/my_py_pkg/lib/python3.12/site-packages:/opt/ros/jazzy/lib/python3.12/site-packages /usr/bin/cmake --install /home/tuaydin/Desktop/ros2_ws/build/my_cpp_pkg
