[0.249s] DEBUG:colcon:Command line arguments: ['/usr/bin/colcon', 'build']
[0.249s] DEBUG:colcon:Parsed command line arguments: Namespace(log_base=None, log_level=None, verb_name='build', build_base='build', install_base='install', merge_install=False, symlink_install=False, test_result_base=None, continue_on_error=False, executor='parallel', parallel_workers=16, event_handlers=None, ignore_user_meta=False, metas=['./colcon.meta'], base_paths=['.'], packages_ignore=None, packages_ignore_regex=None, paths=None, packages_up_to=None, packages_up_to_regex=None, packages_above=None, packages_above_and_dependencies=None, packages_above_depth=None, packages_select_by_dep=None, packages_skip_by_dep=None, packages_skip_up_to=None, packages_select_build_failed=False, packages_skip_build_finished=False, packages_select_test_failures=False, packages_skip_test_passed=False, packages_select=None, packages_skip=None, packages_select_regex=None, packages_skip_regex=None, packages_start=None, packages_end=None, allow_overriding=[], cmake_args=None, cmake_target=None, cmake_target_skip_unavailable=False, cmake_clean_cache=False, cmake_clean_first=False, cmake_force_configure=False, ament_cmake_args=None, catkin_cmake_args=None, catkin_skip_building_tests=False, mixin_files=None, mixin=None, verb_parser=<colcon_mixin.mixin.mixin_argument.MixinArgumentDecorator object at 0x780c9d06b140>, verb_extension=<colcon_core.verb.build.BuildVerb object at 0x780c9d190d70>, main=<bound method BuildVerb.main of <colcon_core.verb.build.BuildVerb object at 0x780c9d190d70>>, mixin_verb=('build',))
[0.343s] Level 1:colcon.colcon_core.package_discovery:discover_packages(colcon_meta) check parameters
[0.343s] Level 1:colcon.colcon_core.package_discovery:discover_packages(recursive) check parameters
[0.343s] Level 1:colcon.colcon_core.package_discovery:discover_packages(ignore) check parameters
[0.343s] Level 1:colcon.colcon_core.package_discovery:discover_packages(path) check parameters
[0.343s] Level 1:colcon.colcon_core.package_discovery:discover_packages(colcon_meta) discover
[0.344s] Level 1:colcon.colcon_core.package_discovery:discover_packages(recursive) discover
[0.344s] INFO:colcon.colcon_core.package_discovery:Crawling recursively for packages in '/home/tuaydin/Desktop/ros2_ws'
[0.344s] Level 1:colcon.colcon_core.package_identification:_identify(.) by extensions ['ignore', 'ignore_ament_install']
[0.344s] Level 1:colcon.colcon_core.package_identification:_identify(.) by extension 'ignore'
[0.344s] Level 1:colcon.colcon_core.package_identification:_identify(.) by extension 'ignore_ament_install'
[0.344s] Level 1:colcon.colcon_core.package_identification:_identify(.) by extensions ['colcon_pkg']
[0.344s] Level 1:colcon.colcon_core.package_identification:_identify(.) by extension 'colcon_pkg'
[0.345s] Level 1:colcon.colcon_core.package_identification:_identify(.) by extensions ['colcon_meta']
[0.345s] Level 1:colcon.colcon_core.package_identification:_identify(.) by extension 'colcon_meta'
[0.345s] Level 1:colcon.colcon_core.package_identification:_identify(.) by extensions ['ros']
[0.345s] Level 1:colcon.colcon_core.package_identification:_identify(.) by extension 'ros'
[0.402s] Level 1:colcon.colcon_core.package_identification:_identify(.) by extensions ['cmake', 'python']
[0.402s] Level 1:colcon.colcon_core.package_identification:_identify(.) by extension 'cmake'
[0.402s] Level 1:colcon.colcon_core.package_identification:_identify(.) by extension 'python'
[0.402s] Level 1:colcon.colcon_core.package_identification:_identify(.) by extensions ['python_setup_py']
[0.402s] Level 1:colcon.colcon_core.package_identification:_identify(.) by extension 'python_setup_py'
[0.402s] Level 1:colcon.colcon_core.package_identification:_identify(build) by extensions ['ignore', 'ignore_ament_install']
[0.403s] Level 1:colcon.colcon_core.package_identification:_identify(build) by extension 'ignore'
[0.403s] Level 1:colcon.colcon_core.package_identification:_identify(build) ignored
[0.403s] Level 1:colcon.colcon_core.package_identification:_identify(install) by extensions ['ignore', 'ignore_ament_install']
[0.403s] Level 1:colcon.colcon_core.package_identification:_identify(install) by extension 'ignore'
[0.404s] Level 1:colcon.colcon_core.package_identification:_identify(install) ignored
[0.404s] Level 1:colcon.colcon_core.package_identification:_identify(log) by extensions ['ignore', 'ignore_ament_install']
[0.404s] Level 1:colcon.colcon_core.package_identification:_identify(log) by extension 'ignore'
[0.404s] Level 1:colcon.colcon_core.package_identification:_identify(log) ignored
[0.404s] Level 1:colcon.colcon_core.package_identification:_identify(src) by extensions ['ignore', 'ignore_ament_install']
[0.405s] Level 1:colcon.colcon_core.package_identification:_identify(src) by extension 'ignore'
[0.405s] Level 1:colcon.colcon_core.package_identification:_identify(src) by extension 'ignore_ament_install'
[0.405s] Level 1:colcon.colcon_core.package_identification:_identify(src) by extensions ['colcon_pkg']
[0.405s] Level 1:colcon.colcon_core.package_identification:_identify(src) by extension 'colcon_pkg'
[0.405s] Level 1:colcon.colcon_core.package_identification:_identify(src) by extensions ['colcon_meta']
[0.405s] Level 1:colcon.colcon_core.package_identification:_identify(src) by extension 'colcon_meta'
[0.405s] Level 1:colcon.colcon_core.package_identification:_identify(src) by extensions ['ros']
[0.405s] Level 1:colcon.colcon_core.package_identification:_identify(src) by extension 'ros'
[0.406s] Level 1:colcon.colcon_core.package_identification:_identify(src) by extensions ['cmake', 'python']
[0.406s] Level 1:colcon.colcon_core.package_identification:_identify(src) by extension 'cmake'
[0.406s] Level 1:colcon.colcon_core.package_identification:_identify(src) by extension 'python'
[0.406s] Level 1:colcon.colcon_core.package_identification:_identify(src) by extensions ['python_setup_py']
[0.406s] Level 1:colcon.colcon_core.package_identification:_identify(src) by extension 'python_setup_py'
[0.406s] Level 1:colcon.colcon_core.package_identification:_identify(src/build) by extensions ['ignore', 'ignore_ament_install']
[0.406s] Level 1:colcon.colcon_core.package_identification:_identify(src/build) by extension 'ignore'
[0.406s] Level 1:colcon.colcon_core.package_identification:_identify(src/build) ignored
[0.407s] Level 1:colcon.colcon_core.package_identification:_identify(src/install) by extensions ['ignore', 'ignore_ament_install']
[0.407s] Level 1:colcon.colcon_core.package_identification:_identify(src/install) by extension 'ignore'
[0.407s] Level 1:colcon.colcon_core.package_identification:_identify(src/install) ignored
[0.407s] Level 1:colcon.colcon_core.package_identification:_identify(src/log) by extensions ['ignore', 'ignore_ament_install']
[0.407s] Level 1:colcon.colcon_core.package_identification:_identify(src/log) by extension 'ignore'
[0.407s] Level 1:colcon.colcon_core.package_identification:_identify(src/log) ignored
[0.408s] Level 1:colcon.colcon_core.package_identification:_identify(src/my_cpp_pkg) by extensions ['ignore', 'ignore_ament_install']
[0.408s] Level 1:colcon.colcon_core.package_identification:_identify(src/my_cpp_pkg) by extension 'ignore'
[0.408s] Level 1:colcon.colcon_core.package_identification:_identify(src/my_cpp_pkg) by extension 'ignore_ament_install'
[0.408s] Level 1:colcon.colcon_core.package_identification:_identify(src/my_cpp_pkg) by extensions ['colcon_pkg']
[0.408s] Level 1:colcon.colcon_core.package_identification:_identify(src/my_cpp_pkg) by extension 'colcon_pkg'
[0.408s] Level 1:colcon.colcon_core.package_identification:_identify(src/my_cpp_pkg) by extensions ['colcon_meta']
[0.408s] Level 1:colcon.colcon_core.package_identification:_identify(src/my_cpp_pkg) by extension 'colcon_meta'
[0.408s] Level 1:colcon.colcon_core.package_identification:_identify(src/my_cpp_pkg) by extensions ['ros']
[0.408s] Level 1:colcon.colcon_core.package_identification:_identify(src/my_cpp_pkg) by extension 'ros'
[0.414s] DEBUG:colcon.colcon_core.package_identification:Package 'src/my_cpp_pkg' with type 'ros.ament_cmake' and name 'my_cpp_pkg'
[0.414s] Level 1:colcon.colcon_core.package_identification:_identify(src/my_py_pkg) by extensions ['ignore', 'ignore_ament_install']
[0.414s] Level 1:colcon.colcon_core.package_identification:_identify(src/my_py_pkg) by extension 'ignore'
[0.415s] Level 1:colcon.colcon_core.package_identification:_identify(src/my_py_pkg) by extension 'ignore_ament_install'
[0.415s] Level 1:colcon.colcon_core.package_identification:_identify(src/my_py_pkg) by extensions ['colcon_pkg']
[0.415s] Level 1:colcon.colcon_core.package_identification:_identify(src/my_py_pkg) by extension 'colcon_pkg'
[0.415s] Level 1:colcon.colcon_core.package_identification:_identify(src/my_py_pkg) by extensions ['colcon_meta']
[0.415s] Level 1:colcon.colcon_core.package_identification:_identify(src/my_py_pkg) by extension 'colcon_meta'
[0.415s] Level 1:colcon.colcon_core.package_identification:_identify(src/my_py_pkg) by extensions ['ros']
[0.415s] Level 1:colcon.colcon_core.package_identification:_identify(src/my_py_pkg) by extension 'ros'
[0.417s] DEBUG:colcon.colcon_core.package_identification:Package 'src/my_py_pkg' with type 'ros.ament_python' and name 'my_py_pkg'
[0.417s] Level 1:colcon.colcon_core.package_identification:_identify(src/my_robot_bringup) by extensions ['ignore', 'ignore_ament_install']
[0.417s] Level 1:colcon.colcon_core.package_identification:_identify(src/my_robot_bringup) by extension 'ignore'
[0.417s] Level 1:colcon.colcon_core.package_identification:_identify(src/my_robot_bringup) by extension 'ignore_ament_install'
[0.417s] Level 1:colcon.colcon_core.package_identification:_identify(src/my_robot_bringup) by extensions ['colcon_pkg']
[0.417s] Level 1:colcon.colcon_core.package_identification:_identify(src/my_robot_bringup) by extension 'colcon_pkg'
[0.417s] Level 1:colcon.colcon_core.package_identification:_identify(src/my_robot_bringup) by extensions ['colcon_meta']
[0.417s] Level 1:colcon.colcon_core.package_identification:_identify(src/my_robot_bringup) by extension 'colcon_meta'
[0.418s] Level 1:colcon.colcon_core.package_identification:_identify(src/my_robot_bringup) by extensions ['ros']
[0.418s] Level 1:colcon.colcon_core.package_identification:_identify(src/my_robot_bringup) by extension 'ros'
[0.418s] DEBUG:colcon.colcon_core.package_identification:Package 'src/my_robot_bringup' with type 'ros.ament_cmake' and name 'my_robot_bringup'
[0.419s] Level 1:colcon.colcon_core.package_identification:_identify(src/my_robot_interfaces) by extensions ['ignore', 'ignore_ament_install']
[0.419s] Level 1:colcon.colcon_core.package_identification:_identify(src/my_robot_interfaces) by extension 'ignore'
[0.419s] Level 1:colcon.colcon_core.package_identification:_identify(src/my_robot_interfaces) by extension 'ignore_ament_install'
[0.419s] Level 1:colcon.colcon_core.package_identification:_identify(src/my_robot_interfaces) by extensions ['colcon_pkg']
[0.419s] Level 1:colcon.colcon_core.package_identification:_identify(src/my_robot_interfaces) by extension 'colcon_pkg'
[0.419s] Level 1:colcon.colcon_core.package_identification:_identify(src/my_robot_interfaces) by extensions ['colcon_meta']
[0.419s] Level 1:colcon.colcon_core.package_identification:_identify(src/my_robot_interfaces) by extension 'colcon_meta'
[0.419s] Level 1:colcon.colcon_core.package_identification:_identify(src/my_robot_interfaces) by extensions ['ros']
[0.420s] Level 1:colcon.colcon_core.package_identification:_identify(src/my_robot_interfaces) by extension 'ros'
[0.420s] DEBUG:colcon.colcon_core.package_identification:Package 'src/my_robot_interfaces' with type 'ros.ament_cmake' and name 'my_robot_interfaces'
[0.420s] Level 1:colcon.colcon_core.package_discovery:discover_packages(recursive) using defaults
[0.421s] Level 1:colcon.colcon_core.package_discovery:discover_packages(ignore) discover
[0.421s] Level 1:colcon.colcon_core.package_discovery:discover_packages(ignore) using defaults
[0.421s] Level 1:colcon.colcon_core.package_discovery:discover_packages(path) discover
[0.421s] Level 1:colcon.colcon_core.package_discovery:discover_packages(path) using defaults
[0.461s] Level 1:colcon.colcon_core.package_discovery:discover_packages(prefix_path) check parameters
[0.461s] Level 1:colcon.colcon_core.package_discovery:discover_packages(prefix_path) discover
[0.466s] DEBUG:colcon.colcon_installed_package_information.package_discovery:Found 4 installed packages in /home/tuaydin/Desktop/ros2_ws/install
[0.467s] DEBUG:colcon.colcon_installed_package_information.package_discovery:Found 2 installed packages in /home/tuaydin/Desktop/ros2_ws/src/install
[0.471s] DEBUG:colcon.colcon_installed_package_information.package_discovery:Found 284 installed packages in /opt/ros/jazzy
[0.474s] Level 1:colcon.colcon_core.package_discovery:discover_packages(prefix_path) using defaults
[0.569s] Level 5:colcon.colcon_core.verb:set package 'my_robot_interfaces' build argument 'cmake_args' from command line to 'None'
[0.569s] Level 5:colcon.colcon_core.verb:set package 'my_robot_interfaces' build argument 'cmake_target' from command line to 'None'
[0.569s] Level 5:colcon.colcon_core.verb:set package 'my_robot_interfaces' build argument 'cmake_target_skip_unavailable' from command line to 'False'
[0.569s] Level 5:colcon.colcon_core.verb:set package 'my_robot_interfaces' build argument 'cmake_clean_cache' from command line to 'False'
[0.569s] Level 5:colcon.colcon_core.verb:set package 'my_robot_interfaces' build argument 'cmake_clean_first' from command line to 'False'
[0.569s] Level 5:colcon.colcon_core.verb:set package 'my_robot_interfaces' build argument 'cmake_force_configure' from command line to 'False'
[0.569s] Level 5:colcon.colcon_core.verb:set package 'my_robot_interfaces' build argument 'ament_cmake_args' from command line to 'None'
[0.569s] Level 5:colcon.colcon_core.verb:set package 'my_robot_interfaces' build argument 'catkin_cmake_args' from command line to 'None'
[0.569s] Level 5:colcon.colcon_core.verb:set package 'my_robot_interfaces' build argument 'catkin_skip_building_tests' from command line to 'False'
[0.569s] DEBUG:colcon.colcon_core.verb:Building package 'my_robot_interfaces' with the following arguments: {'ament_cmake_args': None, 'build_base': '/home/tuaydin/Desktop/ros2_ws/build/my_robot_interfaces', 'catkin_cmake_args': None, 'catkin_skip_building_tests': False, 'cmake_args': None, 'cmake_clean_cache': False, 'cmake_clean_first': False, 'cmake_force_configure': False, 'cmake_target': None, 'cmake_target_skip_unavailable': False, 'install_base': '/home/tuaydin/Desktop/ros2_ws/install/my_robot_interfaces', 'merge_install': False, 'path': '/home/tuaydin/Desktop/ros2_ws/src/my_robot_interfaces', 'symlink_install': False, 'test_result_base': None}
[0.570s] Level 5:colcon.colcon_core.verb:set package 'my_cpp_pkg' build argument 'cmake_args' from command line to 'None'
[0.570s] Level 5:colcon.colcon_core.verb:set package 'my_cpp_pkg' build argument 'cmake_target' from command line to 'None'
[0.570s] Level 5:colcon.colcon_core.verb:set package 'my_cpp_pkg' build argument 'cmake_target_skip_unavailable' from command line to 'False'
[0.570s] Level 5:colcon.colcon_core.verb:set package 'my_cpp_pkg' build argument 'cmake_clean_cache' from command line to 'False'
[0.570s] Level 5:colcon.colcon_core.verb:set package 'my_cpp_pkg' build argument 'cmake_clean_first' from command line to 'False'
[0.570s] Level 5:colcon.colcon_core.verb:set package 'my_cpp_pkg' build argument 'cmake_force_configure' from command line to 'False'
[0.570s] Level 5:colcon.colcon_core.verb:set package 'my_cpp_pkg' build argument 'ament_cmake_args' from command line to 'None'
[0.570s] Level 5:colcon.colcon_core.verb:set package 'my_cpp_pkg' build argument 'catkin_cmake_args' from command line to 'None'
[0.570s] Level 5:colcon.colcon_core.verb:set package 'my_cpp_pkg' build argument 'catkin_skip_building_tests' from command line to 'False'
[0.571s] DEBUG:colcon.colcon_core.verb:Building package 'my_cpp_pkg' with the following arguments: {'ament_cmake_args': None, 'build_base': '/home/tuaydin/Desktop/ros2_ws/build/my_cpp_pkg', 'catkin_cmake_args': None, 'catkin_skip_building_tests': False, 'cmake_args': None, 'cmake_clean_cache': False, 'cmake_clean_first': False, 'cmake_force_configure': False, 'cmake_target': None, 'cmake_target_skip_unavailable': False, 'install_base': '/home/tuaydin/Desktop/ros2_ws/install/my_cpp_pkg', 'merge_install': False, 'path': '/home/tuaydin/Desktop/ros2_ws/src/my_cpp_pkg', 'symlink_install': False, 'test_result_base': None}
[0.571s] Level 5:colcon.colcon_core.verb:set package 'my_py_pkg' build argument 'cmake_args' from command line to 'None'
[0.571s] Level 5:colcon.colcon_core.verb:set package 'my_py_pkg' build argument 'cmake_target' from command line to 'None'
[0.571s] Level 5:colcon.colcon_core.verb:set package 'my_py_pkg' build argument 'cmake_target_skip_unavailable' from command line to 'False'
[0.571s] Level 5:colcon.colcon_core.verb:set package 'my_py_pkg' build argument 'cmake_clean_cache' from command line to 'False'
[0.571s] Level 5:colcon.colcon_core.verb:set package 'my_py_pkg' build argument 'cmake_clean_first' from command line to 'False'
[0.572s] Level 5:colcon.colcon_core.verb:set package 'my_py_pkg' build argument 'cmake_force_configure' from command line to 'False'
[0.572s] Level 5:colcon.colcon_core.verb:set package 'my_py_pkg' build argument 'ament_cmake_args' from command line to 'None'
[0.572s] Level 5:colcon.colcon_core.verb:set package 'my_py_pkg' build argument 'catkin_cmake_args' from command line to 'None'
[0.572s] Level 5:colcon.colcon_core.verb:set package 'my_py_pkg' build argument 'catkin_skip_building_tests' from command line to 'False'
[0.572s] DEBUG:colcon.colcon_core.verb:Building package 'my_py_pkg' with the following arguments: {'ament_cmake_args': None, 'build_base': '/home/tuaydin/Desktop/ros2_ws/build/my_py_pkg', 'catkin_cmake_args': None, 'catkin_skip_building_tests': False, 'cmake_args': None, 'cmake_clean_cache': False, 'cmake_clean_first': False, 'cmake_force_configure': False, 'cmake_target': None, 'cmake_target_skip_unavailable': False, 'install_base': '/home/tuaydin/Desktop/ros2_ws/install/my_py_pkg', 'merge_install': False, 'path': '/home/tuaydin/Desktop/ros2_ws/src/my_py_pkg', 'symlink_install': False, 'test_result_base': None}
[0.572s] Level 5:colcon.colcon_core.verb:set package 'my_robot_bringup' build argument 'cmake_args' from command line to 'None'
[0.572s] Level 5:colcon.colcon_core.verb:set package 'my_robot_bringup' build argument 'cmake_target' from command line to 'None'
[0.572s] Level 5:colcon.colcon_core.verb:set package 'my_robot_bringup' build argument 'cmake_target_skip_unavailable' from command line to 'False'
[0.573s] Level 5:colcon.colcon_core.verb:set package 'my_robot_bringup' build argument 'cmake_clean_cache' from command line to 'False'
[0.573s] Level 5:colcon.colcon_core.verb:set package 'my_robot_bringup' build argument 'cmake_clean_first' from command line to 'False'
[0.573s] Level 5:colcon.colcon_core.verb:set package 'my_robot_bringup' build argument 'cmake_force_configure' from command line to 'False'
[0.573s] Level 5:colcon.colcon_core.verb:set package 'my_robot_bringup' build argument 'ament_cmake_args' from command line to 'None'
[0.573s] Level 5:colcon.colcon_core.verb:set package 'my_robot_bringup' build argument 'catkin_cmake_args' from command line to 'None'
[0.573s] Level 5:colcon.colcon_core.verb:set package 'my_robot_bringup' build argument 'catkin_skip_building_tests' from command line to 'False'
[0.573s] DEBUG:colcon.colcon_core.verb:Building package 'my_robot_bringup' with the following arguments: {'ament_cmake_args': None, 'build_base': '/home/tuaydin/Desktop/ros2_ws/build/my_robot_bringup', 'catkin_cmake_args': None, 'catkin_skip_building_tests': False, 'cmake_args': None, 'cmake_clean_cache': False, 'cmake_clean_first': False, 'cmake_force_configure': False, 'cmake_target': None, 'cmake_target_skip_unavailable': False, 'install_base': '/home/tuaydin/Desktop/ros2_ws/install/my_robot_bringup', 'merge_install': False, 'path': '/home/tuaydin/Desktop/ros2_ws/src/my_robot_bringup', 'symlink_install': False, 'test_result_base': None}
[0.573s] INFO:colcon.colcon_core.executor:Executing jobs using 'parallel' executor
[0.575s] DEBUG:colcon.colcon_parallel_executor.executor.parallel:run_until_complete
[0.575s] INFO:colcon.colcon_ros.task.ament_cmake.build:Building ROS package in '/home/tuaydin/Desktop/ros2_ws/src/my_robot_interfaces' with build type 'ament_cmake'
[0.575s] INFO:colcon.colcon_cmake.task.cmake.build:Building CMake package in '/home/tuaydin/Desktop/ros2_ws/src/my_robot_interfaces'
[0.580s] INFO:colcon.colcon_core.plugin_system:Skipping extension 'colcon_core.shell.bat': Not used on non-Windows systems
[0.581s] INFO:colcon.colcon_core.shell:Skip shell extension 'powershell' for command environment: Not usable outside of PowerShell
[0.581s] DEBUG:colcon.colcon_core.shell:Skip shell extension 'dsv' for command environment
[0.600s] DEBUG:colcon.colcon_core.event_handler.log_command:Invoking command in '/home/tuaydin/Desktop/ros2_ws/build/my_robot_interfaces': CMAKE_PREFIX_PATH=${CMAKE_PREFIX_PATH}:/home/tuaydin/Desktop/ros2_ws/install/my_py_pkg:/home/tuaydin/Desktop/ros2_ws/src/install/my_py_pkg:/opt/ros/jazzy /usr/bin/cmake --build /home/tuaydin/Desktop/ros2_ws/build/my_robot_interfaces -- -j16 -l16
[1.538s] DEBUG:colcon.colcon_core.event_handler.log_command:Invoked command in '/home/tuaydin/Desktop/ros2_ws/build/my_robot_interfaces' returned '0': CMAKE_PREFIX_PATH=${CMAKE_PREFIX_PATH}:/home/tuaydin/Desktop/ros2_ws/install/my_py_pkg:/home/tuaydin/Desktop/ros2_ws/src/install/my_py_pkg:/opt/ros/jazzy /usr/bin/cmake --build /home/tuaydin/Desktop/ros2_ws/build/my_robot_interfaces -- -j16 -l16
[1.563s] DEBUG:colcon.colcon_core.event_handler.log_command:Invoking command in '/home/tuaydin/Desktop/ros2_ws/build/my_robot_interfaces': CMAKE_PREFIX_PATH=${CMAKE_PREFIX_PATH}:/home/tuaydin/Desktop/ros2_ws/install/my_py_pkg:/home/tuaydin/Desktop/ros2_ws/src/install/my_py_pkg:/opt/ros/jazzy /usr/bin/cmake --install /home/tuaydin/Desktop/ros2_ws/build/my_robot_interfaces
[1.724s] Level 1:colcon.colcon_core.environment:create_environment_scripts_only(my_robot_interfaces)
[1.725s] DEBUG:colcon.colcon_core.event_handler.log_command:Invoked command in '/home/tuaydin/Desktop/ros2_ws/build/my_robot_interfaces' returned '0': CMAKE_PREFIX_PATH=${CMAKE_PREFIX_PATH}:/home/tuaydin/Desktop/ros2_ws/install/my_py_pkg:/home/tuaydin/Desktop/ros2_ws/src/install/my_py_pkg:/opt/ros/jazzy /usr/bin/cmake --install /home/tuaydin/Desktop/ros2_ws/build/my_robot_interfaces
[1.728s] Level 1:colcon.colcon_core.environment:checking '/home/tuaydin/Desktop/ros2_ws/install/my_robot_interfaces' for CMake module files
[1.729s] Level 1:colcon.colcon_core.environment:checking '/home/tuaydin/Desktop/ros2_ws/install/my_robot_interfaces' for CMake config files
[1.730s] Level 1:colcon.colcon_core.shell:create_environment_hook('my_robot_interfaces', 'cmake_prefix_path')
[1.730s] INFO:colcon.colcon_core.shell:Creating environment hook '/home/tuaydin/Desktop/ros2_ws/install/my_robot_interfaces/share/my_robot_interfaces/hook/cmake_prefix_path.ps1'
[1.731s] INFO:colcon.colcon_core.shell:Creating environment descriptor '/home/tuaydin/Desktop/ros2_ws/install/my_robot_interfaces/share/my_robot_interfaces/hook/cmake_prefix_path.dsv'
[1.731s] INFO:colcon.colcon_core.shell:Creating environment hook '/home/tuaydin/Desktop/ros2_ws/install/my_robot_interfaces/share/my_robot_interfaces/hook/cmake_prefix_path.sh'
[1.732s] Level 1:colcon.colcon_core.environment:checking '/home/tuaydin/Desktop/ros2_ws/install/my_robot_interfaces/lib'
[1.733s] Level 1:colcon.colcon_core.shell:create_environment_hook('my_robot_interfaces', 'ld_library_path_lib')
[1.733s] INFO:colcon.colcon_core.shell:Creating environment hook '/home/tuaydin/Desktop/ros2_ws/install/my_robot_interfaces/share/my_robot_interfaces/hook/ld_library_path_lib.ps1'
[1.734s] INFO:colcon.colcon_core.shell:Creating environment descriptor '/home/tuaydin/Desktop/ros2_ws/install/my_robot_interfaces/share/my_robot_interfaces/hook/ld_library_path_lib.dsv'
[1.734s] INFO:colcon.colcon_core.shell:Creating environment hook '/home/tuaydin/Desktop/ros2_ws/install/my_robot_interfaces/share/my_robot_interfaces/hook/ld_library_path_lib.sh'
[1.735s] Level 1:colcon.colcon_core.environment:checking '/home/tuaydin/Desktop/ros2_ws/install/my_robot_interfaces/bin'
[1.735s] Level 1:colcon.colcon_core.environment:checking '/home/tuaydin/Desktop/ros2_ws/install/my_robot_interfaces/lib/pkgconfig/my_robot_interfaces.pc'
[1.735s] Level 1:colcon.colcon_core.environment:checking '/home/tuaydin/Desktop/ros2_ws/install/my_robot_interfaces/lib/python3.12/site-packages'
[1.735s] Level 1:colcon.colcon_core.shell:create_environment_hook('my_robot_interfaces', 'pythonpath')
[1.735s] INFO:colcon.colcon_core.shell:Creating environment hook '/home/tuaydin/Desktop/ros2_ws/install/my_robot_interfaces/share/my_robot_interfaces/hook/pythonpath.ps1'
[1.736s] INFO:colcon.colcon_core.shell:Creating environment descriptor '/home/tuaydin/Desktop/ros2_ws/install/my_robot_interfaces/share/my_robot_interfaces/hook/pythonpath.dsv'
[1.736s] INFO:colcon.colcon_core.shell:Creating environment hook '/home/tuaydin/Desktop/ros2_ws/install/my_robot_interfaces/share/my_robot_interfaces/hook/pythonpath.sh'
[1.737s] Level 1:colcon.colcon_core.environment:checking '/home/tuaydin/Desktop/ros2_ws/install/my_robot_interfaces/bin'
[1.737s] INFO:colcon.colcon_core.shell:Creating package script '/home/tuaydin/Desktop/ros2_ws/install/my_robot_interfaces/share/my_robot_interfaces/package.ps1'
[1.738s] INFO:colcon.colcon_core.shell:Creating package descriptor '/home/tuaydin/Desktop/ros2_ws/install/my_robot_interfaces/share/my_robot_interfaces/package.dsv'
[1.739s] INFO:colcon.colcon_core.shell:Creating package script '/home/tuaydin/Desktop/ros2_ws/install/my_robot_interfaces/share/my_robot_interfaces/package.sh'
[1.740s] INFO:colcon.colcon_core.shell:Creating package script '/home/tuaydin/Desktop/ros2_ws/install/my_robot_interfaces/share/my_robot_interfaces/package.bash'
[1.741s] INFO:colcon.colcon_core.shell:Creating package script '/home/tuaydin/Desktop/ros2_ws/install/my_robot_interfaces/share/my_robot_interfaces/package.zsh'
[1.741s] Level 1:colcon.colcon_core.environment:create_file_with_runtime_dependencies(/home/tuaydin/Desktop/ros2_ws/install/my_robot_interfaces/share/colcon-core/packages/my_robot_interfaces)
[1.742s] Level 1:colcon.colcon_core.environment:create_environment_scripts_only(my_robot_interfaces)
[1.742s] Level 1:colcon.colcon_core.environment:checking '/home/tuaydin/Desktop/ros2_ws/install/my_robot_interfaces' for CMake module files
[1.743s] Level 1:colcon.colcon_core.environment:checking '/home/tuaydin/Desktop/ros2_ws/install/my_robot_interfaces' for CMake config files
[1.744s] Level 1:colcon.colcon_core.shell:create_environment_hook('my_robot_interfaces', 'cmake_prefix_path')
[1.744s] INFO:colcon.colcon_core.shell:Creating environment hook '/home/tuaydin/Desktop/ros2_ws/install/my_robot_interfaces/share/my_robot_interfaces/hook/cmake_prefix_path.ps1'
[1.745s] INFO:colcon.colcon_core.shell:Creating environment descriptor '/home/tuaydin/Desktop/ros2_ws/install/my_robot_interfaces/share/my_robot_interfaces/hook/cmake_prefix_path.dsv'
[1.745s] INFO:colcon.colcon_core.shell:Creating environment hook '/home/tuaydin/Desktop/ros2_ws/install/my_robot_interfaces/share/my_robot_interfaces/hook/cmake_prefix_path.sh'
[1.746s] Level 1:colcon.colcon_core.environment:checking '/home/tuaydin/Desktop/ros2_ws/install/my_robot_interfaces/lib'
[1.746s] Level 1:colcon.colcon_core.shell:create_environment_hook('my_robot_interfaces', 'ld_library_path_lib')
[1.746s] INFO:colcon.colcon_core.shell:Creating environment hook '/home/tuaydin/Desktop/ros2_ws/install/my_robot_interfaces/share/my_robot_interfaces/hook/ld_library_path_lib.ps1'
[1.747s] INFO:colcon.colcon_core.shell:Creating environment descriptor '/home/tuaydin/Desktop/ros2_ws/install/my_robot_interfaces/share/my_robot_interfaces/hook/ld_library_path_lib.dsv'
[1.748s] INFO:colcon.colcon_core.shell:Creating environment hook '/home/tuaydin/Desktop/ros2_ws/install/my_robot_interfaces/share/my_robot_interfaces/hook/ld_library_path_lib.sh'
[1.748s] Level 1:colcon.colcon_core.environment:checking '/home/tuaydin/Desktop/ros2_ws/install/my_robot_interfaces/bin'
[1.748s] Level 1:colcon.colcon_core.environment:checking '/home/tuaydin/Desktop/ros2_ws/install/my_robot_interfaces/lib/pkgconfig/my_robot_interfaces.pc'
[1.749s] Level 1:colcon.colcon_core.environment:checking '/home/tuaydin/Desktop/ros2_ws/install/my_robot_interfaces/lib/python3.12/site-packages'
[1.749s] Level 1:colcon.colcon_core.shell:create_environment_hook('my_robot_interfaces', 'pythonpath')
[1.749s] INFO:colcon.colcon_core.shell:Creating environment hook '/home/tuaydin/Desktop/ros2_ws/install/my_robot_interfaces/share/my_robot_interfaces/hook/pythonpath.ps1'
[1.749s] INFO:colcon.colcon_core.shell:Creating environment descriptor '/home/tuaydin/Desktop/ros2_ws/install/my_robot_interfaces/share/my_robot_interfaces/hook/pythonpath.dsv'
[1.750s] INFO:colcon.colcon_core.shell:Creating environment hook '/home/tuaydin/Desktop/ros2_ws/install/my_robot_interfaces/share/my_robot_interfaces/hook/pythonpath.sh'
[1.750s] Level 1:colcon.colcon_core.environment:checking '/home/tuaydin/Desktop/ros2_ws/install/my_robot_interfaces/bin'
[1.751s] INFO:colcon.colcon_core.shell:Creating package script '/home/tuaydin/Desktop/ros2_ws/install/my_robot_interfaces/share/my_robot_interfaces/package.ps1'
[1.751s] INFO:colcon.colcon_core.shell:Creating package descriptor '/home/tuaydin/Desktop/ros2_ws/install/my_robot_interfaces/share/my_robot_interfaces/package.dsv'
[1.752s] INFO:colcon.colcon_core.shell:Creating package script '/home/tuaydin/Desktop/ros2_ws/install/my_robot_interfaces/share/my_robot_interfaces/package.sh'
[1.753s] INFO:colcon.colcon_core.shell:Creating package script '/home/tuaydin/Desktop/ros2_ws/install/my_robot_interfaces/share/my_robot_interfaces/package.bash'
[1.753s] INFO:colcon.colcon_core.shell:Creating package script '/home/tuaydin/Desktop/ros2_ws/install/my_robot_interfaces/share/my_robot_interfaces/package.zsh'
[1.754s] Level 1:colcon.colcon_core.environment:create_file_with_runtime_dependencies(/home/tuaydin/Desktop/ros2_ws/install/my_robot_interfaces/share/colcon-core/packages/my_robot_interfaces)
[1.754s] INFO:colcon.colcon_ros.task.ament_cmake.build:Building ROS package in '/home/tuaydin/Desktop/ros2_ws/src/my_cpp_pkg' with build type 'ament_cmake'
[1.754s] INFO:colcon.colcon_cmake.task.cmake.build:Building CMake package in '/home/tuaydin/Desktop/ros2_ws/src/my_cpp_pkg'
[1.754s] INFO:colcon.colcon_core.shell:Skip shell extension 'powershell' for command environment: Not usable outside of PowerShell
[1.755s] DEBUG:colcon.colcon_core.shell:Skip shell extension 'dsv' for command environment
[1.761s] INFO:colcon.colcon_ros.task.ament_python.build:Building ROS package in '/home/tuaydin/Desktop/ros2_ws/src/my_py_pkg' with build type 'ament_python'
[1.761s] Level 1:colcon.colcon_core.shell:create_environment_hook('my_py_pkg', 'ament_prefix_path')
[1.762s] INFO:colcon.colcon_core.shell:Creating environment hook '/home/tuaydin/Desktop/ros2_ws/install/my_py_pkg/share/my_py_pkg/hook/ament_prefix_path.ps1'
[1.763s] INFO:colcon.colcon_core.shell:Creating environment descriptor '/home/tuaydin/Desktop/ros2_ws/install/my_py_pkg/share/my_py_pkg/hook/ament_prefix_path.dsv'
[1.763s] INFO:colcon.colcon_core.shell:Creating environment hook '/home/tuaydin/Desktop/ros2_ws/install/my_py_pkg/share/my_py_pkg/hook/ament_prefix_path.sh'
[1.764s] INFO:colcon.colcon_core.shell:Skip shell extension 'powershell' for command environment: Not usable outside of PowerShell
[1.765s] DEBUG:colcon.colcon_core.shell:Skip shell extension 'dsv' for command environment
[1.775s] DEBUG:colcon.colcon_core.event_handler.log_command:Invoking command in '/home/tuaydin/Desktop/ros2_ws/build/my_cpp_pkg': CMAKE_PREFIX_PATH=/home/tuaydin/Desktop/ros2_ws/install/my_robot_interfaces:/home/tuaydin/Desktop/ros2_ws/install/my_robot_bringup:/home/tuaydin/Desktop/ros2_ws/install/my_cpp_pkg:/home/tuaydin/Desktop/ros2_ws/src/install/my_cpp_pkg:/opt/ros/jazzy/opt/gz_math_vendor:/opt/ros/jazzy/opt/gz_utils_vendor:/opt/ros/jazzy/opt/gz_cmake_vendor:/home/tuaydin/Desktop/ros2_ws/install/my_py_pkg:/home/tuaydin/Desktop/ros2_ws/src/install/my_py_pkg:/opt/ros/jazzy PYTHONPATH=/home/tuaydin/Desktop/ros2_ws/install/my_robot_interfaces/lib/python3.12/site-packages:/home/tuaydin/Desktop/ros2_ws/install/my_py_pkg/lib/python3.12/site-packages:/home/tuaydin/Desktop/ros2_ws/src/install/my_py_pkg/lib/python3.12/site-packages:/opt/ros/jazzy/lib/python3.12/site-packages /usr/bin/cmake --build /home/tuaydin/Desktop/ros2_ws/build/my_cpp_pkg -- -j16 -l16
[2.317s] INFO:colcon.colcon_core.task.python.build:Building Python package in '/home/tuaydin/Desktop/ros2_ws/src/my_py_pkg'
[2.317s] INFO:colcon.colcon_core.shell:Skip shell extension 'powershell' for command environment: Not usable outside of PowerShell
[2.318s] DEBUG:colcon.colcon_core.shell:Skip shell extension 'dsv' for command environment
[3.749s] DEBUG:colcon.colcon_core.event_handler.log_command:Invoking command in '/home/tuaydin/Desktop/ros2_ws/src/my_py_pkg': CMAKE_PREFIX_PATH=/home/tuaydin/Desktop/ros2_ws/install/my_robot_interfaces:/home/tuaydin/Desktop/ros2_ws/install/my_robot_bringup:/home/tuaydin/Desktop/ros2_ws/install/my_cpp_pkg:/home/tuaydin/Desktop/ros2_ws/src/install/my_cpp_pkg:/opt/ros/jazzy/opt/gz_math_vendor:/opt/ros/jazzy/opt/gz_utils_vendor:/opt/ros/jazzy/opt/gz_cmake_vendor PYTHONPATH=/home/tuaydin/Desktop/ros2_ws/build/my_py_pkg/prefix_override:/usr/lib/python3/dist-packages/colcon_core/task/python/colcon_distutils_commands:/home/tuaydin/Desktop/ros2_ws/install/my_py_pkg/lib/python3.12/site-packages:/home/tuaydin/Desktop/ros2_ws/install/my_robot_interfaces/lib/python3.12/site-packages:/home/tuaydin/Desktop/ros2_ws/install/my_py_pkg/lib/python3.12/site-packages:/home/tuaydin/Desktop/ros2_ws/src/install/my_py_pkg/lib/python3.12/site-packages:/opt/ros/jazzy/lib/python3.12/site-packages /usr/bin/python3 -W ignore:setup.py install is deprecated -W ignore:easy_install command is deprecated setup.py egg_info --egg-base ../../build/my_py_pkg build --build-base /home/tuaydin/Desktop/ros2_ws/build/my_py_pkg/build install --record /home/tuaydin/Desktop/ros2_ws/build/my_py_pkg/install.log --single-version-externally-managed install_data
[5.054s] Level 1:colcon.colcon_core.environment:checking '/home/tuaydin/Desktop/ros2_ws/install/my_py_pkg' for CMake module files
[5.055s] DEBUG:colcon.colcon_core.event_handler.log_command:Invoked command in '/home/tuaydin/Desktop/ros2_ws/src/my_py_pkg' returned '0': CMAKE_PREFIX_PATH=/home/tuaydin/Desktop/ros2_ws/install/my_robot_interfaces:/home/tuaydin/Desktop/ros2_ws/install/my_robot_bringup:/home/tuaydin/Desktop/ros2_ws/install/my_cpp_pkg:/home/tuaydin/Desktop/ros2_ws/src/install/my_cpp_pkg:/opt/ros/jazzy/opt/gz_math_vendor:/opt/ros/jazzy/opt/gz_utils_vendor:/opt/ros/jazzy/opt/gz_cmake_vendor PYTHONPATH=/home/tuaydin/Desktop/ros2_ws/build/my_py_pkg/prefix_override:/usr/lib/python3/dist-packages/colcon_core/task/python/colcon_distutils_commands:/home/tuaydin/Desktop/ros2_ws/install/my_py_pkg/lib/python3.12/site-packages:/home/tuaydin/Desktop/ros2_ws/install/my_robot_interfaces/lib/python3.12/site-packages:/home/tuaydin/Desktop/ros2_ws/install/my_py_pkg/lib/python3.12/site-packages:/home/tuaydin/Desktop/ros2_ws/src/install/my_py_pkg/lib/python3.12/site-packages:/opt/ros/jazzy/lib/python3.12/site-packages /usr/bin/python3 -W ignore:setup.py install is deprecated -W ignore:easy_install command is deprecated setup.py egg_info --egg-base ../../build/my_py_pkg build --build-base /home/tuaydin/Desktop/ros2_ws/build/my_py_pkg/build install --record /home/tuaydin/Desktop/ros2_ws/build/my_py_pkg/install.log --single-version-externally-managed install_data
[5.056s] Level 1:colcon.colcon_core.environment:checking '/home/tuaydin/Desktop/ros2_ws/install/my_py_pkg' for CMake config files
[5.057s] Level 1:colcon.colcon_core.environment:checking '/home/tuaydin/Desktop/ros2_ws/install/my_py_pkg/lib'
[5.057s] Level 1:colcon.colcon_core.environment:checking '/home/tuaydin/Desktop/ros2_ws/install/my_py_pkg/bin'
[5.057s] Level 1:colcon.colcon_core.environment:checking '/home/tuaydin/Desktop/ros2_ws/install/my_py_pkg/lib/pkgconfig/my_py_pkg.pc'
[5.058s] Level 1:colcon.colcon_core.environment:checking '/home/tuaydin/Desktop/ros2_ws/install/my_py_pkg/lib/python3.12/site-packages'
[5.058s] Level 1:colcon.colcon_core.shell:create_environment_hook('my_py_pkg', 'pythonpath')
[5.058s] INFO:colcon.colcon_core.shell:Creating environment hook '/home/tuaydin/Desktop/ros2_ws/install/my_py_pkg/share/my_py_pkg/hook/pythonpath.ps1'
[5.059s] INFO:colcon.colcon_core.shell:Creating environment descriptor '/home/tuaydin/Desktop/ros2_ws/install/my_py_pkg/share/my_py_pkg/hook/pythonpath.dsv'
[5.060s] INFO:colcon.colcon_core.shell:Creating environment hook '/home/tuaydin/Desktop/ros2_ws/install/my_py_pkg/share/my_py_pkg/hook/pythonpath.sh'
[5.060s] Level 1:colcon.colcon_core.environment:checking '/home/tuaydin/Desktop/ros2_ws/install/my_py_pkg/bin'
[5.060s] Level 1:colcon.colcon_core.environment:create_environment_scripts_only(my_py_pkg)
[5.061s] INFO:colcon.colcon_core.shell:Creating package script '/home/tuaydin/Desktop/ros2_ws/install/my_py_pkg/share/my_py_pkg/package.ps1'
[5.061s] INFO:colcon.colcon_core.shell:Creating package descriptor '/home/tuaydin/Desktop/ros2_ws/install/my_py_pkg/share/my_py_pkg/package.dsv'
[5.062s] INFO:colcon.colcon_core.shell:Creating package script '/home/tuaydin/Desktop/ros2_ws/install/my_py_pkg/share/my_py_pkg/package.sh'
[5.063s] INFO:colcon.colcon_core.shell:Creating package script '/home/tuaydin/Desktop/ros2_ws/install/my_py_pkg/share/my_py_pkg/package.bash'
[5.063s] INFO:colcon.colcon_core.shell:Creating package script '/home/tuaydin/Desktop/ros2_ws/install/my_py_pkg/share/my_py_pkg/package.zsh'
[5.064s] Level 1:colcon.colcon_core.environment:create_file_with_runtime_dependencies(/home/tuaydin/Desktop/ros2_ws/install/my_py_pkg/share/colcon-core/packages/my_py_pkg)
[12.573s] DEBUG:colcon.colcon_core.event_handler.log_command:Invoked command in '/home/tuaydin/Desktop/ros2_ws/build/my_cpp_pkg' returned '0': CMAKE_PREFIX_PATH=/home/tuaydin/Desktop/ros2_ws/install/my_robot_interfaces:/home/tuaydin/Desktop/ros2_ws/install/my_robot_bringup:/home/tuaydin/Desktop/ros2_ws/install/my_cpp_pkg:/home/tuaydin/Desktop/ros2_ws/src/install/my_cpp_pkg:/opt/ros/jazzy/opt/gz_math_vendor:/opt/ros/jazzy/opt/gz_utils_vendor:/opt/ros/jazzy/opt/gz_cmake_vendor:/home/tuaydin/Desktop/ros2_ws/install/my_py_pkg:/home/tuaydin/Desktop/ros2_ws/src/install/my_py_pkg:/opt/ros/jazzy PYTHONPATH=/home/tuaydin/Desktop/ros2_ws/install/my_robot_interfaces/lib/python3.12/site-packages:/home/tuaydin/Desktop/ros2_ws/install/my_py_pkg/lib/python3.12/site-packages:/home/tuaydin/Desktop/ros2_ws/src/install/my_py_pkg/lib/python3.12/site-packages:/opt/ros/jazzy/lib/python3.12/site-packages /usr/bin/cmake --build /home/tuaydin/Desktop/ros2_ws/build/my_cpp_pkg -- -j16 -l16
[12.574s] DEBUG:colcon.colcon_core.event_handler.log_command:Invoking command in '/home/tuaydin/Desktop/ros2_ws/build/my_cpp_pkg': CMAKE_PREFIX_PATH=/home/tuaydin/Desktop/ros2_ws/install/my_robot_interfaces:/home/tuaydin/Desktop/ros2_ws/install/my_robot_bringup:/home/tuaydin/Desktop/ros2_ws/install/my_cpp_pkg:/home/tuaydin/Desktop/ros2_ws/src/install/my_cpp_pkg:/opt/ros/jazzy/opt/gz_math_vendor:/opt/ros/jazzy/opt/gz_utils_vendor:/opt/ros/jazzy/opt/gz_cmake_vendor:/home/tuaydin/Desktop/ros2_ws/install/my_py_pkg:/home/tuaydin/Desktop/ros2_ws/src/install/my_py_pkg:/opt/ros/jazzy PYTHONPATH=/home/tuaydin/Desktop/ros2_ws/install/my_robot_interfaces/lib/python3.12/site-packages:/home/tuaydin/Desktop/ros2_ws/install/my_py_pkg/lib/python3.12/site-packages:/home/tuaydin/Desktop/ros2_ws/src/install/my_py_pkg/lib/python3.12/site-packages:/opt/ros/jazzy/lib/python3.12/site-packages /usr/bin/cmake --install /home/tuaydin/Desktop/ros2_ws/build/my_cpp_pkg
[12.593s] Level 1:colcon.colcon_core.environment:create_environment_scripts_only(my_cpp_pkg)
[12.593s] Level 1:colcon.colcon_core.environment:checking '/home/tuaydin/Desktop/ros2_ws/install/my_cpp_pkg' for CMake module files
[12.593s] DEBUG:colcon.colcon_core.event_handler.log_command:Invoked command in '/home/tuaydin/Desktop/ros2_ws/build/my_cpp_pkg' returned '0': CMAKE_PREFIX_PATH=/home/tuaydin/Desktop/ros2_ws/install/my_robot_interfaces:/home/tuaydin/Desktop/ros2_ws/install/my_robot_bringup:/home/tuaydin/Desktop/ros2_ws/install/my_cpp_pkg:/home/tuaydin/Desktop/ros2_ws/src/install/my_cpp_pkg:/opt/ros/jazzy/opt/gz_math_vendor:/opt/ros/jazzy/opt/gz_utils_vendor:/opt/ros/jazzy/opt/gz_cmake_vendor:/home/tuaydin/Desktop/ros2_ws/install/my_py_pkg:/home/tuaydin/Desktop/ros2_ws/src/install/my_py_pkg:/opt/ros/jazzy PYTHONPATH=/home/tuaydin/Desktop/ros2_ws/install/my_robot_interfaces/lib/python3.12/site-packages:/home/tuaydin/Desktop/ros2_ws/install/my_py_pkg/lib/python3.12/site-packages:/home/tuaydin/Desktop/ros2_ws/src/install/my_py_pkg/lib/python3.12/site-packages:/opt/ros/jazzy/lib/python3.12/site-packages /usr/bin/cmake --install /home/tuaydin/Desktop/ros2_ws/build/my_cpp_pkg
[12.594s] Level 1:colcon.colcon_core.environment:checking '/home/tuaydin/Desktop/ros2_ws/install/my_cpp_pkg' for CMake config files
[12.594s] Level 1:colcon.colcon_core.shell:create_environment_hook('my_cpp_pkg', 'cmake_prefix_path')
[12.594s] INFO:colcon.colcon_core.shell:Creating environment hook '/home/tuaydin/Desktop/ros2_ws/install/my_cpp_pkg/share/my_cpp_pkg/hook/cmake_prefix_path.ps1'
[12.594s] INFO:colcon.colcon_core.shell:Creating environment descriptor '/home/tuaydin/Desktop/ros2_ws/install/my_cpp_pkg/share/my_cpp_pkg/hook/cmake_prefix_path.dsv'
[12.595s] INFO:colcon.colcon_core.shell:Creating environment hook '/home/tuaydin/Desktop/ros2_ws/install/my_cpp_pkg/share/my_cpp_pkg/hook/cmake_prefix_path.sh'
[12.595s] Level 1:colcon.colcon_core.environment:checking '/home/tuaydin/Desktop/ros2_ws/install/my_cpp_pkg/lib'
[12.595s] Level 1:colcon.colcon_core.environment:checking '/home/tuaydin/Desktop/ros2_ws/install/my_cpp_pkg/bin'
[12.595s] Level 1:colcon.colcon_core.environment:checking '/home/tuaydin/Desktop/ros2_ws/install/my_cpp_pkg/lib/pkgconfig/my_cpp_pkg.pc'
[12.595s] Level 1:colcon.colcon_core.environment:checking '/home/tuaydin/Desktop/ros2_ws/install/my_cpp_pkg/lib/python3.12/site-packages'
[12.596s] Level 1:colcon.colcon_core.environment:checking '/home/tuaydin/Desktop/ros2_ws/install/my_cpp_pkg/bin'
[12.596s] INFO:colcon.colcon_core.shell:Creating package script '/home/tuaydin/Desktop/ros2_ws/install/my_cpp_pkg/share/my_cpp_pkg/package.ps1'
[12.596s] INFO:colcon.colcon_core.shell:Creating package descriptor '/home/tuaydin/Desktop/ros2_ws/install/my_cpp_pkg/share/my_cpp_pkg/package.dsv'
[12.596s] INFO:colcon.colcon_core.shell:Creating package script '/home/tuaydin/Desktop/ros2_ws/install/my_cpp_pkg/share/my_cpp_pkg/package.sh'
[12.596s] INFO:colcon.colcon_core.shell:Creating package script '/home/tuaydin/Desktop/ros2_ws/install/my_cpp_pkg/share/my_cpp_pkg/package.bash'
[12.597s] INFO:colcon.colcon_core.shell:Creating package script '/home/tuaydin/Desktop/ros2_ws/install/my_cpp_pkg/share/my_cpp_pkg/package.zsh'
[12.597s] Level 1:colcon.colcon_core.environment:create_file_with_runtime_dependencies(/home/tuaydin/Desktop/ros2_ws/install/my_cpp_pkg/share/colcon-core/packages/my_cpp_pkg)
[12.597s] Level 1:colcon.colcon_core.environment:create_environment_scripts_only(my_cpp_pkg)
[12.597s] Level 1:colcon.colcon_core.environment:checking '/home/tuaydin/Desktop/ros2_ws/install/my_cpp_pkg' for CMake module files
[12.598s] Level 1:colcon.colcon_core.environment:checking '/home/tuaydin/Desktop/ros2_ws/install/my_cpp_pkg' for CMake config files
[12.598s] Level 1:colcon.colcon_core.shell:create_environment_hook('my_cpp_pkg', 'cmake_prefix_path')
[12.598s] INFO:colcon.colcon_core.shell:Creating environment hook '/home/tuaydin/Desktop/ros2_ws/install/my_cpp_pkg/share/my_cpp_pkg/hook/cmake_prefix_path.ps1'
[12.598s] INFO:colcon.colcon_core.shell:Creating environment descriptor '/home/tuaydin/Desktop/ros2_ws/install/my_cpp_pkg/share/my_cpp_pkg/hook/cmake_prefix_path.dsv'
[12.599s] INFO:colcon.colcon_core.shell:Creating environment hook '/home/tuaydin/Desktop/ros2_ws/install/my_cpp_pkg/share/my_cpp_pkg/hook/cmake_prefix_path.sh'
[12.599s] Level 1:colcon.colcon_core.environment:checking '/home/tuaydin/Desktop/ros2_ws/install/my_cpp_pkg/lib'
[12.599s] Level 1:colcon.colcon_core.environment:checking '/home/tuaydin/Desktop/ros2_ws/install/my_cpp_pkg/bin'
[12.599s] Level 1:colcon.colcon_core.environment:checking '/home/tuaydin/Desktop/ros2_ws/install/my_cpp_pkg/lib/pkgconfig/my_cpp_pkg.pc'
[12.599s] Level 1:colcon.colcon_core.environment:checking '/home/tuaydin/Desktop/ros2_ws/install/my_cpp_pkg/lib/python3.12/site-packages'
[12.599s] Level 1:colcon.colcon_core.environment:checking '/home/tuaydin/Desktop/ros2_ws/install/my_cpp_pkg/bin'
[12.599s] INFO:colcon.colcon_core.shell:Creating package script '/home/tuaydin/Desktop/ros2_ws/install/my_cpp_pkg/share/my_cpp_pkg/package.ps1'
[12.600s] INFO:colcon.colcon_core.shell:Creating package descriptor '/home/tuaydin/Desktop/ros2_ws/install/my_cpp_pkg/share/my_cpp_pkg/package.dsv'
[12.600s] INFO:colcon.colcon_core.shell:Creating package script '/home/tuaydin/Desktop/ros2_ws/install/my_cpp_pkg/share/my_cpp_pkg/package.sh'
[12.600s] INFO:colcon.colcon_core.shell:Creating package script '/home/tuaydin/Desktop/ros2_ws/install/my_cpp_pkg/share/my_cpp_pkg/package.bash'
[12.601s] INFO:colcon.colcon_core.shell:Creating package script '/home/tuaydin/Desktop/ros2_ws/install/my_cpp_pkg/share/my_cpp_pkg/package.zsh'
[12.601s] Level 1:colcon.colcon_core.environment:create_file_with_runtime_dependencies(/home/tuaydin/Desktop/ros2_ws/install/my_cpp_pkg/share/colcon-core/packages/my_cpp_pkg)
[12.601s] INFO:colcon.colcon_ros.task.ament_cmake.build:Building ROS package in '/home/tuaydin/Desktop/ros2_ws/src/my_robot_bringup' with build type 'ament_cmake'
[12.601s] INFO:colcon.colcon_cmake.task.cmake.build:Building CMake package in '/home/tuaydin/Desktop/ros2_ws/src/my_robot_bringup'
[12.601s] INFO:colcon.colcon_core.shell:Skip shell extension 'powershell' for command environment: Not usable outside of PowerShell
[12.601s] DEBUG:colcon.colcon_core.shell:Skip shell extension 'dsv' for command environment
[12.613s] DEBUG:colcon.colcon_core.event_handler.log_command:Invoking command in '/home/tuaydin/Desktop/ros2_ws/build/my_robot_bringup': AMENT_PREFIX_PATH=/home/tuaydin/Desktop/ros2_ws/install/my_py_pkg:/home/tuaydin/Desktop/ros2_ws/install/my_robot_bringup:/home/tuaydin/Desktop/ros2_ws/install/my_cpp_pkg:/home/tuaydin/Desktop/ros2_ws/install/my_robot_interfaces:/home/tuaydin/Desktop/ros2_ws/src/install/my_py_pkg:/home/tuaydin/Desktop/ros2_ws/src/install/my_cpp_pkg:/opt/ros/jazzy CMAKE_PREFIX_PATH=/home/tuaydin/Desktop/ros2_ws/install/my_cpp_pkg:/home/tuaydin/Desktop/ros2_ws/install/my_robot_interfaces:/home/tuaydin/Desktop/ros2_ws/install/my_robot_bringup:/home/tuaydin/Desktop/ros2_ws/src/install/my_cpp_pkg:/opt/ros/jazzy/opt/gz_math_vendor:/opt/ros/jazzy/opt/gz_utils_vendor:/opt/ros/jazzy/opt/gz_cmake_vendor:/home/tuaydin/Desktop/ros2_ws/install/my_py_pkg:/home/tuaydin/Desktop/ros2_ws/src/install/my_py_pkg:/opt/ros/jazzy /usr/bin/cmake --build /home/tuaydin/Desktop/ros2_ws/build/my_robot_bringup -- -j16 -l16
[12.653s] DEBUG:colcon.colcon_core.event_handler.log_command:Invoked command in '/home/tuaydin/Desktop/ros2_ws/build/my_robot_bringup' returned '0': AMENT_PREFIX_PATH=/home/tuaydin/Desktop/ros2_ws/install/my_py_pkg:/home/tuaydin/Desktop/ros2_ws/install/my_robot_bringup:/home/tuaydin/Desktop/ros2_ws/install/my_cpp_pkg:/home/tuaydin/Desktop/ros2_ws/install/my_robot_interfaces:/home/tuaydin/Desktop/ros2_ws/src/install/my_py_pkg:/home/tuaydin/Desktop/ros2_ws/src/install/my_cpp_pkg:/opt/ros/jazzy CMAKE_PREFIX_PATH=/home/tuaydin/Desktop/ros2_ws/install/my_cpp_pkg:/home/tuaydin/Desktop/ros2_ws/install/my_robot_interfaces:/home/tuaydin/Desktop/ros2_ws/install/my_robot_bringup:/home/tuaydin/Desktop/ros2_ws/src/install/my_cpp_pkg:/opt/ros/jazzy/opt/gz_math_vendor:/opt/ros/jazzy/opt/gz_utils_vendor:/opt/ros/jazzy/opt/gz_cmake_vendor:/home/tuaydin/Desktop/ros2_ws/install/my_py_pkg:/home/tuaydin/Desktop/ros2_ws/src/install/my_py_pkg:/opt/ros/jazzy /usr/bin/cmake --build /home/tuaydin/Desktop/ros2_ws/build/my_robot_bringup -- -j16 -l16
[12.654s] DEBUG:colcon.colcon_core.event_handler.log_command:Invoking command in '/home/tuaydin/Desktop/ros2_ws/build/my_robot_bringup': AMENT_PREFIX_PATH=/home/tuaydin/Desktop/ros2_ws/install/my_py_pkg:/home/tuaydin/Desktop/ros2_ws/install/my_robot_bringup:/home/tuaydin/Desktop/ros2_ws/install/my_cpp_pkg:/home/tuaydin/Desktop/ros2_ws/install/my_robot_interfaces:/home/tuaydin/Desktop/ros2_ws/src/install/my_py_pkg:/home/tuaydin/Desktop/ros2_ws/src/install/my_cpp_pkg:/opt/ros/jazzy CMAKE_PREFIX_PATH=/home/tuaydin/Desktop/ros2_ws/install/my_cpp_pkg:/home/tuaydin/Desktop/ros2_ws/install/my_robot_interfaces:/home/tuaydin/Desktop/ros2_ws/install/my_robot_bringup:/home/tuaydin/Desktop/ros2_ws/src/install/my_cpp_pkg:/opt/ros/jazzy/opt/gz_math_vendor:/opt/ros/jazzy/opt/gz_utils_vendor:/opt/ros/jazzy/opt/gz_cmake_vendor:/home/tuaydin/Desktop/ros2_ws/install/my_py_pkg:/home/tuaydin/Desktop/ros2_ws/src/install/my_py_pkg:/opt/ros/jazzy /usr/bin/cmake --install /home/tuaydin/Desktop/ros2_ws/build/my_robot_bringup
[12.662s] Level 1:colcon.colcon_core.environment:create_environment_scripts_only(my_robot_bringup)
[12.662s] Level 1:colcon.colcon_core.environment:checking '/home/tuaydin/Desktop/ros2_ws/install/my_robot_bringup' for CMake module files
[12.663s] DEBUG:colcon.colcon_core.event_handler.log_command:Invoked command in '/home/tuaydin/Desktop/ros2_ws/build/my_robot_bringup' returned '0': AMENT_PREFIX_PATH=/home/tuaydin/Desktop/ros2_ws/install/my_py_pkg:/home/tuaydin/Desktop/ros2_ws/install/my_robot_bringup:/home/tuaydin/Desktop/ros2_ws/install/my_cpp_pkg:/home/tuaydin/Desktop/ros2_ws/install/my_robot_interfaces:/home/tuaydin/Desktop/ros2_ws/src/install/my_py_pkg:/home/tuaydin/Desktop/ros2_ws/src/install/my_cpp_pkg:/opt/ros/jazzy CMAKE_PREFIX_PATH=/home/tuaydin/Desktop/ros2_ws/install/my_cpp_pkg:/home/tuaydin/Desktop/ros2_ws/install/my_robot_interfaces:/home/tuaydin/Desktop/ros2_ws/install/my_robot_bringup:/home/tuaydin/Desktop/ros2_ws/src/install/my_cpp_pkg:/opt/ros/jazzy/opt/gz_math_vendor:/opt/ros/jazzy/opt/gz_utils_vendor:/opt/ros/jazzy/opt/gz_cmake_vendor:/home/tuaydin/Desktop/ros2_ws/install/my_py_pkg:/home/tuaydin/Desktop/ros2_ws/src/install/my_py_pkg:/opt/ros/jazzy /usr/bin/cmake --install /home/tuaydin/Desktop/ros2_ws/build/my_robot_bringup
[12.663s] Level 1:colcon.colcon_core.environment:checking '/home/tuaydin/Desktop/ros2_ws/install/my_robot_bringup' for CMake config files
[12.663s] Level 1:colcon.colcon_core.shell:create_environment_hook('my_robot_bringup', 'cmake_prefix_path')
[12.663s] INFO:colcon.colcon_core.shell:Creating environment hook '/home/tuaydin/Desktop/ros2_ws/install/my_robot_bringup/share/my_robot_bringup/hook/cmake_prefix_path.ps1'
[12.664s] INFO:colcon.colcon_core.shell:Creating environment descriptor '/home/tuaydin/Desktop/ros2_ws/install/my_robot_bringup/share/my_robot_bringup/hook/cmake_prefix_path.dsv'
[12.664s] INFO:colcon.colcon_core.shell:Creating environment hook '/home/tuaydin/Desktop/ros2_ws/install/my_robot_bringup/share/my_robot_bringup/hook/cmake_prefix_path.sh'
[12.664s] Level 1:colcon.colcon_core.environment:checking '/home/tuaydin/Desktop/ros2_ws/install/my_robot_bringup/bin'
[12.664s] Level 1:colcon.colcon_core.environment:checking '/home/tuaydin/Desktop/ros2_ws/install/my_robot_bringup/lib/pkgconfig/my_robot_bringup.pc'
[12.664s] Level 1:colcon.colcon_core.environment:checking '/home/tuaydin/Desktop/ros2_ws/install/my_robot_bringup/lib/python3.12/site-packages'
[12.665s] Level 1:colcon.colcon_core.environment:checking '/home/tuaydin/Desktop/ros2_ws/install/my_robot_bringup/bin'
[12.665s] INFO:colcon.colcon_core.shell:Creating package script '/home/tuaydin/Desktop/ros2_ws/install/my_robot_bringup/share/my_robot_bringup/package.ps1'
[12.665s] INFO:colcon.colcon_core.shell:Creating package descriptor '/home/tuaydin/Desktop/ros2_ws/install/my_robot_bringup/share/my_robot_bringup/package.dsv'
[12.665s] INFO:colcon.colcon_core.shell:Creating package script '/home/tuaydin/Desktop/ros2_ws/install/my_robot_bringup/share/my_robot_bringup/package.sh'
[12.666s] INFO:colcon.colcon_core.shell:Creating package script '/home/tuaydin/Desktop/ros2_ws/install/my_robot_bringup/share/my_robot_bringup/package.bash'
[12.666s] INFO:colcon.colcon_core.shell:Creating package script '/home/tuaydin/Desktop/ros2_ws/install/my_robot_bringup/share/my_robot_bringup/package.zsh'
[12.666s] Level 1:colcon.colcon_core.environment:create_file_with_runtime_dependencies(/home/tuaydin/Desktop/ros2_ws/install/my_robot_bringup/share/colcon-core/packages/my_robot_bringup)
[12.666s] Level 1:colcon.colcon_core.environment:create_environment_scripts_only(my_robot_bringup)
[12.667s] Level 1:colcon.colcon_core.environment:checking '/home/tuaydin/Desktop/ros2_ws/install/my_robot_bringup' for CMake module files
[12.667s] Level 1:colcon.colcon_core.environment:checking '/home/tuaydin/Desktop/ros2_ws/install/my_robot_bringup' for CMake config files
[12.667s] Level 1:colcon.colcon_core.shell:create_environment_hook('my_robot_bringup', 'cmake_prefix_path')
[12.667s] INFO:colcon.colcon_core.shell:Creating environment hook '/home/tuaydin/Desktop/ros2_ws/install/my_robot_bringup/share/my_robot_bringup/hook/cmake_prefix_path.ps1'
[12.667s] INFO:colcon.colcon_core.shell:Creating environment descriptor '/home/tuaydin/Desktop/ros2_ws/install/my_robot_bringup/share/my_robot_bringup/hook/cmake_prefix_path.dsv'
[12.668s] INFO:colcon.colcon_core.shell:Creating environment hook '/home/tuaydin/Desktop/ros2_ws/install/my_robot_bringup/share/my_robot_bringup/hook/cmake_prefix_path.sh'
[12.668s] Level 1:colcon.colcon_core.environment:checking '/home/tuaydin/Desktop/ros2_ws/install/my_robot_bringup/bin'
[12.668s] Level 1:colcon.colcon_core.environment:checking '/home/tuaydin/Desktop/ros2_ws/install/my_robot_bringup/lib/pkgconfig/my_robot_bringup.pc'
[12.668s] Level 1:colcon.colcon_core.environment:checking '/home/tuaydin/Desktop/ros2_ws/install/my_robot_bringup/lib/python3.12/site-packages'
[12.668s] Level 1:colcon.colcon_core.environment:checking '/home/tuaydin/Desktop/ros2_ws/install/my_robot_bringup/bin'
[12.668s] INFO:colcon.colcon_core.shell:Creating package script '/home/tuaydin/Desktop/ros2_ws/install/my_robot_bringup/share/my_robot_bringup/package.ps1'
[12.669s] INFO:colcon.colcon_core.shell:Creating package descriptor '/home/tuaydin/Desktop/ros2_ws/install/my_robot_bringup/share/my_robot_bringup/package.dsv'
[12.669s] INFO:colcon.colcon_core.shell:Creating package script '/home/tuaydin/Desktop/ros2_ws/install/my_robot_bringup/share/my_robot_bringup/package.sh'
[12.669s] INFO:colcon.colcon_core.shell:Creating package script '/home/tuaydin/Desktop/ros2_ws/install/my_robot_bringup/share/my_robot_bringup/package.bash'
[12.670s] INFO:colcon.colcon_core.shell:Creating package script '/home/tuaydin/Desktop/ros2_ws/install/my_robot_bringup/share/my_robot_bringup/package.zsh'
[12.670s] Level 1:colcon.colcon_core.environment:create_file_with_runtime_dependencies(/home/tuaydin/Desktop/ros2_ws/install/my_robot_bringup/share/colcon-core/packages/my_robot_bringup)
[12.670s] DEBUG:colcon.colcon_parallel_executor.executor.parallel:closing loop
[12.670s] DEBUG:colcon.colcon_parallel_executor.executor.parallel:loop closed
[12.670s] DEBUG:colcon.colcon_parallel_executor.executor.parallel:run_until_complete finished with '0'
[12.670s] DEBUG:colcon.colcon_core.event_reactor:joining thread
[12.675s] INFO:colcon.colcon_core.plugin_system:Skipping extension 'colcon_notification.desktop_notification.terminal_notifier': Not used on non-Darwin systems
[12.675s] INFO:colcon.colcon_core.plugin_system:Skipping extension 'colcon_notification.desktop_notification.win32': Not used on non-Windows systems
[12.675s] INFO:colcon.colcon_notification.desktop_notification:Sending desktop notification using 'notify2'
[12.684s] DEBUG:colcon.colcon_core.event_reactor:joined thread
[12.685s] INFO:colcon.colcon_core.shell:Creating prefix script '/home/tuaydin/Desktop/ros2_ws/install/local_setup.ps1'
[12.686s] INFO:colcon.colcon_core.shell:Creating prefix util module '/home/tuaydin/Desktop/ros2_ws/install/_local_setup_util_ps1.py'
[12.687s] INFO:colcon.colcon_core.shell:Creating prefix chain script '/home/tuaydin/Desktop/ros2_ws/install/setup.ps1'
[12.687s] INFO:colcon.colcon_core.shell:Creating prefix script '/home/tuaydin/Desktop/ros2_ws/install/local_setup.sh'
[12.688s] INFO:colcon.colcon_core.shell:Creating prefix util module '/home/tuaydin/Desktop/ros2_ws/install/_local_setup_util_sh.py'
[12.688s] INFO:colcon.colcon_core.shell:Creating prefix chain script '/home/tuaydin/Desktop/ros2_ws/install/setup.sh'
[12.689s] INFO:colcon.colcon_core.shell:Creating prefix script '/home/tuaydin/Desktop/ros2_ws/install/local_setup.bash'
[12.689s] INFO:colcon.colcon_core.shell:Creating prefix chain script '/home/tuaydin/Desktop/ros2_ws/install/setup.bash'
[12.690s] INFO:colcon.colcon_core.shell:Creating prefix script '/home/tuaydin/Desktop/ros2_ws/install/local_setup.zsh'
[12.690s] INFO:colcon.colcon_core.shell:Creating prefix chain script '/home/tuaydin/Desktop/ros2_ws/install/setup.zsh'
