[0.022s] Invoking command in '/home/tuaydin/ros2_ws/src/build/my_cpp_pkg': CMAKE_PREFIX_PATH=${CMAKE_PREFIX_PATH}:/opt/ros/jazzy /usr/bin/cmake /home/tuaydin/ros2_ws/src/my_cpp_pkg -DCMAKE_INSTALL_PREFIX=/home/tuaydin/ros2_ws/src/install/my_cpp_pkg
[0.234s] -- The C compiler identification is GNU 13.2.0
[0.550s] -- The CXX compiler identification is GNU 13.2.0
[0.739s] -- Detecting C compiler ABI info
[0.872s] -- Detecting C compiler ABI info - done
[0.881s] -- Check for working C compiler: /usr/bin/cc - skipped
[0.882s] -- Detecting C compile features
[0.882s] -- Detecting C compile features - done
[0.914s] -- Detecting CXX compiler ABI info
[1.047s] -- Detecting CXX compiler ABI info - done
[1.056s] -- Check for working CXX compiler: /usr/bin/c++ - skipped
[1.056s] -- Detecting CXX compile features
[1.057s] -- Detecting CXX compile features - done
[1.075s] -- Found ament_cmake: 2.5.2 (/opt/ros/jazzy/share/ament_cmake/cmake)
[1.222s] -- Found Python3: /usr/bin/python3 (found version "3.12.3") found components: Interpreter 
[1.356s] -- Found rclcpp: 28.1.5 (/opt/ros/jazzy/share/rclcpp/cmake)
[1.475s] -- Found rosidl_generator_c: 4.6.4 (/opt/ros/jazzy/share/rosidl_generator_c/cmake)
[1.494s] -- Found rosidl_generator_cpp: 4.6.4 (/opt/ros/jazzy/share/rosidl_generator_cpp/cmake)
[1.519s] -- Using all available rosidl_typesupport_c: rosidl_typesupport_fastrtps_c;rosidl_typesupport_introspection_c
[1.546s] -- Using all available rosidl_typesupport_cpp: rosidl_typesupport_fastrtps_cpp;rosidl_typesupport_introspection_cpp
[1.661s] -- Found rmw_implementation_cmake: 7.3.1 (/opt/ros/jazzy/share/rmw_implementation_cmake/cmake)
[1.666s] -- Found rmw_fastrtps_cpp: 8.4.1 (/opt/ros/jazzy/share/rmw_fastrtps_cpp/cmake)
[1.764s] -- Found OpenSSL: /usr/lib/x86_64-linux-gnu/libcrypto.so (found version "3.0.13")  
[1.832s] -- Found FastRTPS: /opt/ros/jazzy/include (Required is at least version "2.13") 
[1.879s] -- Using RMW implementation 'rmw_fastrtps_cpp' as default
[2.017s] -- Found ament_lint_auto: 0.17.1 (/opt/ros/jazzy/share/ament_lint_auto/cmake)
[2.129s] -- Added test 'lint_cmake' to check CMake code style
[2.131s] -- Added test 'xmllint' to check XML markup files
[2.134s] -- Configuring done (2.1s)
[2.141s] -- Generating done (0.0s)
[2.144s] -- Build files have been written to: /home/tuaydin/ros2_ws/src/build/my_cpp_pkg
[2.156s] Invoked command in '/home/tuaydin/ros2_ws/src/build/my_cpp_pkg' returned '0': CMAKE_PREFIX_PATH=${CMAKE_PREFIX_PATH}:/opt/ros/jazzy /usr/bin/cmake /home/tuaydin/ros2_ws/src/my_cpp_pkg -DCMAKE_INSTALL_PREFIX=/home/tuaydin/ros2_ws/src/install/my_cpp_pkg
[2.158s] Invoking command in '/home/tuaydin/ros2_ws/src/build/my_cpp_pkg': CMAKE_PREFIX_PATH=${CMAKE_PREFIX_PATH}:/opt/ros/jazzy /usr/bin/cmake --build /home/tuaydin/ros2_ws/src/build/my_cpp_pkg -- -j16 -l16
[2.195s] Invoked command in '/home/tuaydin/ros2_ws/src/build/my_cpp_pkg' returned '0': CMAKE_PREFIX_PATH=${CMAKE_PREFIX_PATH}:/opt/ros/jazzy /usr/bin/cmake --build /home/tuaydin/ros2_ws/src/build/my_cpp_pkg -- -j16 -l16
[2.204s] Invoking command in '/home/tuaydin/ros2_ws/src/build/my_cpp_pkg': CMAKE_PREFIX_PATH=${CMAKE_PREFIX_PATH}:/opt/ros/jazzy /usr/bin/cmake --install /home/tuaydin/ros2_ws/src/build/my_cpp_pkg
[2.210s] -- Install configuration: ""
[2.211s] -- Installing: /home/tuaydin/ros2_ws/src/install/my_cpp_pkg/share/ament_index/resource_index/package_run_dependencies/my_cpp_pkg
[2.211s] -- Installing: /home/tuaydin/ros2_ws/src/install/my_cpp_pkg/share/ament_index/resource_index/parent_prefix_path/my_cpp_pkg
[2.212s] -- Installing: /home/tuaydin/ros2_ws/src/install/my_cpp_pkg/share/my_cpp_pkg/environment/ament_prefix_path.sh
[2.212s] -- Installing: /home/tuaydin/ros2_ws/src/install/my_cpp_pkg/share/my_cpp_pkg/environment/ament_prefix_path.dsv
[2.212s] -- Installing: /home/tuaydin/ros2_ws/src/install/my_cpp_pkg/share/my_cpp_pkg/environment/path.sh
[2.212s] -- Installing: /home/tuaydin/ros2_ws/src/install/my_cpp_pkg/share/my_cpp_pkg/environment/path.dsv
[2.212s] -- Installing: /home/tuaydin/ros2_ws/src/install/my_cpp_pkg/share/my_cpp_pkg/local_setup.bash
[2.213s] -- Installing: /home/tuaydin/ros2_ws/src/install/my_cpp_pkg/share/my_cpp_pkg/local_setup.sh
[2.213s] -- Installing: /home/tuaydin/ros2_ws/src/install/my_cpp_pkg/share/my_cpp_pkg/local_setup.zsh
[2.213s] -- Installing: /home/tuaydin/ros2_ws/src/install/my_cpp_pkg/share/my_cpp_pkg/local_setup.dsv
[2.213s] -- Installing: /home/tuaydin/ros2_ws/src/install/my_cpp_pkg/share/my_cpp_pkg/package.dsv
[2.213s] -- Installing: /home/tuaydin/ros2_ws/src/install/my_cpp_pkg/share/ament_index/resource_index/packages/my_cpp_pkg
[2.214s] -- Installing: /home/tuaydin/ros2_ws/src/install/my_cpp_pkg/share/my_cpp_pkg/cmake/my_cpp_pkgConfig.cmake
[2.214s] -- Installing: /home/tuaydin/ros2_ws/src/install/my_cpp_pkg/share/my_cpp_pkg/cmake/my_cpp_pkgConfig-version.cmake
[2.214s] -- Installing: /home/tuaydin/ros2_ws/src/install/my_cpp_pkg/share/my_cpp_pkg/package.xml
[2.217s] Invoked command in '/home/tuaydin/ros2_ws/src/build/my_cpp_pkg' returned '0': CMAKE_PREFIX_PATH=${CMAKE_PREFIX_PATH}:/opt/ros/jazzy /usr/bin/cmake --install /home/tuaydin/ros2_ws/src/build/my_cpp_pkg
