[0.739s] Invoking command in '/home/tuaydin/ros2_ws/src/my_py_pkg': PYTHONPATH=/home/tuaydin/ros2_ws/build/my_py_pkg/prefix_override:/usr/lib/python3/dist-packages/colcon_core/task/python/colcon_distutils_commands:/home/tuaydin/ros2_ws/install/my_py_pkg/lib/python3.12/site-packages:${PYTHONPATH} /usr/bin/python3 -W ignore:setup.py install is deprecated -W ignore:easy_install command is deprecated setup.py egg_info --egg-base ../../build/my_py_pkg build --build-base /home/tuaydin/ros2_ws/build/my_py_pkg/build install --record /home/tuaydin/ros2_ws/build/my_py_pkg/install.log --single-version-externally-managed install_data
[0.970s] running egg_info
[0.970s] creating ../../build/my_py_pkg/my_py_pkg.egg-info
[0.987s] writing ../../build/my_py_pkg/my_py_pkg.egg-info/PKG-INFO
[0.988s] writing dependency_links to ../../build/my_py_pkg/my_py_pkg.egg-info/dependency_links.txt
[0.988s] writing requirements to ../../build/my_py_pkg/my_py_pkg.egg-info/requires.txt
[0.988s] writing top-level names to ../../build/my_py_pkg/my_py_pkg.egg-info/top_level.txt
[0.988s] writing manifest file '../../build/my_py_pkg/my_py_pkg.egg-info/SOURCES.txt'
[1.021s] reading manifest file '../../build/my_py_pkg/my_py_pkg.egg-info/SOURCES.txt'
[1.022s] writing manifest file '../../build/my_py_pkg/my_py_pkg.egg-info/SOURCES.txt'
[1.022s] running build
[1.023s] running build_py
[1.023s] creating /home/tuaydin/ros2_ws/build/my_py_pkg/build
[1.023s] creating /home/tuaydin/ros2_ws/build/my_py_pkg/build/lib
[1.023s] creating /home/tuaydin/ros2_ws/build/my_py_pkg/build/lib/my_py_pkg
[1.023s] copying my_py_pkg/__init__.py -> /home/tuaydin/ros2_ws/build/my_py_pkg/build/lib/my_py_pkg
[1.024s] running install
[1.029s] running install_lib
[1.046s] creating /home/tuaydin/ros2_ws/install/my_py_pkg/lib/python3.12/site-packages/my_py_pkg
[1.046s] copying /home/tuaydin/ros2_ws/build/my_py_pkg/build/lib/my_py_pkg/__init__.py -> /home/tuaydin/ros2_ws/install/my_py_pkg/lib/python3.12/site-packages/my_py_pkg
[1.046s] byte-compiling /home/tuaydin/ros2_ws/install/my_py_pkg/lib/python3.12/site-packages/my_py_pkg/__init__.py to __init__.cpython-312.pyc
[1.047s] running install_data
[1.047s] creating /home/tuaydin/ros2_ws/install/my_py_pkg/share/ament_index
[1.047s] creating /home/tuaydin/ros2_ws/install/my_py_pkg/share/ament_index/resource_index
[1.047s] creating /home/tuaydin/ros2_ws/install/my_py_pkg/share/ament_index/resource_index/packages
[1.048s] copying resource/my_py_pkg -> /home/tuaydin/ros2_ws/install/my_py_pkg/share/ament_index/resource_index/packages
[1.048s] copying package.xml -> /home/tuaydin/ros2_ws/install/my_py_pkg/share/my_py_pkg
[1.048s] running install_egg_info
[1.066s] Copying ../../build/my_py_pkg/my_py_pkg.egg-info to /home/tuaydin/ros2_ws/install/my_py_pkg/lib/python3.12/site-packages/my_py_pkg-0.0.0-py3.12.egg-info
[1.067s] running install_scripts
[1.183s] writing list of installed files to '/home/tuaydin/ros2_ws/build/my_py_pkg/install.log'
[1.218s] Invoked command in '/home/tuaydin/ros2_ws/src/my_py_pkg' returned '0': PYTHONPATH=/home/tuaydin/ros2_ws/build/my_py_pkg/prefix_override:/usr/lib/python3/dist-packages/colcon_core/task/python/colcon_distutils_commands:/home/tuaydin/ros2_ws/install/my_py_pkg/lib/python3.12/site-packages:${PYTHONPATH} /usr/bin/python3 -W ignore:setup.py install is deprecated -W ignore:easy_install command is deprecated setup.py egg_info --egg-base ../../build/my_py_pkg build --build-base /home/tuaydin/ros2_ws/build/my_py_pkg/build install --record /home/tuaydin/ros2_ws/build/my_py_pkg/install.log --single-version-externally-managed install_data
