[01m[K/home/tuaydin/ros2_ws/src/my_cpp_pkg/src/smartphone.cpp:[m[K In constructor ‘[01m[KSmartphoneNode::[01;32m[KSmartphoneNode[m[K()[m[K’:
[01m[K/home/tuaydin/ros2_ws/src/my_cpp_pkg/src/smartphone.cpp:9:89:[m[K [01;31m[Kerror: [m[Kno matching function for call to ‘[01m[KSmartphoneNode::create_subscription<example_interfaces::msg::String>(const char [11], int)[m[K’
    9 |                 subscriber_ = [01;31m[Kthis->create_subscription<example_interfaces::msg::String>("robot_news", 10)[m[K;
      |                               [01;31m[K~~~~~~~~~~~~~~~~~~~~~~~~~~~~~~~~~~~~~~~~~~~~~~~~~~~~~~~~~~^~~~~~~~~~~~~~~~~~[m[K
In file included from [01m[K/opt/ros/jazzy/include/rclcpp/rclcpp/executors/single_threaded_executor.hpp:28[m[K,
                 from [01m[K/opt/ros/jazzy/include/rclcpp/rclcpp/executors.hpp:22[m[K,
                 from [01m[K/opt/ros/jazzy/include/rclcpp/rclcpp/rclcpp.hpp:172[m[K,
                 from [01m[K/home/tuaydin/ros2_ws/src/my_cpp_pkg/src/smartphone.cpp:1[m[K:
[01m[K/opt/ros/jazzy/include/rclcpp/rclcpp/node.hpp:221:3:[m[K [01;36m[Knote: [m[Kcandidate: ‘[01m[Ktemplate<class MessageT, class CallbackT, class AllocatorT, class SubscriptionT, class MessageMemoryStrategyT> std::shared_ptr<ROSMessageT> rclcpp::Node::[01;32m[Kcreate_subscription[m[K(const std::string&, const rclcpp::QoS&, CallbackT&&, const rclcpp::SubscriptionOptionsWithAllocator<AllocatorT>&, typename MessageMemoryStrategyT::SharedPtr)[m[K’
  221 |   [01;36m[Kcreate_subscription[m[K(
      |   [01;36m[K^~~~~~~~~~~~~~~~~~~[m[K
[01m[K/opt/ros/jazzy/include/rclcpp/rclcpp/node.hpp:221:3:[m[K [01;36m[Knote: [m[K  candidate expects 3 arguments, 2 provided
In file included from [01m[K/opt/ros/jazzy/include/rclcpp/rclcpp/logging.hpp:24[m[K,
                 from [01m[K/opt/ros/jazzy/include/rclcpp/rclcpp/copy_all_parameter_values.hpp:27[m[K,
                 from [01m[K/opt/ros/jazzy/include/rclcpp/rclcpp/rclcpp.hpp:171[m[K:
[01m[K/home/tuaydin/ros2_ws/src/my_cpp_pkg/src/smartphone.cpp:[m[K In member function ‘[01m[Kvoid SmartphoneNode::[01;32m[KcallbackRobotNews[m[K(example_interfaces::msg::String_<std::allocator<void> >::SharedPtr)[m[K’:
[01m[K/home/tuaydin/ros2_ws/src/my_cpp_pkg/src/smartphone.cpp:17:65:[m[K [01;31m[Kerror: [m[K‘[01m[Kusing example_interfaces::msg::String_<std::allocator<void> >::_data_type = class std::__cxx11::basic_string<char>[m[K’ {aka ‘[01m[Kclass std::__cxx11::basic_string<char>[m[K’} has no member named ‘[01m[Kc_Str[m[K’; did you mean ‘[01m[Kc_str[m[K’?
   17 |                 RCLCPP_INFO(this->get_logger(), "%s", msg->data.[01;31m[Kc_Str[m[K());
      |                                                                 [01;31m[K^~~~~[m[K
gmake[2]: *** [CMakeFiles/smartphone.dir/build.make:76: CMakeFiles/smartphone.dir/src/smartphone.cpp.o] Error 1
gmake[1]: *** [CMakeFiles/Makefile2:193: CMakeFiles/smartphone.dir/all] Error 2
gmake: *** [Makefile:146: all] Error 2
