[0.015s] Invoking command in '/home/tuaydin/ros2_ws/build/my_cpp_pkg': CMAKE_PREFIX_PATH=${CMAKE_PREFIX_PATH}:/home/tuaydin/ros2_ws/install/my_py_pkg:/opt/ros/jazzy /usr/bin/cmake --build /home/tuaydin/ros2_ws/build/my_cpp_pkg -- -j4 -l4
[0.060s] -- Found ament_cmake: 2.5.2 (/opt/ros/jazzy/share/ament_cmake/cmake)
[0.306s] -- Found rclcpp: 28.1.5 (/opt/ros/jazzy/share/rclcpp/cmake)
[0.446s] -- Found rosidl_generator_c: 4.6.4 (/opt/ros/jazzy/share/rosidl_generator_c/cmake)
[0.459s] -- Found rosidl_generator_cpp: 4.6.4 (/opt/ros/jazzy/share/rosidl_generator_cpp/cmake)
[0.480s] -- Using all available rosidl_typesupport_c: rosidl_typesupport_fastrtps_c;rosidl_typesupport_introspection_c
[0.502s] -- Using all available rosidl_typesupport_cpp: rosidl_typesupport_fastrtps_cpp;rosidl_typesupport_introspection_cpp
[0.596s] -- Found rmw_implementation_cmake: 7.3.1 (/opt/ros/jazzy/share/rmw_implementation_cmake/cmake)
[0.600s] -- Found rmw_fastrtps_cpp: 8.4.1 (/opt/ros/jazzy/share/rmw_fastrtps_cpp/cmake)
[0.798s] -- Using RMW implementation 'rmw_fastrtps_cpp' as default
[0.958s] -- Found example_interfaces: 0.12.0 (/opt/ros/jazzy/share/example_interfaces/cmake)
[1.125s] -- Configuring done (1.1s)
[1.156s] -- Generating done (0.0s)
[1.162s] -- Build files have been written to: /home/tuaydin/ros2_ws/build/my_cpp_pkg
[1.198s] [ 16%] [32mBuilding CXX object CMakeFiles/smartphone.dir/src/smartphone.cpp.o[0m
[1.211s] [ 50%] Built target cpp_node
[1.215s] [ 83%] Built target robot_news_station
[4.268s] [01m[K/home/tuaydin/ros2_ws/src/my_cpp_pkg/src/smartphone.cpp:[m[K In constructor ‘[01m[KSmartphoneNode::[01;32m[KSmartphoneNode[m[K()[m[K’:
[4.268s] [01m[K/home/tuaydin/ros2_ws/src/my_cpp_pkg/src/smartphone.cpp:9:89:[m[K [01;31m[Kerror: [m[Kno matching function for call to ‘[01m[KSmartphoneNode::create_subscription<example_interfaces::msg::String>(const char [11], int)[m[K’
[4.268s]     9 |                 subscriber_ = [01;31m[Kthis->create_subscription<example_interfaces::msg::String>("robot_news", 10)[m[K;
[4.268s]       |                               [01;31m[K~~~~~~~~~~~~~~~~~~~~~~~~~~~~~~~~~~~~~~~~~~~~~~~~~~~~~~~~~~^~~~~~~~~~~~~~~~~~[m[K
[4.269s] In file included from [01m[K/opt/ros/jazzy/include/rclcpp/rclcpp/executors/single_threaded_executor.hpp:28[m[K,
[4.269s]                  from [01m[K/opt/ros/jazzy/include/rclcpp/rclcpp/executors.hpp:22[m[K,
[4.269s]                  from [01m[K/opt/ros/jazzy/include/rclcpp/rclcpp/rclcpp.hpp:172[m[K,
[4.269s]                  from [01m[K/home/tuaydin/ros2_ws/src/my_cpp_pkg/src/smartphone.cpp:1[m[K:
[4.269s] [01m[K/opt/ros/jazzy/include/rclcpp/rclcpp/node.hpp:221:3:[m[K [01;36m[Knote: [m[Kcandidate: ‘[01m[Ktemplate<class MessageT, class CallbackT, class AllocatorT, class SubscriptionT, class MessageMemoryStrategyT> std::shared_ptr<ROSMessageT> rclcpp::Node::[01;32m[Kcreate_subscription[m[K(const std::string&, const rclcpp::QoS&, CallbackT&&, const rclcpp::SubscriptionOptionsWithAllocator<AllocatorT>&, typename MessageMemoryStrategyT::SharedPtr)[m[K’
[4.269s]   221 |   [01;36m[Kcreate_subscription[m[K(
[4.269s]       |   [01;36m[K^~~~~~~~~~~~~~~~~~~[m[K
[4.269s] [01m[K/opt/ros/jazzy/include/rclcpp/rclcpp/node.hpp:221:3:[m[K [01;36m[Knote: [m[K  candidate expects 3 arguments, 2 provided
[4.278s] In file included from [01m[K/opt/ros/jazzy/include/rclcpp/rclcpp/logging.hpp:24[m[K,
[4.278s]                  from [01m[K/opt/ros/jazzy/include/rclcpp/rclcpp/copy_all_parameter_values.hpp:27[m[K,
[4.278s]                  from [01m[K/opt/ros/jazzy/include/rclcpp/rclcpp/rclcpp.hpp:171[m[K:
[4.278s] [01m[K/home/tuaydin/ros2_ws/src/my_cpp_pkg/src/smartphone.cpp:[m[K In member function ‘[01m[Kvoid SmartphoneNode::[01;32m[KcallbackRobotNews[m[K(example_interfaces::msg::String_<std::allocator<void> >::SharedPtr)[m[K’:
[4.279s] [01m[K/home/tuaydin/ros2_ws/src/my_cpp_pkg/src/smartphone.cpp:17:65:[m[K [01;31m[Kerror: [m[K‘[01m[Kusing example_interfaces::msg::String_<std::allocator<void> >::_data_type = class std::__cxx11::basic_string<char>[m[K’ {aka ‘[01m[Kclass std::__cxx11::basic_string<char>[m[K’} has no member named ‘[01m[Kc_Str[m[K’; did you mean ‘[01m[Kc_str[m[K’?
[4.279s]    17 |                 RCLCPP_INFO(this->get_logger(), "%s", msg->data.[01;31m[Kc_Str[m[K());
[4.279s]       |                                                                 [01;31m[K^~~~~[m[K
[5.219s] gmake[2]: *** [CMakeFiles/smartphone.dir/build.make:76: CMakeFiles/smartphone.dir/src/smartphone.cpp.o] Error 1
[5.219s] gmake[1]: *** [CMakeFiles/Makefile2:193: CMakeFiles/smartphone.dir/all] Error 2
[5.219s] gmake: *** [Makefile:146: all] Error 2
[5.222s] Invoked command in '/home/tuaydin/ros2_ws/build/my_cpp_pkg' returned '2': CMAKE_PREFIX_PATH=${CMAKE_PREFIX_PATH}:/home/tuaydin/ros2_ws/install/my_py_pkg:/opt/ros/jazzy /usr/bin/cmake --build /home/tuaydin/ros2_ws/build/my_cpp_pkg -- -j4 -l4
