[0.011s] Invoking command in '/home/tuaydin/Desktop/ros2_ws/build/my_cpp_pkg': CMAKE_PREFIX_PATH=/home/tuaydin/Desktop/ros2_ws/install/my_robot_interfaces:/home/tuaydin/Desktop/ros2_ws/install/my_robot_bringup:/home/tuaydin/Desktop/ros2_ws/install/my_cpp_pkg:/home/tuaydin/Desktop/ros2_ws/src/install/my_cpp_pkg:/opt/ros/jazzy/opt/gz_math_vendor:/opt/ros/jazzy/opt/gz_utils_vendor:/opt/ros/jazzy/opt/gz_cmake_vendor:/home/tuaydin/Desktop/ros2_ws/install/my_py_pkg:/home/tuaydin/Desktop/ros2_ws/src/install/my_py_pkg:/opt/ros/jazzy PYTHONPATH=/home/tuaydin/Desktop/ros2_ws/install/my_robot_interfaces/lib/python3.12/site-packages:/home/tuaydin/Desktop/ros2_ws/install/my_py_pkg/lib/python3.12/site-packages:/home/tuaydin/Desktop/ros2_ws/src/install/my_py_pkg/lib/python3.12/site-packages:/opt/ros/jazzy/lib/python3.12/site-packages /usr/bin/cmake --build /home/tuaydin/Desktop/ros2_ws/build/my_cpp_pkg -- -j16 -l16
[0.039s] -- Found ament_cmake: 2.5.3 (/opt/ros/jazzy/share/ament_cmake/cmake)
[0.253s] -- Found rclcpp: 28.1.6 (/opt/ros/jazzy/share/rclcpp/cmake)
[0.278s] -- Found rosidl_generator_c: 4.6.5 (/opt/ros/jazzy/share/rosidl_generator_c/cmake)
[0.287s] -- Found rosidl_generator_cpp: 4.6.5 (/opt/ros/jazzy/share/rosidl_generator_cpp/cmake)
[0.297s] -- Using all available rosidl_typesupport_c: rosidl_typesupport_fastrtps_c;rosidl_typesupport_introspection_c
[0.310s] -- Using all available rosidl_typesupport_cpp: rosidl_typesupport_fastrtps_cpp;rosidl_typesupport_introspection_cpp
[0.374s] -- Found rmw_implementation_cmake: 7.3.1 (/opt/ros/jazzy/share/rmw_implementation_cmake/cmake)
[0.375s] -- Found rmw_fastrtps_cpp: 8.4.1 (/opt/ros/jazzy/share/rmw_fastrtps_cpp/cmake)
[0.448s] -- Using RMW implementation 'rmw_fastrtps_cpp' as default
[0.514s] -- Found example_interfaces: 0.12.0 (/opt/ros/jazzy/share/example_interfaces/cmake)
[0.566s] -- Found my_robot_interfaces: 0.0.0 (/home/tuaydin/Desktop/ros2_ws/install/my_robot_interfaces/share/my_robot_interfaces/cmake)
[0.695s] -- Configuring done (0.7s)
[0.744s] -- Generating done (0.0s)
[0.758s] -- Build files have been written to: /home/tuaydin/Desktop/ros2_ws/build/my_cpp_pkg
[0.830s] [ 43%] Built target add_two_ints_server
[0.830s] [ 50%] Built target number_counter
[0.830s] [ 50%] Built target robot_news_station
[0.830s] [ 50%] Built target cpp_node
[0.833s] [ 87%] Built target add_two_ints_client
[0.833s] [ 87%] Built target add_two_ints_client_no_oop
[0.833s] [ 87%] [32mBuilding CXX object CMakeFiles/hardware_status_publisher.dir/src/hw_status_publisher.cpp.o[0m
[0.833s] [ 93%] Built target smartphone
[4.696s] [100%] [32m[1mLinking CXX executable hardware_status_publisher[0m
[4.864s] [100%] Built target hardware_status_publisher
[4.876s] Invoked command in '/home/tuaydin/Desktop/ros2_ws/build/my_cpp_pkg' returned '0': CMAKE_PREFIX_PATH=/home/tuaydin/Desktop/ros2_ws/install/my_robot_interfaces:/home/tuaydin/Desktop/ros2_ws/install/my_robot_bringup:/home/tuaydin/Desktop/ros2_ws/install/my_cpp_pkg:/home/tuaydin/Desktop/ros2_ws/src/install/my_cpp_pkg:/opt/ros/jazzy/opt/gz_math_vendor:/opt/ros/jazzy/opt/gz_utils_vendor:/opt/ros/jazzy/opt/gz_cmake_vendor:/home/tuaydin/Desktop/ros2_ws/install/my_py_pkg:/home/tuaydin/Desktop/ros2_ws/src/install/my_py_pkg:/opt/ros/jazzy PYTHONPATH=/home/tuaydin/Desktop/ros2_ws/install/my_robot_interfaces/lib/python3.12/site-packages:/home/tuaydin/Desktop/ros2_ws/install/my_py_pkg/lib/python3.12/site-packages:/home/tuaydin/Desktop/ros2_ws/src/install/my_py_pkg/lib/python3.12/site-packages:/opt/ros/jazzy/lib/python3.12/site-packages /usr/bin/cmake --build /home/tuaydin/Desktop/ros2_ws/build/my_cpp_pkg -- -j16 -l16
[4.877s] Invoking command in '/home/tuaydin/Desktop/ros2_ws/build/my_cpp_pkg': CMAKE_PREFIX_PATH=/home/tuaydin/Desktop/ros2_ws/install/my_robot_interfaces:/home/tuaydin/Desktop/ros2_ws/install/my_robot_bringup:/home/tuaydin/Desktop/ros2_ws/install/my_cpp_pkg:/home/tuaydin/Desktop/ros2_ws/src/install/my_cpp_pkg:/opt/ros/jazzy/opt/gz_math_vendor:/opt/ros/jazzy/opt/gz_utils_vendor:/opt/ros/jazzy/opt/gz_cmake_vendor:/home/tuaydin/Desktop/ros2_ws/install/my_py_pkg:/home/tuaydin/Desktop/ros2_ws/src/install/my_py_pkg:/opt/ros/jazzy PYTHONPATH=/home/tuaydin/Desktop/ros2_ws/install/my_robot_interfaces/lib/python3.12/site-packages:/home/tuaydin/Desktop/ros2_ws/install/my_py_pkg/lib/python3.12/site-packages:/home/tuaydin/Desktop/ros2_ws/src/install/my_py_pkg/lib/python3.12/site-packages:/opt/ros/jazzy/lib/python3.12/site-packages /usr/bin/cmake --install /home/tuaydin/Desktop/ros2_ws/build/my_cpp_pkg
[4.885s] -- Install configuration: ""
[4.885s] -- Up-to-date: /home/tuaydin/Desktop/ros2_ws/install/my_cpp_pkg/lib/my_cpp_pkg/cpp_node
[4.885s] -- Up-to-date: /home/tuaydin/Desktop/ros2_ws/install/my_cpp_pkg/lib/my_cpp_pkg/robot_news_station
[4.885s] -- Up-to-date: /home/tuaydin/Desktop/ros2_ws/install/my_cpp_pkg/lib/my_cpp_pkg/smartphone
[4.886s] -- Up-to-date: /home/tuaydin/Desktop/ros2_ws/install/my_cpp_pkg/lib/my_cpp_pkg/number_counter
[4.886s] -- Up-to-date: /home/tuaydin/Desktop/ros2_ws/install/my_cpp_pkg/lib/my_cpp_pkg/add_two_ints_server
[4.886s] -- Up-to-date: /home/tuaydin/Desktop/ros2_ws/install/my_cpp_pkg/lib/my_cpp_pkg/add_two_ints_client
[4.887s] -- Up-to-date: /home/tuaydin/Desktop/ros2_ws/install/my_cpp_pkg/lib/my_cpp_pkg/add_two_ints_client_no_oop
[4.887s] -- Installing: /home/tuaydin/Desktop/ros2_ws/install/my_cpp_pkg/lib/my_cpp_pkg/hardware_status_publisher
[4.889s] -- Set non-toolchain portion of runtime path of "/home/tuaydin/Desktop/ros2_ws/install/my_cpp_pkg/lib/my_cpp_pkg/hardware_status_publisher" to ""
[4.889s] -- Up-to-date: /home/tuaydin/Desktop/ros2_ws/install/my_cpp_pkg/share/ament_index/resource_index/package_run_dependencies/my_cpp_pkg
[4.890s] -- Up-to-date: /home/tuaydin/Desktop/ros2_ws/install/my_cpp_pkg/share/ament_index/resource_index/parent_prefix_path/my_cpp_pkg
[4.890s] -- Up-to-date: /home/tuaydin/Desktop/ros2_ws/install/my_cpp_pkg/share/my_cpp_pkg/environment/ament_prefix_path.sh
[4.890s] -- Up-to-date: /home/tuaydin/Desktop/ros2_ws/install/my_cpp_pkg/share/my_cpp_pkg/environment/ament_prefix_path.dsv
[4.890s] -- Up-to-date: /home/tuaydin/Desktop/ros2_ws/install/my_cpp_pkg/share/my_cpp_pkg/environment/path.sh
[4.890s] -- Up-to-date: /home/tuaydin/Desktop/ros2_ws/install/my_cpp_pkg/share/my_cpp_pkg/environment/path.dsv
[4.890s] -- Up-to-date: /home/tuaydin/Desktop/ros2_ws/install/my_cpp_pkg/share/my_cpp_pkg/local_setup.bash
[4.890s] -- Up-to-date: /home/tuaydin/Desktop/ros2_ws/install/my_cpp_pkg/share/my_cpp_pkg/local_setup.sh
[4.890s] -- Up-to-date: /home/tuaydin/Desktop/ros2_ws/install/my_cpp_pkg/share/my_cpp_pkg/local_setup.zsh
[4.890s] -- Up-to-date: /home/tuaydin/Desktop/ros2_ws/install/my_cpp_pkg/share/my_cpp_pkg/local_setup.dsv
[4.890s] -- Installing: /home/tuaydin/Desktop/ros2_ws/install/my_cpp_pkg/share/my_cpp_pkg/package.dsv
[4.891s] -- Up-to-date: /home/tuaydin/Desktop/ros2_ws/install/my_cpp_pkg/share/ament_index/resource_index/packages/my_cpp_pkg
[4.891s] -- Up-to-date: /home/tuaydin/Desktop/ros2_ws/install/my_cpp_pkg/share/my_cpp_pkg/cmake/my_cpp_pkgConfig.cmake
[4.891s] -- Up-to-date: /home/tuaydin/Desktop/ros2_ws/install/my_cpp_pkg/share/my_cpp_pkg/cmake/my_cpp_pkgConfig-version.cmake
[4.891s] -- Up-to-date: /home/tuaydin/Desktop/ros2_ws/install/my_cpp_pkg/share/my_cpp_pkg/package.xml
[4.892s] Invoked command in '/home/tuaydin/Desktop/ros2_ws/build/my_cpp_pkg' returned '0': CMAKE_PREFIX_PATH=/home/tuaydin/Desktop/ros2_ws/install/my_robot_interfaces:/home/tuaydin/Desktop/ros2_ws/install/my_robot_bringup:/home/tuaydin/Desktop/ros2_ws/install/my_cpp_pkg:/home/tuaydin/Desktop/ros2_ws/src/install/my_cpp_pkg:/opt/ros/jazzy/opt/gz_math_vendor:/opt/ros/jazzy/opt/gz_utils_vendor:/opt/ros/jazzy/opt/gz_cmake_vendor:/home/tuaydin/Desktop/ros2_ws/install/my_py_pkg:/home/tuaydin/Desktop/ros2_ws/src/install/my_py_pkg:/opt/ros/jazzy PYTHONPATH=/home/tuaydin/Desktop/ros2_ws/install/my_robot_interfaces/lib/python3.12/site-packages:/home/tuaydin/Desktop/ros2_ws/install/my_py_pkg/lib/python3.12/site-packages:/home/tuaydin/Desktop/ros2_ws/src/install/my_py_pkg/lib/python3.12/site-packages:/opt/ros/jazzy/lib/python3.12/site-packages /usr/bin/cmake --install /home/tuaydin/Desktop/ros2_ws/build/my_cpp_pkg
