[0.014s] Invoking command in '/home/tuaydin/ros2_ws/build/my_cpp_pkg': CMAKE_PREFIX_PATH=${CMAKE_PREFIX_PATH}:/home/tuaydin/ros2_ws/install/my_py_pkg:/opt/ros/jazzy /usr/bin/cmake /home/tuaydin/ros2_ws/src/my_cpp_pkg -DCMAKE_INSTALL_PREFIX=/home/tuaydin/ros2_ws/install/my_cpp_pkg
[0.155s] -- The C compiler identification is GNU 13.2.0
[0.401s] -- The CXX compiler identification is GNU 13.2.0
[0.569s] -- Detecting C compiler ABI info
[0.705s] -- Detecting C compiler ABI info - done
[0.712s] -- Check for working C compiler: /usr/bin/cc - skipped
[0.713s] -- Detecting C compile features
[0.714s] -- Detecting C compile features - done
[0.741s] -- Detecting CXX compiler ABI info
[0.874s] -- Detecting CXX compiler ABI info - done
[0.883s] -- Check for working CXX compiler: /usr/bin/c++ - skipped
[0.883s] -- Detecting CXX compile features
[0.884s] -- Detecting CXX compile features - done
[0.891s] -- Found ament_cmake: 2.5.2 (/opt/ros/jazzy/share/ament_cmake/cmake)
[1.023s] -- Found Python3: /usr/bin/python3 (found version "3.12.3") found components: Interpreter 
[1.146s] -- Found rclcpp: 28.1.5 (/opt/ros/jazzy/share/rclcpp/cmake)
[1.249s] -- Found rosidl_generator_c: 4.6.4 (/opt/ros/jazzy/share/rosidl_generator_c/cmake)
[1.266s] -- Found rosidl_generator_cpp: 4.6.4 (/opt/ros/jazzy/share/rosidl_generator_cpp/cmake)
[1.292s] -- Using all available rosidl_typesupport_c: rosidl_typesupport_fastrtps_c;rosidl_typesupport_introspection_c
[1.320s] -- Using all available rosidl_typesupport_cpp: rosidl_typesupport_fastrtps_cpp;rosidl_typesupport_introspection_cpp
[1.418s] -- Found rmw_implementation_cmake: 7.3.1 (/opt/ros/jazzy/share/rmw_implementation_cmake/cmake)
[1.423s] -- Found rmw_fastrtps_cpp: 8.4.1 (/opt/ros/jazzy/share/rmw_fastrtps_cpp/cmake)
[1.509s] -- Found OpenSSL: /usr/lib/x86_64-linux-gnu/libcrypto.so (found version "3.0.13")  
[1.571s] -- Found FastRTPS: /opt/ros/jazzy/include (Required is at least version "2.13") 
[1.614s] -- Using RMW implementation 'rmw_fastrtps_cpp' as default
[1.739s] [31mCMake Error at CMakeLists.txt:15 (install):
[1.739s]   install does not recognize sub-command TARGET
[1.739s] 
[1.739s] [0m
[1.823s] -- Configuring incomplete, errors occurred!
[1.833s] Invoked command in '/home/tuaydin/ros2_ws/build/my_cpp_pkg' returned '1': CMAKE_PREFIX_PATH=${CMAKE_PREFIX_PATH}:/home/tuaydin/ros2_ws/install/my_py_pkg:/opt/ros/jazzy /usr/bin/cmake /home/tuaydin/ros2_ws/src/my_cpp_pkg -DCMAKE_INSTALL_PREFIX=/home/tuaydin/ros2_ws/install/my_cpp_pkg
