[0.017s] Invoking command in '/home/tuaydin/ros2_ws/src/build/my_cpp_pkg': CMAKE_PREFIX_PATH=${CMAKE_PREFIX_PATH}:/opt/ros/jazzy /usr/bin/cmake --build /home/tuaydin/ros2_ws/src/build/my_cpp_pkg -- -j16 -l16
[0.220s] Invoked command in '/home/tuaydin/ros2_ws/src/build/my_cpp_pkg' returned '0': CMAKE_PREFIX_PATH=${CMAKE_PREFIX_PATH}:/opt/ros/jazzy /usr/bin/cmake --build /home/tuaydin/ros2_ws/src/build/my_cpp_pkg -- -j16 -l16
[0.230s] Invoking command in '/home/tuaydin/ros2_ws/src/build/my_cpp_pkg': CMAKE_PREFIX_PATH=${CMAKE_PREFIX_PATH}:/opt/ros/jazzy /usr/bin/cmake --install /home/tuaydin/ros2_ws/src/build/my_cpp_pkg
[0.239s] -- Install configuration: ""
[0.239s] -- Up-to-date: /home/tuaydin/ros2_ws/src/install/my_cpp_pkg/share/ament_index/resource_index/package_run_dependencies/my_cpp_pkg
[0.239s] -- Up-to-date: /home/tuaydin/ros2_ws/src/install/my_cpp_pkg/share/ament_index/resource_index/parent_prefix_path/my_cpp_pkg
[0.240s] -- Up-to-date: /home/tuaydin/ros2_ws/src/install/my_cpp_pkg/share/my_cpp_pkg/environment/ament_prefix_path.sh
[0.240s] -- Up-to-date: /home/tuaydin/ros2_ws/src/install/my_cpp_pkg/share/my_cpp_pkg/environment/ament_prefix_path.dsv
[0.240s] -- Up-to-date: /home/tuaydin/ros2_ws/src/install/my_cpp_pkg/share/my_cpp_pkg/environment/path.sh
[0.240s] -- Up-to-date: /home/tuaydin/ros2_ws/src/install/my_cpp_pkg/share/my_cpp_pkg/environment/path.dsv
[0.240s] -- Up-to-date: /home/tuaydin/ros2_ws/src/install/my_cpp_pkg/share/my_cpp_pkg/local_setup.bash
[0.240s] -- Up-to-date: /home/tuaydin/ros2_ws/src/install/my_cpp_pkg/share/my_cpp_pkg/local_setup.sh
[0.240s] -- Up-to-date: /home/tuaydin/ros2_ws/src/install/my_cpp_pkg/share/my_cpp_pkg/local_setup.zsh
[0.240s] -- Up-to-date: /home/tuaydin/ros2_ws/src/install/my_cpp_pkg/share/my_cpp_pkg/local_setup.dsv
[0.240s] -- Up-to-date: /home/tuaydin/ros2_ws/src/install/my_cpp_pkg/share/my_cpp_pkg/package.dsv
[0.241s] -- Up-to-date: /home/tuaydin/ros2_ws/src/install/my_cpp_pkg/share/ament_index/resource_index/packages/my_cpp_pkg
[0.242s] -- Up-to-date: /home/tuaydin/ros2_ws/src/install/my_cpp_pkg/share/my_cpp_pkg/cmake/my_cpp_pkgConfig.cmake
[0.242s] -- Up-to-date: /home/tuaydin/ros2_ws/src/install/my_cpp_pkg/share/my_cpp_pkg/cmake/my_cpp_pkgConfig-version.cmake
[0.242s] -- Up-to-date: /home/tuaydin/ros2_ws/src/install/my_cpp_pkg/share/my_cpp_pkg/package.xml
[0.242s] Invoked command in '/home/tuaydin/ros2_ws/src/build/my_cpp_pkg' returned '0': CMAKE_PREFIX_PATH=${CMAKE_PREFIX_PATH}:/opt/ros/jazzy /usr/bin/cmake --install /home/tuaydin/ros2_ws/src/build/my_cpp_pkg
