[0.008s] Invoking command in '/home/tuaydin/Desktop/ros2_ws/build/my_robot_bringup': CMAKE_PREFIX_PATH=/home/tuaydin/Desktop/ros2_ws/install/my_cpp_pkg:/home/tuaydin/Desktop/ros2_ws/install/my_robot_bringup:/opt/ros/jazzy/opt/gz_math_vendor:/opt/ros/jazzy/opt/gz_utils_vendor:/opt/ros/jazzy/opt/gz_cmake_vendor:/home/tuaydin/Desktop/ros2_ws/install/my_py_pkg:/opt/ros/jazzy DEBUGINFOD_URLS=https://debuginfod.ubuntu.com /usr/bin/cmake /home/tuaydin/Desktop/ros2_ws/src/my_robot_bringup -DCMAKE_INSTALL_PREFIX=/home/tuaydin/Desktop/ros2_ws/install/my_robot_bringup
[0.060s] -- The C compiler identification is GNU 13.3.0
[0.109s] -- The CXX compiler identification is GNU 13.3.0
[0.126s] -- Detecting C compiler ABI info
[0.209s] -- Detecting C compiler ABI info - done
[0.216s] -- Check for working C compiler: /usr/bin/cc - skipped
[0.216s] -- Detecting C compile features
[0.217s] -- Detecting C compile features - done
[0.225s] -- Detecting CXX compiler ABI info
[0.316s] -- Detecting CXX compiler ABI info - done
[0.324s] -- Check for working CXX compiler: /usr/bin/c++ - skipped
[0.324s] -- Detecting CXX compile features
[0.324s] -- Detecting CXX compile features - done
[0.327s] -- Found ament_cmake: 2.5.3 (/opt/ros/jazzy/share/ament_cmake/cmake)
[0.452s] -- Found Python3: /usr/bin/python3 (found version "3.12.3") found components: Interpreter 
[0.607s] -- Configuring done (0.6s)
[0.611s] -- Generating done (0.0s)
[0.612s] -- Build files have been written to: /home/tuaydin/Desktop/ros2_ws/build/my_robot_bringup
[0.617s] Invoked command in '/home/tuaydin/Desktop/ros2_ws/build/my_robot_bringup' returned '0': CMAKE_PREFIX_PATH=/home/tuaydin/Desktop/ros2_ws/install/my_cpp_pkg:/home/tuaydin/Desktop/ros2_ws/install/my_robot_bringup:/opt/ros/jazzy/opt/gz_math_vendor:/opt/ros/jazzy/opt/gz_utils_vendor:/opt/ros/jazzy/opt/gz_cmake_vendor:/home/tuaydin/Desktop/ros2_ws/install/my_py_pkg:/opt/ros/jazzy DEBUGINFOD_URLS=https://debuginfod.ubuntu.com /usr/bin/cmake /home/tuaydin/Desktop/ros2_ws/src/my_robot_bringup -DCMAKE_INSTALL_PREFIX=/home/tuaydin/Desktop/ros2_ws/install/my_robot_bringup
[0.618s] Invoking command in '/home/tuaydin/Desktop/ros2_ws/build/my_robot_bringup': CMAKE_PREFIX_PATH=/home/tuaydin/Desktop/ros2_ws/install/my_cpp_pkg:/home/tuaydin/Desktop/ros2_ws/install/my_robot_bringup:/opt/ros/jazzy/opt/gz_math_vendor:/opt/ros/jazzy/opt/gz_utils_vendor:/opt/ros/jazzy/opt/gz_cmake_vendor:/home/tuaydin/Desktop/ros2_ws/install/my_py_pkg:/opt/ros/jazzy DEBUGINFOD_URLS=https://debuginfod.ubuntu.com /usr/bin/cmake --build /home/tuaydin/Desktop/ros2_ws/build/my_robot_bringup -- -j16 -l16
[0.656s] Invoked command in '/home/tuaydin/Desktop/ros2_ws/build/my_robot_bringup' returned '0': CMAKE_PREFIX_PATH=/home/tuaydin/Desktop/ros2_ws/install/my_cpp_pkg:/home/tuaydin/Desktop/ros2_ws/install/my_robot_bringup:/opt/ros/jazzy/opt/gz_math_vendor:/opt/ros/jazzy/opt/gz_utils_vendor:/opt/ros/jazzy/opt/gz_cmake_vendor:/home/tuaydin/Desktop/ros2_ws/install/my_py_pkg:/opt/ros/jazzy DEBUGINFOD_URLS=https://debuginfod.ubuntu.com /usr/bin/cmake --build /home/tuaydin/Desktop/ros2_ws/build/my_robot_bringup -- -j16 -l16
[0.657s] Invoking command in '/home/tuaydin/Desktop/ros2_ws/build/my_robot_bringup': CMAKE_PREFIX_PATH=/home/tuaydin/Desktop/ros2_ws/install/my_cpp_pkg:/home/tuaydin/Desktop/ros2_ws/install/my_robot_bringup:/opt/ros/jazzy/opt/gz_math_vendor:/opt/ros/jazzy/opt/gz_utils_vendor:/opt/ros/jazzy/opt/gz_cmake_vendor:/home/tuaydin/Desktop/ros2_ws/install/my_py_pkg:/opt/ros/jazzy DEBUGINFOD_URLS=https://debuginfod.ubuntu.com /usr/bin/cmake --install /home/tuaydin/Desktop/ros2_ws/build/my_robot_bringup
[0.665s] -- Install configuration: ""
[0.665s] -- Installing: /home/tuaydin/Desktop/ros2_ws/install/my_robot_bringup/share/my_robot_bringup/launch
[0.665s] -- Installing: /home/tuaydin/Desktop/ros2_ws/install/my_robot_bringup/share/my_robot_bringup/launch/number_app.launch.py
[0.665s] -- Installing: /home/tuaydin/Desktop/ros2_ws/install/my_robot_bringup/share/my_robot_bringup/launch/news_station_app.launch.py
[0.665s] -- Installing: /home/tuaydin/Desktop/ros2_ws/install/my_robot_bringup/share/ament_index/resource_index/package_run_dependencies/my_robot_bringup
[0.666s] -- Installing: /home/tuaydin/Desktop/ros2_ws/install/my_robot_bringup/share/ament_index/resource_index/parent_prefix_path/my_robot_bringup
[0.666s] -- Installing: /home/tuaydin/Desktop/ros2_ws/install/my_robot_bringup/share/my_robot_bringup/environment/ament_prefix_path.sh
[0.666s] -- Installing: /home/tuaydin/Desktop/ros2_ws/install/my_robot_bringup/share/my_robot_bringup/environment/ament_prefix_path.dsv
[0.666s] -- Installing: /home/tuaydin/Desktop/ros2_ws/install/my_robot_bringup/share/my_robot_bringup/environment/path.sh
[0.667s] -- Installing: /home/tuaydin/Desktop/ros2_ws/install/my_robot_bringup/share/my_robot_bringup/environment/path.dsv
[0.667s] -- Installing: /home/tuaydin/Desktop/ros2_ws/install/my_robot_bringup/share/my_robot_bringup/local_setup.bash
[0.667s] -- Installing: /home/tuaydin/Desktop/ros2_ws/install/my_robot_bringup/share/my_robot_bringup/local_setup.sh
[0.667s] -- Installing: /home/tuaydin/Desktop/ros2_ws/install/my_robot_bringup/share/my_robot_bringup/local_setup.zsh
[0.667s] -- Installing: /home/tuaydin/Desktop/ros2_ws/install/my_robot_bringup/share/my_robot_bringup/local_setup.dsv
[0.668s] -- Installing: /home/tuaydin/Desktop/ros2_ws/install/my_robot_bringup/share/my_robot_bringup/package.dsv
[0.668s] -- Installing: /home/tuaydin/Desktop/ros2_ws/install/my_robot_bringup/share/ament_index/resource_index/packages/my_robot_bringup
[0.668s] -- Installing: /home/tuaydin/Desktop/ros2_ws/install/my_robot_bringup/share/my_robot_bringup/cmake/my_robot_bringupConfig.cmake
[0.668s] -- Installing: /home/tuaydin/Desktop/ros2_ws/install/my_robot_bringup/share/my_robot_bringup/cmake/my_robot_bringupConfig-version.cmake
[0.668s] -- Installing: /home/tuaydin/Desktop/ros2_ws/install/my_robot_bringup/share/my_robot_bringup/package.xml
[0.670s] Invoked command in '/home/tuaydin/Desktop/ros2_ws/build/my_robot_bringup' returned '0': CMAKE_PREFIX_PATH=/home/tuaydin/Desktop/ros2_ws/install/my_cpp_pkg:/home/tuaydin/Desktop/ros2_ws/install/my_robot_bringup:/opt/ros/jazzy/opt/gz_math_vendor:/opt/ros/jazzy/opt/gz_utils_vendor:/opt/ros/jazzy/opt/gz_cmake_vendor:/home/tuaydin/Desktop/ros2_ws/install/my_py_pkg:/opt/ros/jazzy DEBUGINFOD_URLS=https://debuginfod.ubuntu.com /usr/bin/cmake --install /home/tuaydin/Desktop/ros2_ws/build/my_robot_bringup
