[0.252s] DEBUG:colcon:Command line arguments: ['/usr/bin/colcon', 'build']
[0.252s] DEBUG:colcon:Parsed command line arguments: Namespace(log_base=None, log_level=None, verb_name='build', build_base='build', install_base='install', merge_install=False, symlink_install=False, test_result_base=None, continue_on_error=False, executor='parallel', parallel_workers=16, event_handlers=None, ignore_user_meta=False, metas=['./colcon.meta'], base_paths=['.'], packages_ignore=None, packages_ignore_regex=None, paths=None, packages_up_to=None, packages_up_to_regex=None, packages_above=None, packages_above_and_dependencies=None, packages_above_depth=None, packages_select_by_dep=None, packages_skip_by_dep=None, packages_skip_up_to=None, packages_select_build_failed=False, packages_skip_build_finished=False, packages_select_test_failures=False, packages_skip_test_passed=False, packages_select=None, packages_skip=None, packages_select_regex=None, packages_skip_regex=None, packages_start=None, packages_end=None, allow_overriding=[], cmake_args=None, cmake_target=None, cmake_target_skip_unavailable=False, cmake_clean_cache=False, cmake_clean_first=False, cmake_force_configure=False, ament_cmake_args=None, catkin_cmake_args=None, catkin_skip_building_tests=False, mixin_files=None, mixin=None, verb_parser=<colcon_mixin.mixin.mixin_argument.MixinArgumentDecorator object at 0x7d2421463200>, verb_extension=<colcon_core.verb.build.BuildVerb object at 0x7d2421462f60>, main=<bound method BuildVerb.main of <colcon_core.verb.build.BuildVerb object at 0x7d2421462f60>>, mixin_verb=('build',))
[0.347s] Level 1:colcon.colcon_core.package_discovery:discover_packages(colcon_meta) check parameters
[0.347s] Level 1:colcon.colcon_core.package_discovery:discover_packages(recursive) check parameters
[0.347s] Level 1:colcon.colcon_core.package_discovery:discover_packages(ignore) check parameters
[0.347s] Level 1:colcon.colcon_core.package_discovery:discover_packages(path) check parameters
[0.347s] Level 1:colcon.colcon_core.package_discovery:discover_packages(colcon_meta) discover
[0.347s] Level 1:colcon.colcon_core.package_discovery:discover_packages(recursive) discover
[0.347s] INFO:colcon.colcon_core.package_discovery:Crawling recursively for packages in '/home/tuaydin/Desktop/ros2_ws'
[0.348s] Level 1:colcon.colcon_core.package_identification:_identify(.) by extensions ['ignore', 'ignore_ament_install']
[0.348s] Level 1:colcon.colcon_core.package_identification:_identify(.) by extension 'ignore'
[0.348s] Level 1:colcon.colcon_core.package_identification:_identify(.) by extension 'ignore_ament_install'
[0.348s] Level 1:colcon.colcon_core.package_identification:_identify(.) by extensions ['colcon_pkg']
[0.348s] Level 1:colcon.colcon_core.package_identification:_identify(.) by extension 'colcon_pkg'
[0.348s] Level 1:colcon.colcon_core.package_identification:_identify(.) by extensions ['colcon_meta']
[0.348s] Level 1:colcon.colcon_core.package_identification:_identify(.) by extension 'colcon_meta'
[0.349s] Level 1:colcon.colcon_core.package_identification:_identify(.) by extensions ['ros']
[0.349s] Level 1:colcon.colcon_core.package_identification:_identify(.) by extension 'ros'
[0.408s] Level 1:colcon.colcon_core.package_identification:_identify(.) by extensions ['cmake', 'python']
[0.409s] Level 1:colcon.colcon_core.package_identification:_identify(.) by extension 'cmake'
[0.409s] Level 1:colcon.colcon_core.package_identification:_identify(.) by extension 'python'
[0.409s] Level 1:colcon.colcon_core.package_identification:_identify(.) by extensions ['python_setup_py']
[0.409s] Level 1:colcon.colcon_core.package_identification:_identify(.) by extension 'python_setup_py'
[0.409s] Level 1:colcon.colcon_core.package_identification:_identify(build) by extensions ['ignore', 'ignore_ament_install']
[0.410s] Level 1:colcon.colcon_core.package_identification:_identify(build) by extension 'ignore'
[0.410s] Level 1:colcon.colcon_core.package_identification:_identify(build) ignored
[0.410s] Level 1:colcon.colcon_core.package_identification:_identify(install) by extensions ['ignore', 'ignore_ament_install']
[0.410s] Level 1:colcon.colcon_core.package_identification:_identify(install) by extension 'ignore'
[0.410s] Level 1:colcon.colcon_core.package_identification:_identify(install) ignored
[0.411s] Level 1:colcon.colcon_core.package_identification:_identify(log) by extensions ['ignore', 'ignore_ament_install']
[0.411s] Level 1:colcon.colcon_core.package_identification:_identify(log) by extension 'ignore'
[0.411s] Level 1:colcon.colcon_core.package_identification:_identify(log) ignored
[0.411s] Level 1:colcon.colcon_core.package_identification:_identify(src) by extensions ['ignore', 'ignore_ament_install']
[0.411s] Level 1:colcon.colcon_core.package_identification:_identify(src) by extension 'ignore'
[0.412s] Level 1:colcon.colcon_core.package_identification:_identify(src) by extension 'ignore_ament_install'
[0.412s] Level 1:colcon.colcon_core.package_identification:_identify(src) by extensions ['colcon_pkg']
[0.412s] Level 1:colcon.colcon_core.package_identification:_identify(src) by extension 'colcon_pkg'
[0.412s] Level 1:colcon.colcon_core.package_identification:_identify(src) by extensions ['colcon_meta']
[0.412s] Level 1:colcon.colcon_core.package_identification:_identify(src) by extension 'colcon_meta'
[0.412s] Level 1:colcon.colcon_core.package_identification:_identify(src) by extensions ['ros']
[0.412s] Level 1:colcon.colcon_core.package_identification:_identify(src) by extension 'ros'
[0.412s] Level 1:colcon.colcon_core.package_identification:_identify(src) by extensions ['cmake', 'python']
[0.412s] Level 1:colcon.colcon_core.package_identification:_identify(src) by extension 'cmake'
[0.413s] Level 1:colcon.colcon_core.package_identification:_identify(src) by extension 'python'
[0.413s] Level 1:colcon.colcon_core.package_identification:_identify(src) by extensions ['python_setup_py']
[0.413s] Level 1:colcon.colcon_core.package_identification:_identify(src) by extension 'python_setup_py'
[0.413s] Level 1:colcon.colcon_core.package_identification:_identify(src/build) by extensions ['ignore', 'ignore_ament_install']
[0.413s] Level 1:colcon.colcon_core.package_identification:_identify(src/build) by extension 'ignore'
[0.413s] Level 1:colcon.colcon_core.package_identification:_identify(src/build) ignored
[0.413s] Level 1:colcon.colcon_core.package_identification:_identify(src/install) by extensions ['ignore', 'ignore_ament_install']
[0.414s] Level 1:colcon.colcon_core.package_identification:_identify(src/install) by extension 'ignore'
[0.414s] Level 1:colcon.colcon_core.package_identification:_identify(src/install) ignored
[0.414s] Level 1:colcon.colcon_core.package_identification:_identify(src/log) by extensions ['ignore', 'ignore_ament_install']
[0.414s] Level 1:colcon.colcon_core.package_identification:_identify(src/log) by extension 'ignore'
[0.414s] Level 1:colcon.colcon_core.package_identification:_identify(src/log) ignored
[0.414s] Level 1:colcon.colcon_core.package_identification:_identify(src/my_cpp_pkg) by extensions ['ignore', 'ignore_ament_install']
[0.415s] Level 1:colcon.colcon_core.package_identification:_identify(src/my_cpp_pkg) by extension 'ignore'
[0.415s] Level 1:colcon.colcon_core.package_identification:_identify(src/my_cpp_pkg) by extension 'ignore_ament_install'
[0.415s] Level 1:colcon.colcon_core.package_identification:_identify(src/my_cpp_pkg) by extensions ['colcon_pkg']
[0.415s] Level 1:colcon.colcon_core.package_identification:_identify(src/my_cpp_pkg) by extension 'colcon_pkg'
[0.415s] Level 1:colcon.colcon_core.package_identification:_identify(src/my_cpp_pkg) by extensions ['colcon_meta']
[0.415s] Level 1:colcon.colcon_core.package_identification:_identify(src/my_cpp_pkg) by extension 'colcon_meta'
[0.415s] Level 1:colcon.colcon_core.package_identification:_identify(src/my_cpp_pkg) by extensions ['ros']
[0.415s] Level 1:colcon.colcon_core.package_identification:_identify(src/my_cpp_pkg) by extension 'ros'
[0.421s] DEBUG:colcon.colcon_core.package_identification:Package 'src/my_cpp_pkg' with type 'ros.ament_cmake' and name 'my_cpp_pkg'
[0.421s] Level 1:colcon.colcon_core.package_identification:_identify(src/my_py_pkg) by extensions ['ignore', 'ignore_ament_install']
[0.421s] Level 1:colcon.colcon_core.package_identification:_identify(src/my_py_pkg) by extension 'ignore'
[0.422s] Level 1:colcon.colcon_core.package_identification:_identify(src/my_py_pkg) by extension 'ignore_ament_install'
[0.422s] Level 1:colcon.colcon_core.package_identification:_identify(src/my_py_pkg) by extensions ['colcon_pkg']
[0.422s] Level 1:colcon.colcon_core.package_identification:_identify(src/my_py_pkg) by extension 'colcon_pkg'
[0.422s] Level 1:colcon.colcon_core.package_identification:_identify(src/my_py_pkg) by extensions ['colcon_meta']
[0.422s] Level 1:colcon.colcon_core.package_identification:_identify(src/my_py_pkg) by extension 'colcon_meta'
[0.422s] Level 1:colcon.colcon_core.package_identification:_identify(src/my_py_pkg) by extensions ['ros']
[0.422s] Level 1:colcon.colcon_core.package_identification:_identify(src/my_py_pkg) by extension 'ros'
[0.423s] DEBUG:colcon.colcon_core.package_identification:Package 'src/my_py_pkg' with type 'ros.ament_python' and name 'my_py_pkg'
[0.424s] Level 1:colcon.colcon_core.package_identification:_identify(src/my_robot_bringup) by extensions ['ignore', 'ignore_ament_install']
[0.424s] Level 1:colcon.colcon_core.package_identification:_identify(src/my_robot_bringup) by extension 'ignore'
[0.424s] Level 1:colcon.colcon_core.package_identification:_identify(src/my_robot_bringup) by extension 'ignore_ament_install'
[0.424s] Level 1:colcon.colcon_core.package_identification:_identify(src/my_robot_bringup) by extensions ['colcon_pkg']
[0.424s] Level 1:colcon.colcon_core.package_identification:_identify(src/my_robot_bringup) by extension 'colcon_pkg'
[0.424s] Level 1:colcon.colcon_core.package_identification:_identify(src/my_robot_bringup) by extensions ['colcon_meta']
[0.424s] Level 1:colcon.colcon_core.package_identification:_identify(src/my_robot_bringup) by extension 'colcon_meta'
[0.425s] Level 1:colcon.colcon_core.package_identification:_identify(src/my_robot_bringup) by extensions ['ros']
[0.425s] Level 1:colcon.colcon_core.package_identification:_identify(src/my_robot_bringup) by extension 'ros'
[0.425s] DEBUG:colcon.colcon_core.package_identification:Package 'src/my_robot_bringup' with type 'ros.ament_cmake' and name 'my_robot_bringup'
[0.426s] Level 1:colcon.colcon_core.package_identification:_identify(src/my_robot_interfaces) by extensions ['ignore', 'ignore_ament_install']
[0.426s] Level 1:colcon.colcon_core.package_identification:_identify(src/my_robot_interfaces) by extension 'ignore'
[0.426s] Level 1:colcon.colcon_core.package_identification:_identify(src/my_robot_interfaces) by extension 'ignore_ament_install'
[0.426s] Level 1:colcon.colcon_core.package_identification:_identify(src/my_robot_interfaces) by extensions ['colcon_pkg']
[0.426s] Level 1:colcon.colcon_core.package_identification:_identify(src/my_robot_interfaces) by extension 'colcon_pkg'
[0.426s] Level 1:colcon.colcon_core.package_identification:_identify(src/my_robot_interfaces) by extensions ['colcon_meta']
[0.426s] Level 1:colcon.colcon_core.package_identification:_identify(src/my_robot_interfaces) by extension 'colcon_meta'
[0.426s] Level 1:colcon.colcon_core.package_identification:_identify(src/my_robot_interfaces) by extensions ['ros']
[0.427s] Level 1:colcon.colcon_core.package_identification:_identify(src/my_robot_interfaces) by extension 'ros'
[0.427s] DEBUG:colcon.colcon_core.package_identification:Package 'src/my_robot_interfaces' with type 'ros.ament_cmake' and name 'my_robot_interfaces'
[0.427s] Level 1:colcon.colcon_core.package_discovery:discover_packages(recursive) using defaults
[0.428s] Level 1:colcon.colcon_core.package_discovery:discover_packages(ignore) discover
[0.428s] Level 1:colcon.colcon_core.package_discovery:discover_packages(ignore) using defaults
[0.428s] Level 1:colcon.colcon_core.package_discovery:discover_packages(path) discover
[0.428s] Level 1:colcon.colcon_core.package_discovery:discover_packages(path) using defaults
[0.468s] Level 1:colcon.colcon_core.package_discovery:discover_packages(prefix_path) check parameters
[0.468s] Level 1:colcon.colcon_core.package_discovery:discover_packages(prefix_path) discover
[0.472s] DEBUG:colcon.colcon_installed_package_information.package_discovery:Found 4 installed packages in /home/tuaydin/Desktop/ros2_ws/install
[0.474s] DEBUG:colcon.colcon_installed_package_information.package_discovery:Found 2 installed packages in /home/tuaydin/Desktop/ros2_ws/src/install
[0.478s] DEBUG:colcon.colcon_installed_package_information.package_discovery:Found 284 installed packages in /opt/ros/jazzy
[0.481s] Level 1:colcon.colcon_core.package_discovery:discover_packages(prefix_path) using defaults
[0.578s] Level 5:colcon.colcon_core.verb:set package 'my_robot_interfaces' build argument 'cmake_args' from command line to 'None'
[0.578s] Level 5:colcon.colcon_core.verb:set package 'my_robot_interfaces' build argument 'cmake_target' from command line to 'None'
[0.578s] Level 5:colcon.colcon_core.verb:set package 'my_robot_interfaces' build argument 'cmake_target_skip_unavailable' from command line to 'False'
[0.578s] Level 5:colcon.colcon_core.verb:set package 'my_robot_interfaces' build argument 'cmake_clean_cache' from command line to 'False'
[0.579s] Level 5:colcon.colcon_core.verb:set package 'my_robot_interfaces' build argument 'cmake_clean_first' from command line to 'False'
[0.579s] Level 5:colcon.colcon_core.verb:set package 'my_robot_interfaces' build argument 'cmake_force_configure' from command line to 'False'
[0.579s] Level 5:colcon.colcon_core.verb:set package 'my_robot_interfaces' build argument 'ament_cmake_args' from command line to 'None'
[0.579s] Level 5:colcon.colcon_core.verb:set package 'my_robot_interfaces' build argument 'catkin_cmake_args' from command line to 'None'
[0.579s] Level 5:colcon.colcon_core.verb:set package 'my_robot_interfaces' build argument 'catkin_skip_building_tests' from command line to 'False'
[0.579s] DEBUG:colcon.colcon_core.verb:Building package 'my_robot_interfaces' with the following arguments: {'ament_cmake_args': None, 'build_base': '/home/tuaydin/Desktop/ros2_ws/build/my_robot_interfaces', 'catkin_cmake_args': None, 'catkin_skip_building_tests': False, 'cmake_args': None, 'cmake_clean_cache': False, 'cmake_clean_first': False, 'cmake_force_configure': False, 'cmake_target': None, 'cmake_target_skip_unavailable': False, 'install_base': '/home/tuaydin/Desktop/ros2_ws/install/my_robot_interfaces', 'merge_install': False, 'path': '/home/tuaydin/Desktop/ros2_ws/src/my_robot_interfaces', 'symlink_install': False, 'test_result_base': None}
[0.579s] Level 5:colcon.colcon_core.verb:set package 'my_cpp_pkg' build argument 'cmake_args' from command line to 'None'
[0.580s] Level 5:colcon.colcon_core.verb:set package 'my_cpp_pkg' build argument 'cmake_target' from command line to 'None'
[0.580s] Level 5:colcon.colcon_core.verb:set package 'my_cpp_pkg' build argument 'cmake_target_skip_unavailable' from command line to 'False'
[0.580s] Level 5:colcon.colcon_core.verb:set package 'my_cpp_pkg' build argument 'cmake_clean_cache' from command line to 'False'
[0.580s] Level 5:colcon.colcon_core.verb:set package 'my_cpp_pkg' build argument 'cmake_clean_first' from command line to 'False'
[0.580s] Level 5:colcon.colcon_core.verb:set package 'my_cpp_pkg' build argument 'cmake_force_configure' from command line to 'False'
[0.580s] Level 5:colcon.colcon_core.verb:set package 'my_cpp_pkg' build argument 'ament_cmake_args' from command line to 'None'
[0.580s] Level 5:colcon.colcon_core.verb:set package 'my_cpp_pkg' build argument 'catkin_cmake_args' from command line to 'None'
[0.580s] Level 5:colcon.colcon_core.verb:set package 'my_cpp_pkg' build argument 'catkin_skip_building_tests' from command line to 'False'
[0.580s] DEBUG:colcon.colcon_core.verb:Building package 'my_cpp_pkg' with the following arguments: {'ament_cmake_args': None, 'build_base': '/home/tuaydin/Desktop/ros2_ws/build/my_cpp_pkg', 'catkin_cmake_args': None, 'catkin_skip_building_tests': False, 'cmake_args': None, 'cmake_clean_cache': False, 'cmake_clean_first': False, 'cmake_force_configure': False, 'cmake_target': None, 'cmake_target_skip_unavailable': False, 'install_base': '/home/tuaydin/Desktop/ros2_ws/install/my_cpp_pkg', 'merge_install': False, 'path': '/home/tuaydin/Desktop/ros2_ws/src/my_cpp_pkg', 'symlink_install': False, 'test_result_base': None}
[0.581s] Level 5:colcon.colcon_core.verb:set package 'my_py_pkg' build argument 'cmake_args' from command line to 'None'
[0.581s] Level 5:colcon.colcon_core.verb:set package 'my_py_pkg' build argument 'cmake_target' from command line to 'None'
[0.581s] Level 5:colcon.colcon_core.verb:set package 'my_py_pkg' build argument 'cmake_target_skip_unavailable' from command line to 'False'
[0.581s] Level 5:colcon.colcon_core.verb:set package 'my_py_pkg' build argument 'cmake_clean_cache' from command line to 'False'
[0.581s] Level 5:colcon.colcon_core.verb:set package 'my_py_pkg' build argument 'cmake_clean_first' from command line to 'False'
[0.581s] Level 5:colcon.colcon_core.verb:set package 'my_py_pkg' build argument 'cmake_force_configure' from command line to 'False'
[0.581s] Level 5:colcon.colcon_core.verb:set package 'my_py_pkg' build argument 'ament_cmake_args' from command line to 'None'
[0.581s] Level 5:colcon.colcon_core.verb:set package 'my_py_pkg' build argument 'catkin_cmake_args' from command line to 'None'
[0.581s] Level 5:colcon.colcon_core.verb:set package 'my_py_pkg' build argument 'catkin_skip_building_tests' from command line to 'False'
[0.581s] DEBUG:colcon.colcon_core.verb:Building package 'my_py_pkg' with the following arguments: {'ament_cmake_args': None, 'build_base': '/home/tuaydin/Desktop/ros2_ws/build/my_py_pkg', 'catkin_cmake_args': None, 'catkin_skip_building_tests': False, 'cmake_args': None, 'cmake_clean_cache': False, 'cmake_clean_first': False, 'cmake_force_configure': False, 'cmake_target': None, 'cmake_target_skip_unavailable': False, 'install_base': '/home/tuaydin/Desktop/ros2_ws/install/my_py_pkg', 'merge_install': False, 'path': '/home/tuaydin/Desktop/ros2_ws/src/my_py_pkg', 'symlink_install': False, 'test_result_base': None}
[0.582s] Level 5:colcon.colcon_core.verb:set package 'my_robot_bringup' build argument 'cmake_args' from command line to 'None'
[0.582s] Level 5:colcon.colcon_core.verb:set package 'my_robot_bringup' build argument 'cmake_target' from command line to 'None'
[0.582s] Level 5:colcon.colcon_core.verb:set package 'my_robot_bringup' build argument 'cmake_target_skip_unavailable' from command line to 'False'
[0.582s] Level 5:colcon.colcon_core.verb:set package 'my_robot_bringup' build argument 'cmake_clean_cache' from command line to 'False'
[0.582s] Level 5:colcon.colcon_core.verb:set package 'my_robot_bringup' build argument 'cmake_clean_first' from command line to 'False'
[0.582s] Level 5:colcon.colcon_core.verb:set package 'my_robot_bringup' build argument 'cmake_force_configure' from command line to 'False'
[0.582s] Level 5:colcon.colcon_core.verb:set package 'my_robot_bringup' build argument 'ament_cmake_args' from command line to 'None'
[0.582s] Level 5:colcon.colcon_core.verb:set package 'my_robot_bringup' build argument 'catkin_cmake_args' from command line to 'None'
[0.582s] Level 5:colcon.colcon_core.verb:set package 'my_robot_bringup' build argument 'catkin_skip_building_tests' from command line to 'False'
[0.582s] DEBUG:colcon.colcon_core.verb:Building package 'my_robot_bringup' with the following arguments: {'ament_cmake_args': None, 'build_base': '/home/tuaydin/Desktop/ros2_ws/build/my_robot_bringup', 'catkin_cmake_args': None, 'catkin_skip_building_tests': False, 'cmake_args': None, 'cmake_clean_cache': False, 'cmake_clean_first': False, 'cmake_force_configure': False, 'cmake_target': None, 'cmake_target_skip_unavailable': False, 'install_base': '/home/tuaydin/Desktop/ros2_ws/install/my_robot_bringup', 'merge_install': False, 'path': '/home/tuaydin/Desktop/ros2_ws/src/my_robot_bringup', 'symlink_install': False, 'test_result_base': None}
[0.582s] INFO:colcon.colcon_core.executor:Executing jobs using 'parallel' executor
[0.584s] DEBUG:colcon.colcon_parallel_executor.executor.parallel:run_until_complete
[0.585s] INFO:colcon.colcon_ros.task.ament_cmake.build:Building ROS package in '/home/tuaydin/Desktop/ros2_ws/src/my_robot_interfaces' with build type 'ament_cmake'
[0.585s] INFO:colcon.colcon_cmake.task.cmake.build:Building CMake package in '/home/tuaydin/Desktop/ros2_ws/src/my_robot_interfaces'
[0.590s] INFO:colcon.colcon_core.plugin_system:Skipping extension 'colcon_core.shell.bat': Not used on non-Windows systems
[0.590s] INFO:colcon.colcon_core.shell:Skip shell extension 'powershell' for command environment: Not usable outside of PowerShell
[0.590s] DEBUG:colcon.colcon_core.shell:Skip shell extension 'dsv' for command environment
[0.610s] DEBUG:colcon.colcon_core.event_handler.log_command:Invoking command in '/home/tuaydin/Desktop/ros2_ws/build/my_robot_interfaces': CMAKE_PREFIX_PATH=${CMAKE_PREFIX_PATH}:/home/tuaydin/Desktop/ros2_ws/install/my_py_pkg:/home/tuaydin/Desktop/ros2_ws/src/install/my_py_pkg:/opt/ros/jazzy /usr/bin/cmake --build /home/tuaydin/Desktop/ros2_ws/build/my_robot_interfaces -- -j16 -l16
[1.553s] DEBUG:colcon.colcon_core.event_handler.log_command:Invoked command in '/home/tuaydin/Desktop/ros2_ws/build/my_robot_interfaces' returned '0': CMAKE_PREFIX_PATH=${CMAKE_PREFIX_PATH}:/home/tuaydin/Desktop/ros2_ws/install/my_py_pkg:/home/tuaydin/Desktop/ros2_ws/src/install/my_py_pkg:/opt/ros/jazzy /usr/bin/cmake --build /home/tuaydin/Desktop/ros2_ws/build/my_robot_interfaces -- -j16 -l16
[1.576s] DEBUG:colcon.colcon_core.event_handler.log_command:Invoking command in '/home/tuaydin/Desktop/ros2_ws/build/my_robot_interfaces': CMAKE_PREFIX_PATH=${CMAKE_PREFIX_PATH}:/home/tuaydin/Desktop/ros2_ws/install/my_py_pkg:/home/tuaydin/Desktop/ros2_ws/src/install/my_py_pkg:/opt/ros/jazzy /usr/bin/cmake --install /home/tuaydin/Desktop/ros2_ws/build/my_robot_interfaces
[1.740s] Level 1:colcon.colcon_core.environment:create_environment_scripts_only(my_robot_interfaces)
[1.741s] DEBUG:colcon.colcon_core.event_handler.log_command:Invoked command in '/home/tuaydin/Desktop/ros2_ws/build/my_robot_interfaces' returned '0': CMAKE_PREFIX_PATH=${CMAKE_PREFIX_PATH}:/home/tuaydin/Desktop/ros2_ws/install/my_py_pkg:/home/tuaydin/Desktop/ros2_ws/src/install/my_py_pkg:/opt/ros/jazzy /usr/bin/cmake --install /home/tuaydin/Desktop/ros2_ws/build/my_robot_interfaces
[1.746s] Level 1:colcon.colcon_core.environment:checking '/home/tuaydin/Desktop/ros2_ws/install/my_robot_interfaces' for CMake module files
[1.747s] Level 1:colcon.colcon_core.environment:checking '/home/tuaydin/Desktop/ros2_ws/install/my_robot_interfaces' for CMake config files
[1.749s] Level 1:colcon.colcon_core.shell:create_environment_hook('my_robot_interfaces', 'cmake_prefix_path')
[1.749s] INFO:colcon.colcon_core.shell:Creating environment hook '/home/tuaydin/Desktop/ros2_ws/install/my_robot_interfaces/share/my_robot_interfaces/hook/cmake_prefix_path.ps1'
[1.750s] INFO:colcon.colcon_core.shell:Creating environment descriptor '/home/tuaydin/Desktop/ros2_ws/install/my_robot_interfaces/share/my_robot_interfaces/hook/cmake_prefix_path.dsv'
[1.751s] INFO:colcon.colcon_core.shell:Creating environment hook '/home/tuaydin/Desktop/ros2_ws/install/my_robot_interfaces/share/my_robot_interfaces/hook/cmake_prefix_path.sh'
[1.753s] Level 1:colcon.colcon_core.environment:checking '/home/tuaydin/Desktop/ros2_ws/install/my_robot_interfaces/lib'
[1.754s] Level 1:colcon.colcon_core.shell:create_environment_hook('my_robot_interfaces', 'ld_library_path_lib')
[1.754s] INFO:colcon.colcon_core.shell:Creating environment hook '/home/tuaydin/Desktop/ros2_ws/install/my_robot_interfaces/share/my_robot_interfaces/hook/ld_library_path_lib.ps1'
[1.755s] INFO:colcon.colcon_core.shell:Creating environment descriptor '/home/tuaydin/Desktop/ros2_ws/install/my_robot_interfaces/share/my_robot_interfaces/hook/ld_library_path_lib.dsv'
[1.756s] INFO:colcon.colcon_core.shell:Creating environment hook '/home/tuaydin/Desktop/ros2_ws/install/my_robot_interfaces/share/my_robot_interfaces/hook/ld_library_path_lib.sh'
[1.757s] Level 1:colcon.colcon_core.environment:checking '/home/tuaydin/Desktop/ros2_ws/install/my_robot_interfaces/bin'
[1.757s] Level 1:colcon.colcon_core.environment:checking '/home/tuaydin/Desktop/ros2_ws/install/my_robot_interfaces/lib/pkgconfig/my_robot_interfaces.pc'
[1.757s] Level 1:colcon.colcon_core.environment:checking '/home/tuaydin/Desktop/ros2_ws/install/my_robot_interfaces/lib/python3.12/site-packages'
[1.758s] Level 1:colcon.colcon_core.shell:create_environment_hook('my_robot_interfaces', 'pythonpath')
[1.758s] INFO:colcon.colcon_core.shell:Creating environment hook '/home/tuaydin/Desktop/ros2_ws/install/my_robot_interfaces/share/my_robot_interfaces/hook/pythonpath.ps1'
[1.759s] INFO:colcon.colcon_core.shell:Creating environment descriptor '/home/tuaydin/Desktop/ros2_ws/install/my_robot_interfaces/share/my_robot_interfaces/hook/pythonpath.dsv'
[1.760s] INFO:colcon.colcon_core.shell:Creating environment hook '/home/tuaydin/Desktop/ros2_ws/install/my_robot_interfaces/share/my_robot_interfaces/hook/pythonpath.sh'
[1.761s] Level 1:colcon.colcon_core.environment:checking '/home/tuaydin/Desktop/ros2_ws/install/my_robot_interfaces/bin'
[1.762s] INFO:colcon.colcon_core.shell:Creating package script '/home/tuaydin/Desktop/ros2_ws/install/my_robot_interfaces/share/my_robot_interfaces/package.ps1'
[1.763s] INFO:colcon.colcon_core.shell:Creating package descriptor '/home/tuaydin/Desktop/ros2_ws/install/my_robot_interfaces/share/my_robot_interfaces/package.dsv'
[1.765s] INFO:colcon.colcon_core.shell:Creating package script '/home/tuaydin/Desktop/ros2_ws/install/my_robot_interfaces/share/my_robot_interfaces/package.sh'
[1.766s] INFO:colcon.colcon_core.shell:Creating package script '/home/tuaydin/Desktop/ros2_ws/install/my_robot_interfaces/share/my_robot_interfaces/package.bash'
[1.768s] INFO:colcon.colcon_core.shell:Creating package script '/home/tuaydin/Desktop/ros2_ws/install/my_robot_interfaces/share/my_robot_interfaces/package.zsh'
[1.769s] Level 1:colcon.colcon_core.environment:create_file_with_runtime_dependencies(/home/tuaydin/Desktop/ros2_ws/install/my_robot_interfaces/share/colcon-core/packages/my_robot_interfaces)
[1.770s] Level 1:colcon.colcon_core.environment:create_environment_scripts_only(my_robot_interfaces)
[1.771s] Level 1:colcon.colcon_core.environment:checking '/home/tuaydin/Desktop/ros2_ws/install/my_robot_interfaces' for CMake module files
[1.772s] Level 1:colcon.colcon_core.environment:checking '/home/tuaydin/Desktop/ros2_ws/install/my_robot_interfaces' for CMake config files
[1.773s] Level 1:colcon.colcon_core.shell:create_environment_hook('my_robot_interfaces', 'cmake_prefix_path')
[1.774s] INFO:colcon.colcon_core.shell:Creating environment hook '/home/tuaydin/Desktop/ros2_ws/install/my_robot_interfaces/share/my_robot_interfaces/hook/cmake_prefix_path.ps1'
[1.775s] INFO:colcon.colcon_core.shell:Creating environment descriptor '/home/tuaydin/Desktop/ros2_ws/install/my_robot_interfaces/share/my_robot_interfaces/hook/cmake_prefix_path.dsv'
[1.776s] INFO:colcon.colcon_core.shell:Creating environment hook '/home/tuaydin/Desktop/ros2_ws/install/my_robot_interfaces/share/my_robot_interfaces/hook/cmake_prefix_path.sh'
[1.777s] Level 1:colcon.colcon_core.environment:checking '/home/tuaydin/Desktop/ros2_ws/install/my_robot_interfaces/lib'
[1.777s] Level 1:colcon.colcon_core.shell:create_environment_hook('my_robot_interfaces', 'ld_library_path_lib')
[1.777s] INFO:colcon.colcon_core.shell:Creating environment hook '/home/tuaydin/Desktop/ros2_ws/install/my_robot_interfaces/share/my_robot_interfaces/hook/ld_library_path_lib.ps1'
[1.778s] INFO:colcon.colcon_core.shell:Creating environment descriptor '/home/tuaydin/Desktop/ros2_ws/install/my_robot_interfaces/share/my_robot_interfaces/hook/ld_library_path_lib.dsv'
[1.780s] INFO:colcon.colcon_core.shell:Creating environment hook '/home/tuaydin/Desktop/ros2_ws/install/my_robot_interfaces/share/my_robot_interfaces/hook/ld_library_path_lib.sh'
[1.781s] Level 1:colcon.colcon_core.environment:checking '/home/tuaydin/Desktop/ros2_ws/install/my_robot_interfaces/bin'
[1.781s] Level 1:colcon.colcon_core.environment:checking '/home/tuaydin/Desktop/ros2_ws/install/my_robot_interfaces/lib/pkgconfig/my_robot_interfaces.pc'
[1.782s] Level 1:colcon.colcon_core.environment:checking '/home/tuaydin/Desktop/ros2_ws/install/my_robot_interfaces/lib/python3.12/site-packages'
[1.782s] Level 1:colcon.colcon_core.shell:create_environment_hook('my_robot_interfaces', 'pythonpath')
[1.782s] INFO:colcon.colcon_core.shell:Creating environment hook '/home/tuaydin/Desktop/ros2_ws/install/my_robot_interfaces/share/my_robot_interfaces/hook/pythonpath.ps1'
[1.783s] INFO:colcon.colcon_core.shell:Creating environment descriptor '/home/tuaydin/Desktop/ros2_ws/install/my_robot_interfaces/share/my_robot_interfaces/hook/pythonpath.dsv'
[1.784s] INFO:colcon.colcon_core.shell:Creating environment hook '/home/tuaydin/Desktop/ros2_ws/install/my_robot_interfaces/share/my_robot_interfaces/hook/pythonpath.sh'
[1.785s] Level 1:colcon.colcon_core.environment:checking '/home/tuaydin/Desktop/ros2_ws/install/my_robot_interfaces/bin'
[1.786s] INFO:colcon.colcon_core.shell:Creating package script '/home/tuaydin/Desktop/ros2_ws/install/my_robot_interfaces/share/my_robot_interfaces/package.ps1'
[1.787s] INFO:colcon.colcon_core.shell:Creating package descriptor '/home/tuaydin/Desktop/ros2_ws/install/my_robot_interfaces/share/my_robot_interfaces/package.dsv'
[1.788s] INFO:colcon.colcon_core.shell:Creating package script '/home/tuaydin/Desktop/ros2_ws/install/my_robot_interfaces/share/my_robot_interfaces/package.sh'
[1.789s] INFO:colcon.colcon_core.shell:Creating package script '/home/tuaydin/Desktop/ros2_ws/install/my_robot_interfaces/share/my_robot_interfaces/package.bash'
[1.790s] INFO:colcon.colcon_core.shell:Creating package script '/home/tuaydin/Desktop/ros2_ws/install/my_robot_interfaces/share/my_robot_interfaces/package.zsh'
[1.791s] Level 1:colcon.colcon_core.environment:create_file_with_runtime_dependencies(/home/tuaydin/Desktop/ros2_ws/install/my_robot_interfaces/share/colcon-core/packages/my_robot_interfaces)
[1.792s] INFO:colcon.colcon_ros.task.ament_cmake.build:Building ROS package in '/home/tuaydin/Desktop/ros2_ws/src/my_cpp_pkg' with build type 'ament_cmake'
[1.793s] INFO:colcon.colcon_cmake.task.cmake.build:Building CMake package in '/home/tuaydin/Desktop/ros2_ws/src/my_cpp_pkg'
[1.793s] INFO:colcon.colcon_core.shell:Skip shell extension 'powershell' for command environment: Not usable outside of PowerShell
[1.793s] DEBUG:colcon.colcon_core.shell:Skip shell extension 'dsv' for command environment
[1.802s] INFO:colcon.colcon_ros.task.ament_python.build:Building ROS package in '/home/tuaydin/Desktop/ros2_ws/src/my_py_pkg' with build type 'ament_python'
[1.802s] Level 1:colcon.colcon_core.shell:create_environment_hook('my_py_pkg', 'ament_prefix_path')
[1.803s] INFO:colcon.colcon_core.shell:Creating environment hook '/home/tuaydin/Desktop/ros2_ws/install/my_py_pkg/share/my_py_pkg/hook/ament_prefix_path.ps1'
[1.804s] INFO:colcon.colcon_core.shell:Creating environment descriptor '/home/tuaydin/Desktop/ros2_ws/install/my_py_pkg/share/my_py_pkg/hook/ament_prefix_path.dsv'
[1.805s] INFO:colcon.colcon_core.shell:Creating environment hook '/home/tuaydin/Desktop/ros2_ws/install/my_py_pkg/share/my_py_pkg/hook/ament_prefix_path.sh'
[1.806s] INFO:colcon.colcon_core.shell:Skip shell extension 'powershell' for command environment: Not usable outside of PowerShell
[1.806s] DEBUG:colcon.colcon_core.shell:Skip shell extension 'dsv' for command environment
[1.819s] DEBUG:colcon.colcon_core.event_handler.log_command:Invoking command in '/home/tuaydin/Desktop/ros2_ws/build/my_cpp_pkg': CMAKE_PREFIX_PATH=/home/tuaydin/Desktop/ros2_ws/install/my_robot_interfaces:/home/tuaydin/Desktop/ros2_ws/install/my_robot_bringup:/home/tuaydin/Desktop/ros2_ws/install/my_cpp_pkg:/home/tuaydin/Desktop/ros2_ws/src/install/my_cpp_pkg:/opt/ros/jazzy/opt/gz_math_vendor:/opt/ros/jazzy/opt/gz_utils_vendor:/opt/ros/jazzy/opt/gz_cmake_vendor:/home/tuaydin/Desktop/ros2_ws/install/my_py_pkg:/home/tuaydin/Desktop/ros2_ws/src/install/my_py_pkg:/opt/ros/jazzy PYTHONPATH=/home/tuaydin/Desktop/ros2_ws/install/my_robot_interfaces/lib/python3.12/site-packages:/home/tuaydin/Desktop/ros2_ws/install/my_py_pkg/lib/python3.12/site-packages:/home/tuaydin/Desktop/ros2_ws/src/install/my_py_pkg/lib/python3.12/site-packages:/opt/ros/jazzy/lib/python3.12/site-packages /usr/bin/cmake --build /home/tuaydin/Desktop/ros2_ws/build/my_cpp_pkg -- -j16 -l16
[2.226s] INFO:colcon.colcon_core.task.python.build:Building Python package in '/home/tuaydin/Desktop/ros2_ws/src/my_py_pkg'
[2.226s] INFO:colcon.colcon_core.shell:Skip shell extension 'powershell' for command environment: Not usable outside of PowerShell
[2.227s] DEBUG:colcon.colcon_core.shell:Skip shell extension 'dsv' for command environment
[3.639s] DEBUG:colcon.colcon_core.event_handler.log_command:Invoking command in '/home/tuaydin/Desktop/ros2_ws/src/my_py_pkg': CMAKE_PREFIX_PATH=/home/tuaydin/Desktop/ros2_ws/install/my_robot_interfaces:/home/tuaydin/Desktop/ros2_ws/install/my_robot_bringup:/home/tuaydin/Desktop/ros2_ws/install/my_cpp_pkg:/home/tuaydin/Desktop/ros2_ws/src/install/my_cpp_pkg:/opt/ros/jazzy/opt/gz_math_vendor:/opt/ros/jazzy/opt/gz_utils_vendor:/opt/ros/jazzy/opt/gz_cmake_vendor PYTHONPATH=/home/tuaydin/Desktop/ros2_ws/build/my_py_pkg/prefix_override:/usr/lib/python3/dist-packages/colcon_core/task/python/colcon_distutils_commands:/home/tuaydin/Desktop/ros2_ws/install/my_py_pkg/lib/python3.12/site-packages:/home/tuaydin/Desktop/ros2_ws/install/my_robot_interfaces/lib/python3.12/site-packages:/home/tuaydin/Desktop/ros2_ws/install/my_py_pkg/lib/python3.12/site-packages:/home/tuaydin/Desktop/ros2_ws/src/install/my_py_pkg/lib/python3.12/site-packages:/opt/ros/jazzy/lib/python3.12/site-packages /usr/bin/python3 -W ignore:setup.py install is deprecated -W ignore:easy_install command is deprecated setup.py egg_info --egg-base ../../build/my_py_pkg build --build-base /home/tuaydin/Desktop/ros2_ws/build/my_py_pkg/build install --record /home/tuaydin/Desktop/ros2_ws/build/my_py_pkg/install.log --single-version-externally-managed install_data
[4.955s] Level 1:colcon.colcon_core.environment:checking '/home/tuaydin/Desktop/ros2_ws/install/my_py_pkg' for CMake module files
[4.956s] DEBUG:colcon.colcon_core.event_handler.log_command:Invoked command in '/home/tuaydin/Desktop/ros2_ws/src/my_py_pkg' returned '0': CMAKE_PREFIX_PATH=/home/tuaydin/Desktop/ros2_ws/install/my_robot_interfaces:/home/tuaydin/Desktop/ros2_ws/install/my_robot_bringup:/home/tuaydin/Desktop/ros2_ws/install/my_cpp_pkg:/home/tuaydin/Desktop/ros2_ws/src/install/my_cpp_pkg:/opt/ros/jazzy/opt/gz_math_vendor:/opt/ros/jazzy/opt/gz_utils_vendor:/opt/ros/jazzy/opt/gz_cmake_vendor PYTHONPATH=/home/tuaydin/Desktop/ros2_ws/build/my_py_pkg/prefix_override:/usr/lib/python3/dist-packages/colcon_core/task/python/colcon_distutils_commands:/home/tuaydin/Desktop/ros2_ws/install/my_py_pkg/lib/python3.12/site-packages:/home/tuaydin/Desktop/ros2_ws/install/my_robot_interfaces/lib/python3.12/site-packages:/home/tuaydin/Desktop/ros2_ws/install/my_py_pkg/lib/python3.12/site-packages:/home/tuaydin/Desktop/ros2_ws/src/install/my_py_pkg/lib/python3.12/site-packages:/opt/ros/jazzy/lib/python3.12/site-packages /usr/bin/python3 -W ignore:setup.py install is deprecated -W ignore:easy_install command is deprecated setup.py egg_info --egg-base ../../build/my_py_pkg build --build-base /home/tuaydin/Desktop/ros2_ws/build/my_py_pkg/build install --record /home/tuaydin/Desktop/ros2_ws/build/my_py_pkg/install.log --single-version-externally-managed install_data
[4.958s] Level 1:colcon.colcon_core.environment:checking '/home/tuaydin/Desktop/ros2_ws/install/my_py_pkg' for CMake config files
[4.960s] Level 1:colcon.colcon_core.environment:checking '/home/tuaydin/Desktop/ros2_ws/install/my_py_pkg/lib'
[4.960s] Level 1:colcon.colcon_core.environment:checking '/home/tuaydin/Desktop/ros2_ws/install/my_py_pkg/bin'
[4.960s] Level 1:colcon.colcon_core.environment:checking '/home/tuaydin/Desktop/ros2_ws/install/my_py_pkg/lib/pkgconfig/my_py_pkg.pc'
[4.961s] Level 1:colcon.colcon_core.environment:checking '/home/tuaydin/Desktop/ros2_ws/install/my_py_pkg/lib/python3.12/site-packages'
[4.961s] Level 1:colcon.colcon_core.shell:create_environment_hook('my_py_pkg', 'pythonpath')
[4.962s] INFO:colcon.colcon_core.shell:Creating environment hook '/home/tuaydin/Desktop/ros2_ws/install/my_py_pkg/share/my_py_pkg/hook/pythonpath.ps1'
[4.963s] INFO:colcon.colcon_core.shell:Creating environment descriptor '/home/tuaydin/Desktop/ros2_ws/install/my_py_pkg/share/my_py_pkg/hook/pythonpath.dsv'
[4.964s] INFO:colcon.colcon_core.shell:Creating environment hook '/home/tuaydin/Desktop/ros2_ws/install/my_py_pkg/share/my_py_pkg/hook/pythonpath.sh'
[4.966s] Level 1:colcon.colcon_core.environment:checking '/home/tuaydin/Desktop/ros2_ws/install/my_py_pkg/bin'
[4.966s] Level 1:colcon.colcon_core.environment:create_environment_scripts_only(my_py_pkg)
[4.966s] INFO:colcon.colcon_core.shell:Creating package script '/home/tuaydin/Desktop/ros2_ws/install/my_py_pkg/share/my_py_pkg/package.ps1'
[4.968s] INFO:colcon.colcon_core.shell:Creating package descriptor '/home/tuaydin/Desktop/ros2_ws/install/my_py_pkg/share/my_py_pkg/package.dsv'
[4.969s] INFO:colcon.colcon_core.shell:Creating package script '/home/tuaydin/Desktop/ros2_ws/install/my_py_pkg/share/my_py_pkg/package.sh'
[4.970s] INFO:colcon.colcon_core.shell:Creating package script '/home/tuaydin/Desktop/ros2_ws/install/my_py_pkg/share/my_py_pkg/package.bash'
[4.971s] INFO:colcon.colcon_core.shell:Creating package script '/home/tuaydin/Desktop/ros2_ws/install/my_py_pkg/share/my_py_pkg/package.zsh'
[4.971s] Level 1:colcon.colcon_core.environment:create_file_with_runtime_dependencies(/home/tuaydin/Desktop/ros2_ws/install/my_py_pkg/share/colcon-core/packages/my_py_pkg)
[14.444s] DEBUG:colcon.colcon_core.event_handler.log_command:Invoked command in '/home/tuaydin/Desktop/ros2_ws/build/my_cpp_pkg' returned '0': CMAKE_PREFIX_PATH=/home/tuaydin/Desktop/ros2_ws/install/my_robot_interfaces:/home/tuaydin/Desktop/ros2_ws/install/my_robot_bringup:/home/tuaydin/Desktop/ros2_ws/install/my_cpp_pkg:/home/tuaydin/Desktop/ros2_ws/src/install/my_cpp_pkg:/opt/ros/jazzy/opt/gz_math_vendor:/opt/ros/jazzy/opt/gz_utils_vendor:/opt/ros/jazzy/opt/gz_cmake_vendor:/home/tuaydin/Desktop/ros2_ws/install/my_py_pkg:/home/tuaydin/Desktop/ros2_ws/src/install/my_py_pkg:/opt/ros/jazzy PYTHONPATH=/home/tuaydin/Desktop/ros2_ws/install/my_robot_interfaces/lib/python3.12/site-packages:/home/tuaydin/Desktop/ros2_ws/install/my_py_pkg/lib/python3.12/site-packages:/home/tuaydin/Desktop/ros2_ws/src/install/my_py_pkg/lib/python3.12/site-packages:/opt/ros/jazzy/lib/python3.12/site-packages /usr/bin/cmake --build /home/tuaydin/Desktop/ros2_ws/build/my_cpp_pkg -- -j16 -l16
[14.445s] DEBUG:colcon.colcon_core.event_handler.log_command:Invoking command in '/home/tuaydin/Desktop/ros2_ws/build/my_cpp_pkg': CMAKE_PREFIX_PATH=/home/tuaydin/Desktop/ros2_ws/install/my_robot_interfaces:/home/tuaydin/Desktop/ros2_ws/install/my_robot_bringup:/home/tuaydin/Desktop/ros2_ws/install/my_cpp_pkg:/home/tuaydin/Desktop/ros2_ws/src/install/my_cpp_pkg:/opt/ros/jazzy/opt/gz_math_vendor:/opt/ros/jazzy/opt/gz_utils_vendor:/opt/ros/jazzy/opt/gz_cmake_vendor:/home/tuaydin/Desktop/ros2_ws/install/my_py_pkg:/home/tuaydin/Desktop/ros2_ws/src/install/my_py_pkg:/opt/ros/jazzy PYTHONPATH=/home/tuaydin/Desktop/ros2_ws/install/my_robot_interfaces/lib/python3.12/site-packages:/home/tuaydin/Desktop/ros2_ws/install/my_py_pkg/lib/python3.12/site-packages:/home/tuaydin/Desktop/ros2_ws/src/install/my_py_pkg/lib/python3.12/site-packages:/opt/ros/jazzy/lib/python3.12/site-packages /usr/bin/cmake --install /home/tuaydin/Desktop/ros2_ws/build/my_cpp_pkg
[14.474s] Level 1:colcon.colcon_core.environment:create_environment_scripts_only(my_cpp_pkg)
[14.474s] Level 1:colcon.colcon_core.environment:checking '/home/tuaydin/Desktop/ros2_ws/install/my_cpp_pkg' for CMake module files
[14.474s] DEBUG:colcon.colcon_core.event_handler.log_command:Invoked command in '/home/tuaydin/Desktop/ros2_ws/build/my_cpp_pkg' returned '0': CMAKE_PREFIX_PATH=/home/tuaydin/Desktop/ros2_ws/install/my_robot_interfaces:/home/tuaydin/Desktop/ros2_ws/install/my_robot_bringup:/home/tuaydin/Desktop/ros2_ws/install/my_cpp_pkg:/home/tuaydin/Desktop/ros2_ws/src/install/my_cpp_pkg:/opt/ros/jazzy/opt/gz_math_vendor:/opt/ros/jazzy/opt/gz_utils_vendor:/opt/ros/jazzy/opt/gz_cmake_vendor:/home/tuaydin/Desktop/ros2_ws/install/my_py_pkg:/home/tuaydin/Desktop/ros2_ws/src/install/my_py_pkg:/opt/ros/jazzy PYTHONPATH=/home/tuaydin/Desktop/ros2_ws/install/my_robot_interfaces/lib/python3.12/site-packages:/home/tuaydin/Desktop/ros2_ws/install/my_py_pkg/lib/python3.12/site-packages:/home/tuaydin/Desktop/ros2_ws/src/install/my_py_pkg/lib/python3.12/site-packages:/opt/ros/jazzy/lib/python3.12/site-packages /usr/bin/cmake --install /home/tuaydin/Desktop/ros2_ws/build/my_cpp_pkg
[14.475s] Level 1:colcon.colcon_core.environment:checking '/home/tuaydin/Desktop/ros2_ws/install/my_cpp_pkg' for CMake config files
[14.475s] Level 1:colcon.colcon_core.shell:create_environment_hook('my_cpp_pkg', 'cmake_prefix_path')
[14.475s] INFO:colcon.colcon_core.shell:Creating environment hook '/home/tuaydin/Desktop/ros2_ws/install/my_cpp_pkg/share/my_cpp_pkg/hook/cmake_prefix_path.ps1'
[14.475s] INFO:colcon.colcon_core.shell:Creating environment descriptor '/home/tuaydin/Desktop/ros2_ws/install/my_cpp_pkg/share/my_cpp_pkg/hook/cmake_prefix_path.dsv'
[14.476s] INFO:colcon.colcon_core.shell:Creating environment hook '/home/tuaydin/Desktop/ros2_ws/install/my_cpp_pkg/share/my_cpp_pkg/hook/cmake_prefix_path.sh'
[14.476s] Level 1:colcon.colcon_core.environment:checking '/home/tuaydin/Desktop/ros2_ws/install/my_cpp_pkg/lib'
[14.476s] Level 1:colcon.colcon_core.environment:checking '/home/tuaydin/Desktop/ros2_ws/install/my_cpp_pkg/bin'
[14.476s] Level 1:colcon.colcon_core.environment:checking '/home/tuaydin/Desktop/ros2_ws/install/my_cpp_pkg/lib/pkgconfig/my_cpp_pkg.pc'
[14.476s] Level 1:colcon.colcon_core.environment:checking '/home/tuaydin/Desktop/ros2_ws/install/my_cpp_pkg/lib/python3.12/site-packages'
[14.476s] Level 1:colcon.colcon_core.environment:checking '/home/tuaydin/Desktop/ros2_ws/install/my_cpp_pkg/bin'
[14.477s] INFO:colcon.colcon_core.shell:Creating package script '/home/tuaydin/Desktop/ros2_ws/install/my_cpp_pkg/share/my_cpp_pkg/package.ps1'
[14.477s] INFO:colcon.colcon_core.shell:Creating package descriptor '/home/tuaydin/Desktop/ros2_ws/install/my_cpp_pkg/share/my_cpp_pkg/package.dsv'
[14.477s] INFO:colcon.colcon_core.shell:Creating package script '/home/tuaydin/Desktop/ros2_ws/install/my_cpp_pkg/share/my_cpp_pkg/package.sh'
[14.478s] INFO:colcon.colcon_core.shell:Creating package script '/home/tuaydin/Desktop/ros2_ws/install/my_cpp_pkg/share/my_cpp_pkg/package.bash'
[14.478s] INFO:colcon.colcon_core.shell:Creating package script '/home/tuaydin/Desktop/ros2_ws/install/my_cpp_pkg/share/my_cpp_pkg/package.zsh'
[14.478s] Level 1:colcon.colcon_core.environment:create_file_with_runtime_dependencies(/home/tuaydin/Desktop/ros2_ws/install/my_cpp_pkg/share/colcon-core/packages/my_cpp_pkg)
[14.478s] Level 1:colcon.colcon_core.environment:create_environment_scripts_only(my_cpp_pkg)
[14.479s] Level 1:colcon.colcon_core.environment:checking '/home/tuaydin/Desktop/ros2_ws/install/my_cpp_pkg' for CMake module files
[14.479s] Level 1:colcon.colcon_core.environment:checking '/home/tuaydin/Desktop/ros2_ws/install/my_cpp_pkg' for CMake config files
[14.479s] Level 1:colcon.colcon_core.shell:create_environment_hook('my_cpp_pkg', 'cmake_prefix_path')
[14.479s] INFO:colcon.colcon_core.shell:Creating environment hook '/home/tuaydin/Desktop/ros2_ws/install/my_cpp_pkg/share/my_cpp_pkg/hook/cmake_prefix_path.ps1'
[14.480s] INFO:colcon.colcon_core.shell:Creating environment descriptor '/home/tuaydin/Desktop/ros2_ws/install/my_cpp_pkg/share/my_cpp_pkg/hook/cmake_prefix_path.dsv'
[14.480s] INFO:colcon.colcon_core.shell:Creating environment hook '/home/tuaydin/Desktop/ros2_ws/install/my_cpp_pkg/share/my_cpp_pkg/hook/cmake_prefix_path.sh'
[14.480s] Level 1:colcon.colcon_core.environment:checking '/home/tuaydin/Desktop/ros2_ws/install/my_cpp_pkg/lib'
[14.480s] Level 1:colcon.colcon_core.environment:checking '/home/tuaydin/Desktop/ros2_ws/install/my_cpp_pkg/bin'
[14.480s] Level 1:colcon.colcon_core.environment:checking '/home/tuaydin/Desktop/ros2_ws/install/my_cpp_pkg/lib/pkgconfig/my_cpp_pkg.pc'
[14.481s] Level 1:colcon.colcon_core.environment:checking '/home/tuaydin/Desktop/ros2_ws/install/my_cpp_pkg/lib/python3.12/site-packages'
[14.481s] Level 1:colcon.colcon_core.environment:checking '/home/tuaydin/Desktop/ros2_ws/install/my_cpp_pkg/bin'
[14.481s] INFO:colcon.colcon_core.shell:Creating package script '/home/tuaydin/Desktop/ros2_ws/install/my_cpp_pkg/share/my_cpp_pkg/package.ps1'
[14.481s] INFO:colcon.colcon_core.shell:Creating package descriptor '/home/tuaydin/Desktop/ros2_ws/install/my_cpp_pkg/share/my_cpp_pkg/package.dsv'
[14.481s] INFO:colcon.colcon_core.shell:Creating package script '/home/tuaydin/Desktop/ros2_ws/install/my_cpp_pkg/share/my_cpp_pkg/package.sh'
[14.482s] INFO:colcon.colcon_core.shell:Creating package script '/home/tuaydin/Desktop/ros2_ws/install/my_cpp_pkg/share/my_cpp_pkg/package.bash'
[14.482s] INFO:colcon.colcon_core.shell:Creating package script '/home/tuaydin/Desktop/ros2_ws/install/my_cpp_pkg/share/my_cpp_pkg/package.zsh'
[14.482s] Level 1:colcon.colcon_core.environment:create_file_with_runtime_dependencies(/home/tuaydin/Desktop/ros2_ws/install/my_cpp_pkg/share/colcon-core/packages/my_cpp_pkg)
[14.483s] INFO:colcon.colcon_ros.task.ament_cmake.build:Building ROS package in '/home/tuaydin/Desktop/ros2_ws/src/my_robot_bringup' with build type 'ament_cmake'
[14.483s] INFO:colcon.colcon_cmake.task.cmake.build:Building CMake package in '/home/tuaydin/Desktop/ros2_ws/src/my_robot_bringup'
[14.483s] INFO:colcon.colcon_core.shell:Skip shell extension 'powershell' for command environment: Not usable outside of PowerShell
[14.483s] DEBUG:colcon.colcon_core.shell:Skip shell extension 'dsv' for command environment
[14.494s] DEBUG:colcon.colcon_core.event_handler.log_command:Invoking command in '/home/tuaydin/Desktop/ros2_ws/build/my_robot_bringup': AMENT_PREFIX_PATH=/home/tuaydin/Desktop/ros2_ws/install/my_py_pkg:/home/tuaydin/Desktop/ros2_ws/install/my_robot_bringup:/home/tuaydin/Desktop/ros2_ws/install/my_cpp_pkg:/home/tuaydin/Desktop/ros2_ws/install/my_robot_interfaces:/home/tuaydin/Desktop/ros2_ws/src/install/my_py_pkg:/home/tuaydin/Desktop/ros2_ws/src/install/my_cpp_pkg:/opt/ros/jazzy CMAKE_PREFIX_PATH=/home/tuaydin/Desktop/ros2_ws/install/my_cpp_pkg:/home/tuaydin/Desktop/ros2_ws/install/my_robot_interfaces:/home/tuaydin/Desktop/ros2_ws/install/my_robot_bringup:/home/tuaydin/Desktop/ros2_ws/src/install/my_cpp_pkg:/opt/ros/jazzy/opt/gz_math_vendor:/opt/ros/jazzy/opt/gz_utils_vendor:/opt/ros/jazzy/opt/gz_cmake_vendor:/home/tuaydin/Desktop/ros2_ws/install/my_py_pkg:/home/tuaydin/Desktop/ros2_ws/src/install/my_py_pkg:/opt/ros/jazzy /usr/bin/cmake --build /home/tuaydin/Desktop/ros2_ws/build/my_robot_bringup -- -j16 -l16
[14.534s] DEBUG:colcon.colcon_core.event_handler.log_command:Invoked command in '/home/tuaydin/Desktop/ros2_ws/build/my_robot_bringup' returned '0': AMENT_PREFIX_PATH=/home/tuaydin/Desktop/ros2_ws/install/my_py_pkg:/home/tuaydin/Desktop/ros2_ws/install/my_robot_bringup:/home/tuaydin/Desktop/ros2_ws/install/my_cpp_pkg:/home/tuaydin/Desktop/ros2_ws/install/my_robot_interfaces:/home/tuaydin/Desktop/ros2_ws/src/install/my_py_pkg:/home/tuaydin/Desktop/ros2_ws/src/install/my_cpp_pkg:/opt/ros/jazzy CMAKE_PREFIX_PATH=/home/tuaydin/Desktop/ros2_ws/install/my_cpp_pkg:/home/tuaydin/Desktop/ros2_ws/install/my_robot_interfaces:/home/tuaydin/Desktop/ros2_ws/install/my_robot_bringup:/home/tuaydin/Desktop/ros2_ws/src/install/my_cpp_pkg:/opt/ros/jazzy/opt/gz_math_vendor:/opt/ros/jazzy/opt/gz_utils_vendor:/opt/ros/jazzy/opt/gz_cmake_vendor:/home/tuaydin/Desktop/ros2_ws/install/my_py_pkg:/home/tuaydin/Desktop/ros2_ws/src/install/my_py_pkg:/opt/ros/jazzy /usr/bin/cmake --build /home/tuaydin/Desktop/ros2_ws/build/my_robot_bringup -- -j16 -l16
[14.535s] DEBUG:colcon.colcon_core.event_handler.log_command:Invoking command in '/home/tuaydin/Desktop/ros2_ws/build/my_robot_bringup': AMENT_PREFIX_PATH=/home/tuaydin/Desktop/ros2_ws/install/my_py_pkg:/home/tuaydin/Desktop/ros2_ws/install/my_robot_bringup:/home/tuaydin/Desktop/ros2_ws/install/my_cpp_pkg:/home/tuaydin/Desktop/ros2_ws/install/my_robot_interfaces:/home/tuaydin/Desktop/ros2_ws/src/install/my_py_pkg:/home/tuaydin/Desktop/ros2_ws/src/install/my_cpp_pkg:/opt/ros/jazzy CMAKE_PREFIX_PATH=/home/tuaydin/Desktop/ros2_ws/install/my_cpp_pkg:/home/tuaydin/Desktop/ros2_ws/install/my_robot_interfaces:/home/tuaydin/Desktop/ros2_ws/install/my_robot_bringup:/home/tuaydin/Desktop/ros2_ws/src/install/my_cpp_pkg:/opt/ros/jazzy/opt/gz_math_vendor:/opt/ros/jazzy/opt/gz_utils_vendor:/opt/ros/jazzy/opt/gz_cmake_vendor:/home/tuaydin/Desktop/ros2_ws/install/my_py_pkg:/home/tuaydin/Desktop/ros2_ws/src/install/my_py_pkg:/opt/ros/jazzy /usr/bin/cmake --install /home/tuaydin/Desktop/ros2_ws/build/my_robot_bringup
[14.545s] Level 1:colcon.colcon_core.environment:create_environment_scripts_only(my_robot_bringup)
[14.545s] Level 1:colcon.colcon_core.environment:checking '/home/tuaydin/Desktop/ros2_ws/install/my_robot_bringup' for CMake module files
[14.546s] DEBUG:colcon.colcon_core.event_handler.log_command:Invoked command in '/home/tuaydin/Desktop/ros2_ws/build/my_robot_bringup' returned '0': AMENT_PREFIX_PATH=/home/tuaydin/Desktop/ros2_ws/install/my_py_pkg:/home/tuaydin/Desktop/ros2_ws/install/my_robot_bringup:/home/tuaydin/Desktop/ros2_ws/install/my_cpp_pkg:/home/tuaydin/Desktop/ros2_ws/install/my_robot_interfaces:/home/tuaydin/Desktop/ros2_ws/src/install/my_py_pkg:/home/tuaydin/Desktop/ros2_ws/src/install/my_cpp_pkg:/opt/ros/jazzy CMAKE_PREFIX_PATH=/home/tuaydin/Desktop/ros2_ws/install/my_cpp_pkg:/home/tuaydin/Desktop/ros2_ws/install/my_robot_interfaces:/home/tuaydin/Desktop/ros2_ws/install/my_robot_bringup:/home/tuaydin/Desktop/ros2_ws/src/install/my_cpp_pkg:/opt/ros/jazzy/opt/gz_math_vendor:/opt/ros/jazzy/opt/gz_utils_vendor:/opt/ros/jazzy/opt/gz_cmake_vendor:/home/tuaydin/Desktop/ros2_ws/install/my_py_pkg:/home/tuaydin/Desktop/ros2_ws/src/install/my_py_pkg:/opt/ros/jazzy /usr/bin/cmake --install /home/tuaydin/Desktop/ros2_ws/build/my_robot_bringup
[14.546s] Level 1:colcon.colcon_core.environment:checking '/home/tuaydin/Desktop/ros2_ws/install/my_robot_bringup' for CMake config files
[14.546s] Level 1:colcon.colcon_core.shell:create_environment_hook('my_robot_bringup', 'cmake_prefix_path')
[14.546s] INFO:colcon.colcon_core.shell:Creating environment hook '/home/tuaydin/Desktop/ros2_ws/install/my_robot_bringup/share/my_robot_bringup/hook/cmake_prefix_path.ps1'
[14.547s] INFO:colcon.colcon_core.shell:Creating environment descriptor '/home/tuaydin/Desktop/ros2_ws/install/my_robot_bringup/share/my_robot_bringup/hook/cmake_prefix_path.dsv'
[14.547s] INFO:colcon.colcon_core.shell:Creating environment hook '/home/tuaydin/Desktop/ros2_ws/install/my_robot_bringup/share/my_robot_bringup/hook/cmake_prefix_path.sh'
[14.547s] Level 1:colcon.colcon_core.environment:checking '/home/tuaydin/Desktop/ros2_ws/install/my_robot_bringup/bin'
[14.548s] Level 1:colcon.colcon_core.environment:checking '/home/tuaydin/Desktop/ros2_ws/install/my_robot_bringup/lib/pkgconfig/my_robot_bringup.pc'
[14.548s] Level 1:colcon.colcon_core.environment:checking '/home/tuaydin/Desktop/ros2_ws/install/my_robot_bringup/lib/python3.12/site-packages'
[14.548s] Level 1:colcon.colcon_core.environment:checking '/home/tuaydin/Desktop/ros2_ws/install/my_robot_bringup/bin'
[14.548s] INFO:colcon.colcon_core.shell:Creating package script '/home/tuaydin/Desktop/ros2_ws/install/my_robot_bringup/share/my_robot_bringup/package.ps1'
[14.548s] INFO:colcon.colcon_core.shell:Creating package descriptor '/home/tuaydin/Desktop/ros2_ws/install/my_robot_bringup/share/my_robot_bringup/package.dsv'
[14.549s] INFO:colcon.colcon_core.shell:Creating package script '/home/tuaydin/Desktop/ros2_ws/install/my_robot_bringup/share/my_robot_bringup/package.sh'
[14.549s] INFO:colcon.colcon_core.shell:Creating package script '/home/tuaydin/Desktop/ros2_ws/install/my_robot_bringup/share/my_robot_bringup/package.bash'
[14.549s] INFO:colcon.colcon_core.shell:Creating package script '/home/tuaydin/Desktop/ros2_ws/install/my_robot_bringup/share/my_robot_bringup/package.zsh'
[14.550s] Level 1:colcon.colcon_core.environment:create_file_with_runtime_dependencies(/home/tuaydin/Desktop/ros2_ws/install/my_robot_bringup/share/colcon-core/packages/my_robot_bringup)
[14.550s] Level 1:colcon.colcon_core.environment:create_environment_scripts_only(my_robot_bringup)
[14.550s] Level 1:colcon.colcon_core.environment:checking '/home/tuaydin/Desktop/ros2_ws/install/my_robot_bringup' for CMake module files
[14.550s] Level 1:colcon.colcon_core.environment:checking '/home/tuaydin/Desktop/ros2_ws/install/my_robot_bringup' for CMake config files
[14.551s] Level 1:colcon.colcon_core.shell:create_environment_hook('my_robot_bringup', 'cmake_prefix_path')
[14.551s] INFO:colcon.colcon_core.shell:Creating environment hook '/home/tuaydin/Desktop/ros2_ws/install/my_robot_bringup/share/my_robot_bringup/hook/cmake_prefix_path.ps1'
[14.551s] INFO:colcon.colcon_core.shell:Creating environment descriptor '/home/tuaydin/Desktop/ros2_ws/install/my_robot_bringup/share/my_robot_bringup/hook/cmake_prefix_path.dsv'
[14.551s] INFO:colcon.colcon_core.shell:Creating environment hook '/home/tuaydin/Desktop/ros2_ws/install/my_robot_bringup/share/my_robot_bringup/hook/cmake_prefix_path.sh'
[14.552s] Level 1:colcon.colcon_core.environment:checking '/home/tuaydin/Desktop/ros2_ws/install/my_robot_bringup/bin'
[14.552s] Level 1:colcon.colcon_core.environment:checking '/home/tuaydin/Desktop/ros2_ws/install/my_robot_bringup/lib/pkgconfig/my_robot_bringup.pc'
[14.552s] Level 1:colcon.colcon_core.environment:checking '/home/tuaydin/Desktop/ros2_ws/install/my_robot_bringup/lib/python3.12/site-packages'
[14.552s] Level 1:colcon.colcon_core.environment:checking '/home/tuaydin/Desktop/ros2_ws/install/my_robot_bringup/bin'
[14.553s] INFO:colcon.colcon_core.shell:Creating package script '/home/tuaydin/Desktop/ros2_ws/install/my_robot_bringup/share/my_robot_bringup/package.ps1'
[14.553s] INFO:colcon.colcon_core.shell:Creating package descriptor '/home/tuaydin/Desktop/ros2_ws/install/my_robot_bringup/share/my_robot_bringup/package.dsv'
[14.553s] INFO:colcon.colcon_core.shell:Creating package script '/home/tuaydin/Desktop/ros2_ws/install/my_robot_bringup/share/my_robot_bringup/package.sh'
[14.554s] INFO:colcon.colcon_core.shell:Creating package script '/home/tuaydin/Desktop/ros2_ws/install/my_robot_bringup/share/my_robot_bringup/package.bash'
[14.554s] INFO:colcon.colcon_core.shell:Creating package script '/home/tuaydin/Desktop/ros2_ws/install/my_robot_bringup/share/my_robot_bringup/package.zsh'
[14.554s] Level 1:colcon.colcon_core.environment:create_file_with_runtime_dependencies(/home/tuaydin/Desktop/ros2_ws/install/my_robot_bringup/share/colcon-core/packages/my_robot_bringup)
[14.555s] DEBUG:colcon.colcon_parallel_executor.executor.parallel:closing loop
[14.555s] DEBUG:colcon.colcon_parallel_executor.executor.parallel:loop closed
[14.555s] DEBUG:colcon.colcon_parallel_executor.executor.parallel:run_until_complete finished with '0'
[14.555s] DEBUG:colcon.colcon_core.event_reactor:joining thread
[14.560s] INFO:colcon.colcon_core.plugin_system:Skipping extension 'colcon_notification.desktop_notification.terminal_notifier': Not used on non-Darwin systems
[14.560s] INFO:colcon.colcon_core.plugin_system:Skipping extension 'colcon_notification.desktop_notification.win32': Not used on non-Windows systems
[14.560s] INFO:colcon.colcon_notification.desktop_notification:Sending desktop notification using 'notify2'
[14.570s] DEBUG:colcon.colcon_core.event_reactor:joined thread
[14.570s] INFO:colcon.colcon_core.shell:Creating prefix script '/home/tuaydin/Desktop/ros2_ws/install/local_setup.ps1'
[14.571s] INFO:colcon.colcon_core.shell:Creating prefix util module '/home/tuaydin/Desktop/ros2_ws/install/_local_setup_util_ps1.py'
[14.572s] INFO:colcon.colcon_core.shell:Creating prefix chain script '/home/tuaydin/Desktop/ros2_ws/install/setup.ps1'
[14.573s] INFO:colcon.colcon_core.shell:Creating prefix script '/home/tuaydin/Desktop/ros2_ws/install/local_setup.sh'
[14.573s] INFO:colcon.colcon_core.shell:Creating prefix util module '/home/tuaydin/Desktop/ros2_ws/install/_local_setup_util_sh.py'
[14.574s] INFO:colcon.colcon_core.shell:Creating prefix chain script '/home/tuaydin/Desktop/ros2_ws/install/setup.sh'
[14.574s] INFO:colcon.colcon_core.shell:Creating prefix script '/home/tuaydin/Desktop/ros2_ws/install/local_setup.bash'
[14.575s] INFO:colcon.colcon_core.shell:Creating prefix chain script '/home/tuaydin/Desktop/ros2_ws/install/setup.bash'
[14.576s] INFO:colcon.colcon_core.shell:Creating prefix script '/home/tuaydin/Desktop/ros2_ws/install/local_setup.zsh'
[14.576s] INFO:colcon.colcon_core.shell:Creating prefix chain script '/home/tuaydin/Desktop/ros2_ws/install/setup.zsh'
