[0.099s] Invoking command in '/home/tuaydin/ros2_ws/build/my_robot_bringup': AMENT_PREFIX_PATH=/home/tuaydin/ros2_ws/install/my_py_pkg:/home/tuaydin/ros2_ws/install/my_robot_bringup:/home/tuaydin/ros2_ws/install/my_cpp_pkg:/opt/ros/jazzy CMAKE_PREFIX_PATH=/home/tuaydin/ros2_ws/install/my_cpp_pkg:/home/tuaydin/ros2_ws/install/my_robot_bringup:/opt/ros/jazzy/opt/gz_math_vendor:/opt/ros/jazzy/opt/gz_utils_vendor:/opt/ros/jazzy/opt/gz_cmake_vendor:/home/tuaydin/ros2_ws/install/my_py_pkg:/opt/ros/jazzy /usr/bin/cmake /home/tuaydin/ros2_ws/src/my_robot_bringup -DCMAKE_INSTALL_PREFIX=/home/tuaydin/ros2_ws/install/my_robot_bringup
[0.110s] -- Found ament_cmake: 2.5.2 (/opt/ros/jazzy/share/ament_cmake/cmake)
[0.311s] -- Override CMake install command with custom implementation using symlinks instead of copying resources
[0.403s] -- Configuring done (0.3s)
[0.406s] -- Generating done (0.0s)
[0.409s] -- Build files have been written to: /home/tuaydin/ros2_ws/build/my_robot_bringup
[0.412s] Invoked command in '/home/tuaydin/ros2_ws/build/my_robot_bringup' returned '0': AMENT_PREFIX_PATH=/home/tuaydin/ros2_ws/install/my_py_pkg:/home/tuaydin/ros2_ws/install/my_robot_bringup:/home/tuaydin/ros2_ws/install/my_cpp_pkg:/opt/ros/jazzy CMAKE_PREFIX_PATH=/home/tuaydin/ros2_ws/install/my_cpp_pkg:/home/tuaydin/ros2_ws/install/my_robot_bringup:/opt/ros/jazzy/opt/gz_math_vendor:/opt/ros/jazzy/opt/gz_utils_vendor:/opt/ros/jazzy/opt/gz_cmake_vendor:/home/tuaydin/ros2_ws/install/my_py_pkg:/opt/ros/jazzy /usr/bin/cmake /home/tuaydin/ros2_ws/src/my_robot_bringup -DCMAKE_INSTALL_PREFIX=/home/tuaydin/ros2_ws/install/my_robot_bringup
[0.413s] Invoking command in '/home/tuaydin/ros2_ws/build/my_robot_bringup': AMENT_PREFIX_PATH=/home/tuaydin/ros2_ws/install/my_py_pkg:/home/tuaydin/ros2_ws/install/my_robot_bringup:/home/tuaydin/ros2_ws/install/my_cpp_pkg:/opt/ros/jazzy CMAKE_PREFIX_PATH=/home/tuaydin/ros2_ws/install/my_cpp_pkg:/home/tuaydin/ros2_ws/install/my_robot_bringup:/opt/ros/jazzy/opt/gz_math_vendor:/opt/ros/jazzy/opt/gz_utils_vendor:/opt/ros/jazzy/opt/gz_cmake_vendor:/home/tuaydin/ros2_ws/install/my_py_pkg:/opt/ros/jazzy /usr/bin/cmake --build /home/tuaydin/ros2_ws/build/my_robot_bringup -- -j4 -l4
[0.449s] Invoked command in '/home/tuaydin/ros2_ws/build/my_robot_bringup' returned '0': AMENT_PREFIX_PATH=/home/tuaydin/ros2_ws/install/my_py_pkg:/home/tuaydin/ros2_ws/install/my_robot_bringup:/home/tuaydin/ros2_ws/install/my_cpp_pkg:/opt/ros/jazzy CMAKE_PREFIX_PATH=/home/tuaydin/ros2_ws/install/my_cpp_pkg:/home/tuaydin/ros2_ws/install/my_robot_bringup:/opt/ros/jazzy/opt/gz_math_vendor:/opt/ros/jazzy/opt/gz_utils_vendor:/opt/ros/jazzy/opt/gz_cmake_vendor:/home/tuaydin/ros2_ws/install/my_py_pkg:/opt/ros/jazzy /usr/bin/cmake --build /home/tuaydin/ros2_ws/build/my_robot_bringup -- -j4 -l4
[0.450s] Invoking command in '/home/tuaydin/ros2_ws/build/my_robot_bringup': AMENT_PREFIX_PATH=/home/tuaydin/ros2_ws/install/my_py_pkg:/home/tuaydin/ros2_ws/install/my_robot_bringup:/home/tuaydin/ros2_ws/install/my_cpp_pkg:/opt/ros/jazzy CMAKE_PREFIX_PATH=/home/tuaydin/ros2_ws/install/my_cpp_pkg:/home/tuaydin/ros2_ws/install/my_robot_bringup:/opt/ros/jazzy/opt/gz_math_vendor:/opt/ros/jazzy/opt/gz_utils_vendor:/opt/ros/jazzy/opt/gz_cmake_vendor:/home/tuaydin/ros2_ws/install/my_py_pkg:/opt/ros/jazzy /usr/bin/cmake --install /home/tuaydin/ros2_ws/build/my_robot_bringup
[0.458s] -- Install configuration: ""
[0.458s] -- Execute custom install script
[0.458s] -- Up-to-date symlink: /home/tuaydin/ros2_ws/install/my_robot_bringup/share/my_robot_bringup/launch/news_station_app.launch.py
[0.459s] -- Up-to-date symlink: /home/tuaydin/ros2_ws/install/my_robot_bringup/share/my_robot_bringup/launch/number_app.launch.py
[0.459s] -- Up-to-date symlink: /home/tuaydin/ros2_ws/install/my_robot_bringup/share/ament_index/resource_index/package_run_dependencies/my_robot_bringup
[0.459s] -- Up-to-date symlink: /home/tuaydin/ros2_ws/install/my_robot_bringup/share/ament_index/resource_index/parent_prefix_path/my_robot_bringup
[0.459s] -- Up-to-date symlink: /home/tuaydin/ros2_ws/install/my_robot_bringup/share/my_robot_bringup/environment/ament_prefix_path.sh
[0.459s] -- Up-to-date symlink: /home/tuaydin/ros2_ws/install/my_robot_bringup/share/my_robot_bringup/environment/ament_prefix_path.dsv
[0.459s] -- Up-to-date symlink: /home/tuaydin/ros2_ws/install/my_robot_bringup/share/my_robot_bringup/environment/path.sh
[0.459s] -- Up-to-date symlink: /home/tuaydin/ros2_ws/install/my_robot_bringup/share/my_robot_bringup/environment/path.dsv
[0.460s] -- Up-to-date symlink: /home/tuaydin/ros2_ws/install/my_robot_bringup/share/my_robot_bringup/local_setup.bash
[0.460s] -- Up-to-date symlink: /home/tuaydin/ros2_ws/install/my_robot_bringup/share/my_robot_bringup/local_setup.sh
[0.460s] -- Up-to-date symlink: /home/tuaydin/ros2_ws/install/my_robot_bringup/share/my_robot_bringup/local_setup.zsh
[0.460s] -- Up-to-date symlink: /home/tuaydin/ros2_ws/install/my_robot_bringup/share/my_robot_bringup/local_setup.dsv
[0.460s] -- Symlinking: /home/tuaydin/ros2_ws/install/my_robot_bringup/share/my_robot_bringup/package.dsv
[0.469s] -- Up-to-date symlink: /home/tuaydin/ros2_ws/install/my_robot_bringup/share/ament_index/resource_index/packages/my_robot_bringup
[0.469s] -- Up-to-date symlink: /home/tuaydin/ros2_ws/install/my_robot_bringup/share/my_robot_bringup/cmake/my_robot_bringupConfig.cmake
[0.469s] -- Up-to-date symlink: /home/tuaydin/ros2_ws/install/my_robot_bringup/share/my_robot_bringup/cmake/my_robot_bringupConfig-version.cmake
[0.469s] -- Up-to-date symlink: /home/tuaydin/ros2_ws/install/my_robot_bringup/share/my_robot_bringup/package.xml
[0.471s] Invoked command in '/home/tuaydin/ros2_ws/build/my_robot_bringup' returned '0': AMENT_PREFIX_PATH=/home/tuaydin/ros2_ws/install/my_py_pkg:/home/tuaydin/ros2_ws/install/my_robot_bringup:/home/tuaydin/ros2_ws/install/my_cpp_pkg:/opt/ros/jazzy CMAKE_PREFIX_PATH=/home/tuaydin/ros2_ws/install/my_cpp_pkg:/home/tuaydin/ros2_ws/install/my_robot_bringup:/opt/ros/jazzy/opt/gz_math_vendor:/opt/ros/jazzy/opt/gz_utils_vendor:/opt/ros/jazzy/opt/gz_cmake_vendor:/home/tuaydin/ros2_ws/install/my_py_pkg:/opt/ros/jazzy /usr/bin/cmake --install /home/tuaydin/ros2_ws/build/my_robot_bringup
