[0.010s] Invoking command in '/home/tuaydin/Desktop/ros2_ws/build/my_cpp_pkg': CMAKE_PREFIX_PATH=/home/tuaydin/Desktop/ros2_ws/install/my_robot_interfaces:/home/tuaydin/Desktop/ros2_ws/install/my_robot_bringup:/home/tuaydin/Desktop/ros2_ws/install/my_cpp_pkg:/home/tuaydin/Desktop/ros2_ws/src/install/my_cpp_pkg:/opt/ros/jazzy/opt/gz_math_vendor:/opt/ros/jazzy/opt/gz_utils_vendor:/opt/ros/jazzy/opt/gz_cmake_vendor:/home/tuaydin/Desktop/ros2_ws/install/my_py_pkg:/home/tuaydin/Desktop/ros2_ws/src/install/my_py_pkg:/opt/ros/jazzy PYTHONPATH=/home/tuaydin/Desktop/ros2_ws/install/my_robot_interfaces/lib/python3.12/site-packages:/home/tuaydin/Desktop/ros2_ws/install/my_py_pkg/lib/python3.12/site-packages:/home/tuaydin/Desktop/ros2_ws/src/install/my_py_pkg/lib/python3.12/site-packages:/opt/ros/jazzy/lib/python3.12/site-packages /usr/bin/cmake --build /home/tuaydin/Desktop/ros2_ws/build/my_cpp_pkg -- -j16 -l16
[0.037s] -- Found ament_cmake: 2.5.3 (/opt/ros/jazzy/share/ament_cmake/cmake)
[0.251s] -- Found rclcpp: 28.1.6 (/opt/ros/jazzy/share/rclcpp/cmake)
[0.277s] -- Found rosidl_generator_c: 4.6.5 (/opt/ros/jazzy/share/rosidl_generator_c/cmake)
[0.286s] -- Found rosidl_generator_cpp: 4.6.5 (/opt/ros/jazzy/share/rosidl_generator_cpp/cmake)
[0.296s] -- Using all available rosidl_typesupport_c: rosidl_typesupport_fastrtps_c;rosidl_typesupport_introspection_c
[0.308s] -- Using all available rosidl_typesupport_cpp: rosidl_typesupport_fastrtps_cpp;rosidl_typesupport_introspection_cpp
[0.366s] -- Found rmw_implementation_cmake: 7.3.1 (/opt/ros/jazzy/share/rmw_implementation_cmake/cmake)
[0.367s] -- Found rmw_fastrtps_cpp: 8.4.1 (/opt/ros/jazzy/share/rmw_fastrtps_cpp/cmake)
[0.431s] -- Using RMW implementation 'rmw_fastrtps_cpp' as default
[0.490s] -- Found example_interfaces: 0.12.0 (/opt/ros/jazzy/share/example_interfaces/cmake)
[0.540s] -- Found my_robot_interfaces: 0.0.0 (/home/tuaydin/Desktop/ros2_ws/install/my_robot_interfaces/share/my_robot_interfaces/cmake)
[0.652s] -- Configuring done (0.6s)
[0.686s] -- Generating done (0.0s)
[0.698s] -- Build files have been written to: /home/tuaydin/Desktop/ros2_ws/build/my_cpp_pkg
[0.758s] [ 25%] Built target add_two_ints_client
[0.758s] [ 25%] Built target add_two_ints_client_no_oop
[0.760s] [ 81%] Built target smartphone
[0.760s] [ 81%] Built target cpp_node
[0.760s] [ 81%] [32mBuilding CXX object CMakeFiles/hardware_status_publisher.dir/src/hw_status_publisher.cpp.o[0m
[0.760s] [ 81%] Built target robot_news_station
[0.760s] [ 81%] Built target add_two_ints_server
[0.760s] [ 93%] Built target number_counter
[4.527s] [100%] [32m[1mLinking CXX executable hardware_status_publisher[0m
[4.693s] [100%] Built target hardware_status_publisher
[4.706s] Invoked command in '/home/tuaydin/Desktop/ros2_ws/build/my_cpp_pkg' returned '0': CMAKE_PREFIX_PATH=/home/tuaydin/Desktop/ros2_ws/install/my_robot_interfaces:/home/tuaydin/Desktop/ros2_ws/install/my_robot_bringup:/home/tuaydin/Desktop/ros2_ws/install/my_cpp_pkg:/home/tuaydin/Desktop/ros2_ws/src/install/my_cpp_pkg:/opt/ros/jazzy/opt/gz_math_vendor:/opt/ros/jazzy/opt/gz_utils_vendor:/opt/ros/jazzy/opt/gz_cmake_vendor:/home/tuaydin/Desktop/ros2_ws/install/my_py_pkg:/home/tuaydin/Desktop/ros2_ws/src/install/my_py_pkg:/opt/ros/jazzy PYTHONPATH=/home/tuaydin/Desktop/ros2_ws/install/my_robot_interfaces/lib/python3.12/site-packages:/home/tuaydin/Desktop/ros2_ws/install/my_py_pkg/lib/python3.12/site-packages:/home/tuaydin/Desktop/ros2_ws/src/install/my_py_pkg/lib/python3.12/site-packages:/opt/ros/jazzy/lib/python3.12/site-packages /usr/bin/cmake --build /home/tuaydin/Desktop/ros2_ws/build/my_cpp_pkg -- -j16 -l16
[4.707s] Invoking command in '/home/tuaydin/Desktop/ros2_ws/build/my_cpp_pkg': CMAKE_PREFIX_PATH=/home/tuaydin/Desktop/ros2_ws/install/my_robot_interfaces:/home/tuaydin/Desktop/ros2_ws/install/my_robot_bringup:/home/tuaydin/Desktop/ros2_ws/install/my_cpp_pkg:/home/tuaydin/Desktop/ros2_ws/src/install/my_cpp_pkg:/opt/ros/jazzy/opt/gz_math_vendor:/opt/ros/jazzy/opt/gz_utils_vendor:/opt/ros/jazzy/opt/gz_cmake_vendor:/home/tuaydin/Desktop/ros2_ws/install/my_py_pkg:/home/tuaydin/Desktop/ros2_ws/src/install/my_py_pkg:/opt/ros/jazzy PYTHONPATH=/home/tuaydin/Desktop/ros2_ws/install/my_robot_interfaces/lib/python3.12/site-packages:/home/tuaydin/Desktop/ros2_ws/install/my_py_pkg/lib/python3.12/site-packages:/home/tuaydin/Desktop/ros2_ws/src/install/my_py_pkg/lib/python3.12/site-packages:/opt/ros/jazzy/lib/python3.12/site-packages /usr/bin/cmake --install /home/tuaydin/Desktop/ros2_ws/build/my_cpp_pkg
[4.714s] -- Install configuration: ""
[4.715s] -- Up-to-date: /home/tuaydin/Desktop/ros2_ws/install/my_cpp_pkg/lib/my_cpp_pkg/cpp_node
[4.715s] -- Up-to-date: /home/tuaydin/Desktop/ros2_ws/install/my_cpp_pkg/lib/my_cpp_pkg/robot_news_station
[4.715s] -- Up-to-date: /home/tuaydin/Desktop/ros2_ws/install/my_cpp_pkg/lib/my_cpp_pkg/smartphone
[4.715s] -- Up-to-date: /home/tuaydin/Desktop/ros2_ws/install/my_cpp_pkg/lib/my_cpp_pkg/number_counter
[4.716s] -- Up-to-date: /home/tuaydin/Desktop/ros2_ws/install/my_cpp_pkg/lib/my_cpp_pkg/add_two_ints_server
[4.716s] -- Up-to-date: /home/tuaydin/Desktop/ros2_ws/install/my_cpp_pkg/lib/my_cpp_pkg/add_two_ints_client
[4.716s] -- Up-to-date: /home/tuaydin/Desktop/ros2_ws/install/my_cpp_pkg/lib/my_cpp_pkg/add_two_ints_client_no_oop
[4.717s] -- Installing: /home/tuaydin/Desktop/ros2_ws/install/my_cpp_pkg/lib/my_cpp_pkg/hardware_status_publisher
[4.719s] -- Set non-toolchain portion of runtime path of "/home/tuaydin/Desktop/ros2_ws/install/my_cpp_pkg/lib/my_cpp_pkg/hardware_status_publisher" to ""
[4.719s] -- Up-to-date: /home/tuaydin/Desktop/ros2_ws/install/my_cpp_pkg/share/ament_index/resource_index/package_run_dependencies/my_cpp_pkg
[4.719s] -- Up-to-date: /home/tuaydin/Desktop/ros2_ws/install/my_cpp_pkg/share/ament_index/resource_index/parent_prefix_path/my_cpp_pkg
[4.719s] -- Up-to-date: /home/tuaydin/Desktop/ros2_ws/install/my_cpp_pkg/share/my_cpp_pkg/environment/ament_prefix_path.sh
[4.719s] -- Up-to-date: /home/tuaydin/Desktop/ros2_ws/install/my_cpp_pkg/share/my_cpp_pkg/environment/ament_prefix_path.dsv
[4.719s] -- Up-to-date: /home/tuaydin/Desktop/ros2_ws/install/my_cpp_pkg/share/my_cpp_pkg/environment/path.sh
[4.719s] -- Up-to-date: /home/tuaydin/Desktop/ros2_ws/install/my_cpp_pkg/share/my_cpp_pkg/environment/path.dsv
[4.719s] -- Up-to-date: /home/tuaydin/Desktop/ros2_ws/install/my_cpp_pkg/share/my_cpp_pkg/local_setup.bash
[4.720s] -- Up-to-date: /home/tuaydin/Desktop/ros2_ws/install/my_cpp_pkg/share/my_cpp_pkg/local_setup.sh
[4.720s] -- Up-to-date: /home/tuaydin/Desktop/ros2_ws/install/my_cpp_pkg/share/my_cpp_pkg/local_setup.zsh
[4.720s] -- Up-to-date: /home/tuaydin/Desktop/ros2_ws/install/my_cpp_pkg/share/my_cpp_pkg/local_setup.dsv
[4.720s] -- Installing: /home/tuaydin/Desktop/ros2_ws/install/my_cpp_pkg/share/my_cpp_pkg/package.dsv
[4.720s] -- Up-to-date: /home/tuaydin/Desktop/ros2_ws/install/my_cpp_pkg/share/ament_index/resource_index/packages/my_cpp_pkg
[4.720s] -- Up-to-date: /home/tuaydin/Desktop/ros2_ws/install/my_cpp_pkg/share/my_cpp_pkg/cmake/my_cpp_pkgConfig.cmake
[4.720s] -- Up-to-date: /home/tuaydin/Desktop/ros2_ws/install/my_cpp_pkg/share/my_cpp_pkg/cmake/my_cpp_pkgConfig-version.cmake
[4.720s] -- Up-to-date: /home/tuaydin/Desktop/ros2_ws/install/my_cpp_pkg/share/my_cpp_pkg/package.xml
[4.721s] Invoked command in '/home/tuaydin/Desktop/ros2_ws/build/my_cpp_pkg' returned '0': CMAKE_PREFIX_PATH=/home/tuaydin/Desktop/ros2_ws/install/my_robot_interfaces:/home/tuaydin/Desktop/ros2_ws/install/my_robot_bringup:/home/tuaydin/Desktop/ros2_ws/install/my_cpp_pkg:/home/tuaydin/Desktop/ros2_ws/src/install/my_cpp_pkg:/opt/ros/jazzy/opt/gz_math_vendor:/opt/ros/jazzy/opt/gz_utils_vendor:/opt/ros/jazzy/opt/gz_cmake_vendor:/home/tuaydin/Desktop/ros2_ws/install/my_py_pkg:/home/tuaydin/Desktop/ros2_ws/src/install/my_py_pkg:/opt/ros/jazzy PYTHONPATH=/home/tuaydin/Desktop/ros2_ws/install/my_robot_interfaces/lib/python3.12/site-packages:/home/tuaydin/Desktop/ros2_ws/install/my_py_pkg/lib/python3.12/site-packages:/home/tuaydin/Desktop/ros2_ws/src/install/my_py_pkg/lib/python3.12/site-packages:/opt/ros/jazzy/lib/python3.12/site-packages /usr/bin/cmake --install /home/tuaydin/Desktop/ros2_ws/build/my_cpp_pkg
