[  8%] Built target smartphone
[ 16%] Built target cpp_node
[ 33%] Built target turtle_spawner
[ 33%] Built target robot_news_station
[ 41%] Built target add_two_ints_client
[ 50%] Built target add_two_ints_client_no_oop
[ 58%] Built target number_counter
[ 66%] Built target hardware_status_publisher
[ 75%] Built target add_two_ints_server
[ 83%] Built target led_panel
[ 91%] Built target battery
[ 95%] [32mBuilding CXX object CMakeFiles/turtle_controller.dir/src/turtle_controller.cpp.o[0m
[01m[K/home/tuaydin/Desktop/ros2_ws/src/my_cpp_pkg/src/turtle_controller.cpp:[m[K In member function ‘[01m[Kvoid TurtleControllerNode::[01;32m[Kcontrol_loop[m[K()[m[K’:
[01m[K/home/tuaydin/Desktop/ros2_ws/src/my_cpp_pkg/src/turtle_controller.cpp:37:55:[m[K [01;31m[Kerror: [m[K‘[01m[Kusing turtlesim::msg::Pose_<std::allocator<void> >::SharedPtr = class std::shared_ptr<turtlesim::msg::Pose_<std::allocator<void> > >[m[K’ {aka ‘[01m[Kclass std::shared_ptr<turtlesim::msg::Pose_<std::allocator<void> > >[m[K’} has no member named ‘[01m[Kx[m[K’
   37 |         double dist_x = this->target_x_ - this->pose_.[01;31m[Kx[m[K;
      |                                                       [01;31m[K^[m[K
[01m[K/home/tuaydin/Desktop/ros2_ws/src/my_cpp_pkg/src/turtle_controller.cpp:38:55:[m[K [01;31m[Kerror: [m[K‘[01m[Kusing turtlesim::msg::Pose_<std::allocator<void> >::SharedPtr = class std::shared_ptr<turtlesim::msg::Pose_<std::allocator<void> > >[m[K’ {aka ‘[01m[Kclass std::shared_ptr<turtlesim::msg::Pose_<std::allocator<void> > >[m[K’} has no member named ‘[01m[Ky[m[K’
   38 |         double dist_y = this->target_y_ - this->pose_.[01;31m[Ky[m[K;
      |                                                       [01;31m[K^[m[K
[01m[K/home/tuaydin/Desktop/ros2_ws/src/my_cpp_pkg/src/turtle_controller.cpp:48:52:[m[K [01;31m[Kerror: [m[K‘[01m[Kusing turtlesim::msg::Pose_<std::allocator<void> >::SharedPtr = class std::shared_ptr<turtlesim::msg::Pose_<std::allocator<void> > >[m[K’ {aka ‘[01m[Kclass std::shared_ptr<turtlesim::msg::Pose_<std::allocator<void> > >[m[K’} has no member named ‘[01m[Ktheta[m[K’
   48 |             double diff = goal_theta - this->pose_.[01;31m[Ktheta[m[K;
      |                                                    [01;31m[K^~~~~[m[K
gmake[2]: *** [CMakeFiles/turtle_controller.dir/build.make:76: CMakeFiles/turtle_controller.dir/src/turtle_controller.cpp.o] Error 1
gmake[1]: *** [CMakeFiles/Makefile2:445: CMakeFiles/turtle_controller.dir/all] Error 2
gmake: *** [Makefile:146: all] Error 2
