[0.026s] Invoking command in '/home/tuaydin/Desktop/ros2_ws/build/my_cpp_pkg': CMAKE_PREFIX_PATH=/home/tuaydin/Desktop/ros2_ws/install/my_robot_interfaces:/home/tuaydin/Desktop/ros2_ws/install/my_robot_bringup:/home/tuaydin/Desktop/ros2_ws/install/my_cpp_pkg:/home/tuaydin/Desktop/ros2_ws/src/install/my_cpp_pkg:/opt/ros/jazzy/opt/gz_math_vendor:/opt/ros/jazzy/opt/gz_utils_vendor:/opt/ros/jazzy/opt/gz_cmake_vendor:/home/tuaydin/Desktop/ros2_ws/install/my_py_pkg:/home/tuaydin/Desktop/ros2_ws/src/install/my_py_pkg:/opt/ros/jazzy PYTHONPATH=/home/tuaydin/Desktop/ros2_ws/install/my_robot_interfaces/lib/python3.12/site-packages:/home/tuaydin/Desktop/ros2_ws/install/my_py_pkg/lib/python3.12/site-packages:/home/tuaydin/Desktop/ros2_ws/src/install/my_py_pkg/lib/python3.12/site-packages:/opt/ros/jazzy/lib/python3.12/site-packages /usr/bin/cmake --build /home/tuaydin/Desktop/ros2_ws/build/my_cpp_pkg -- -j16 -l16
[0.150s] [ 10%] Built target cpp_node
[0.151s] [ 20%] Built target number_counter
[0.158s] [ 30%] Built target smartphone
[0.160s] [ 40%] Built target add_two_ints_server
[0.162s] [ 50%] Built target hardware_status_publisher
[0.165s] [ 60%] Built target add_two_ints_client_no_oop
[0.170s] [ 70%] Built target add_two_ints_client
[0.171s] [ 75%] [32mBuilding CXX object CMakeFiles/led_panel.dir/src/led_panel.cpp.o[0m
[0.171s] [ 85%] Built target robot_news_station
[0.200s] [ 95%] Built target battery
[4.793s] In file included from [01m[K/opt/ros/jazzy/include/rclcpp/rclcpp/node.hpp:1663[m[K,
[4.794s]                  from [01m[K/opt/ros/jazzy/include/rclcpp/rclcpp/executors/single_threaded_executor.hpp:28[m[K,
[4.794s]                  from [01m[K/opt/ros/jazzy/include/rclcpp/rclcpp/executors.hpp:22[m[K,
[4.794s]                  from [01m[K/opt/ros/jazzy/include/rclcpp/rclcpp/rclcpp.hpp:172[m[K,
[4.795s]                  from [01m[K/home/tuaydin/Desktop/ros2_ws/src/my_cpp_pkg/src/led_panel.cpp:1[m[K:
[4.795s] /opt/ros/jazzy/include/rclcpp/rclcpp/node_impl.hpp: In instantiation of ‘[01m[Kauto rclcpp::Node::[01;32m[Kdeclare_parameter[m[K(const std::string&, const ParameterT&, const rcl_interfaces::msg::ParameterDescriptor&, bool) [35m[K[with ParameterT = std::array<long int, 3>; std::string = std::__cxx11::basic_string<char>; rcl_interfaces::msg::ParameterDescriptor = rcl_interfaces::msg::ParameterDescriptor_<std::allocator<void> >][m[K[m[K’:
[4.795s] [01m[K/home/tuaydin/Desktop/ros2_ws/src/my_cpp_pkg/src/led_panel.cpp:13:70:[m[K   required from here
[4.795s] [01m[K/opt/ros/jazzy/include/rclcpp/rclcpp/node_impl.hpp:255:15:[m[K [01;31m[Kerror: [m[Kno matching function for call to ‘[01m[Krclcpp::ParameterValue::ParameterValue(const std::array<long int, 3>&)[m[K’
[4.795s]   255 |       rclcpp::[01;31m[KParameterValue(default_value)[m[K,
[4.796s]       |               [01;31m[K^~~~~~~~~~~~~~~~~~~~~~~~~~~~~[m[K
[4.796s] In file included from [01m[K/opt/ros/jazzy/include/rclcpp/rclcpp/parameter.hpp:26[m[K,
[4.796s]                  from [01m[K/opt/ros/jazzy/include/rclcpp/rclcpp/copy_all_parameter_values.hpp:25[m[K,
[4.796s]                  from [01m[K/opt/ros/jazzy/include/rclcpp/rclcpp/rclcpp.hpp:171[m[K:
[4.796s] [01m[K/opt/ros/jazzy/include/rclcpp/rclcpp/parameter_value.hpp:122:12:[m[K [01;36m[Knote: [m[Kcandidate: ‘[01m[Krclcpp::ParameterValue::[01;32m[KParameterValue[m[K(const std::vector<std::__cxx11::basic_string<char>, std::allocator<std::__cxx11::basic_string<char> > >&)[m[K’
[4.797s]   122 |   explicit [01;36m[KParameterValue[m[K(const std::vector<std::string> & string_array_value);
[4.797s]       |            [01;36m[K^~~~~~~~~~~~~~[m[K
[4.797s] [01m[K/opt/ros/jazzy/include/rclcpp/rclcpp/parameter_value.hpp:122:60:[m[K [01;36m[Knote: [m[K  no known conversion for argument 1 from ‘[01m[Kconst std::array<long int, 3>[m[K’ to ‘[01m[Kconst std::vector<std::__cxx11::basic_string<char>, std::allocator<std::__cxx11::basic_string<char> > >&[m[K’
[4.797s]   122 |   explicit ParameterValue([01;36m[Kconst std::vector<std::string> & string_array_value[m[K);
[4.798s]       |                           [01;36m[K~~~~~~~~~~~~~~~~~~~~~~~~~~~~~~~~~^~~~~~~~~~~~~~~~~~[m[K
[4.798s] [01m[K/opt/ros/jazzy/include/rclcpp/rclcpp/parameter_value.hpp:119:12:[m[K [01;36m[Knote: [m[Kcandidate: ‘[01m[Krclcpp::ParameterValue::[01;32m[KParameterValue[m[K(const std::vector<double, std::allocator<double> >&)[m[K’
[4.798s]   119 |   explicit [01;36m[KParameterValue[m[K(const std::vector<double> & double_array_value);
[4.798s]       |            [01;36m[K^~~~~~~~~~~~~~[m[K
[4.798s] [01m[K/opt/ros/jazzy/include/rclcpp/rclcpp/parameter_value.hpp:119:55:[m[K [01;36m[Knote: [m[K  no known conversion for argument 1 from ‘[01m[Kconst std::array<long int, 3>[m[K’ to ‘[01m[Kconst std::vector<double, std::allocator<double> >&[m[K’
[4.799s]   119 |   explicit ParameterValue([01;36m[Kconst std::vector<double> & double_array_value[m[K);
[4.799s]       |                           [01;36m[K~~~~~~~~~~~~~~~~~~~~~~~~~~~~^~~~~~~~~~~~~~~~~~[m[K
[4.799s] [01m[K/opt/ros/jazzy/include/rclcpp/rclcpp/parameter_value.hpp:116:12:[m[K [01;36m[Knote: [m[Kcandidate: ‘[01m[Krclcpp::ParameterValue::[01;32m[KParameterValue[m[K(const std::vector<float>&)[m[K’
[4.799s]   116 |   explicit [01;36m[KParameterValue[m[K(const std::vector<float> & double_array_value);
[4.799s]       |            [01;36m[K^~~~~~~~~~~~~~[m[K
[4.800s] [01m[K/opt/ros/jazzy/include/rclcpp/rclcpp/parameter_value.hpp:116:54:[m[K [01;36m[Knote: [m[K  no known conversion for argument 1 from ‘[01m[Kconst std::array<long int, 3>[m[K’ to ‘[01m[Kconst std::vector<float>&[m[K’
[4.800s]   116 |   explicit ParameterValue([01;36m[Kconst std::vector<float> & double_array_value[m[K);
[4.800s]       |                           [01;36m[K~~~~~~~~~~~~~~~~~~~~~~~~~~~^~~~~~~~~~~~~~~~~~[m[K
[4.800s] [01m[K/opt/ros/jazzy/include/rclcpp/rclcpp/parameter_value.hpp:113:12:[m[K [01;36m[Knote: [m[Kcandidate: ‘[01m[Krclcpp::ParameterValue::[01;32m[KParameterValue[m[K(const std::vector<long int, std::allocator<long int> >&)[m[K’
[4.800s]   113 |   explicit [01;36m[KParameterValue[m[K(const std::vector<int64_t> & int_array_value);
[4.800s]       |            [01;36m[K^~~~~~~~~~~~~~[m[K
[4.801s] [01m[K/opt/ros/jazzy/include/rclcpp/rclcpp/parameter_value.hpp:113:56:[m[K [01;36m[Knote: [m[K  no known conversion for argument 1 from ‘[01m[Kconst std::array<long int, 3>[m[K’ to ‘[01m[Kconst std::vector<long int, std::allocator<long int> >&[m[K’
[4.801s]   113 |   explicit ParameterValue([01;36m[Kconst std::vector<int64_t> & int_array_value[m[K);
[4.801s]       |                           [01;36m[K~~~~~~~~~~~~~~~~~~~~~~~~~~~~~^~~~~~~~~~~~~~~[m[K
[4.801s] [01m[K/opt/ros/jazzy/include/rclcpp/rclcpp/parameter_value.hpp:110:12:[m[K [01;36m[Knote: [m[Kcandidate: ‘[01m[Krclcpp::ParameterValue::[01;32m[KParameterValue[m[K(const std::vector<int>&)[m[K’
[4.801s]   110 |   explicit [01;36m[KParameterValue[m[K(const std::vector<int> & int_array_value);
[4.801s]       |            [01;36m[K^~~~~~~~~~~~~~[m[K
[4.802s] [01m[K/opt/ros/jazzy/include/rclcpp/rclcpp/parameter_value.hpp:110:52:[m[K [01;36m[Knote: [m[K  no known conversion for argument 1 from ‘[01m[Kconst std::array<long int, 3>[m[K’ to ‘[01m[Kconst std::vector<int>&[m[K’
[4.802s]   110 |   explicit ParameterValue([01;36m[Kconst std::vector<int> & int_array_value[m[K);
[4.802s]       |                           [01;36m[K~~~~~~~~~~~~~~~~~~~~~~~~~^~~~~~~~~~~~~~~[m[K
[4.802s] [01m[K/opt/ros/jazzy/include/rclcpp/rclcpp/parameter_value.hpp:107:12:[m[K [01;36m[Knote: [m[Kcandidate: ‘[01m[Krclcpp::ParameterValue::[01;32m[KParameterValue[m[K(const std::vector<bool, std::allocator<bool> >&)[m[K’
[4.802s]   107 |   explicit [01;36m[KParameterValue[m[K(const std::vector<bool> & bool_array_value);
[4.802s]       |            [01;36m[K^~~~~~~~~~~~~~[m[K
[4.803s] [01m[K/opt/ros/jazzy/include/rclcpp/rclcpp/parameter_value.hpp:107:53:[m[K [01;36m[Knote: [m[K  no known conversion for argument 1 from ‘[01m[Kconst std::array<long int, 3>[m[K’ to ‘[01m[Kconst std::vector<bool, std::allocator<bool> >&[m[K’
[4.803s]   107 |   explicit ParameterValue([01;36m[Kconst std::vector<bool> & bool_array_value[m[K);
[4.803s]       |                           [01;36m[K~~~~~~~~~~~~~~~~~~~~~~~~~~^~~~~~~~~~~~~~~~[m[K
[4.803s] [01m[K/opt/ros/jazzy/include/rclcpp/rclcpp/parameter_value.hpp:104:12:[m[K [01;36m[Knote: [m[Kcandidate: ‘[01m[Krclcpp::ParameterValue::[01;32m[KParameterValue[m[K(const std::vector<unsigned char, std::allocator<unsigned char> >&)[m[K’
[4.803s]   104 |   explicit [01;36m[KParameterValue[m[K(const std::vector<uint8_t> & byte_array_value);
[4.804s]       |            [01;36m[K^~~~~~~~~~~~~~[m[K
[4.804s] [01m[K/opt/ros/jazzy/include/rclcpp/rclcpp/parameter_value.hpp:104:56:[m[K [01;36m[Knote: [m[K  no known conversion for argument 1 from ‘[01m[Kconst std::array<long int, 3>[m[K’ to ‘[01m[Kconst std::vector<unsigned char, std::allocator<unsigned char> >&[m[K’
[4.804s]   104 |   explicit ParameterValue([01;36m[Kconst std::vector<uint8_t> & byte_array_value[m[K);
[4.804s]       |                           [01;36m[K~~~~~~~~~~~~~~~~~~~~~~~~~~~~~^~~~~~~~~~~~~~~~[m[K
[4.804s] [01m[K/opt/ros/jazzy/include/rclcpp/rclcpp/parameter_value.hpp:101:12:[m[K [01;36m[Knote: [m[Kcandidate: ‘[01m[Krclcpp::ParameterValue::[01;32m[KParameterValue[m[K(const char*)[m[K’
[4.804s]   101 |   explicit [01;36m[KParameterValue[m[K(const char * string_value);
[4.805s]       |            [01;36m[K^~~~~~~~~~~~~~[m[K
[4.805s] [01m[K/opt/ros/jazzy/include/rclcpp/rclcpp/parameter_value.hpp:101:40:[m[K [01;36m[Knote: [m[K  no known conversion for argument 1 from ‘[01m[Kconst std::array<long int, 3>[m[K’ to ‘[01m[Kconst char*[m[K’
[4.805s]   101 |   explicit ParameterValue([01;36m[Kconst char * string_value[m[K);
[4.805s]       |                           [01;36m[K~~~~~~~~~~~~~^~~~~~~~~~~~[m[K
[4.805s] [01m[K/opt/ros/jazzy/include/rclcpp/rclcpp/parameter_value.hpp:98:12:[m[K [01;36m[Knote: [m[Kcandidate: ‘[01m[Krclcpp::ParameterValue::[01;32m[KParameterValue[m[K(const std::string&)[m[K’
[4.805s]    98 |   explicit [01;36m[KParameterValue[m[K(const std::string & string_value);
[4.806s]       |            [01;36m[K^~~~~~~~~~~~~~[m[K
[4.806s] [01m[K/opt/ros/jazzy/include/rclcpp/rclcpp/parameter_value.hpp:98:47:[m[K [01;36m[Knote: [m[K  no known conversion for argument 1 from ‘[01m[Kconst std::array<long int, 3>[m[K’ to ‘[01m[Kconst std::string&[m[K’ {aka ‘[01m[Kconst std::__cxx11::basic_string<char>&[m[K’}
[4.806s]    98 |   explicit ParameterValue([01;36m[Kconst std::string & string_value[m[K);
[4.806s]       |                           [01;36m[K~~~~~~~~~~~~~~~~~~~~^~~~~~~~~~~~[m[K
[4.806s] [01m[K/opt/ros/jazzy/include/rclcpp/rclcpp/parameter_value.hpp:95:12:[m[K [01;36m[Knote: [m[Kcandidate: ‘[01m[Krclcpp::ParameterValue::[01;32m[KParameterValue[m[K(double)[m[K’
[4.807s]    95 |   explicit [01;36m[KParameterValue[m[K(const double double_value);
[4.807s]       |            [01;36m[K^~~~~~~~~~~~~~[m[K
[4.807s] [01m[K/opt/ros/jazzy/include/rclcpp/rclcpp/parameter_value.hpp:95:40:[m[K [01;36m[Knote: [m[K  no known conversion for argument 1 from ‘[01m[Kconst std::array<long int, 3>[m[K’ to ‘[01m[Kdouble[m[K’
[4.807s]    95 |   explicit ParameterValue([01;36m[Kconst double double_value[m[K);
[4.807s]       |                           [01;36m[K~~~~~~~~~~~~~^~~~~~~~~~~~[m[K
[4.807s] [01m[K/opt/ros/jazzy/include/rclcpp/rclcpp/parameter_value.hpp:92:12:[m[K [01;36m[Knote: [m[Kcandidate: ‘[01m[Krclcpp::ParameterValue::[01;32m[KParameterValue[m[K(float)[m[K’
[4.808s]    92 |   explicit [01;36m[KParameterValue[m[K(const float double_value);
[4.808s]       |            [01;36m[K^~~~~~~~~~~~~~[m[K
[4.808s] [01m[K/opt/ros/jazzy/include/rclcpp/rclcpp/parameter_value.hpp:92:39:[m[K [01;36m[Knote: [m[K  no known conversion for argument 1 from ‘[01m[Kconst std::array<long int, 3>[m[K’ to ‘[01m[Kfloat[m[K’
[4.808s]    92 |   explicit ParameterValue([01;36m[Kconst float double_value[m[K);
[4.808s]       |                           [01;36m[K~~~~~~~~~~~~^~~~~~~~~~~~[m[K
[4.808s] [01m[K/opt/ros/jazzy/include/rclcpp/rclcpp/parameter_value.hpp:89:12:[m[K [01;36m[Knote: [m[Kcandidate: ‘[01m[Krclcpp::ParameterValue::[01;32m[KParameterValue[m[K(int64_t)[m[K’
[4.809s]    89 |   explicit [01;36m[KParameterValue[m[K(const int64_t int_value);
[4.809s]       |            [01;36m[K^~~~~~~~~~~~~~[m[K
[4.809s] [01m[K/opt/ros/jazzy/include/rclcpp/rclcpp/parameter_value.hpp:89:41:[m[K [01;36m[Knote: [m[K  no known conversion for argument 1 from ‘[01m[Kconst std::array<long int, 3>[m[K’ to ‘[01m[Kint64_t[m[K’ {aka ‘[01m[Klong int[m[K’}
[4.809s]    89 |   explicit ParameterValue([01;36m[Kconst int64_t int_value[m[K);
[4.810s]       |                           [01;36m[K~~~~~~~~~~~~~~^~~~~~~~~[m[K
[4.810s] [01m[K/opt/ros/jazzy/include/rclcpp/rclcpp/parameter_value.hpp:86:12:[m[K [01;36m[Knote: [m[Kcandidate: ‘[01m[Krclcpp::ParameterValue::[01;32m[KParameterValue[m[K(int)[m[K’
[4.810s]    86 |   explicit [01;36m[KParameterValue[m[K(const int int_value);
[4.810s]       |            [01;36m[K^~~~~~~~~~~~~~[m[K
[4.810s] [01m[K/opt/ros/jazzy/include/rclcpp/rclcpp/parameter_value.hpp:86:37:[m[K [01;36m[Knote: [m[K  no known conversion for argument 1 from ‘[01m[Kconst std::array<long int, 3>[m[K’ to ‘[01m[Kint[m[K’
[4.811s]    86 |   explicit ParameterValue([01;36m[Kconst int int_value[m[K);
[4.811s]       |                           [01;36m[K~~~~~~~~~~^~~~~~~~~[m[K
[4.811s] [01m[K/opt/ros/jazzy/include/rclcpp/rclcpp/parameter_value.hpp:83:12:[m[K [01;36m[Knote: [m[Kcandidate: ‘[01m[Krclcpp::ParameterValue::[01;32m[KParameterValue[m[K(bool)[m[K’
[4.811s]    83 |   explicit [01;36m[KParameterValue[m[K(const bool bool_value);
[4.811s]       |            [01;36m[K^~~~~~~~~~~~~~[m[K
[4.811s] [01m[K/opt/ros/jazzy/include/rclcpp/rclcpp/parameter_value.hpp:83:38:[m[K [01;36m[Knote: [m[K  no known conversion for argument 1 from ‘[01m[Kconst std::array<long int, 3>[m[K’ to ‘[01m[Kbool[m[K’
[4.812s]    83 |   explicit ParameterValue([01;36m[Kconst bool bool_value[m[K);
[4.812s]       |                           [01;36m[K~~~~~~~~~~~^~~~~~~~~~[m[K
[4.812s] [01m[K/opt/ros/jazzy/include/rclcpp/rclcpp/parameter_value.hpp:80:12:[m[K [01;36m[Knote: [m[Kcandidate: ‘[01m[Krclcpp::ParameterValue::[01;32m[KParameterValue[m[K(const rcl_interfaces::msg::ParameterValue&)[m[K’
[4.812s]    80 |   explicit [01;36m[KParameterValue[m[K(const rcl_interfaces::msg::ParameterValue & value);
[4.812s]       |            [01;36m[K^~~~~~~~~~~~~~[m[K
[4.812s] [01m[K/opt/ros/jazzy/include/rclcpp/rclcpp/parameter_value.hpp:80:71:[m[K [01;36m[Knote: [m[K  no known conversion for argument 1 from ‘[01m[Kconst std::array<long int, 3>[m[K’ to ‘[01m[Kconst rcl_interfaces::msg::ParameterValue&[m[K’ {aka ‘[01m[Kconst rcl_interfaces::msg::ParameterValue_<std::allocator<void> >&[m[K’}
[4.813s]    80 |   explicit ParameterValue([01;36m[Kconst rcl_interfaces::msg::ParameterValue & value[m[K);
[4.813s]       |                           [01;36m[K~~~~~~~~~~~~~~~~~~~~~~~~~~~~~~~~~~~~~~~~~~~~^~~~~[m[K
[4.813s] [01m[K/opt/ros/jazzy/include/rclcpp/rclcpp/parameter_value.hpp:77:3:[m[K [01;36m[Knote: [m[Kcandidate: ‘[01m[Krclcpp::ParameterValue::[01;32m[KParameterValue[m[K()[m[K’
[4.813s]    77 |   [01;36m[KParameterValue[m[K();
[4.813s]       |   [01;36m[K^~~~~~~~~~~~~~[m[K
[4.814s] [01m[K/opt/ros/jazzy/include/rclcpp/rclcpp/parameter_value.hpp:77:3:[m[K [01;36m[Knote: [m[K  candidate expects 0 arguments, 1 provided
[4.814s] [01m[K/opt/ros/jazzy/include/rclcpp/rclcpp/parameter_value.hpp:72:7:[m[K [01;36m[Knote: [m[Kcandidate: ‘[01m[Krclcpp::ParameterValue::[01;32m[KParameterValue[m[K(const rclcpp::ParameterValue&)[m[K’
[4.814s]    72 | class [01;36m[KParameterValue[m[K
[4.814s]       |       [01;36m[K^~~~~~~~~~~~~~[m[K
[4.814s] [01m[K/opt/ros/jazzy/include/rclcpp/rclcpp/parameter_value.hpp:72:7:[m[K [01;36m[Knote: [m[K  no known conversion for argument 1 from ‘[01m[Kconst std::array<long int, 3>[m[K’ to ‘[01m[Kconst rclcpp::ParameterValue&[m[K’
[4.814s] [01m[K/opt/ros/jazzy/include/rclcpp/rclcpp/parameter_value.hpp:72:7:[m[K [01;36m[Knote: [m[Kcandidate: ‘[01m[Krclcpp::ParameterValue::[01;32m[KParameterValue[m[K(rclcpp::ParameterValue&&)[m[K’
[4.815s] [01m[K/opt/ros/jazzy/include/rclcpp/rclcpp/parameter_value.hpp:72:7:[m[K [01;36m[Knote: [m[K  no known conversion for argument 1 from ‘[01m[Kconst std::array<long int, 3>[m[K’ to ‘[01m[Krclcpp::ParameterValue&&[m[K’
[7.192s] gmake[2]: *** [CMakeFiles/led_panel.dir/build.make:76: CMakeFiles/led_panel.dir/src/led_panel.cpp.o] Error 1
[7.193s] gmake[1]: *** [CMakeFiles/Makefile2:363: CMakeFiles/led_panel.dir/all] Error 2
[7.194s] gmake: *** [Makefile:146: all] Error 2
[7.199s] Invoked command in '/home/tuaydin/Desktop/ros2_ws/build/my_cpp_pkg' returned '2': CMAKE_PREFIX_PATH=/home/tuaydin/Desktop/ros2_ws/install/my_robot_interfaces:/home/tuaydin/Desktop/ros2_ws/install/my_robot_bringup:/home/tuaydin/Desktop/ros2_ws/install/my_cpp_pkg:/home/tuaydin/Desktop/ros2_ws/src/install/my_cpp_pkg:/opt/ros/jazzy/opt/gz_math_vendor:/opt/ros/jazzy/opt/gz_utils_vendor:/opt/ros/jazzy/opt/gz_cmake_vendor:/home/tuaydin/Desktop/ros2_ws/install/my_py_pkg:/home/tuaydin/Desktop/ros2_ws/src/install/my_py_pkg:/opt/ros/jazzy PYTHONPATH=/home/tuaydin/Desktop/ros2_ws/install/my_robot_interfaces/lib/python3.12/site-packages:/home/tuaydin/Desktop/ros2_ws/install/my_py_pkg/lib/python3.12/site-packages:/home/tuaydin/Desktop/ros2_ws/src/install/my_py_pkg/lib/python3.12/site-packages:/opt/ros/jazzy/lib/python3.12/site-packages /usr/bin/cmake --build /home/tuaydin/Desktop/ros2_ws/build/my_cpp_pkg -- -j16 -l16
