[0.990s] Invoking command in '/home/tuaydin/ros2_ws/build/my_py_pkg': PYTHONPATH=/home/tuaydin/ros2_ws/build/my_py_pkg/prefix_override:/usr/lib/python3/dist-packages/colcon_core/task/python/colcon_distutils_commands:/home/tuaydin/ros2_ws/install/my_py_pkg/lib/python3.12/site-packages:${PYTHONPATH} /usr/bin/python3 -W ignore:setup.py install is deprecated -W ignore:easy_install command is deprecated setup.py develop --editable --build-directory /home/tuaydin/ros2_ws/build/my_py_pkg/build --no-deps symlink_data --force
[1.254s] running develop
[1.416s] running egg_info
[1.432s] writing my_py_pkg.egg-info/PKG-INFO
[1.432s] writing dependency_links to my_py_pkg.egg-info/dependency_links.txt
[1.432s] writing entry points to my_py_pkg.egg-info/entry_points.txt
[1.433s] writing requirements to my_py_pkg.egg-info/requires.txt
[1.433s] writing top-level names to my_py_pkg.egg-info/top_level.txt
[1.464s] reading manifest file 'my_py_pkg.egg-info/SOURCES.txt'
[1.465s] writing manifest file 'my_py_pkg.egg-info/SOURCES.txt'
[1.481s] running build_ext
[1.481s] Creating /home/tuaydin/ros2_ws/install/my_py_pkg/lib/python3.12/site-packages/my-py-pkg.egg-link (link to .)
[1.482s] Installing py_node script to /home/tuaydin/ros2_ws/install/my_py_pkg/lib/my_py_pkg
[1.482s] Installing robot_news_station script to /home/tuaydin/ros2_ws/install/my_py_pkg/lib/my_py_pkg
[1.483s] 
[1.483s] Installed /home/tuaydin/ros2_ws/build/my_py_pkg
[1.483s] running symlink_data
[1.483s] symbolically linking /home/tuaydin/ros2_ws/build/my_py_pkg/resource/my_py_pkg -> /home/tuaydin/ros2_ws/install/my_py_pkg/share/ament_index/resource_index/packages
[1.483s] symbolically linking /home/tuaydin/ros2_ws/build/my_py_pkg/package.xml -> /home/tuaydin/ros2_ws/install/my_py_pkg/share/my_py_pkg
[1.517s] Invoked command in '/home/tuaydin/ros2_ws/build/my_py_pkg' returned '0': PYTHONPATH=/home/tuaydin/ros2_ws/build/my_py_pkg/prefix_override:/usr/lib/python3/dist-packages/colcon_core/task/python/colcon_distutils_commands:/home/tuaydin/ros2_ws/install/my_py_pkg/lib/python3.12/site-packages:${PYTHONPATH} /usr/bin/python3 -W ignore:setup.py install is deprecated -W ignore:easy_install command is deprecated setup.py develop --editable --build-directory /home/tuaydin/ros2_ws/build/my_py_pkg/build --no-deps symlink_data --force
