[0.012s] Invoking command in '/home/tuaydin/Desktop/ros2_ws/build/my_robot_interfaces': CMAKE_PREFIX_PATH=${CMAKE_PREFIX_PATH}:/home/tuaydin/Desktop/ros2_ws/install/my_py_pkg:/home/tuaydin/Desktop/ros2_ws/src/install/my_py_pkg:/opt/ros/jazzy /usr/bin/cmake --build /home/tuaydin/Desktop/ros2_ws/build/my_robot_interfaces -- -j16 -l16
[0.038s] -- Found ament_cmake: 2.5.3 (/opt/ros/jazzy/share/ament_cmake/cmake)
[0.134s] -- Found rosidl_default_generators: 1.6.0 (/opt/ros/jazzy/share/rosidl_default_generators/cmake)
[0.136s] -- Using all available rosidl_typesupport_c: rosidl_typesupport_fastrtps_c;rosidl_typesupport_introspection_c
[0.164s] -- Using all available rosidl_typesupport_cpp: rosidl_typesupport_fastrtps_cpp;rosidl_typesupport_introspection_cpp
[0.187s] -- Found rosidl_adapter: 4.6.5 (/opt/ros/jazzy/share/rosidl_adapter/cmake)
[0.344s] [31mCMake Error at /opt/ros/jazzy/share/rosidl_adapter/cmake/rosidl_adapt_interfaces.cmake:57 (message):
[0.345s]   execute_process(/usr/bin/python3 -m rosidl_adapter --package-name
[0.345s]   my_robot_interfaces --arguments-file
[0.345s]   /home/tuaydin/Desktop/ros2_ws/build/my_robot_interfaces/rosidl_adapter__arguments__my_robot_interfaces.json
[0.345s]   --output-dir
[0.345s]   /home/tuaydin/Desktop/ros2_ws/build/my_robot_interfaces/rosidl_adapter/my_robot_interfaces
[0.345s]   --output-file
[0.345s]   /home/tuaydin/Desktop/ros2_ws/build/my_robot_interfaces/rosidl_adapter/my_robot_interfaces.idls)
[0.345s]   returned error code 1:
[0.345s] 
[0.345s]   Error processing 'boolean success' of
[0.345s]   'my_robot_interfaces/SetLed_Response': ''boolean' is an invalid message
[0.345s]   name.  It should have the pattern '^[A-Z][A-Za-z0-9]*$''
[0.345s] 
[0.345s]   Traceback (most recent call last):
[0.346s] 
[0.346s]     File "<frozen runpy>", line 198, in _run_module_as_main
[0.346s]     File "<frozen runpy>", line 88, in _run_code
[0.346s]     File "/opt/ros/jazzy/lib/python3.12/site-packages/rosidl_adapter/__main__.py", line 19, in <module>
[0.346s]       sys.exit(main())
[0.346s]                ^^^^^^
[0.346s]     File "/opt/ros/jazzy/lib/python3.12/site-packages/rosidl_adapter/main.py", line 53, in main
[0.346s]       abs_idl_file = convert_to_idl(
[0.346s]                      ^^^^^^^^^^^^^^^
[0.346s]     File "/opt/ros/jazzy/lib/python3.12/site-packages/rosidl_adapter/__init__.py", line 24, in convert_to_idl
[0.346s]       return convert_srv_to_idl(
[0.346s]              ^^^^^^^^^^^^^^^^^^^
[0.346s]     File "/opt/ros/jazzy/lib/python3.12/site-packages/rosidl_adapter/srv/__init__.py", line 28, in convert_srv_to_idl
[0.346s]       srv = parse_service_string(package_name, input_file.stem, content)
[0.346s]             ^^^^^^^^^^^^^^^^^^^^^^^^^^^^^^^^^^^^^^^^^^^^^^^^^^^^^^^^^^^^
[0.346s]     File "/opt/ros/jazzy/lib/python3.12/site-packages/rosidl_adapter/parser.py", line 864, in parse_service_string
[0.347s]       response_message = parse_message_string(
[0.347s]                          ^^^^^^^^^^^^^^^^^^^^^
[0.347s]     File "/opt/ros/jazzy/lib/python3.12/site-packages/rosidl_adapter/parser.py", line 521, in parse_message_string
[0.347s]       Type(type_string, context_package_name=pkg_name),
[0.347s]       ^^^^^^^^^^^^^^^^^^^^^^^^^^^^^^^^^^^^^^^^^^^^^^^^
[0.347s]     File "/opt/ros/jazzy/lib/python3.12/site-packages/rosidl_adapter/parser.py", line 278, in __init__
[0.347s]       super(Type, self).__init__(
[0.347s]     File "/opt/ros/jazzy/lib/python3.12/site-packages/rosidl_adapter/parser.py", line 206, in __init__
[0.347s]       raise InvalidResourceName(
[0.347s] 
[0.347s]   rosidl_adapter.parser.InvalidResourceName: 'boolean' is an invalid message
[0.347s]   name.  It should have the pattern '^[A-Z][A-Za-z0-9]*$'
[0.347s] 
[0.347s] Call Stack (most recent call first):
[0.347s]   /opt/ros/jazzy/share/rosidl_cmake/cmake/rosidl_generate_interfaces.cmake:132 (rosidl_adapt_interfaces)
[0.347s]   CMakeLists.txt:12 (rosidl_generate_interfaces)
[0.347s] 
[0.347s] [0m
[0.348s] -- Configuring incomplete, errors occurred!
[0.350s] gmake: *** [Makefile:1355: cmake_check_build_system] Error 1
[0.352s] Invoked command in '/home/tuaydin/Desktop/ros2_ws/build/my_robot_interfaces' returned '2': CMAKE_PREFIX_PATH=${CMAKE_PREFIX_PATH}:/home/tuaydin/Desktop/ros2_ws/install/my_py_pkg:/home/tuaydin/Desktop/ros2_ws/src/install/my_py_pkg:/opt/ros/jazzy /usr/bin/cmake --build /home/tuaydin/Desktop/ros2_ws/build/my_robot_interfaces -- -j16 -l16
