[0.255s] DEBUG:colcon:Command line arguments: ['/usr/bin/colcon', 'build']
[0.255s] DEBUG:colcon:Parsed command line arguments: Namespace(log_base=None, log_level=None, verb_name='build', build_base='build', install_base='install', merge_install=False, symlink_install=False, test_result_base=None, continue_on_error=False, executor='parallel', parallel_workers=16, event_handlers=None, ignore_user_meta=False, metas=['./colcon.meta'], base_paths=['.'], packages_ignore=None, packages_ignore_regex=None, paths=None, packages_up_to=None, packages_up_to_regex=None, packages_above=None, packages_above_and_dependencies=None, packages_above_depth=None, packages_select_by_dep=None, packages_skip_by_dep=None, packages_skip_up_to=None, packages_select_build_failed=False, packages_skip_build_finished=False, packages_select_test_failures=False, packages_skip_test_passed=False, packages_select=None, packages_skip=None, packages_select_regex=None, packages_skip_regex=None, packages_start=None, packages_end=None, allow_overriding=[], cmake_args=None, cmake_target=None, cmake_target_skip_unavailable=False, cmake_clean_cache=False, cmake_clean_first=False, cmake_force_configure=False, ament_cmake_args=None, catkin_cmake_args=None, catkin_skip_building_tests=False, mixin_files=None, mixin=None, verb_parser=<colcon_mixin.mixin.mixin_argument.MixinArgumentDecorator object at 0x7c2c81966f30>, verb_extension=<colcon_core.verb.build.BuildVerb object at 0x7c2c81966cc0>, main=<bound method BuildVerb.main of <colcon_core.verb.build.BuildVerb object at 0x7c2c81966cc0>>, mixin_verb=('build',))
[0.349s] Level 1:colcon.colcon_core.package_discovery:discover_packages(colcon_meta) check parameters
[0.349s] Level 1:colcon.colcon_core.package_discovery:discover_packages(recursive) check parameters
[0.349s] Level 1:colcon.colcon_core.package_discovery:discover_packages(ignore) check parameters
[0.349s] Level 1:colcon.colcon_core.package_discovery:discover_packages(path) check parameters
[0.349s] Level 1:colcon.colcon_core.package_discovery:discover_packages(colcon_meta) discover
[0.349s] Level 1:colcon.colcon_core.package_discovery:discover_packages(recursive) discover
[0.349s] INFO:colcon.colcon_core.package_discovery:Crawling recursively for packages in '/home/tuaydin/Desktop/ros2_ws'
[0.350s] Level 1:colcon.colcon_core.package_identification:_identify(.) by extensions ['ignore', 'ignore_ament_install']
[0.350s] Level 1:colcon.colcon_core.package_identification:_identify(.) by extension 'ignore'
[0.350s] Level 1:colcon.colcon_core.package_identification:_identify(.) by extension 'ignore_ament_install'
[0.350s] Level 1:colcon.colcon_core.package_identification:_identify(.) by extensions ['colcon_pkg']
[0.350s] Level 1:colcon.colcon_core.package_identification:_identify(.) by extension 'colcon_pkg'
[0.350s] Level 1:colcon.colcon_core.package_identification:_identify(.) by extensions ['colcon_meta']
[0.350s] Level 1:colcon.colcon_core.package_identification:_identify(.) by extension 'colcon_meta'
[0.350s] Level 1:colcon.colcon_core.package_identification:_identify(.) by extensions ['ros']
[0.350s] Level 1:colcon.colcon_core.package_identification:_identify(.) by extension 'ros'
[0.417s] Level 1:colcon.colcon_core.package_identification:_identify(.) by extensions ['cmake', 'python']
[0.417s] Level 1:colcon.colcon_core.package_identification:_identify(.) by extension 'cmake'
[0.417s] Level 1:colcon.colcon_core.package_identification:_identify(.) by extension 'python'
[0.417s] Level 1:colcon.colcon_core.package_identification:_identify(.) by extensions ['python_setup_py']
[0.417s] Level 1:colcon.colcon_core.package_identification:_identify(.) by extension 'python_setup_py'
[0.418s] Level 1:colcon.colcon_core.package_identification:_identify(build) by extensions ['ignore', 'ignore_ament_install']
[0.418s] Level 1:colcon.colcon_core.package_identification:_identify(build) by extension 'ignore'
[0.418s] Level 1:colcon.colcon_core.package_identification:_identify(build) ignored
[0.418s] Level 1:colcon.colcon_core.package_identification:_identify(install) by extensions ['ignore', 'ignore_ament_install']
[0.419s] Level 1:colcon.colcon_core.package_identification:_identify(install) by extension 'ignore'
[0.419s] Level 1:colcon.colcon_core.package_identification:_identify(install) ignored
[0.419s] Level 1:colcon.colcon_core.package_identification:_identify(log) by extensions ['ignore', 'ignore_ament_install']
[0.419s] Level 1:colcon.colcon_core.package_identification:_identify(log) by extension 'ignore'
[0.419s] Level 1:colcon.colcon_core.package_identification:_identify(log) ignored
[0.420s] Level 1:colcon.colcon_core.package_identification:_identify(src) by extensions ['ignore', 'ignore_ament_install']
[0.420s] Level 1:colcon.colcon_core.package_identification:_identify(src) by extension 'ignore'
[0.420s] Level 1:colcon.colcon_core.package_identification:_identify(src) by extension 'ignore_ament_install'
[0.420s] Level 1:colcon.colcon_core.package_identification:_identify(src) by extensions ['colcon_pkg']
[0.421s] Level 1:colcon.colcon_core.package_identification:_identify(src) by extension 'colcon_pkg'
[0.421s] Level 1:colcon.colcon_core.package_identification:_identify(src) by extensions ['colcon_meta']
[0.421s] Level 1:colcon.colcon_core.package_identification:_identify(src) by extension 'colcon_meta'
[0.421s] Level 1:colcon.colcon_core.package_identification:_identify(src) by extensions ['ros']
[0.421s] Level 1:colcon.colcon_core.package_identification:_identify(src) by extension 'ros'
[0.421s] Level 1:colcon.colcon_core.package_identification:_identify(src) by extensions ['cmake', 'python']
[0.421s] Level 1:colcon.colcon_core.package_identification:_identify(src) by extension 'cmake'
[0.422s] Level 1:colcon.colcon_core.package_identification:_identify(src) by extension 'python'
[0.422s] Level 1:colcon.colcon_core.package_identification:_identify(src) by extensions ['python_setup_py']
[0.422s] Level 1:colcon.colcon_core.package_identification:_identify(src) by extension 'python_setup_py'
[0.422s] Level 1:colcon.colcon_core.package_identification:_identify(src/build) by extensions ['ignore', 'ignore_ament_install']
[0.422s] Level 1:colcon.colcon_core.package_identification:_identify(src/build) by extension 'ignore'
[0.423s] Level 1:colcon.colcon_core.package_identification:_identify(src/build) ignored
[0.423s] Level 1:colcon.colcon_core.package_identification:_identify(src/install) by extensions ['ignore', 'ignore_ament_install']
[0.423s] Level 1:colcon.colcon_core.package_identification:_identify(src/install) by extension 'ignore'
[0.423s] Level 1:colcon.colcon_core.package_identification:_identify(src/install) ignored
[0.423s] Level 1:colcon.colcon_core.package_identification:_identify(src/log) by extensions ['ignore', 'ignore_ament_install']
[0.424s] Level 1:colcon.colcon_core.package_identification:_identify(src/log) by extension 'ignore'
[0.424s] Level 1:colcon.colcon_core.package_identification:_identify(src/log) ignored
[0.424s] Level 1:colcon.colcon_core.package_identification:_identify(src/my_cpp_pkg) by extensions ['ignore', 'ignore_ament_install']
[0.424s] Level 1:colcon.colcon_core.package_identification:_identify(src/my_cpp_pkg) by extension 'ignore'
[0.425s] Level 1:colcon.colcon_core.package_identification:_identify(src/my_cpp_pkg) by extension 'ignore_ament_install'
[0.425s] Level 1:colcon.colcon_core.package_identification:_identify(src/my_cpp_pkg) by extensions ['colcon_pkg']
[0.425s] Level 1:colcon.colcon_core.package_identification:_identify(src/my_cpp_pkg) by extension 'colcon_pkg'
[0.425s] Level 1:colcon.colcon_core.package_identification:_identify(src/my_cpp_pkg) by extensions ['colcon_meta']
[0.425s] Level 1:colcon.colcon_core.package_identification:_identify(src/my_cpp_pkg) by extension 'colcon_meta'
[0.425s] Level 1:colcon.colcon_core.package_identification:_identify(src/my_cpp_pkg) by extensions ['ros']
[0.425s] Level 1:colcon.colcon_core.package_identification:_identify(src/my_cpp_pkg) by extension 'ros'
[0.431s] DEBUG:colcon.colcon_core.package_identification:Package 'src/my_cpp_pkg' with type 'ros.ament_cmake' and name 'my_cpp_pkg'
[0.431s] Level 1:colcon.colcon_core.package_identification:_identify(src/my_py_pkg) by extensions ['ignore', 'ignore_ament_install']
[0.431s] Level 1:colcon.colcon_core.package_identification:_identify(src/my_py_pkg) by extension 'ignore'
[0.431s] Level 1:colcon.colcon_core.package_identification:_identify(src/my_py_pkg) by extension 'ignore_ament_install'
[0.431s] Level 1:colcon.colcon_core.package_identification:_identify(src/my_py_pkg) by extensions ['colcon_pkg']
[0.432s] Level 1:colcon.colcon_core.package_identification:_identify(src/my_py_pkg) by extension 'colcon_pkg'
[0.432s] Level 1:colcon.colcon_core.package_identification:_identify(src/my_py_pkg) by extensions ['colcon_meta']
[0.432s] Level 1:colcon.colcon_core.package_identification:_identify(src/my_py_pkg) by extension 'colcon_meta'
[0.432s] Level 1:colcon.colcon_core.package_identification:_identify(src/my_py_pkg) by extensions ['ros']
[0.432s] Level 1:colcon.colcon_core.package_identification:_identify(src/my_py_pkg) by extension 'ros'
[0.433s] DEBUG:colcon.colcon_core.package_identification:Package 'src/my_py_pkg' with type 'ros.ament_python' and name 'my_py_pkg'
[0.433s] Level 1:colcon.colcon_core.package_identification:_identify(src/my_robot_bringup) by extensions ['ignore', 'ignore_ament_install']
[0.434s] Level 1:colcon.colcon_core.package_identification:_identify(src/my_robot_bringup) by extension 'ignore'
[0.434s] Level 1:colcon.colcon_core.package_identification:_identify(src/my_robot_bringup) by extension 'ignore_ament_install'
[0.434s] Level 1:colcon.colcon_core.package_identification:_identify(src/my_robot_bringup) by extensions ['colcon_pkg']
[0.434s] Level 1:colcon.colcon_core.package_identification:_identify(src/my_robot_bringup) by extension 'colcon_pkg'
[0.434s] Level 1:colcon.colcon_core.package_identification:_identify(src/my_robot_bringup) by extensions ['colcon_meta']
[0.434s] Level 1:colcon.colcon_core.package_identification:_identify(src/my_robot_bringup) by extension 'colcon_meta'
[0.434s] Level 1:colcon.colcon_core.package_identification:_identify(src/my_robot_bringup) by extensions ['ros']
[0.434s] Level 1:colcon.colcon_core.package_identification:_identify(src/my_robot_bringup) by extension 'ros'
[0.435s] DEBUG:colcon.colcon_core.package_identification:Package 'src/my_robot_bringup' with type 'ros.ament_cmake' and name 'my_robot_bringup'
[0.435s] Level 1:colcon.colcon_core.package_identification:_identify(src/my_robot_interfaces) by extensions ['ignore', 'ignore_ament_install']
[0.436s] Level 1:colcon.colcon_core.package_identification:_identify(src/my_robot_interfaces) by extension 'ignore'
[0.436s] Level 1:colcon.colcon_core.package_identification:_identify(src/my_robot_interfaces) by extension 'ignore_ament_install'
[0.436s] Level 1:colcon.colcon_core.package_identification:_identify(src/my_robot_interfaces) by extensions ['colcon_pkg']
[0.436s] Level 1:colcon.colcon_core.package_identification:_identify(src/my_robot_interfaces) by extension 'colcon_pkg'
[0.436s] Level 1:colcon.colcon_core.package_identification:_identify(src/my_robot_interfaces) by extensions ['colcon_meta']
[0.436s] Level 1:colcon.colcon_core.package_identification:_identify(src/my_robot_interfaces) by extension 'colcon_meta'
[0.436s] Level 1:colcon.colcon_core.package_identification:_identify(src/my_robot_interfaces) by extensions ['ros']
[0.436s] Level 1:colcon.colcon_core.package_identification:_identify(src/my_robot_interfaces) by extension 'ros'
[0.437s] DEBUG:colcon.colcon_core.package_identification:Package 'src/my_robot_interfaces' with type 'ros.ament_cmake' and name 'my_robot_interfaces'
[0.437s] Level 1:colcon.colcon_core.package_discovery:discover_packages(recursive) using defaults
[0.438s] Level 1:colcon.colcon_core.package_discovery:discover_packages(ignore) discover
[0.438s] Level 1:colcon.colcon_core.package_discovery:discover_packages(ignore) using defaults
[0.438s] Level 1:colcon.colcon_core.package_discovery:discover_packages(path) discover
[0.438s] Level 1:colcon.colcon_core.package_discovery:discover_packages(path) using defaults
[0.479s] Level 1:colcon.colcon_core.package_discovery:discover_packages(prefix_path) check parameters
[0.479s] Level 1:colcon.colcon_core.package_discovery:discover_packages(prefix_path) discover
[0.484s] DEBUG:colcon.colcon_installed_package_information.package_discovery:Found 4 installed packages in /home/tuaydin/Desktop/ros2_ws/install
[0.485s] DEBUG:colcon.colcon_installed_package_information.package_discovery:Found 2 installed packages in /home/tuaydin/Desktop/ros2_ws/src/install
[0.489s] DEBUG:colcon.colcon_installed_package_information.package_discovery:Found 284 installed packages in /opt/ros/jazzy
[0.492s] Level 1:colcon.colcon_core.package_discovery:discover_packages(prefix_path) using defaults
[0.591s] Level 5:colcon.colcon_core.verb:set package 'my_robot_interfaces' build argument 'cmake_args' from command line to 'None'
[0.592s] Level 5:colcon.colcon_core.verb:set package 'my_robot_interfaces' build argument 'cmake_target' from command line to 'None'
[0.592s] Level 5:colcon.colcon_core.verb:set package 'my_robot_interfaces' build argument 'cmake_target_skip_unavailable' from command line to 'False'
[0.592s] Level 5:colcon.colcon_core.verb:set package 'my_robot_interfaces' build argument 'cmake_clean_cache' from command line to 'False'
[0.592s] Level 5:colcon.colcon_core.verb:set package 'my_robot_interfaces' build argument 'cmake_clean_first' from command line to 'False'
[0.592s] Level 5:colcon.colcon_core.verb:set package 'my_robot_interfaces' build argument 'cmake_force_configure' from command line to 'False'
[0.592s] Level 5:colcon.colcon_core.verb:set package 'my_robot_interfaces' build argument 'ament_cmake_args' from command line to 'None'
[0.592s] Level 5:colcon.colcon_core.verb:set package 'my_robot_interfaces' build argument 'catkin_cmake_args' from command line to 'None'
[0.592s] Level 5:colcon.colcon_core.verb:set package 'my_robot_interfaces' build argument 'catkin_skip_building_tests' from command line to 'False'
[0.592s] DEBUG:colcon.colcon_core.verb:Building package 'my_robot_interfaces' with the following arguments: {'ament_cmake_args': None, 'build_base': '/home/tuaydin/Desktop/ros2_ws/build/my_robot_interfaces', 'catkin_cmake_args': None, 'catkin_skip_building_tests': False, 'cmake_args': None, 'cmake_clean_cache': False, 'cmake_clean_first': False, 'cmake_force_configure': False, 'cmake_target': None, 'cmake_target_skip_unavailable': False, 'install_base': '/home/tuaydin/Desktop/ros2_ws/install/my_robot_interfaces', 'merge_install': False, 'path': '/home/tuaydin/Desktop/ros2_ws/src/my_robot_interfaces', 'symlink_install': False, 'test_result_base': None}
[0.593s] Level 5:colcon.colcon_core.verb:set package 'my_cpp_pkg' build argument 'cmake_args' from command line to 'None'
[0.593s] Level 5:colcon.colcon_core.verb:set package 'my_cpp_pkg' build argument 'cmake_target' from command line to 'None'
[0.593s] Level 5:colcon.colcon_core.verb:set package 'my_cpp_pkg' build argument 'cmake_target_skip_unavailable' from command line to 'False'
[0.593s] Level 5:colcon.colcon_core.verb:set package 'my_cpp_pkg' build argument 'cmake_clean_cache' from command line to 'False'
[0.593s] Level 5:colcon.colcon_core.verb:set package 'my_cpp_pkg' build argument 'cmake_clean_first' from command line to 'False'
[0.593s] Level 5:colcon.colcon_core.verb:set package 'my_cpp_pkg' build argument 'cmake_force_configure' from command line to 'False'
[0.593s] Level 5:colcon.colcon_core.verb:set package 'my_cpp_pkg' build argument 'ament_cmake_args' from command line to 'None'
[0.593s] Level 5:colcon.colcon_core.verb:set package 'my_cpp_pkg' build argument 'catkin_cmake_args' from command line to 'None'
[0.593s] Level 5:colcon.colcon_core.verb:set package 'my_cpp_pkg' build argument 'catkin_skip_building_tests' from command line to 'False'
[0.593s] DEBUG:colcon.colcon_core.verb:Building package 'my_cpp_pkg' with the following arguments: {'ament_cmake_args': None, 'build_base': '/home/tuaydin/Desktop/ros2_ws/build/my_cpp_pkg', 'catkin_cmake_args': None, 'catkin_skip_building_tests': False, 'cmake_args': None, 'cmake_clean_cache': False, 'cmake_clean_first': False, 'cmake_force_configure': False, 'cmake_target': None, 'cmake_target_skip_unavailable': False, 'install_base': '/home/tuaydin/Desktop/ros2_ws/install/my_cpp_pkg', 'merge_install': False, 'path': '/home/tuaydin/Desktop/ros2_ws/src/my_cpp_pkg', 'symlink_install': False, 'test_result_base': None}
[0.594s] Level 5:colcon.colcon_core.verb:set package 'my_py_pkg' build argument 'cmake_args' from command line to 'None'
[0.594s] Level 5:colcon.colcon_core.verb:set package 'my_py_pkg' build argument 'cmake_target' from command line to 'None'
[0.594s] Level 5:colcon.colcon_core.verb:set package 'my_py_pkg' build argument 'cmake_target_skip_unavailable' from command line to 'False'
[0.594s] Level 5:colcon.colcon_core.verb:set package 'my_py_pkg' build argument 'cmake_clean_cache' from command line to 'False'
[0.594s] Level 5:colcon.colcon_core.verb:set package 'my_py_pkg' build argument 'cmake_clean_first' from command line to 'False'
[0.594s] Level 5:colcon.colcon_core.verb:set package 'my_py_pkg' build argument 'cmake_force_configure' from command line to 'False'
[0.594s] Level 5:colcon.colcon_core.verb:set package 'my_py_pkg' build argument 'ament_cmake_args' from command line to 'None'
[0.594s] Level 5:colcon.colcon_core.verb:set package 'my_py_pkg' build argument 'catkin_cmake_args' from command line to 'None'
[0.594s] Level 5:colcon.colcon_core.verb:set package 'my_py_pkg' build argument 'catkin_skip_building_tests' from command line to 'False'
[0.594s] DEBUG:colcon.colcon_core.verb:Building package 'my_py_pkg' with the following arguments: {'ament_cmake_args': None, 'build_base': '/home/tuaydin/Desktop/ros2_ws/build/my_py_pkg', 'catkin_cmake_args': None, 'catkin_skip_building_tests': False, 'cmake_args': None, 'cmake_clean_cache': False, 'cmake_clean_first': False, 'cmake_force_configure': False, 'cmake_target': None, 'cmake_target_skip_unavailable': False, 'install_base': '/home/tuaydin/Desktop/ros2_ws/install/my_py_pkg', 'merge_install': False, 'path': '/home/tuaydin/Desktop/ros2_ws/src/my_py_pkg', 'symlink_install': False, 'test_result_base': None}
[0.595s] Level 5:colcon.colcon_core.verb:set package 'my_robot_bringup' build argument 'cmake_args' from command line to 'None'
[0.595s] Level 5:colcon.colcon_core.verb:set package 'my_robot_bringup' build argument 'cmake_target' from command line to 'None'
[0.595s] Level 5:colcon.colcon_core.verb:set package 'my_robot_bringup' build argument 'cmake_target_skip_unavailable' from command line to 'False'
[0.595s] Level 5:colcon.colcon_core.verb:set package 'my_robot_bringup' build argument 'cmake_clean_cache' from command line to 'False'
[0.595s] Level 5:colcon.colcon_core.verb:set package 'my_robot_bringup' build argument 'cmake_clean_first' from command line to 'False'
[0.595s] Level 5:colcon.colcon_core.verb:set package 'my_robot_bringup' build argument 'cmake_force_configure' from command line to 'False'
[0.595s] Level 5:colcon.colcon_core.verb:set package 'my_robot_bringup' build argument 'ament_cmake_args' from command line to 'None'
[0.595s] Level 5:colcon.colcon_core.verb:set package 'my_robot_bringup' build argument 'catkin_cmake_args' from command line to 'None'
[0.595s] Level 5:colcon.colcon_core.verb:set package 'my_robot_bringup' build argument 'catkin_skip_building_tests' from command line to 'False'
[0.596s] DEBUG:colcon.colcon_core.verb:Building package 'my_robot_bringup' with the following arguments: {'ament_cmake_args': None, 'build_base': '/home/tuaydin/Desktop/ros2_ws/build/my_robot_bringup', 'catkin_cmake_args': None, 'catkin_skip_building_tests': False, 'cmake_args': None, 'cmake_clean_cache': False, 'cmake_clean_first': False, 'cmake_force_configure': False, 'cmake_target': None, 'cmake_target_skip_unavailable': False, 'install_base': '/home/tuaydin/Desktop/ros2_ws/install/my_robot_bringup', 'merge_install': False, 'path': '/home/tuaydin/Desktop/ros2_ws/src/my_robot_bringup', 'symlink_install': False, 'test_result_base': None}
[0.596s] INFO:colcon.colcon_core.executor:Executing jobs using 'parallel' executor
[0.598s] DEBUG:colcon.colcon_parallel_executor.executor.parallel:run_until_complete
[0.599s] INFO:colcon.colcon_ros.task.ament_cmake.build:Building ROS package in '/home/tuaydin/Desktop/ros2_ws/src/my_robot_interfaces' with build type 'ament_cmake'
[0.599s] INFO:colcon.colcon_cmake.task.cmake.build:Building CMake package in '/home/tuaydin/Desktop/ros2_ws/src/my_robot_interfaces'
[0.603s] INFO:colcon.colcon_core.plugin_system:Skipping extension 'colcon_core.shell.bat': Not used on non-Windows systems
[0.604s] INFO:colcon.colcon_core.shell:Skip shell extension 'powershell' for command environment: Not usable outside of PowerShell
[0.604s] DEBUG:colcon.colcon_core.shell:Skip shell extension 'dsv' for command environment
[0.625s] DEBUG:colcon.colcon_core.event_handler.log_command:Invoking command in '/home/tuaydin/Desktop/ros2_ws/build/my_robot_interfaces': CMAKE_PREFIX_PATH=${CMAKE_PREFIX_PATH}:/home/tuaydin/Desktop/ros2_ws/install/my_py_pkg:/home/tuaydin/Desktop/ros2_ws/src/install/my_py_pkg:/opt/ros/jazzy /usr/bin/cmake --build /home/tuaydin/Desktop/ros2_ws/build/my_robot_interfaces -- -j16 -l16
[1.563s] DEBUG:colcon.colcon_core.event_handler.log_command:Invoked command in '/home/tuaydin/Desktop/ros2_ws/build/my_robot_interfaces' returned '0': CMAKE_PREFIX_PATH=${CMAKE_PREFIX_PATH}:/home/tuaydin/Desktop/ros2_ws/install/my_py_pkg:/home/tuaydin/Desktop/ros2_ws/src/install/my_py_pkg:/opt/ros/jazzy /usr/bin/cmake --build /home/tuaydin/Desktop/ros2_ws/build/my_robot_interfaces -- -j16 -l16
[1.580s] DEBUG:colcon.colcon_core.event_handler.log_command:Invoking command in '/home/tuaydin/Desktop/ros2_ws/build/my_robot_interfaces': CMAKE_PREFIX_PATH=${CMAKE_PREFIX_PATH}:/home/tuaydin/Desktop/ros2_ws/install/my_py_pkg:/home/tuaydin/Desktop/ros2_ws/src/install/my_py_pkg:/opt/ros/jazzy /usr/bin/cmake --install /home/tuaydin/Desktop/ros2_ws/build/my_robot_interfaces
[1.692s] Level 1:colcon.colcon_core.environment:create_environment_scripts_only(my_robot_interfaces)
[1.693s] DEBUG:colcon.colcon_core.event_handler.log_command:Invoked command in '/home/tuaydin/Desktop/ros2_ws/build/my_robot_interfaces' returned '0': CMAKE_PREFIX_PATH=${CMAKE_PREFIX_PATH}:/home/tuaydin/Desktop/ros2_ws/install/my_py_pkg:/home/tuaydin/Desktop/ros2_ws/src/install/my_py_pkg:/opt/ros/jazzy /usr/bin/cmake --install /home/tuaydin/Desktop/ros2_ws/build/my_robot_interfaces
[1.697s] Level 1:colcon.colcon_core.environment:checking '/home/tuaydin/Desktop/ros2_ws/install/my_robot_interfaces' for CMake module files
[1.699s] Level 1:colcon.colcon_core.environment:checking '/home/tuaydin/Desktop/ros2_ws/install/my_robot_interfaces' for CMake config files
[1.700s] Level 1:colcon.colcon_core.shell:create_environment_hook('my_robot_interfaces', 'cmake_prefix_path')
[1.700s] INFO:colcon.colcon_core.shell:Creating environment hook '/home/tuaydin/Desktop/ros2_ws/install/my_robot_interfaces/share/my_robot_interfaces/hook/cmake_prefix_path.ps1'
[1.702s] INFO:colcon.colcon_core.shell:Creating environment descriptor '/home/tuaydin/Desktop/ros2_ws/install/my_robot_interfaces/share/my_robot_interfaces/hook/cmake_prefix_path.dsv'
[1.703s] INFO:colcon.colcon_core.shell:Creating environment hook '/home/tuaydin/Desktop/ros2_ws/install/my_robot_interfaces/share/my_robot_interfaces/hook/cmake_prefix_path.sh'
[1.704s] Level 1:colcon.colcon_core.environment:checking '/home/tuaydin/Desktop/ros2_ws/install/my_robot_interfaces/lib'
[1.705s] Level 1:colcon.colcon_core.shell:create_environment_hook('my_robot_interfaces', 'ld_library_path_lib')
[1.705s] INFO:colcon.colcon_core.shell:Creating environment hook '/home/tuaydin/Desktop/ros2_ws/install/my_robot_interfaces/share/my_robot_interfaces/hook/ld_library_path_lib.ps1'
[1.706s] INFO:colcon.colcon_core.shell:Creating environment descriptor '/home/tuaydin/Desktop/ros2_ws/install/my_robot_interfaces/share/my_robot_interfaces/hook/ld_library_path_lib.dsv'
[1.707s] INFO:colcon.colcon_core.shell:Creating environment hook '/home/tuaydin/Desktop/ros2_ws/install/my_robot_interfaces/share/my_robot_interfaces/hook/ld_library_path_lib.sh'
[1.707s] Level 1:colcon.colcon_core.environment:checking '/home/tuaydin/Desktop/ros2_ws/install/my_robot_interfaces/bin'
[1.708s] Level 1:colcon.colcon_core.environment:checking '/home/tuaydin/Desktop/ros2_ws/install/my_robot_interfaces/lib/pkgconfig/my_robot_interfaces.pc'
[1.708s] Level 1:colcon.colcon_core.environment:checking '/home/tuaydin/Desktop/ros2_ws/install/my_robot_interfaces/lib/python3.12/site-packages'
[1.708s] Level 1:colcon.colcon_core.shell:create_environment_hook('my_robot_interfaces', 'pythonpath')
[1.709s] INFO:colcon.colcon_core.shell:Creating environment hook '/home/tuaydin/Desktop/ros2_ws/install/my_robot_interfaces/share/my_robot_interfaces/hook/pythonpath.ps1'
[1.710s] INFO:colcon.colcon_core.shell:Creating environment descriptor '/home/tuaydin/Desktop/ros2_ws/install/my_robot_interfaces/share/my_robot_interfaces/hook/pythonpath.dsv'
[1.710s] INFO:colcon.colcon_core.shell:Creating environment hook '/home/tuaydin/Desktop/ros2_ws/install/my_robot_interfaces/share/my_robot_interfaces/hook/pythonpath.sh'
[1.712s] Level 1:colcon.colcon_core.environment:checking '/home/tuaydin/Desktop/ros2_ws/install/my_robot_interfaces/bin'
[1.712s] INFO:colcon.colcon_core.shell:Creating package script '/home/tuaydin/Desktop/ros2_ws/install/my_robot_interfaces/share/my_robot_interfaces/package.ps1'
[1.714s] INFO:colcon.colcon_core.shell:Creating package descriptor '/home/tuaydin/Desktop/ros2_ws/install/my_robot_interfaces/share/my_robot_interfaces/package.dsv'
[1.715s] INFO:colcon.colcon_core.shell:Creating package script '/home/tuaydin/Desktop/ros2_ws/install/my_robot_interfaces/share/my_robot_interfaces/package.sh'
[1.716s] INFO:colcon.colcon_core.shell:Creating package script '/home/tuaydin/Desktop/ros2_ws/install/my_robot_interfaces/share/my_robot_interfaces/package.bash'
[1.718s] INFO:colcon.colcon_core.shell:Creating package script '/home/tuaydin/Desktop/ros2_ws/install/my_robot_interfaces/share/my_robot_interfaces/package.zsh'
[1.719s] Level 1:colcon.colcon_core.environment:create_file_with_runtime_dependencies(/home/tuaydin/Desktop/ros2_ws/install/my_robot_interfaces/share/colcon-core/packages/my_robot_interfaces)
[1.720s] Level 1:colcon.colcon_core.environment:create_environment_scripts_only(my_robot_interfaces)
[1.720s] Level 1:colcon.colcon_core.environment:checking '/home/tuaydin/Desktop/ros2_ws/install/my_robot_interfaces' for CMake module files
[1.722s] Level 1:colcon.colcon_core.environment:checking '/home/tuaydin/Desktop/ros2_ws/install/my_robot_interfaces' for CMake config files
[1.723s] Level 1:colcon.colcon_core.shell:create_environment_hook('my_robot_interfaces', 'cmake_prefix_path')
[1.724s] INFO:colcon.colcon_core.shell:Creating environment hook '/home/tuaydin/Desktop/ros2_ws/install/my_robot_interfaces/share/my_robot_interfaces/hook/cmake_prefix_path.ps1'
[1.724s] INFO:colcon.colcon_core.shell:Creating environment descriptor '/home/tuaydin/Desktop/ros2_ws/install/my_robot_interfaces/share/my_robot_interfaces/hook/cmake_prefix_path.dsv'
[1.725s] INFO:colcon.colcon_core.shell:Creating environment hook '/home/tuaydin/Desktop/ros2_ws/install/my_robot_interfaces/share/my_robot_interfaces/hook/cmake_prefix_path.sh'
[1.726s] Level 1:colcon.colcon_core.environment:checking '/home/tuaydin/Desktop/ros2_ws/install/my_robot_interfaces/lib'
[1.727s] Level 1:colcon.colcon_core.shell:create_environment_hook('my_robot_interfaces', 'ld_library_path_lib')
[1.727s] INFO:colcon.colcon_core.shell:Creating environment hook '/home/tuaydin/Desktop/ros2_ws/install/my_robot_interfaces/share/my_robot_interfaces/hook/ld_library_path_lib.ps1'
[1.728s] INFO:colcon.colcon_core.shell:Creating environment descriptor '/home/tuaydin/Desktop/ros2_ws/install/my_robot_interfaces/share/my_robot_interfaces/hook/ld_library_path_lib.dsv'
[1.729s] INFO:colcon.colcon_core.shell:Creating environment hook '/home/tuaydin/Desktop/ros2_ws/install/my_robot_interfaces/share/my_robot_interfaces/hook/ld_library_path_lib.sh'
[1.730s] Level 1:colcon.colcon_core.environment:checking '/home/tuaydin/Desktop/ros2_ws/install/my_robot_interfaces/bin'
[1.730s] Level 1:colcon.colcon_core.environment:checking '/home/tuaydin/Desktop/ros2_ws/install/my_robot_interfaces/lib/pkgconfig/my_robot_interfaces.pc'
[1.731s] Level 1:colcon.colcon_core.environment:checking '/home/tuaydin/Desktop/ros2_ws/install/my_robot_interfaces/lib/python3.12/site-packages'
[1.731s] Level 1:colcon.colcon_core.shell:create_environment_hook('my_robot_interfaces', 'pythonpath')
[1.731s] INFO:colcon.colcon_core.shell:Creating environment hook '/home/tuaydin/Desktop/ros2_ws/install/my_robot_interfaces/share/my_robot_interfaces/hook/pythonpath.ps1'
[1.732s] INFO:colcon.colcon_core.shell:Creating environment descriptor '/home/tuaydin/Desktop/ros2_ws/install/my_robot_interfaces/share/my_robot_interfaces/hook/pythonpath.dsv'
[1.733s] INFO:colcon.colcon_core.shell:Creating environment hook '/home/tuaydin/Desktop/ros2_ws/install/my_robot_interfaces/share/my_robot_interfaces/hook/pythonpath.sh'
[1.734s] Level 1:colcon.colcon_core.environment:checking '/home/tuaydin/Desktop/ros2_ws/install/my_robot_interfaces/bin'
[1.735s] INFO:colcon.colcon_core.shell:Creating package script '/home/tuaydin/Desktop/ros2_ws/install/my_robot_interfaces/share/my_robot_interfaces/package.ps1'
[1.736s] INFO:colcon.colcon_core.shell:Creating package descriptor '/home/tuaydin/Desktop/ros2_ws/install/my_robot_interfaces/share/my_robot_interfaces/package.dsv'
[1.737s] INFO:colcon.colcon_core.shell:Creating package script '/home/tuaydin/Desktop/ros2_ws/install/my_robot_interfaces/share/my_robot_interfaces/package.sh'
[1.738s] INFO:colcon.colcon_core.shell:Creating package script '/home/tuaydin/Desktop/ros2_ws/install/my_robot_interfaces/share/my_robot_interfaces/package.bash'
[1.739s] INFO:colcon.colcon_core.shell:Creating package script '/home/tuaydin/Desktop/ros2_ws/install/my_robot_interfaces/share/my_robot_interfaces/package.zsh'
[1.740s] Level 1:colcon.colcon_core.environment:create_file_with_runtime_dependencies(/home/tuaydin/Desktop/ros2_ws/install/my_robot_interfaces/share/colcon-core/packages/my_robot_interfaces)
[1.740s] INFO:colcon.colcon_ros.task.ament_cmake.build:Building ROS package in '/home/tuaydin/Desktop/ros2_ws/src/my_cpp_pkg' with build type 'ament_cmake'
[1.741s] INFO:colcon.colcon_cmake.task.cmake.build:Building CMake package in '/home/tuaydin/Desktop/ros2_ws/src/my_cpp_pkg'
[1.741s] INFO:colcon.colcon_core.shell:Skip shell extension 'powershell' for command environment: Not usable outside of PowerShell
[1.741s] DEBUG:colcon.colcon_core.shell:Skip shell extension 'dsv' for command environment
[1.750s] INFO:colcon.colcon_ros.task.ament_python.build:Building ROS package in '/home/tuaydin/Desktop/ros2_ws/src/my_py_pkg' with build type 'ament_python'
[1.750s] Level 1:colcon.colcon_core.shell:create_environment_hook('my_py_pkg', 'ament_prefix_path')
[1.751s] INFO:colcon.colcon_core.shell:Creating environment hook '/home/tuaydin/Desktop/ros2_ws/install/my_py_pkg/share/my_py_pkg/hook/ament_prefix_path.ps1'
[1.752s] INFO:colcon.colcon_core.shell:Creating environment descriptor '/home/tuaydin/Desktop/ros2_ws/install/my_py_pkg/share/my_py_pkg/hook/ament_prefix_path.dsv'
[1.753s] INFO:colcon.colcon_core.shell:Creating environment hook '/home/tuaydin/Desktop/ros2_ws/install/my_py_pkg/share/my_py_pkg/hook/ament_prefix_path.sh'
[1.754s] INFO:colcon.colcon_core.shell:Skip shell extension 'powershell' for command environment: Not usable outside of PowerShell
[1.754s] DEBUG:colcon.colcon_core.shell:Skip shell extension 'dsv' for command environment
[1.767s] DEBUG:colcon.colcon_core.event_handler.log_command:Invoking command in '/home/tuaydin/Desktop/ros2_ws/build/my_cpp_pkg': CMAKE_PREFIX_PATH=/home/tuaydin/Desktop/ros2_ws/install/my_robot_interfaces:/home/tuaydin/Desktop/ros2_ws/install/my_robot_bringup:/home/tuaydin/Desktop/ros2_ws/install/my_cpp_pkg:/home/tuaydin/Desktop/ros2_ws/src/install/my_cpp_pkg:/opt/ros/jazzy/opt/gz_math_vendor:/opt/ros/jazzy/opt/gz_utils_vendor:/opt/ros/jazzy/opt/gz_cmake_vendor:/home/tuaydin/Desktop/ros2_ws/install/my_py_pkg:/home/tuaydin/Desktop/ros2_ws/src/install/my_py_pkg:/opt/ros/jazzy PYTHONPATH=/home/tuaydin/Desktop/ros2_ws/install/my_robot_interfaces/lib/python3.12/site-packages:/home/tuaydin/Desktop/ros2_ws/install/my_py_pkg/lib/python3.12/site-packages:/home/tuaydin/Desktop/ros2_ws/src/install/my_py_pkg/lib/python3.12/site-packages:/opt/ros/jazzy/lib/python3.12/site-packages /usr/bin/cmake --build /home/tuaydin/Desktop/ros2_ws/build/my_cpp_pkg -- -j16 -l16
[2.295s] INFO:colcon.colcon_core.task.python.build:Building Python package in '/home/tuaydin/Desktop/ros2_ws/src/my_py_pkg'
[2.296s] INFO:colcon.colcon_core.shell:Skip shell extension 'powershell' for command environment: Not usable outside of PowerShell
[2.296s] DEBUG:colcon.colcon_core.shell:Skip shell extension 'dsv' for command environment
[3.528s] DEBUG:colcon.colcon_core.event_handler.log_command:Invoking command in '/home/tuaydin/Desktop/ros2_ws/src/my_py_pkg': CMAKE_PREFIX_PATH=/home/tuaydin/Desktop/ros2_ws/install/my_robot_interfaces:/home/tuaydin/Desktop/ros2_ws/install/my_robot_bringup:/home/tuaydin/Desktop/ros2_ws/install/my_cpp_pkg:/home/tuaydin/Desktop/ros2_ws/src/install/my_cpp_pkg:/opt/ros/jazzy/opt/gz_math_vendor:/opt/ros/jazzy/opt/gz_utils_vendor:/opt/ros/jazzy/opt/gz_cmake_vendor PYTHONPATH=/home/tuaydin/Desktop/ros2_ws/build/my_py_pkg/prefix_override:/usr/lib/python3/dist-packages/colcon_core/task/python/colcon_distutils_commands:/home/tuaydin/Desktop/ros2_ws/install/my_py_pkg/lib/python3.12/site-packages:/home/tuaydin/Desktop/ros2_ws/install/my_robot_interfaces/lib/python3.12/site-packages:/home/tuaydin/Desktop/ros2_ws/install/my_py_pkg/lib/python3.12/site-packages:/home/tuaydin/Desktop/ros2_ws/src/install/my_py_pkg/lib/python3.12/site-packages:/opt/ros/jazzy/lib/python3.12/site-packages /usr/bin/python3 -W ignore:setup.py install is deprecated -W ignore:easy_install command is deprecated setup.py egg_info --egg-base ../../build/my_py_pkg build --build-base /home/tuaydin/Desktop/ros2_ws/build/my_py_pkg/build install --record /home/tuaydin/Desktop/ros2_ws/build/my_py_pkg/install.log --single-version-externally-managed install_data
[4.795s] Level 1:colcon.colcon_core.environment:checking '/home/tuaydin/Desktop/ros2_ws/install/my_py_pkg' for CMake module files
[4.797s] DEBUG:colcon.colcon_core.event_handler.log_command:Invoked command in '/home/tuaydin/Desktop/ros2_ws/src/my_py_pkg' returned '0': CMAKE_PREFIX_PATH=/home/tuaydin/Desktop/ros2_ws/install/my_robot_interfaces:/home/tuaydin/Desktop/ros2_ws/install/my_robot_bringup:/home/tuaydin/Desktop/ros2_ws/install/my_cpp_pkg:/home/tuaydin/Desktop/ros2_ws/src/install/my_cpp_pkg:/opt/ros/jazzy/opt/gz_math_vendor:/opt/ros/jazzy/opt/gz_utils_vendor:/opt/ros/jazzy/opt/gz_cmake_vendor PYTHONPATH=/home/tuaydin/Desktop/ros2_ws/build/my_py_pkg/prefix_override:/usr/lib/python3/dist-packages/colcon_core/task/python/colcon_distutils_commands:/home/tuaydin/Desktop/ros2_ws/install/my_py_pkg/lib/python3.12/site-packages:/home/tuaydin/Desktop/ros2_ws/install/my_robot_interfaces/lib/python3.12/site-packages:/home/tuaydin/Desktop/ros2_ws/install/my_py_pkg/lib/python3.12/site-packages:/home/tuaydin/Desktop/ros2_ws/src/install/my_py_pkg/lib/python3.12/site-packages:/opt/ros/jazzy/lib/python3.12/site-packages /usr/bin/python3 -W ignore:setup.py install is deprecated -W ignore:easy_install command is deprecated setup.py egg_info --egg-base ../../build/my_py_pkg build --build-base /home/tuaydin/Desktop/ros2_ws/build/my_py_pkg/build install --record /home/tuaydin/Desktop/ros2_ws/build/my_py_pkg/install.log --single-version-externally-managed install_data
[4.797s] Level 1:colcon.colcon_core.environment:checking '/home/tuaydin/Desktop/ros2_ws/install/my_py_pkg' for CMake config files
[4.799s] Level 1:colcon.colcon_core.environment:checking '/home/tuaydin/Desktop/ros2_ws/install/my_py_pkg/lib'
[4.799s] Level 1:colcon.colcon_core.environment:checking '/home/tuaydin/Desktop/ros2_ws/install/my_py_pkg/bin'
[4.799s] Level 1:colcon.colcon_core.environment:checking '/home/tuaydin/Desktop/ros2_ws/install/my_py_pkg/lib/pkgconfig/my_py_pkg.pc'
[4.800s] Level 1:colcon.colcon_core.environment:checking '/home/tuaydin/Desktop/ros2_ws/install/my_py_pkg/lib/python3.12/site-packages'
[4.800s] Level 1:colcon.colcon_core.shell:create_environment_hook('my_py_pkg', 'pythonpath')
[4.800s] INFO:colcon.colcon_core.shell:Creating environment hook '/home/tuaydin/Desktop/ros2_ws/install/my_py_pkg/share/my_py_pkg/hook/pythonpath.ps1'
[4.801s] INFO:colcon.colcon_core.shell:Creating environment descriptor '/home/tuaydin/Desktop/ros2_ws/install/my_py_pkg/share/my_py_pkg/hook/pythonpath.dsv'
[4.802s] INFO:colcon.colcon_core.shell:Creating environment hook '/home/tuaydin/Desktop/ros2_ws/install/my_py_pkg/share/my_py_pkg/hook/pythonpath.sh'
[4.803s] Level 1:colcon.colcon_core.environment:checking '/home/tuaydin/Desktop/ros2_ws/install/my_py_pkg/bin'
[4.803s] Level 1:colcon.colcon_core.environment:create_environment_scripts_only(my_py_pkg)
[4.804s] INFO:colcon.colcon_core.shell:Creating package script '/home/tuaydin/Desktop/ros2_ws/install/my_py_pkg/share/my_py_pkg/package.ps1'
[4.805s] INFO:colcon.colcon_core.shell:Creating package descriptor '/home/tuaydin/Desktop/ros2_ws/install/my_py_pkg/share/my_py_pkg/package.dsv'
[4.806s] INFO:colcon.colcon_core.shell:Creating package script '/home/tuaydin/Desktop/ros2_ws/install/my_py_pkg/share/my_py_pkg/package.sh'
[4.807s] INFO:colcon.colcon_core.shell:Creating package script '/home/tuaydin/Desktop/ros2_ws/install/my_py_pkg/share/my_py_pkg/package.bash'
[4.808s] INFO:colcon.colcon_core.shell:Creating package script '/home/tuaydin/Desktop/ros2_ws/install/my_py_pkg/share/my_py_pkg/package.zsh'
[4.808s] Level 1:colcon.colcon_core.environment:create_file_with_runtime_dependencies(/home/tuaydin/Desktop/ros2_ws/install/my_py_pkg/share/colcon-core/packages/my_py_pkg)
[13.452s] DEBUG:colcon.colcon_core.event_handler.log_command:Invoked command in '/home/tuaydin/Desktop/ros2_ws/build/my_cpp_pkg' returned '0': CMAKE_PREFIX_PATH=/home/tuaydin/Desktop/ros2_ws/install/my_robot_interfaces:/home/tuaydin/Desktop/ros2_ws/install/my_robot_bringup:/home/tuaydin/Desktop/ros2_ws/install/my_cpp_pkg:/home/tuaydin/Desktop/ros2_ws/src/install/my_cpp_pkg:/opt/ros/jazzy/opt/gz_math_vendor:/opt/ros/jazzy/opt/gz_utils_vendor:/opt/ros/jazzy/opt/gz_cmake_vendor:/home/tuaydin/Desktop/ros2_ws/install/my_py_pkg:/home/tuaydin/Desktop/ros2_ws/src/install/my_py_pkg:/opt/ros/jazzy PYTHONPATH=/home/tuaydin/Desktop/ros2_ws/install/my_robot_interfaces/lib/python3.12/site-packages:/home/tuaydin/Desktop/ros2_ws/install/my_py_pkg/lib/python3.12/site-packages:/home/tuaydin/Desktop/ros2_ws/src/install/my_py_pkg/lib/python3.12/site-packages:/opt/ros/jazzy/lib/python3.12/site-packages /usr/bin/cmake --build /home/tuaydin/Desktop/ros2_ws/build/my_cpp_pkg -- -j16 -l16
[13.453s] DEBUG:colcon.colcon_core.event_handler.log_command:Invoking command in '/home/tuaydin/Desktop/ros2_ws/build/my_cpp_pkg': CMAKE_PREFIX_PATH=/home/tuaydin/Desktop/ros2_ws/install/my_robot_interfaces:/home/tuaydin/Desktop/ros2_ws/install/my_robot_bringup:/home/tuaydin/Desktop/ros2_ws/install/my_cpp_pkg:/home/tuaydin/Desktop/ros2_ws/src/install/my_cpp_pkg:/opt/ros/jazzy/opt/gz_math_vendor:/opt/ros/jazzy/opt/gz_utils_vendor:/opt/ros/jazzy/opt/gz_cmake_vendor:/home/tuaydin/Desktop/ros2_ws/install/my_py_pkg:/home/tuaydin/Desktop/ros2_ws/src/install/my_py_pkg:/opt/ros/jazzy PYTHONPATH=/home/tuaydin/Desktop/ros2_ws/install/my_robot_interfaces/lib/python3.12/site-packages:/home/tuaydin/Desktop/ros2_ws/install/my_py_pkg/lib/python3.12/site-packages:/home/tuaydin/Desktop/ros2_ws/src/install/my_py_pkg/lib/python3.12/site-packages:/opt/ros/jazzy/lib/python3.12/site-packages /usr/bin/cmake --install /home/tuaydin/Desktop/ros2_ws/build/my_cpp_pkg
[13.473s] Level 1:colcon.colcon_core.environment:create_environment_scripts_only(my_cpp_pkg)
[13.473s] Level 1:colcon.colcon_core.environment:checking '/home/tuaydin/Desktop/ros2_ws/install/my_cpp_pkg' for CMake module files
[13.473s] DEBUG:colcon.colcon_core.event_handler.log_command:Invoked command in '/home/tuaydin/Desktop/ros2_ws/build/my_cpp_pkg' returned '0': CMAKE_PREFIX_PATH=/home/tuaydin/Desktop/ros2_ws/install/my_robot_interfaces:/home/tuaydin/Desktop/ros2_ws/install/my_robot_bringup:/home/tuaydin/Desktop/ros2_ws/install/my_cpp_pkg:/home/tuaydin/Desktop/ros2_ws/src/install/my_cpp_pkg:/opt/ros/jazzy/opt/gz_math_vendor:/opt/ros/jazzy/opt/gz_utils_vendor:/opt/ros/jazzy/opt/gz_cmake_vendor:/home/tuaydin/Desktop/ros2_ws/install/my_py_pkg:/home/tuaydin/Desktop/ros2_ws/src/install/my_py_pkg:/opt/ros/jazzy PYTHONPATH=/home/tuaydin/Desktop/ros2_ws/install/my_robot_interfaces/lib/python3.12/site-packages:/home/tuaydin/Desktop/ros2_ws/install/my_py_pkg/lib/python3.12/site-packages:/home/tuaydin/Desktop/ros2_ws/src/install/my_py_pkg/lib/python3.12/site-packages:/opt/ros/jazzy/lib/python3.12/site-packages /usr/bin/cmake --install /home/tuaydin/Desktop/ros2_ws/build/my_cpp_pkg
[13.473s] Level 1:colcon.colcon_core.environment:checking '/home/tuaydin/Desktop/ros2_ws/install/my_cpp_pkg' for CMake config files
[13.474s] Level 1:colcon.colcon_core.shell:create_environment_hook('my_cpp_pkg', 'cmake_prefix_path')
[13.474s] INFO:colcon.colcon_core.shell:Creating environment hook '/home/tuaydin/Desktop/ros2_ws/install/my_cpp_pkg/share/my_cpp_pkg/hook/cmake_prefix_path.ps1'
[13.474s] INFO:colcon.colcon_core.shell:Creating environment descriptor '/home/tuaydin/Desktop/ros2_ws/install/my_cpp_pkg/share/my_cpp_pkg/hook/cmake_prefix_path.dsv'
[13.474s] INFO:colcon.colcon_core.shell:Creating environment hook '/home/tuaydin/Desktop/ros2_ws/install/my_cpp_pkg/share/my_cpp_pkg/hook/cmake_prefix_path.sh'
[13.475s] Level 1:colcon.colcon_core.environment:checking '/home/tuaydin/Desktop/ros2_ws/install/my_cpp_pkg/lib'
[13.475s] Level 1:colcon.colcon_core.environment:checking '/home/tuaydin/Desktop/ros2_ws/install/my_cpp_pkg/bin'
[13.475s] Level 1:colcon.colcon_core.environment:checking '/home/tuaydin/Desktop/ros2_ws/install/my_cpp_pkg/lib/pkgconfig/my_cpp_pkg.pc'
[13.475s] Level 1:colcon.colcon_core.environment:checking '/home/tuaydin/Desktop/ros2_ws/install/my_cpp_pkg/lib/python3.12/site-packages'
[13.475s] Level 1:colcon.colcon_core.environment:checking '/home/tuaydin/Desktop/ros2_ws/install/my_cpp_pkg/bin'
[13.475s] INFO:colcon.colcon_core.shell:Creating package script '/home/tuaydin/Desktop/ros2_ws/install/my_cpp_pkg/share/my_cpp_pkg/package.ps1'
[13.476s] INFO:colcon.colcon_core.shell:Creating package descriptor '/home/tuaydin/Desktop/ros2_ws/install/my_cpp_pkg/share/my_cpp_pkg/package.dsv'
[13.476s] INFO:colcon.colcon_core.shell:Creating package script '/home/tuaydin/Desktop/ros2_ws/install/my_cpp_pkg/share/my_cpp_pkg/package.sh'
[13.476s] INFO:colcon.colcon_core.shell:Creating package script '/home/tuaydin/Desktop/ros2_ws/install/my_cpp_pkg/share/my_cpp_pkg/package.bash'
[13.476s] INFO:colcon.colcon_core.shell:Creating package script '/home/tuaydin/Desktop/ros2_ws/install/my_cpp_pkg/share/my_cpp_pkg/package.zsh'
[13.477s] Level 1:colcon.colcon_core.environment:create_file_with_runtime_dependencies(/home/tuaydin/Desktop/ros2_ws/install/my_cpp_pkg/share/colcon-core/packages/my_cpp_pkg)
[13.477s] Level 1:colcon.colcon_core.environment:create_environment_scripts_only(my_cpp_pkg)
[13.477s] Level 1:colcon.colcon_core.environment:checking '/home/tuaydin/Desktop/ros2_ws/install/my_cpp_pkg' for CMake module files
[13.477s] Level 1:colcon.colcon_core.environment:checking '/home/tuaydin/Desktop/ros2_ws/install/my_cpp_pkg' for CMake config files
[13.478s] Level 1:colcon.colcon_core.shell:create_environment_hook('my_cpp_pkg', 'cmake_prefix_path')
[13.478s] INFO:colcon.colcon_core.shell:Creating environment hook '/home/tuaydin/Desktop/ros2_ws/install/my_cpp_pkg/share/my_cpp_pkg/hook/cmake_prefix_path.ps1'
[13.478s] INFO:colcon.colcon_core.shell:Creating environment descriptor '/home/tuaydin/Desktop/ros2_ws/install/my_cpp_pkg/share/my_cpp_pkg/hook/cmake_prefix_path.dsv'
[13.478s] INFO:colcon.colcon_core.shell:Creating environment hook '/home/tuaydin/Desktop/ros2_ws/install/my_cpp_pkg/share/my_cpp_pkg/hook/cmake_prefix_path.sh'
[13.479s] Level 1:colcon.colcon_core.environment:checking '/home/tuaydin/Desktop/ros2_ws/install/my_cpp_pkg/lib'
[13.479s] Level 1:colcon.colcon_core.environment:checking '/home/tuaydin/Desktop/ros2_ws/install/my_cpp_pkg/bin'
[13.479s] Level 1:colcon.colcon_core.environment:checking '/home/tuaydin/Desktop/ros2_ws/install/my_cpp_pkg/lib/pkgconfig/my_cpp_pkg.pc'
[13.479s] Level 1:colcon.colcon_core.environment:checking '/home/tuaydin/Desktop/ros2_ws/install/my_cpp_pkg/lib/python3.12/site-packages'
[13.479s] Level 1:colcon.colcon_core.environment:checking '/home/tuaydin/Desktop/ros2_ws/install/my_cpp_pkg/bin'
[13.479s] INFO:colcon.colcon_core.shell:Creating package script '/home/tuaydin/Desktop/ros2_ws/install/my_cpp_pkg/share/my_cpp_pkg/package.ps1'
[13.480s] INFO:colcon.colcon_core.shell:Creating package descriptor '/home/tuaydin/Desktop/ros2_ws/install/my_cpp_pkg/share/my_cpp_pkg/package.dsv'
[13.480s] INFO:colcon.colcon_core.shell:Creating package script '/home/tuaydin/Desktop/ros2_ws/install/my_cpp_pkg/share/my_cpp_pkg/package.sh'
[13.481s] INFO:colcon.colcon_core.shell:Creating package script '/home/tuaydin/Desktop/ros2_ws/install/my_cpp_pkg/share/my_cpp_pkg/package.bash'
[13.481s] INFO:colcon.colcon_core.shell:Creating package script '/home/tuaydin/Desktop/ros2_ws/install/my_cpp_pkg/share/my_cpp_pkg/package.zsh'
[13.481s] Level 1:colcon.colcon_core.environment:create_file_with_runtime_dependencies(/home/tuaydin/Desktop/ros2_ws/install/my_cpp_pkg/share/colcon-core/packages/my_cpp_pkg)
[13.481s] INFO:colcon.colcon_ros.task.ament_cmake.build:Building ROS package in '/home/tuaydin/Desktop/ros2_ws/src/my_robot_bringup' with build type 'ament_cmake'
[13.482s] INFO:colcon.colcon_cmake.task.cmake.build:Building CMake package in '/home/tuaydin/Desktop/ros2_ws/src/my_robot_bringup'
[13.482s] INFO:colcon.colcon_core.shell:Skip shell extension 'powershell' for command environment: Not usable outside of PowerShell
[13.482s] DEBUG:colcon.colcon_core.shell:Skip shell extension 'dsv' for command environment
[13.494s] DEBUG:colcon.colcon_core.event_handler.log_command:Invoking command in '/home/tuaydin/Desktop/ros2_ws/build/my_robot_bringup': AMENT_PREFIX_PATH=/home/tuaydin/Desktop/ros2_ws/install/my_py_pkg:/home/tuaydin/Desktop/ros2_ws/install/my_robot_bringup:/home/tuaydin/Desktop/ros2_ws/install/my_cpp_pkg:/home/tuaydin/Desktop/ros2_ws/install/my_robot_interfaces:/home/tuaydin/Desktop/ros2_ws/src/install/my_py_pkg:/home/tuaydin/Desktop/ros2_ws/src/install/my_cpp_pkg:/opt/ros/jazzy CMAKE_PREFIX_PATH=/home/tuaydin/Desktop/ros2_ws/install/my_cpp_pkg:/home/tuaydin/Desktop/ros2_ws/install/my_robot_interfaces:/home/tuaydin/Desktop/ros2_ws/install/my_robot_bringup:/home/tuaydin/Desktop/ros2_ws/src/install/my_cpp_pkg:/opt/ros/jazzy/opt/gz_math_vendor:/opt/ros/jazzy/opt/gz_utils_vendor:/opt/ros/jazzy/opt/gz_cmake_vendor:/home/tuaydin/Desktop/ros2_ws/install/my_py_pkg:/home/tuaydin/Desktop/ros2_ws/src/install/my_py_pkg:/opt/ros/jazzy /usr/bin/cmake --build /home/tuaydin/Desktop/ros2_ws/build/my_robot_bringup -- -j16 -l16
[13.534s] DEBUG:colcon.colcon_core.event_handler.log_command:Invoked command in '/home/tuaydin/Desktop/ros2_ws/build/my_robot_bringup' returned '0': AMENT_PREFIX_PATH=/home/tuaydin/Desktop/ros2_ws/install/my_py_pkg:/home/tuaydin/Desktop/ros2_ws/install/my_robot_bringup:/home/tuaydin/Desktop/ros2_ws/install/my_cpp_pkg:/home/tuaydin/Desktop/ros2_ws/install/my_robot_interfaces:/home/tuaydin/Desktop/ros2_ws/src/install/my_py_pkg:/home/tuaydin/Desktop/ros2_ws/src/install/my_cpp_pkg:/opt/ros/jazzy CMAKE_PREFIX_PATH=/home/tuaydin/Desktop/ros2_ws/install/my_cpp_pkg:/home/tuaydin/Desktop/ros2_ws/install/my_robot_interfaces:/home/tuaydin/Desktop/ros2_ws/install/my_robot_bringup:/home/tuaydin/Desktop/ros2_ws/src/install/my_cpp_pkg:/opt/ros/jazzy/opt/gz_math_vendor:/opt/ros/jazzy/opt/gz_utils_vendor:/opt/ros/jazzy/opt/gz_cmake_vendor:/home/tuaydin/Desktop/ros2_ws/install/my_py_pkg:/home/tuaydin/Desktop/ros2_ws/src/install/my_py_pkg:/opt/ros/jazzy /usr/bin/cmake --build /home/tuaydin/Desktop/ros2_ws/build/my_robot_bringup -- -j16 -l16
[13.535s] DEBUG:colcon.colcon_core.event_handler.log_command:Invoking command in '/home/tuaydin/Desktop/ros2_ws/build/my_robot_bringup': AMENT_PREFIX_PATH=/home/tuaydin/Desktop/ros2_ws/install/my_py_pkg:/home/tuaydin/Desktop/ros2_ws/install/my_robot_bringup:/home/tuaydin/Desktop/ros2_ws/install/my_cpp_pkg:/home/tuaydin/Desktop/ros2_ws/install/my_robot_interfaces:/home/tuaydin/Desktop/ros2_ws/src/install/my_py_pkg:/home/tuaydin/Desktop/ros2_ws/src/install/my_cpp_pkg:/opt/ros/jazzy CMAKE_PREFIX_PATH=/home/tuaydin/Desktop/ros2_ws/install/my_cpp_pkg:/home/tuaydin/Desktop/ros2_ws/install/my_robot_interfaces:/home/tuaydin/Desktop/ros2_ws/install/my_robot_bringup:/home/tuaydin/Desktop/ros2_ws/src/install/my_cpp_pkg:/opt/ros/jazzy/opt/gz_math_vendor:/opt/ros/jazzy/opt/gz_utils_vendor:/opt/ros/jazzy/opt/gz_cmake_vendor:/home/tuaydin/Desktop/ros2_ws/install/my_py_pkg:/home/tuaydin/Desktop/ros2_ws/src/install/my_py_pkg:/opt/ros/jazzy /usr/bin/cmake --install /home/tuaydin/Desktop/ros2_ws/build/my_robot_bringup
[13.545s] Level 1:colcon.colcon_core.environment:create_environment_scripts_only(my_robot_bringup)
[13.546s] Level 1:colcon.colcon_core.environment:checking '/home/tuaydin/Desktop/ros2_ws/install/my_robot_bringup' for CMake module files
[13.546s] DEBUG:colcon.colcon_core.event_handler.log_command:Invoked command in '/home/tuaydin/Desktop/ros2_ws/build/my_robot_bringup' returned '0': AMENT_PREFIX_PATH=/home/tuaydin/Desktop/ros2_ws/install/my_py_pkg:/home/tuaydin/Desktop/ros2_ws/install/my_robot_bringup:/home/tuaydin/Desktop/ros2_ws/install/my_cpp_pkg:/home/tuaydin/Desktop/ros2_ws/install/my_robot_interfaces:/home/tuaydin/Desktop/ros2_ws/src/install/my_py_pkg:/home/tuaydin/Desktop/ros2_ws/src/install/my_cpp_pkg:/opt/ros/jazzy CMAKE_PREFIX_PATH=/home/tuaydin/Desktop/ros2_ws/install/my_cpp_pkg:/home/tuaydin/Desktop/ros2_ws/install/my_robot_interfaces:/home/tuaydin/Desktop/ros2_ws/install/my_robot_bringup:/home/tuaydin/Desktop/ros2_ws/src/install/my_cpp_pkg:/opt/ros/jazzy/opt/gz_math_vendor:/opt/ros/jazzy/opt/gz_utils_vendor:/opt/ros/jazzy/opt/gz_cmake_vendor:/home/tuaydin/Desktop/ros2_ws/install/my_py_pkg:/home/tuaydin/Desktop/ros2_ws/src/install/my_py_pkg:/opt/ros/jazzy /usr/bin/cmake --install /home/tuaydin/Desktop/ros2_ws/build/my_robot_bringup
[13.546s] Level 1:colcon.colcon_core.environment:checking '/home/tuaydin/Desktop/ros2_ws/install/my_robot_bringup' for CMake config files
[13.546s] Level 1:colcon.colcon_core.shell:create_environment_hook('my_robot_bringup', 'cmake_prefix_path')
[13.547s] INFO:colcon.colcon_core.shell:Creating environment hook '/home/tuaydin/Desktop/ros2_ws/install/my_robot_bringup/share/my_robot_bringup/hook/cmake_prefix_path.ps1'
[13.547s] INFO:colcon.colcon_core.shell:Creating environment descriptor '/home/tuaydin/Desktop/ros2_ws/install/my_robot_bringup/share/my_robot_bringup/hook/cmake_prefix_path.dsv'
[13.547s] INFO:colcon.colcon_core.shell:Creating environment hook '/home/tuaydin/Desktop/ros2_ws/install/my_robot_bringup/share/my_robot_bringup/hook/cmake_prefix_path.sh'
[13.548s] Level 1:colcon.colcon_core.environment:checking '/home/tuaydin/Desktop/ros2_ws/install/my_robot_bringup/bin'
[13.548s] Level 1:colcon.colcon_core.environment:checking '/home/tuaydin/Desktop/ros2_ws/install/my_robot_bringup/lib/pkgconfig/my_robot_bringup.pc'
[13.548s] Level 1:colcon.colcon_core.environment:checking '/home/tuaydin/Desktop/ros2_ws/install/my_robot_bringup/lib/python3.12/site-packages'
[13.548s] Level 1:colcon.colcon_core.environment:checking '/home/tuaydin/Desktop/ros2_ws/install/my_robot_bringup/bin'
[13.548s] INFO:colcon.colcon_core.shell:Creating package script '/home/tuaydin/Desktop/ros2_ws/install/my_robot_bringup/share/my_robot_bringup/package.ps1'
[13.549s] INFO:colcon.colcon_core.shell:Creating package descriptor '/home/tuaydin/Desktop/ros2_ws/install/my_robot_bringup/share/my_robot_bringup/package.dsv'
[13.549s] INFO:colcon.colcon_core.shell:Creating package script '/home/tuaydin/Desktop/ros2_ws/install/my_robot_bringup/share/my_robot_bringup/package.sh'
[13.549s] INFO:colcon.colcon_core.shell:Creating package script '/home/tuaydin/Desktop/ros2_ws/install/my_robot_bringup/share/my_robot_bringup/package.bash'
[13.549s] INFO:colcon.colcon_core.shell:Creating package script '/home/tuaydin/Desktop/ros2_ws/install/my_robot_bringup/share/my_robot_bringup/package.zsh'
[13.550s] Level 1:colcon.colcon_core.environment:create_file_with_runtime_dependencies(/home/tuaydin/Desktop/ros2_ws/install/my_robot_bringup/share/colcon-core/packages/my_robot_bringup)
[13.550s] Level 1:colcon.colcon_core.environment:create_environment_scripts_only(my_robot_bringup)
[13.550s] Level 1:colcon.colcon_core.environment:checking '/home/tuaydin/Desktop/ros2_ws/install/my_robot_bringup' for CMake module files
[13.551s] Level 1:colcon.colcon_core.environment:checking '/home/tuaydin/Desktop/ros2_ws/install/my_robot_bringup' for CMake config files
[13.551s] Level 1:colcon.colcon_core.shell:create_environment_hook('my_robot_bringup', 'cmake_prefix_path')
[13.551s] INFO:colcon.colcon_core.shell:Creating environment hook '/home/tuaydin/Desktop/ros2_ws/install/my_robot_bringup/share/my_robot_bringup/hook/cmake_prefix_path.ps1'
[13.551s] INFO:colcon.colcon_core.shell:Creating environment descriptor '/home/tuaydin/Desktop/ros2_ws/install/my_robot_bringup/share/my_robot_bringup/hook/cmake_prefix_path.dsv'
[13.551s] INFO:colcon.colcon_core.shell:Creating environment hook '/home/tuaydin/Desktop/ros2_ws/install/my_robot_bringup/share/my_robot_bringup/hook/cmake_prefix_path.sh'
[13.552s] Level 1:colcon.colcon_core.environment:checking '/home/tuaydin/Desktop/ros2_ws/install/my_robot_bringup/bin'
[13.552s] Level 1:colcon.colcon_core.environment:checking '/home/tuaydin/Desktop/ros2_ws/install/my_robot_bringup/lib/pkgconfig/my_robot_bringup.pc'
[13.552s] Level 1:colcon.colcon_core.environment:checking '/home/tuaydin/Desktop/ros2_ws/install/my_robot_bringup/lib/python3.12/site-packages'
[13.552s] Level 1:colcon.colcon_core.environment:checking '/home/tuaydin/Desktop/ros2_ws/install/my_robot_bringup/bin'
[13.552s] INFO:colcon.colcon_core.shell:Creating package script '/home/tuaydin/Desktop/ros2_ws/install/my_robot_bringup/share/my_robot_bringup/package.ps1'
[13.553s] INFO:colcon.colcon_core.shell:Creating package descriptor '/home/tuaydin/Desktop/ros2_ws/install/my_robot_bringup/share/my_robot_bringup/package.dsv'
[13.553s] INFO:colcon.colcon_core.shell:Creating package script '/home/tuaydin/Desktop/ros2_ws/install/my_robot_bringup/share/my_robot_bringup/package.sh'
[13.553s] INFO:colcon.colcon_core.shell:Creating package script '/home/tuaydin/Desktop/ros2_ws/install/my_robot_bringup/share/my_robot_bringup/package.bash'
[13.554s] INFO:colcon.colcon_core.shell:Creating package script '/home/tuaydin/Desktop/ros2_ws/install/my_robot_bringup/share/my_robot_bringup/package.zsh'
[13.554s] Level 1:colcon.colcon_core.environment:create_file_with_runtime_dependencies(/home/tuaydin/Desktop/ros2_ws/install/my_robot_bringup/share/colcon-core/packages/my_robot_bringup)
[13.554s] DEBUG:colcon.colcon_parallel_executor.executor.parallel:closing loop
[13.554s] DEBUG:colcon.colcon_parallel_executor.executor.parallel:loop closed
[13.554s] DEBUG:colcon.colcon_parallel_executor.executor.parallel:run_until_complete finished with '0'
[13.554s] DEBUG:colcon.colcon_core.event_reactor:joining thread
[13.559s] INFO:colcon.colcon_core.plugin_system:Skipping extension 'colcon_notification.desktop_notification.terminal_notifier': Not used on non-Darwin systems
[13.559s] INFO:colcon.colcon_core.plugin_system:Skipping extension 'colcon_notification.desktop_notification.win32': Not used on non-Windows systems
[13.559s] INFO:colcon.colcon_notification.desktop_notification:Sending desktop notification using 'notify2'
[13.570s] DEBUG:colcon.colcon_core.event_reactor:joined thread
[13.570s] INFO:colcon.colcon_core.shell:Creating prefix script '/home/tuaydin/Desktop/ros2_ws/install/local_setup.ps1'
[13.572s] INFO:colcon.colcon_core.shell:Creating prefix util module '/home/tuaydin/Desktop/ros2_ws/install/_local_setup_util_ps1.py'
[13.572s] INFO:colcon.colcon_core.shell:Creating prefix chain script '/home/tuaydin/Desktop/ros2_ws/install/setup.ps1'
[13.573s] INFO:colcon.colcon_core.shell:Creating prefix script '/home/tuaydin/Desktop/ros2_ws/install/local_setup.sh'
[13.574s] INFO:colcon.colcon_core.shell:Creating prefix util module '/home/tuaydin/Desktop/ros2_ws/install/_local_setup_util_sh.py'
[13.574s] INFO:colcon.colcon_core.shell:Creating prefix chain script '/home/tuaydin/Desktop/ros2_ws/install/setup.sh'
[13.575s] INFO:colcon.colcon_core.shell:Creating prefix script '/home/tuaydin/Desktop/ros2_ws/install/local_setup.bash'
[13.576s] INFO:colcon.colcon_core.shell:Creating prefix chain script '/home/tuaydin/Desktop/ros2_ws/install/setup.bash'
[13.577s] INFO:colcon.colcon_core.shell:Creating prefix script '/home/tuaydin/Desktop/ros2_ws/install/local_setup.zsh'
[13.577s] INFO:colcon.colcon_core.shell:Creating prefix chain script '/home/tuaydin/Desktop/ros2_ws/install/setup.zsh'
