[0.015s] Invoking command in '/home/tuaydin/ros2_ws/build/my_cpp_pkg': CMAKE_PREFIX_PATH=${CMAKE_PREFIX_PATH}:/home/tuaydin/ros2_ws/install/my_py_pkg:/opt/ros/jazzy /usr/bin/cmake --build /home/tuaydin/ros2_ws/build/my_cpp_pkg -- -j4 -l4
[0.088s] [ 37%] Built target robot_news_station
[0.088s] [ 50%] Built target cpp_node
[0.091s] [ 62%] [32mBuilding CXX object CMakeFiles/number_counter.dir/src/number_counter.cpp.o[0m
[0.095s] [ 87%] Built target smartphone
[2.882s] In file included from [01m[K/opt/ros/jazzy/include/rclcpp/rclcpp/logging.hpp:24[m[K,
[2.882s]                  from [01m[K/opt/ros/jazzy/include/rclcpp/rclcpp/copy_all_parameter_values.hpp:27[m[K,
[2.882s]                  from [01m[K/opt/ros/jazzy/include/rclcpp/rclcpp/rclcpp.hpp:171[m[K,
[2.882s]                  from [01m[K/home/tuaydin/ros2_ws/src/my_cpp_pkg/src/number_counter.cpp:1[m[K:
[2.882s] [01m[K/home/tuaydin/ros2_ws/src/my_cpp_pkg/src/number_counter.cpp:[m[K In member function ‘[01m[Kvoid NumberCounter::[01;32m[Kcount[m[K(example_interfaces::msg::Int64_<std::allocator<void> >::SharedPtr)[m[K’:
[2.882s] [01m[K/home/tuaydin/ros2_ws/src/my_cpp_pkg/src/number_counter.cpp:17:49:[m[K [01;35m[Kwarning: [m[Kformat ‘[01m[K%d[m[K’ expects argument of type ‘[01m[Kint[m[K’, but argument 5 has type ‘[01m[Kexample_interfaces::msg::Int64_<std::allocator<void> >::_data_type[m[K’ {aka ‘[01m[Klong int[m[K’} [[01;35m[K]8;;https://gcc.gnu.org/onlinedocs/gcc/Warning-Options.html#index-Wformat=-Wformat=]8;;[m[K]
[2.882s]    17 |                 RCLCPP_INFO(this->get_logger(), [01;35m[K"%d"[m[K, [32m[Kmsg->data[m[K);
[2.882s]       |                                                 [01;35m[K^~~~[m[K  [32m[K~~~~~~~~~[m[K
[2.882s]       |                                                            [32m[K|[m[K
[2.882s]       |                                                            [32m[Kexample_interfaces::msg::Int64_<std::allocator<void> >::_data_type {aka long int}[m[K
[2.882s] [01m[K/home/tuaydin/ros2_ws/src/my_cpp_pkg/src/number_counter.cpp:17:51:[m[K [01;36m[Knote: [m[Kformat string is defined here
[2.883s]    17 |                 RCLCPP_INFO(this->get_logger(), "[01;36m[K%d[m[K", msg->data);
[2.883s]       |                                                  [01;36m[K~^[m[K
[2.883s]       |                                                   [01;36m[K|[m[K
[2.883s]       |                                                   [01;36m[Kint[m[K
[2.883s]       |                                                  [32m[K%ld[m[K
[8.378s] [100%] [32m[1mLinking CXX executable number_counter[0m
[8.868s] [100%] Built target number_counter
[8.880s] Invoked command in '/home/tuaydin/ros2_ws/build/my_cpp_pkg' returned '0': CMAKE_PREFIX_PATH=${CMAKE_PREFIX_PATH}:/home/tuaydin/ros2_ws/install/my_py_pkg:/opt/ros/jazzy /usr/bin/cmake --build /home/tuaydin/ros2_ws/build/my_cpp_pkg -- -j4 -l4
[8.891s] Invoking command in '/home/tuaydin/ros2_ws/build/my_cpp_pkg': CMAKE_PREFIX_PATH=${CMAKE_PREFIX_PATH}:/home/tuaydin/ros2_ws/install/my_py_pkg:/opt/ros/jazzy /usr/bin/cmake --install /home/tuaydin/ros2_ws/build/my_cpp_pkg
[8.898s] -- Install configuration: ""
[8.898s] -- Up-to-date: /home/tuaydin/ros2_ws/install/my_cpp_pkg/lib/my_cpp_pkg/cpp_node
[8.899s] -- Up-to-date: /home/tuaydin/ros2_ws/install/my_cpp_pkg/lib/my_cpp_pkg/robot_news_station
[8.901s] -- Up-to-date: /home/tuaydin/ros2_ws/install/my_cpp_pkg/lib/my_cpp_pkg/smartphone
[8.904s] -- Installing: /home/tuaydin/ros2_ws/install/my_cpp_pkg/lib/my_cpp_pkg/number_counter
[8.907s] -- Set non-toolchain portion of runtime path of "/home/tuaydin/ros2_ws/install/my_cpp_pkg/lib/my_cpp_pkg/number_counter" to ""
[8.907s] -- Up-to-date: /home/tuaydin/ros2_ws/install/my_cpp_pkg/share/ament_index/resource_index/package_run_dependencies/my_cpp_pkg
[8.908s] -- Up-to-date: /home/tuaydin/ros2_ws/install/my_cpp_pkg/share/ament_index/resource_index/parent_prefix_path/my_cpp_pkg
[8.908s] -- Up-to-date: /home/tuaydin/ros2_ws/install/my_cpp_pkg/share/my_cpp_pkg/environment/ament_prefix_path.sh
[8.908s] -- Up-to-date: /home/tuaydin/ros2_ws/install/my_cpp_pkg/share/my_cpp_pkg/environment/ament_prefix_path.dsv
[8.908s] -- Up-to-date: /home/tuaydin/ros2_ws/install/my_cpp_pkg/share/my_cpp_pkg/environment/path.sh
[8.908s] -- Up-to-date: /home/tuaydin/ros2_ws/install/my_cpp_pkg/share/my_cpp_pkg/environment/path.dsv
[8.908s] -- Up-to-date: /home/tuaydin/ros2_ws/install/my_cpp_pkg/share/my_cpp_pkg/local_setup.bash
[8.908s] -- Up-to-date: /home/tuaydin/ros2_ws/install/my_cpp_pkg/share/my_cpp_pkg/local_setup.sh
[8.908s] -- Up-to-date: /home/tuaydin/ros2_ws/install/my_cpp_pkg/share/my_cpp_pkg/local_setup.zsh
[8.908s] -- Up-to-date: /home/tuaydin/ros2_ws/install/my_cpp_pkg/share/my_cpp_pkg/local_setup.dsv
[8.908s] -- Installing: /home/tuaydin/ros2_ws/install/my_cpp_pkg/share/my_cpp_pkg/package.dsv
[8.909s] -- Up-to-date: /home/tuaydin/ros2_ws/install/my_cpp_pkg/share/ament_index/resource_index/packages/my_cpp_pkg
[8.909s] -- Up-to-date: /home/tuaydin/ros2_ws/install/my_cpp_pkg/share/my_cpp_pkg/cmake/my_cpp_pkgConfig.cmake
[8.909s] -- Up-to-date: /home/tuaydin/ros2_ws/install/my_cpp_pkg/share/my_cpp_pkg/cmake/my_cpp_pkgConfig-version.cmake
[8.909s] -- Up-to-date: /home/tuaydin/ros2_ws/install/my_cpp_pkg/share/my_cpp_pkg/package.xml
[8.912s] Invoked command in '/home/tuaydin/ros2_ws/build/my_cpp_pkg' returned '0': CMAKE_PREFIX_PATH=${CMAKE_PREFIX_PATH}:/home/tuaydin/ros2_ws/install/my_py_pkg:/opt/ros/jazzy /usr/bin/cmake --install /home/tuaydin/ros2_ws/build/my_cpp_pkg
