[0.133s] DEBUG:colcon:Command line arguments: ['/usr/bin/colcon', 'build']
[0.133s] DEBUG:colcon:Parsed command line arguments: Namespace(log_base=None, log_level=None, verb_name='build', build_base='build', install_base='install', merge_install=False, symlink_install=False, test_result_base=None, continue_on_error=False, executor='parallel', parallel_workers=4, event_handlers=None, ignore_user_meta=False, metas=['./colcon.meta'], base_paths=['.'], packages_ignore=None, packages_ignore_regex=None, paths=None, packages_up_to=None, packages_up_to_regex=None, packages_above=None, packages_above_and_dependencies=None, packages_above_depth=None, packages_select_by_dep=None, packages_skip_by_dep=None, packages_skip_up_to=None, packages_select_build_failed=False, packages_skip_build_finished=False, packages_select_test_failures=False, packages_skip_test_passed=False, packages_select=None, packages_skip=None, packages_select_regex=None, packages_skip_regex=None, packages_start=None, packages_end=None, allow_overriding=[], cmake_args=None, cmake_target=None, cmake_target_skip_unavailable=False, cmake_clean_cache=False, cmake_clean_first=False, cmake_force_configure=False, ament_cmake_args=None, catkin_cmake_args=None, catkin_skip_building_tests=False, verb_parser=<colcon_defaults.argument_parser.defaults.DefaultArgumentsDecorator object at 0x7fcb477d7620>, verb_extension=<colcon_core.verb.build.BuildVerb object at 0x7fcb477d7350>, main=<bound method BuildVerb.main of <colcon_core.verb.build.BuildVerb object at 0x7fcb477d7350>>)
[0.163s] Level 1:colcon.colcon_core.package_discovery:discover_packages(colcon_meta) check parameters
[0.163s] Level 1:colcon.colcon_core.package_discovery:discover_packages(recursive) check parameters
[0.163s] Level 1:colcon.colcon_core.package_discovery:discover_packages(ignore) check parameters
[0.163s] Level 1:colcon.colcon_core.package_discovery:discover_packages(path) check parameters
[0.163s] Level 1:colcon.colcon_core.package_discovery:discover_packages(colcon_meta) discover
[0.163s] Level 1:colcon.colcon_core.package_discovery:discover_packages(recursive) discover
[0.163s] INFO:colcon.colcon_core.package_discovery:Crawling recursively for packages in '/home/tuaydin/ros2_ws'
[0.163s] Level 1:colcon.colcon_core.package_identification:_identify(.) by extensions ['ignore', 'ignore_ament_install']
[0.163s] Level 1:colcon.colcon_core.package_identification:_identify(.) by extension 'ignore'
[0.163s] Level 1:colcon.colcon_core.package_identification:_identify(.) by extension 'ignore_ament_install'
[0.163s] Level 1:colcon.colcon_core.package_identification:_identify(.) by extensions ['colcon_pkg']
[0.163s] Level 1:colcon.colcon_core.package_identification:_identify(.) by extension 'colcon_pkg'
[0.164s] Level 1:colcon.colcon_core.package_identification:_identify(.) by extensions ['colcon_meta']
[0.164s] Level 1:colcon.colcon_core.package_identification:_identify(.) by extension 'colcon_meta'
[0.164s] Level 1:colcon.colcon_core.package_identification:_identify(.) by extensions ['ros']
[0.164s] Level 1:colcon.colcon_core.package_identification:_identify(.) by extension 'ros'
[0.183s] Level 1:colcon.colcon_core.package_identification:_identify(.) by extensions ['cmake', 'python']
[0.183s] Level 1:colcon.colcon_core.package_identification:_identify(.) by extension 'cmake'
[0.183s] Level 1:colcon.colcon_core.package_identification:_identify(.) by extension 'python'
[0.183s] Level 1:colcon.colcon_core.package_identification:_identify(.) by extensions ['python_setup_py']
[0.183s] Level 1:colcon.colcon_core.package_identification:_identify(.) by extension 'python_setup_py'
[0.183s] Level 1:colcon.colcon_core.package_identification:_identify(build) by extensions ['ignore', 'ignore_ament_install']
[0.183s] Level 1:colcon.colcon_core.package_identification:_identify(build) by extension 'ignore'
[0.183s] Level 1:colcon.colcon_core.package_identification:_identify(build) ignored
[0.183s] Level 1:colcon.colcon_core.package_identification:_identify(install) by extensions ['ignore', 'ignore_ament_install']
[0.183s] Level 1:colcon.colcon_core.package_identification:_identify(install) by extension 'ignore'
[0.183s] Level 1:colcon.colcon_core.package_identification:_identify(install) ignored
[0.183s] Level 1:colcon.colcon_core.package_identification:_identify(log) by extensions ['ignore', 'ignore_ament_install']
[0.183s] Level 1:colcon.colcon_core.package_identification:_identify(log) by extension 'ignore'
[0.184s] Level 1:colcon.colcon_core.package_identification:_identify(log) ignored
[0.184s] Level 1:colcon.colcon_core.package_identification:_identify(src) by extensions ['ignore', 'ignore_ament_install']
[0.184s] Level 1:colcon.colcon_core.package_identification:_identify(src) by extension 'ignore'
[0.184s] Level 1:colcon.colcon_core.package_identification:_identify(src) by extension 'ignore_ament_install'
[0.184s] Level 1:colcon.colcon_core.package_identification:_identify(src) by extensions ['colcon_pkg']
[0.184s] Level 1:colcon.colcon_core.package_identification:_identify(src) by extension 'colcon_pkg'
[0.184s] Level 1:colcon.colcon_core.package_identification:_identify(src) by extensions ['colcon_meta']
[0.184s] Level 1:colcon.colcon_core.package_identification:_identify(src) by extension 'colcon_meta'
[0.184s] Level 1:colcon.colcon_core.package_identification:_identify(src) by extensions ['ros']
[0.184s] Level 1:colcon.colcon_core.package_identification:_identify(src) by extension 'ros'
[0.184s] Level 1:colcon.colcon_core.package_identification:_identify(src) by extensions ['cmake', 'python']
[0.184s] Level 1:colcon.colcon_core.package_identification:_identify(src) by extension 'cmake'
[0.184s] Level 1:colcon.colcon_core.package_identification:_identify(src) by extension 'python'
[0.184s] Level 1:colcon.colcon_core.package_identification:_identify(src) by extensions ['python_setup_py']
[0.184s] Level 1:colcon.colcon_core.package_identification:_identify(src) by extension 'python_setup_py'
[0.184s] Level 1:colcon.colcon_core.package_identification:_identify(src/build) by extensions ['ignore', 'ignore_ament_install']
[0.184s] Level 1:colcon.colcon_core.package_identification:_identify(src/build) by extension 'ignore'
[0.184s] Level 1:colcon.colcon_core.package_identification:_identify(src/build) ignored
[0.184s] Level 1:colcon.colcon_core.package_identification:_identify(src/install) by extensions ['ignore', 'ignore_ament_install']
[0.184s] Level 1:colcon.colcon_core.package_identification:_identify(src/install) by extension 'ignore'
[0.185s] Level 1:colcon.colcon_core.package_identification:_identify(src/install) ignored
[0.185s] Level 1:colcon.colcon_core.package_identification:_identify(src/log) by extensions ['ignore', 'ignore_ament_install']
[0.185s] Level 1:colcon.colcon_core.package_identification:_identify(src/log) by extension 'ignore'
[0.185s] Level 1:colcon.colcon_core.package_identification:_identify(src/log) ignored
[0.185s] Level 1:colcon.colcon_core.package_identification:_identify(src/my_cpp_pkg) by extensions ['ignore', 'ignore_ament_install']
[0.185s] Level 1:colcon.colcon_core.package_identification:_identify(src/my_cpp_pkg) by extension 'ignore'
[0.185s] Level 1:colcon.colcon_core.package_identification:_identify(src/my_cpp_pkg) by extension 'ignore_ament_install'
[0.185s] Level 1:colcon.colcon_core.package_identification:_identify(src/my_cpp_pkg) by extensions ['colcon_pkg']
[0.185s] Level 1:colcon.colcon_core.package_identification:_identify(src/my_cpp_pkg) by extension 'colcon_pkg'
[0.185s] Level 1:colcon.colcon_core.package_identification:_identify(src/my_cpp_pkg) by extensions ['colcon_meta']
[0.185s] Level 1:colcon.colcon_core.package_identification:_identify(src/my_cpp_pkg) by extension 'colcon_meta'
[0.185s] Level 1:colcon.colcon_core.package_identification:_identify(src/my_cpp_pkg) by extensions ['ros']
[0.185s] Level 1:colcon.colcon_core.package_identification:_identify(src/my_cpp_pkg) by extension 'ros'
[0.188s] DEBUG:colcon.colcon_core.package_identification:Package 'src/my_cpp_pkg' with type 'ros.ament_cmake' and name 'my_cpp_pkg'
[0.188s] Level 1:colcon.colcon_core.package_identification:_identify(src/my_py_pkg) by extensions ['ignore', 'ignore_ament_install']
[0.188s] Level 1:colcon.colcon_core.package_identification:_identify(src/my_py_pkg) by extension 'ignore'
[0.188s] Level 1:colcon.colcon_core.package_identification:_identify(src/my_py_pkg) by extension 'ignore_ament_install'
[0.188s] Level 1:colcon.colcon_core.package_identification:_identify(src/my_py_pkg) by extensions ['colcon_pkg']
[0.188s] Level 1:colcon.colcon_core.package_identification:_identify(src/my_py_pkg) by extension 'colcon_pkg'
[0.188s] Level 1:colcon.colcon_core.package_identification:_identify(src/my_py_pkg) by extensions ['colcon_meta']
[0.188s] Level 1:colcon.colcon_core.package_identification:_identify(src/my_py_pkg) by extension 'colcon_meta'
[0.188s] Level 1:colcon.colcon_core.package_identification:_identify(src/my_py_pkg) by extensions ['ros']
[0.188s] Level 1:colcon.colcon_core.package_identification:_identify(src/my_py_pkg) by extension 'ros'
[0.189s] DEBUG:colcon.colcon_core.package_identification:Package 'src/my_py_pkg' with type 'ros.ament_python' and name 'my_py_pkg'
[0.189s] Level 1:colcon.colcon_core.package_discovery:discover_packages(recursive) using defaults
[0.189s] Level 1:colcon.colcon_core.package_discovery:discover_packages(ignore) discover
[0.189s] Level 1:colcon.colcon_core.package_discovery:discover_packages(ignore) using defaults
[0.189s] Level 1:colcon.colcon_core.package_discovery:discover_packages(path) discover
[0.189s] Level 1:colcon.colcon_core.package_discovery:discover_packages(path) using defaults
[0.202s] Level 1:colcon.colcon_core.package_discovery:discover_packages(prefix_path) check parameters
[0.202s] Level 1:colcon.colcon_core.package_discovery:discover_packages(prefix_path) discover
[0.203s] DEBUG:colcon.colcon_installed_package_information.package_discovery:Found 2 installed packages in /home/tuaydin/ros2_ws/install
[0.205s] DEBUG:colcon.colcon_installed_package_information.package_discovery:Found 285 installed packages in /opt/ros/jazzy
[0.205s] Level 1:colcon.colcon_core.package_discovery:discover_packages(prefix_path) using defaults
[0.237s] Level 5:colcon.colcon_core.verb:set package 'my_cpp_pkg' build argument 'cmake_args' from command line to 'None'
[0.238s] Level 5:colcon.colcon_core.verb:set package 'my_cpp_pkg' build argument 'cmake_target' from command line to 'None'
[0.238s] Level 5:colcon.colcon_core.verb:set package 'my_cpp_pkg' build argument 'cmake_target_skip_unavailable' from command line to 'False'
[0.238s] Level 5:colcon.colcon_core.verb:set package 'my_cpp_pkg' build argument 'cmake_clean_cache' from command line to 'False'
[0.238s] Level 5:colcon.colcon_core.verb:set package 'my_cpp_pkg' build argument 'cmake_clean_first' from command line to 'False'
[0.238s] Level 5:colcon.colcon_core.verb:set package 'my_cpp_pkg' build argument 'cmake_force_configure' from command line to 'False'
[0.238s] Level 5:colcon.colcon_core.verb:set package 'my_cpp_pkg' build argument 'ament_cmake_args' from command line to 'None'
[0.238s] Level 5:colcon.colcon_core.verb:set package 'my_cpp_pkg' build argument 'catkin_cmake_args' from command line to 'None'
[0.238s] Level 5:colcon.colcon_core.verb:set package 'my_cpp_pkg' build argument 'catkin_skip_building_tests' from command line to 'False'
[0.238s] DEBUG:colcon.colcon_core.verb:Building package 'my_cpp_pkg' with the following arguments: {'ament_cmake_args': None, 'build_base': '/home/tuaydin/ros2_ws/build/my_cpp_pkg', 'catkin_cmake_args': None, 'catkin_skip_building_tests': False, 'cmake_args': None, 'cmake_clean_cache': False, 'cmake_clean_first': False, 'cmake_force_configure': False, 'cmake_target': None, 'cmake_target_skip_unavailable': False, 'install_base': '/home/tuaydin/ros2_ws/install/my_cpp_pkg', 'merge_install': False, 'path': '/home/tuaydin/ros2_ws/src/my_cpp_pkg', 'symlink_install': False, 'test_result_base': None}
[0.238s] Level 5:colcon.colcon_core.verb:set package 'my_py_pkg' build argument 'cmake_args' from command line to 'None'
[0.238s] Level 5:colcon.colcon_core.verb:set package 'my_py_pkg' build argument 'cmake_target' from command line to 'None'
[0.238s] Level 5:colcon.colcon_core.verb:set package 'my_py_pkg' build argument 'cmake_target_skip_unavailable' from command line to 'False'
[0.238s] Level 5:colcon.colcon_core.verb:set package 'my_py_pkg' build argument 'cmake_clean_cache' from command line to 'False'
[0.238s] Level 5:colcon.colcon_core.verb:set package 'my_py_pkg' build argument 'cmake_clean_first' from command line to 'False'
[0.238s] Level 5:colcon.colcon_core.verb:set package 'my_py_pkg' build argument 'cmake_force_configure' from command line to 'False'
[0.238s] Level 5:colcon.colcon_core.verb:set package 'my_py_pkg' build argument 'ament_cmake_args' from command line to 'None'
[0.238s] Level 5:colcon.colcon_core.verb:set package 'my_py_pkg' build argument 'catkin_cmake_args' from command line to 'None'
[0.238s] Level 5:colcon.colcon_core.verb:set package 'my_py_pkg' build argument 'catkin_skip_building_tests' from command line to 'False'
[0.238s] DEBUG:colcon.colcon_core.verb:Building package 'my_py_pkg' with the following arguments: {'ament_cmake_args': None, 'build_base': '/home/tuaydin/ros2_ws/build/my_py_pkg', 'catkin_cmake_args': None, 'catkin_skip_building_tests': False, 'cmake_args': None, 'cmake_clean_cache': False, 'cmake_clean_first': False, 'cmake_force_configure': False, 'cmake_target': None, 'cmake_target_skip_unavailable': False, 'install_base': '/home/tuaydin/ros2_ws/install/my_py_pkg', 'merge_install': False, 'path': '/home/tuaydin/ros2_ws/src/my_py_pkg', 'symlink_install': False, 'test_result_base': None}
[0.238s] INFO:colcon.colcon_core.executor:Executing jobs using 'parallel' executor
[0.239s] DEBUG:colcon.colcon_parallel_executor.executor.parallel:run_until_complete
[0.239s] INFO:colcon.colcon_ros.task.ament_cmake.build:Building ROS package in '/home/tuaydin/ros2_ws/src/my_cpp_pkg' with build type 'ament_cmake'
[0.240s] INFO:colcon.colcon_cmake.task.cmake.build:Building CMake package in '/home/tuaydin/ros2_ws/src/my_cpp_pkg'
[0.241s] INFO:colcon.colcon_core.plugin_system:Skipping extension 'colcon_core.shell.bat': Not used on non-Windows systems
[0.241s] INFO:colcon.colcon_core.shell:Skip shell extension 'powershell' for command environment: Not usable outside of PowerShell
[0.242s] DEBUG:colcon.colcon_core.shell:Skip shell extension 'dsv' for command environment
[0.245s] INFO:colcon.colcon_ros.task.ament_python.build:Building ROS package in '/home/tuaydin/ros2_ws/src/my_py_pkg' with build type 'ament_python'
[0.245s] Level 1:colcon.colcon_core.shell:create_environment_hook('my_py_pkg', 'ament_prefix_path')
[0.245s] INFO:colcon.colcon_core.shell:Creating environment hook '/home/tuaydin/ros2_ws/install/my_py_pkg/share/my_py_pkg/hook/ament_prefix_path.ps1'
[0.246s] INFO:colcon.colcon_core.shell:Creating environment descriptor '/home/tuaydin/ros2_ws/install/my_py_pkg/share/my_py_pkg/hook/ament_prefix_path.dsv'
[0.246s] INFO:colcon.colcon_core.shell:Creating environment hook '/home/tuaydin/ros2_ws/install/my_py_pkg/share/my_py_pkg/hook/ament_prefix_path.sh'
[0.247s] INFO:colcon.colcon_core.shell:Skip shell extension 'powershell' for command environment: Not usable outside of PowerShell
[0.247s] DEBUG:colcon.colcon_core.shell:Skip shell extension 'dsv' for command environment
[0.257s] DEBUG:colcon.colcon_core.event_handler.log_command:Invoking command in '/home/tuaydin/ros2_ws/build/my_cpp_pkg': CMAKE_PREFIX_PATH=${CMAKE_PREFIX_PATH}:/home/tuaydin/ros2_ws/install/my_py_pkg:/opt/ros/jazzy /usr/bin/cmake --build /home/tuaydin/ros2_ws/build/my_cpp_pkg -- -j4 -l4
[0.531s] INFO:colcon.colcon_core.task.python.build:Building Python package in '/home/tuaydin/ros2_ws/src/my_py_pkg'
[0.531s] INFO:colcon.colcon_core.shell:Skip shell extension 'powershell' for command environment: Not usable outside of PowerShell
[0.531s] DEBUG:colcon.colcon_core.shell:Skip shell extension 'dsv' for command environment
[1.206s] DEBUG:colcon.colcon_core.event_handler.log_command:Invoking command in '/home/tuaydin/ros2_ws/src/my_py_pkg': PYTHONPATH=/home/tuaydin/ros2_ws/build/my_py_pkg/prefix_override:/usr/lib/python3/dist-packages/colcon_core/task/python/colcon_distutils_commands:/home/tuaydin/ros2_ws/install/my_py_pkg/lib/python3.12/site-packages:${PYTHONPATH} /usr/bin/python3 -W ignore:setup.py install is deprecated -W ignore:easy_install command is deprecated setup.py egg_info --egg-base ../../build/my_py_pkg build --build-base /home/tuaydin/ros2_ws/build/my_py_pkg/build install --record /home/tuaydin/ros2_ws/build/my_py_pkg/install.log --single-version-externally-managed install_data
[1.759s] Level 1:colcon.colcon_core.environment:checking '/home/tuaydin/ros2_ws/install/my_py_pkg' for CMake module files
[1.761s] Level 1:colcon.colcon_core.environment:checking '/home/tuaydin/ros2_ws/install/my_py_pkg' for CMake config files
[1.760s] DEBUG:colcon.colcon_core.event_handler.log_command:Invoked command in '/home/tuaydin/ros2_ws/src/my_py_pkg' returned '0': PYTHONPATH=/home/tuaydin/ros2_ws/build/my_py_pkg/prefix_override:/usr/lib/python3/dist-packages/colcon_core/task/python/colcon_distutils_commands:/home/tuaydin/ros2_ws/install/my_py_pkg/lib/python3.12/site-packages:${PYTHONPATH} /usr/bin/python3 -W ignore:setup.py install is deprecated -W ignore:easy_install command is deprecated setup.py egg_info --egg-base ../../build/my_py_pkg build --build-base /home/tuaydin/ros2_ws/build/my_py_pkg/build install --record /home/tuaydin/ros2_ws/build/my_py_pkg/install.log --single-version-externally-managed install_data
[1.762s] Level 1:colcon.colcon_core.environment:checking '/home/tuaydin/ros2_ws/install/my_py_pkg/lib'
[1.765s] Level 1:colcon.colcon_core.environment:checking '/home/tuaydin/ros2_ws/install/my_py_pkg/bin'
[1.765s] Level 1:colcon.colcon_core.environment:checking '/home/tuaydin/ros2_ws/install/my_py_pkg/lib/pkgconfig/my_py_pkg.pc'
[1.765s] Level 1:colcon.colcon_core.environment:checking '/home/tuaydin/ros2_ws/install/my_py_pkg/lib/python3.12/site-packages'
[1.765s] Level 1:colcon.colcon_core.shell:create_environment_hook('my_py_pkg', 'pythonpath')
[1.766s] INFO:colcon.colcon_core.shell:Creating environment hook '/home/tuaydin/ros2_ws/install/my_py_pkg/share/my_py_pkg/hook/pythonpath.ps1'
[1.767s] INFO:colcon.colcon_core.shell:Creating environment descriptor '/home/tuaydin/ros2_ws/install/my_py_pkg/share/my_py_pkg/hook/pythonpath.dsv'
[1.767s] INFO:colcon.colcon_core.shell:Creating environment hook '/home/tuaydin/ros2_ws/install/my_py_pkg/share/my_py_pkg/hook/pythonpath.sh'
[1.769s] Level 1:colcon.colcon_core.environment:checking '/home/tuaydin/ros2_ws/install/my_py_pkg/bin'
[1.769s] Level 1:colcon.colcon_core.environment:create_environment_scripts_only(my_py_pkg)
[1.770s] INFO:colcon.colcon_core.shell:Creating package script '/home/tuaydin/ros2_ws/install/my_py_pkg/share/my_py_pkg/package.ps1'
[1.771s] INFO:colcon.colcon_core.shell:Creating package descriptor '/home/tuaydin/ros2_ws/install/my_py_pkg/share/my_py_pkg/package.dsv'
[1.772s] INFO:colcon.colcon_core.shell:Creating package script '/home/tuaydin/ros2_ws/install/my_py_pkg/share/my_py_pkg/package.sh'
[1.773s] INFO:colcon.colcon_core.shell:Creating package script '/home/tuaydin/ros2_ws/install/my_py_pkg/share/my_py_pkg/package.bash'
[1.775s] INFO:colcon.colcon_core.shell:Creating package script '/home/tuaydin/ros2_ws/install/my_py_pkg/share/my_py_pkg/package.zsh'
[1.776s] Level 1:colcon.colcon_core.environment:create_file_with_runtime_dependencies(/home/tuaydin/ros2_ws/install/my_py_pkg/share/colcon-core/packages/my_py_pkg)
[8.236s] DEBUG:colcon.colcon_core.event_handler.log_command:Invoked command in '/home/tuaydin/ros2_ws/build/my_cpp_pkg' returned '0': CMAKE_PREFIX_PATH=${CMAKE_PREFIX_PATH}:/home/tuaydin/ros2_ws/install/my_py_pkg:/opt/ros/jazzy /usr/bin/cmake --build /home/tuaydin/ros2_ws/build/my_cpp_pkg -- -j4 -l4
[8.245s] DEBUG:colcon.colcon_core.event_handler.log_command:Invoking command in '/home/tuaydin/ros2_ws/build/my_cpp_pkg': CMAKE_PREFIX_PATH=${CMAKE_PREFIX_PATH}:/home/tuaydin/ros2_ws/install/my_py_pkg:/opt/ros/jazzy /usr/bin/cmake --install /home/tuaydin/ros2_ws/build/my_cpp_pkg
[8.263s] Level 1:colcon.colcon_core.environment:create_environment_scripts_only(my_cpp_pkg)
[8.263s] Level 1:colcon.colcon_core.environment:checking '/home/tuaydin/ros2_ws/install/my_cpp_pkg' for CMake module files
[8.263s] DEBUG:colcon.colcon_core.event_handler.log_command:Invoked command in '/home/tuaydin/ros2_ws/build/my_cpp_pkg' returned '0': CMAKE_PREFIX_PATH=${CMAKE_PREFIX_PATH}:/home/tuaydin/ros2_ws/install/my_py_pkg:/opt/ros/jazzy /usr/bin/cmake --install /home/tuaydin/ros2_ws/build/my_cpp_pkg
[8.264s] Level 1:colcon.colcon_core.environment:checking '/home/tuaydin/ros2_ws/install/my_cpp_pkg' for CMake config files
[8.264s] Level 1:colcon.colcon_core.shell:create_environment_hook('my_cpp_pkg', 'cmake_prefix_path')
[8.264s] INFO:colcon.colcon_core.shell:Creating environment hook '/home/tuaydin/ros2_ws/install/my_cpp_pkg/share/my_cpp_pkg/hook/cmake_prefix_path.ps1'
[8.265s] INFO:colcon.colcon_core.shell:Creating environment descriptor '/home/tuaydin/ros2_ws/install/my_cpp_pkg/share/my_cpp_pkg/hook/cmake_prefix_path.dsv'
[8.265s] INFO:colcon.colcon_core.shell:Creating environment hook '/home/tuaydin/ros2_ws/install/my_cpp_pkg/share/my_cpp_pkg/hook/cmake_prefix_path.sh'
[8.266s] Level 1:colcon.colcon_core.environment:checking '/home/tuaydin/ros2_ws/install/my_cpp_pkg/lib'
[8.266s] Level 1:colcon.colcon_core.environment:checking '/home/tuaydin/ros2_ws/install/my_cpp_pkg/bin'
[8.266s] Level 1:colcon.colcon_core.environment:checking '/home/tuaydin/ros2_ws/install/my_cpp_pkg/lib/pkgconfig/my_cpp_pkg.pc'
[8.266s] Level 1:colcon.colcon_core.environment:checking '/home/tuaydin/ros2_ws/install/my_cpp_pkg/lib/python3.12/site-packages'
[8.266s] Level 1:colcon.colcon_core.environment:checking '/home/tuaydin/ros2_ws/install/my_cpp_pkg/bin'
[8.266s] INFO:colcon.colcon_core.shell:Creating package script '/home/tuaydin/ros2_ws/install/my_cpp_pkg/share/my_cpp_pkg/package.ps1'
[8.267s] INFO:colcon.colcon_core.shell:Creating package descriptor '/home/tuaydin/ros2_ws/install/my_cpp_pkg/share/my_cpp_pkg/package.dsv'
[8.267s] INFO:colcon.colcon_core.shell:Creating package script '/home/tuaydin/ros2_ws/install/my_cpp_pkg/share/my_cpp_pkg/package.sh'
[8.267s] INFO:colcon.colcon_core.shell:Creating package script '/home/tuaydin/ros2_ws/install/my_cpp_pkg/share/my_cpp_pkg/package.bash'
[8.268s] INFO:colcon.colcon_core.shell:Creating package script '/home/tuaydin/ros2_ws/install/my_cpp_pkg/share/my_cpp_pkg/package.zsh'
[8.268s] Level 1:colcon.colcon_core.environment:create_file_with_runtime_dependencies(/home/tuaydin/ros2_ws/install/my_cpp_pkg/share/colcon-core/packages/my_cpp_pkg)
[8.269s] Level 1:colcon.colcon_core.environment:create_environment_scripts_only(my_cpp_pkg)
[8.269s] Level 1:colcon.colcon_core.environment:checking '/home/tuaydin/ros2_ws/install/my_cpp_pkg' for CMake module files
[8.269s] Level 1:colcon.colcon_core.environment:checking '/home/tuaydin/ros2_ws/install/my_cpp_pkg' for CMake config files
[8.270s] Level 1:colcon.colcon_core.shell:create_environment_hook('my_cpp_pkg', 'cmake_prefix_path')
[8.270s] INFO:colcon.colcon_core.shell:Creating environment hook '/home/tuaydin/ros2_ws/install/my_cpp_pkg/share/my_cpp_pkg/hook/cmake_prefix_path.ps1'
[8.270s] INFO:colcon.colcon_core.shell:Creating environment descriptor '/home/tuaydin/ros2_ws/install/my_cpp_pkg/share/my_cpp_pkg/hook/cmake_prefix_path.dsv'
[8.271s] INFO:colcon.colcon_core.shell:Creating environment hook '/home/tuaydin/ros2_ws/install/my_cpp_pkg/share/my_cpp_pkg/hook/cmake_prefix_path.sh'
[8.272s] Level 1:colcon.colcon_core.environment:checking '/home/tuaydin/ros2_ws/install/my_cpp_pkg/lib'
[8.272s] Level 1:colcon.colcon_core.environment:checking '/home/tuaydin/ros2_ws/install/my_cpp_pkg/bin'
[8.272s] Level 1:colcon.colcon_core.environment:checking '/home/tuaydin/ros2_ws/install/my_cpp_pkg/lib/pkgconfig/my_cpp_pkg.pc'
[8.272s] Level 1:colcon.colcon_core.environment:checking '/home/tuaydin/ros2_ws/install/my_cpp_pkg/lib/python3.12/site-packages'
[8.272s] Level 1:colcon.colcon_core.environment:checking '/home/tuaydin/ros2_ws/install/my_cpp_pkg/bin'
[8.272s] INFO:colcon.colcon_core.shell:Creating package script '/home/tuaydin/ros2_ws/install/my_cpp_pkg/share/my_cpp_pkg/package.ps1'
[8.273s] INFO:colcon.colcon_core.shell:Creating package descriptor '/home/tuaydin/ros2_ws/install/my_cpp_pkg/share/my_cpp_pkg/package.dsv'
[8.273s] INFO:colcon.colcon_core.shell:Creating package script '/home/tuaydin/ros2_ws/install/my_cpp_pkg/share/my_cpp_pkg/package.sh'
[8.274s] INFO:colcon.colcon_core.shell:Creating package script '/home/tuaydin/ros2_ws/install/my_cpp_pkg/share/my_cpp_pkg/package.bash'
[8.274s] INFO:colcon.colcon_core.shell:Creating package script '/home/tuaydin/ros2_ws/install/my_cpp_pkg/share/my_cpp_pkg/package.zsh'
[8.275s] Level 1:colcon.colcon_core.environment:create_file_with_runtime_dependencies(/home/tuaydin/ros2_ws/install/my_cpp_pkg/share/colcon-core/packages/my_cpp_pkg)
[8.275s] DEBUG:colcon.colcon_parallel_executor.executor.parallel:closing loop
[8.276s] DEBUG:colcon.colcon_parallel_executor.executor.parallel:loop closed
[8.276s] DEBUG:colcon.colcon_parallel_executor.executor.parallel:run_until_complete finished with '0'
[8.276s] DEBUG:colcon.colcon_core.event_reactor:joining thread
[8.327s] INFO:colcon.colcon_core.plugin_system:Skipping extension 'colcon_notification.desktop_notification.notify_send': Could not find 'notify-send'
[8.327s] INFO:colcon.colcon_core.plugin_system:Skipping extension 'colcon_notification.desktop_notification.terminal_notifier': Not used on non-Darwin systems
[8.327s] INFO:colcon.colcon_core.plugin_system:Skipping extension 'colcon_notification.desktop_notification.win32': Not used on non-Windows systems
[8.327s] INFO:colcon.colcon_notification.desktop_notification:Sending desktop notification using 'notify2'
[8.328s] DEBUG:colcon.colcon_notification.desktop_notification.notify2:Failed to initialize notify2: org.freedesktop.DBus.Error.ServiceUnknown: The name org.freedesktop.Notifications was not provided by any .service files
[8.329s] DEBUG:colcon.colcon_core.event_reactor:joined thread
[8.329s] INFO:colcon.colcon_core.shell:Creating prefix script '/home/tuaydin/ros2_ws/install/local_setup.ps1'
[8.330s] INFO:colcon.colcon_core.shell:Creating prefix util module '/home/tuaydin/ros2_ws/install/_local_setup_util_ps1.py'
[8.331s] INFO:colcon.colcon_core.shell:Creating prefix chain script '/home/tuaydin/ros2_ws/install/setup.ps1'
[8.332s] INFO:colcon.colcon_core.shell:Creating prefix script '/home/tuaydin/ros2_ws/install/local_setup.sh'
[8.332s] INFO:colcon.colcon_core.shell:Creating prefix util module '/home/tuaydin/ros2_ws/install/_local_setup_util_sh.py'
[8.333s] INFO:colcon.colcon_core.shell:Creating prefix chain script '/home/tuaydin/ros2_ws/install/setup.sh'
[8.334s] INFO:colcon.colcon_core.shell:Creating prefix script '/home/tuaydin/ros2_ws/install/local_setup.bash'
[8.334s] INFO:colcon.colcon_core.shell:Creating prefix chain script '/home/tuaydin/ros2_ws/install/setup.bash'
[8.335s] INFO:colcon.colcon_core.shell:Creating prefix script '/home/tuaydin/ros2_ws/install/local_setup.zsh'
[8.337s] INFO:colcon.colcon_core.shell:Creating prefix chain script '/home/tuaydin/ros2_ws/install/setup.zsh'
