[ 45%] Built target robot_news_station
[ 45%] Built target smartphone
[ 45%] Built target add_two_ints_server
[ 45%] Built target cpp_node
[ 50%] Built target number_counter
[ 60%] Built target led_panel
[ 80%] Built target add_two_ints_client
[ 80%] Built target add_two_ints_client_no_oop
[ 90%] Built target hardware_status_publisher
[ 95%] [32mBuilding CXX object CMakeFiles/battery.dir/src/battery.cpp.o[0m
In file included from [01m[K/usr/include/c++/13/bits/stl_tempbuf.h:61[m[K,
                 from [01m[K/usr/include/c++/13/memory:66[m[K,
                 from [01m[K/opt/ros/jazzy/include/rclcpp/rclcpp/rclcpp.hpp:169[m[K,
                 from [01m[K/home/tuaydin/Desktop/ros2_ws/src/my_cpp_pkg/src/battery.cpp:1[m[K:
/usr/include/c++/13/bits/stl_construct.h: In instantiation of ‘[01m[Kvoid std::[01;32m[K_Construct[m[K(_Tp*, _Args&& ...) [35m[K[with _Tp = my_robot_interfaces::srv::SetLed_Request_<allocator<void> >; _Args = {const char (&)[8]}][m[K[m[K’:
[01m[K/usr/include/c++/13/bits/alloc_traits.h:661:19:[m[K   required from ‘[01m[Kstatic void std::allocator_traits<std::allocator<void> >::[01;32m[Kconstruct[m[K(allocator_type&, _Up*, _Args&& ...) [35m[K[with _Up = my_robot_interfaces::srv::SetLed_Request_<std::allocator<void> >; _Args = {const char (&)[8]}; allocator_type = std::allocator<void>][m[K[m[K’
[01m[K/usr/include/c++/13/bits/shared_ptr_base.h:604:39:[m[K   required from ‘[01m[Kstd::_Sp_counted_ptr_inplace<_Tp, _Alloc, _Lp>::[01;32m[K_Sp_counted_ptr_inplace[m[K(_Alloc, _Args&& ...) [35m[K[with _Args = {const char (&)[8]}; _Tp = my_robot_interfaces::srv::SetLed_Request_<std::allocator<void> >; _Alloc = std::allocator<void>; __gnu_cxx::_Lock_policy _Lp = __gnu_cxx::_S_atomic][m[K[m[K’
[01m[K/usr/include/c++/13/bits/shared_ptr_base.h:971:16:[m[K   required from ‘[01m[Kstd::__shared_count<_Lp>::[01;32m[K__shared_count[m[K(_Tp*&, std::_Sp_alloc_shared_tag<_Alloc>, _Args&& ...) [35m[K[with _Tp = my_robot_interfaces::srv::SetLed_Request_<std::allocator<void> >; _Alloc = std::allocator<void>; _Args = {const char (&)[8]}; __gnu_cxx::_Lock_policy _Lp = __gnu_cxx::_S_atomic][m[K[m[K’
[01m[K/usr/include/c++/13/bits/shared_ptr_base.h:1712:14:[m[K   required from ‘[01m[Kstd::__shared_ptr<_Tp, _Lp>::[01;32m[K__shared_ptr[m[K(std::_Sp_alloc_shared_tag<_Tp>, _Args&& ...) [35m[K[with _Alloc = std::allocator<void>; _Args = {const char (&)[8]}; _Tp = my_robot_interfaces::srv::SetLed_Request_<std::allocator<void> >; __gnu_cxx::_Lock_policy _Lp = __gnu_cxx::_S_atomic][m[K[m[K’
[01m[K/usr/include/c++/13/bits/shared_ptr.h:464:59:[m[K   required from ‘[01m[Kstd::shared_ptr<_Tp>::[01;32m[Kshared_ptr[m[K(std::_Sp_alloc_shared_tag<_Tp>, _Args&& ...) [35m[K[with _Alloc = std::allocator<void>; _Args = {const char (&)[8]}; _Tp = my_robot_interfaces::srv::SetLed_Request_<std::allocator<void> >][m[K[m[K’
[01m[K/usr/include/c++/13/bits/shared_ptr.h:1009:14:[m[K   required from ‘[01m[Kstd::shared_ptr<typename std::enable_if<(! std::is_array< <template-parameter-1-1> >::value), _Tp>::type> std::[01;32m[Kmake_shared[m[K(_Args&& ...) [35m[K[with _Tp = my_robot_interfaces::srv::SetLed_Request_<allocator<void> >; _Args = {const char (&)[8]}; typename enable_if<(! is_array< <template-parameter-1-1> >::value), _Tp>::type = my_robot_interfaces::srv::SetLed_Request_<allocator<void> >][m[K[m[K’
[01m[K/home/tuaydin/Desktop/ros2_ws/src/my_cpp_pkg/src/battery.cpp:24:77:[m[K   required from here
[01m[K/usr/include/c++/13/bits/stl_construct.h:119:7:[m[K [01;31m[Kerror: [m[Kno matching function for call to ‘[01m[Kmy_robot_interfaces::srv::SetLed_Request_<std::allocator<void> >::SetLed_Request_(const char [8])[m[K’
  119 |       [01;31m[K::new((void*)__p) _Tp(std::forward<_Args>(__args)...)[m[K;
      |       [01;31m[K^~~~~~~~~~~~~~~~~~~~~~~~~~~~~~~~~~~~~~~~~~~~~~~~~~~~~[m[K
In file included from [01m[K/home/tuaydin/Desktop/ros2_ws/install/my_robot_interfaces/include/my_robot_interfaces/my_robot_interfaces/srv/set_led.hpp:7[m[K,
                 from [01m[K/home/tuaydin/Desktop/ros2_ws/src/my_cpp_pkg/src/battery.cpp:2[m[K:
[01m[K/home/tuaydin/Desktop/ros2_ws/install/my_robot_interfaces/include/my_robot_interfaces/my_robot_interfaces/srv/detail/set_led__struct.hpp:49:12:[m[K [01;36m[Knote: [m[Kcandidate: ‘[01m[Kmy_robot_interfaces::srv::SetLed_Request_<ContainerAllocator>::[01;32m[KSetLed_Request_[m[K(const ContainerAllocator&, rosidl_runtime_cpp::MessageInitialization) [35m[K[with ContainerAllocator = std::allocator<void>][m[K[m[K’
   49 |   explicit [01;36m[KSetLed_Request_[m[K(const ContainerAllocator & _alloc, rosidl_runtime_cpp::MessageInitialization _init = rosidl_runtime_cpp::MessageInitialization::ALL)
      |            [01;36m[K^~~~~~~~~~~~~~~[m[K
[01m[K/home/tuaydin/Desktop/ros2_ws/install/my_robot_interfaces/include/my_robot_interfaces/my_robot_interfaces/srv/detail/set_led__struct.hpp:49:55:[m[K [01;36m[Knote: [m[K  no known conversion for argument 1 from ‘[01m[Kconst char [8][m[K’ to ‘[01m[Kconst std::allocator<void>&[m[K’
   49 |   explicit SetLed_Request_([01;36m[Kconst ContainerAllocator & _alloc[m[K, rosidl_runtime_cpp::MessageInitialization _init = rosidl_runtime_cpp::MessageInitialization::ALL)
      |                            [01;36m[K~~~~~~~~~~~~~~~~~~~~~~~~~~~^~~~~~[m[K
[01m[K/home/tuaydin/Desktop/ros2_ws/install/my_robot_interfaces/include/my_robot_interfaces/my_robot_interfaces/srv/detail/set_led__struct.hpp:39:12:[m[K [01;36m[Knote: [m[Kcandidate: ‘[01m[Kmy_robot_interfaces::srv::SetLed_Request_<ContainerAllocator>::[01;32m[KSetLed_Request_[m[K(rosidl_runtime_cpp::MessageInitialization) [35m[K[with ContainerAllocator = std::allocator<void>][m[K[m[K’
   39 |   explicit [01;36m[KSetLed_Request_[m[K(rosidl_runtime_cpp::MessageInitialization _init = rosidl_runtime_cpp::MessageInitialization::ALL)
      |            [01;36m[K^~~~~~~~~~~~~~~[m[K
[01m[K/home/tuaydin/Desktop/ros2_ws/install/my_robot_interfaces/include/my_robot_interfaces/my_robot_interfaces/srv/detail/set_led__struct.hpp:39:70:[m[K [01;36m[Knote: [m[K  no known conversion for argument 1 from ‘[01m[Kconst char [8][m[K’ to ‘[01m[Krosidl_runtime_cpp::MessageInitialization[m[K’
   39 |   explicit SetLed_Request_([01;36m[Krosidl_runtime_cpp::MessageInitialization _init = rosidl_runtime_cpp::MessageInitialization::ALL[m[K)
      |                            [01;36m[K~~~~~~~~~~~~~~~~~~~~~~~~~~~~~~~~~~~~~~~~~~^~~~~~~~~~~~~~~~~~~~~~~~~~~~~~~~~~~~~~~~~~~~~~~~~~~~~~[m[K
[01m[K/home/tuaydin/Desktop/ros2_ws/install/my_robot_interfaces/include/my_robot_interfaces/my_robot_interfaces/srv/detail/set_led__struct.hpp:35:8:[m[K [01;36m[Knote: [m[Kcandidate: ‘[01m[Kconstexpr my_robot_interfaces::srv::SetLed_Request_<std::allocator<void> >::[01;32m[KSetLed_Request_[m[K(const my_robot_interfaces::srv::SetLed_Request_<std::allocator<void> >&)[m[K’
   35 | struct [01;36m[KSetLed_Request_[m[K
      |        [01;36m[K^~~~~~~~~~~~~~~[m[K
[01m[K/home/tuaydin/Desktop/ros2_ws/install/my_robot_interfaces/include/my_robot_interfaces/my_robot_interfaces/srv/detail/set_led__struct.hpp:35:8:[m[K [01;36m[Knote: [m[K  no known conversion for argument 1 from ‘[01m[Kconst char [8][m[K’ to ‘[01m[Kconst my_robot_interfaces::srv::SetLed_Request_<std::allocator<void> >&[m[K’
[01m[K/home/tuaydin/Desktop/ros2_ws/install/my_robot_interfaces/include/my_robot_interfaces/my_robot_interfaces/srv/detail/set_led__struct.hpp:35:8:[m[K [01;36m[Knote: [m[Kcandidate: ‘[01m[Kconstexpr my_robot_interfaces::srv::SetLed_Request_<std::allocator<void> >::[01;32m[KSetLed_Request_[m[K(my_robot_interfaces::srv::SetLed_Request_<std::allocator<void> >&&)[m[K’
[01m[K/home/tuaydin/Desktop/ros2_ws/install/my_robot_interfaces/include/my_robot_interfaces/my_robot_interfaces/srv/detail/set_led__struct.hpp:35:8:[m[K [01;36m[Knote: [m[K  no known conversion for argument 1 from ‘[01m[Kconst char [8][m[K’ to ‘[01m[Kmy_robot_interfaces::srv::SetLed_Request_<std::allocator<void> >&&[m[K’
gmake[2]: *** [CMakeFiles/battery.dir/build.make:76: CMakeFiles/battery.dir/src/battery.cpp.o] Error 1
gmake[1]: *** [CMakeFiles/Makefile2:389: CMakeFiles/battery.dir/all] Error 2
gmake: *** [Makefile:146: all] Error 2
