[0.277s] DEBUG:colcon:Command line arguments: ['/usr/bin/colcon', 'build']
[0.277s] DEBUG:colcon:Parsed command line arguments: Namespace(log_base=None, log_level=None, verb_name='build', build_base='build', install_base='install', merge_install=False, symlink_install=False, test_result_base=None, continue_on_error=False, executor='parallel', parallel_workers=16, event_handlers=None, ignore_user_meta=False, metas=['./colcon.meta'], base_paths=['.'], packages_ignore=None, packages_ignore_regex=None, paths=None, packages_up_to=None, packages_up_to_regex=None, packages_above=None, packages_above_and_dependencies=None, packages_above_depth=None, packages_select_by_dep=None, packages_skip_by_dep=None, packages_skip_up_to=None, packages_select_build_failed=False, packages_skip_build_finished=False, packages_select_test_failures=False, packages_skip_test_passed=False, packages_select=None, packages_skip=None, packages_select_regex=None, packages_skip_regex=None, packages_start=None, packages_end=None, allow_overriding=[], cmake_args=None, cmake_target=None, cmake_target_skip_unavailable=False, cmake_clean_cache=False, cmake_clean_first=False, cmake_force_configure=False, ament_cmake_args=None, catkin_cmake_args=None, catkin_skip_building_tests=False, mixin_files=None, mixin=None, verb_parser=<colcon_mixin.mixin.mixin_argument.MixinArgumentDecorator object at 0x74f775367320>, verb_extension=<colcon_core.verb.build.BuildVerb object at 0x74f775366ff0>, main=<bound method BuildVerb.main of <colcon_core.verb.build.BuildVerb object at 0x74f775366ff0>>, mixin_verb=('build',))
[0.385s] Level 1:colcon.colcon_core.package_discovery:discover_packages(colcon_meta) check parameters
[0.385s] Level 1:colcon.colcon_core.package_discovery:discover_packages(recursive) check parameters
[0.385s] Level 1:colcon.colcon_core.package_discovery:discover_packages(ignore) check parameters
[0.386s] Level 1:colcon.colcon_core.package_discovery:discover_packages(path) check parameters
[0.386s] Level 1:colcon.colcon_core.package_discovery:discover_packages(colcon_meta) discover
[0.386s] Level 1:colcon.colcon_core.package_discovery:discover_packages(recursive) discover
[0.386s] INFO:colcon.colcon_core.package_discovery:Crawling recursively for packages in '/home/tuaydin/Desktop/ros2_ws'
[0.386s] Level 1:colcon.colcon_core.package_identification:_identify(.) by extensions ['ignore', 'ignore_ament_install']
[0.386s] Level 1:colcon.colcon_core.package_identification:_identify(.) by extension 'ignore'
[0.386s] Level 1:colcon.colcon_core.package_identification:_identify(.) by extension 'ignore_ament_install'
[0.387s] Level 1:colcon.colcon_core.package_identification:_identify(.) by extensions ['colcon_pkg']
[0.387s] Level 1:colcon.colcon_core.package_identification:_identify(.) by extension 'colcon_pkg'
[0.387s] Level 1:colcon.colcon_core.package_identification:_identify(.) by extensions ['colcon_meta']
[0.387s] Level 1:colcon.colcon_core.package_identification:_identify(.) by extension 'colcon_meta'
[0.387s] Level 1:colcon.colcon_core.package_identification:_identify(.) by extensions ['ros']
[0.387s] Level 1:colcon.colcon_core.package_identification:_identify(.) by extension 'ros'
[0.449s] Level 1:colcon.colcon_core.package_identification:_identify(.) by extensions ['cmake', 'python']
[0.449s] Level 1:colcon.colcon_core.package_identification:_identify(.) by extension 'cmake'
[0.449s] Level 1:colcon.colcon_core.package_identification:_identify(.) by extension 'python'
[0.449s] Level 1:colcon.colcon_core.package_identification:_identify(.) by extensions ['python_setup_py']
[0.449s] Level 1:colcon.colcon_core.package_identification:_identify(.) by extension 'python_setup_py'
[0.450s] Level 1:colcon.colcon_core.package_identification:_identify(build) by extensions ['ignore', 'ignore_ament_install']
[0.450s] Level 1:colcon.colcon_core.package_identification:_identify(build) by extension 'ignore'
[0.450s] Level 1:colcon.colcon_core.package_identification:_identify(build) ignored
[0.450s] Level 1:colcon.colcon_core.package_identification:_identify(install) by extensions ['ignore', 'ignore_ament_install']
[0.450s] Level 1:colcon.colcon_core.package_identification:_identify(install) by extension 'ignore'
[0.451s] Level 1:colcon.colcon_core.package_identification:_identify(install) ignored
[0.451s] Level 1:colcon.colcon_core.package_identification:_identify(log) by extensions ['ignore', 'ignore_ament_install']
[0.451s] Level 1:colcon.colcon_core.package_identification:_identify(log) by extension 'ignore'
[0.451s] Level 1:colcon.colcon_core.package_identification:_identify(log) ignored
[0.451s] Level 1:colcon.colcon_core.package_identification:_identify(src) by extensions ['ignore', 'ignore_ament_install']
[0.452s] Level 1:colcon.colcon_core.package_identification:_identify(src) by extension 'ignore'
[0.452s] Level 1:colcon.colcon_core.package_identification:_identify(src) by extension 'ignore_ament_install'
[0.452s] Level 1:colcon.colcon_core.package_identification:_identify(src) by extensions ['colcon_pkg']
[0.452s] Level 1:colcon.colcon_core.package_identification:_identify(src) by extension 'colcon_pkg'
[0.452s] Level 1:colcon.colcon_core.package_identification:_identify(src) by extensions ['colcon_meta']
[0.452s] Level 1:colcon.colcon_core.package_identification:_identify(src) by extension 'colcon_meta'
[0.452s] Level 1:colcon.colcon_core.package_identification:_identify(src) by extensions ['ros']
[0.452s] Level 1:colcon.colcon_core.package_identification:_identify(src) by extension 'ros'
[0.453s] Level 1:colcon.colcon_core.package_identification:_identify(src) by extensions ['cmake', 'python']
[0.453s] Level 1:colcon.colcon_core.package_identification:_identify(src) by extension 'cmake'
[0.453s] Level 1:colcon.colcon_core.package_identification:_identify(src) by extension 'python'
[0.453s] Level 1:colcon.colcon_core.package_identification:_identify(src) by extensions ['python_setup_py']
[0.453s] Level 1:colcon.colcon_core.package_identification:_identify(src) by extension 'python_setup_py'
[0.453s] Level 1:colcon.colcon_core.package_identification:_identify(src/build) by extensions ['ignore', 'ignore_ament_install']
[0.453s] Level 1:colcon.colcon_core.package_identification:_identify(src/build) by extension 'ignore'
[0.453s] Level 1:colcon.colcon_core.package_identification:_identify(src/build) ignored
[0.454s] Level 1:colcon.colcon_core.package_identification:_identify(src/install) by extensions ['ignore', 'ignore_ament_install']
[0.454s] Level 1:colcon.colcon_core.package_identification:_identify(src/install) by extension 'ignore'
[0.454s] Level 1:colcon.colcon_core.package_identification:_identify(src/install) ignored
[0.454s] Level 1:colcon.colcon_core.package_identification:_identify(src/log) by extensions ['ignore', 'ignore_ament_install']
[0.454s] Level 1:colcon.colcon_core.package_identification:_identify(src/log) by extension 'ignore'
[0.454s] Level 1:colcon.colcon_core.package_identification:_identify(src/log) ignored
[0.455s] Level 1:colcon.colcon_core.package_identification:_identify(src/my_cpp_pkg) by extensions ['ignore', 'ignore_ament_install']
[0.455s] Level 1:colcon.colcon_core.package_identification:_identify(src/my_cpp_pkg) by extension 'ignore'
[0.455s] Level 1:colcon.colcon_core.package_identification:_identify(src/my_cpp_pkg) by extension 'ignore_ament_install'
[0.455s] Level 1:colcon.colcon_core.package_identification:_identify(src/my_cpp_pkg) by extensions ['colcon_pkg']
[0.455s] Level 1:colcon.colcon_core.package_identification:_identify(src/my_cpp_pkg) by extension 'colcon_pkg'
[0.455s] Level 1:colcon.colcon_core.package_identification:_identify(src/my_cpp_pkg) by extensions ['colcon_meta']
[0.455s] Level 1:colcon.colcon_core.package_identification:_identify(src/my_cpp_pkg) by extension 'colcon_meta'
[0.455s] Level 1:colcon.colcon_core.package_identification:_identify(src/my_cpp_pkg) by extensions ['ros']
[0.455s] Level 1:colcon.colcon_core.package_identification:_identify(src/my_cpp_pkg) by extension 'ros'
[0.462s] DEBUG:colcon.colcon_core.package_identification:Package 'src/my_cpp_pkg' with type 'ros.ament_cmake' and name 'my_cpp_pkg'
[0.462s] Level 1:colcon.colcon_core.package_identification:_identify(src/my_py_pkg) by extensions ['ignore', 'ignore_ament_install']
[0.462s] Level 1:colcon.colcon_core.package_identification:_identify(src/my_py_pkg) by extension 'ignore'
[0.462s] Level 1:colcon.colcon_core.package_identification:_identify(src/my_py_pkg) by extension 'ignore_ament_install'
[0.462s] Level 1:colcon.colcon_core.package_identification:_identify(src/my_py_pkg) by extensions ['colcon_pkg']
[0.462s] Level 1:colcon.colcon_core.package_identification:_identify(src/my_py_pkg) by extension 'colcon_pkg'
[0.463s] Level 1:colcon.colcon_core.package_identification:_identify(src/my_py_pkg) by extensions ['colcon_meta']
[0.463s] Level 1:colcon.colcon_core.package_identification:_identify(src/my_py_pkg) by extension 'colcon_meta'
[0.463s] Level 1:colcon.colcon_core.package_identification:_identify(src/my_py_pkg) by extensions ['ros']
[0.463s] Level 1:colcon.colcon_core.package_identification:_identify(src/my_py_pkg) by extension 'ros'
[0.464s] DEBUG:colcon.colcon_core.package_identification:Package 'src/my_py_pkg' with type 'ros.ament_python' and name 'my_py_pkg'
[0.465s] Level 1:colcon.colcon_core.package_identification:_identify(src/my_robot_bringup) by extensions ['ignore', 'ignore_ament_install']
[0.465s] Level 1:colcon.colcon_core.package_identification:_identify(src/my_robot_bringup) by extension 'ignore'
[0.465s] Level 1:colcon.colcon_core.package_identification:_identify(src/my_robot_bringup) by extension 'ignore_ament_install'
[0.465s] Level 1:colcon.colcon_core.package_identification:_identify(src/my_robot_bringup) by extensions ['colcon_pkg']
[0.465s] Level 1:colcon.colcon_core.package_identification:_identify(src/my_robot_bringup) by extension 'colcon_pkg'
[0.465s] Level 1:colcon.colcon_core.package_identification:_identify(src/my_robot_bringup) by extensions ['colcon_meta']
[0.465s] Level 1:colcon.colcon_core.package_identification:_identify(src/my_robot_bringup) by extension 'colcon_meta'
[0.465s] Level 1:colcon.colcon_core.package_identification:_identify(src/my_robot_bringup) by extensions ['ros']
[0.465s] Level 1:colcon.colcon_core.package_identification:_identify(src/my_robot_bringup) by extension 'ros'
[0.467s] DEBUG:colcon.colcon_core.package_identification:Package 'src/my_robot_bringup' with type 'ros.ament_cmake' and name 'my_robot_bringup'
[0.467s] Level 1:colcon.colcon_core.package_identification:_identify(src/my_robot_interfaces) by extensions ['ignore', 'ignore_ament_install']
[0.467s] Level 1:colcon.colcon_core.package_identification:_identify(src/my_robot_interfaces) by extension 'ignore'
[0.467s] Level 1:colcon.colcon_core.package_identification:_identify(src/my_robot_interfaces) by extension 'ignore_ament_install'
[0.467s] Level 1:colcon.colcon_core.package_identification:_identify(src/my_robot_interfaces) by extensions ['colcon_pkg']
[0.468s] Level 1:colcon.colcon_core.package_identification:_identify(src/my_robot_interfaces) by extension 'colcon_pkg'
[0.468s] Level 1:colcon.colcon_core.package_identification:_identify(src/my_robot_interfaces) by extensions ['colcon_meta']
[0.468s] Level 1:colcon.colcon_core.package_identification:_identify(src/my_robot_interfaces) by extension 'colcon_meta'
[0.468s] Level 1:colcon.colcon_core.package_identification:_identify(src/my_robot_interfaces) by extensions ['ros']
[0.468s] Level 1:colcon.colcon_core.package_identification:_identify(src/my_robot_interfaces) by extension 'ros'
[0.469s] DEBUG:colcon.colcon_core.package_identification:Package 'src/my_robot_interfaces' with type 'ros.ament_cmake' and name 'my_robot_interfaces'
[0.469s] Level 1:colcon.colcon_core.package_discovery:discover_packages(recursive) using defaults
[0.469s] Level 1:colcon.colcon_core.package_discovery:discover_packages(ignore) discover
[0.469s] Level 1:colcon.colcon_core.package_discovery:discover_packages(ignore) using defaults
[0.469s] Level 1:colcon.colcon_core.package_discovery:discover_packages(path) discover
[0.470s] Level 1:colcon.colcon_core.package_discovery:discover_packages(path) using defaults
[0.514s] Level 1:colcon.colcon_core.package_discovery:discover_packages(prefix_path) check parameters
[0.514s] Level 1:colcon.colcon_core.package_discovery:discover_packages(prefix_path) discover
[0.519s] DEBUG:colcon.colcon_installed_package_information.package_discovery:Found 4 installed packages in /home/tuaydin/Desktop/ros2_ws/install
[0.520s] DEBUG:colcon.colcon_installed_package_information.package_discovery:Found 2 installed packages in /home/tuaydin/Desktop/ros2_ws/src/install
[0.525s] DEBUG:colcon.colcon_installed_package_information.package_discovery:Found 284 installed packages in /opt/ros/jazzy
[0.528s] Level 1:colcon.colcon_core.package_discovery:discover_packages(prefix_path) using defaults
[0.625s] Level 5:colcon.colcon_core.verb:set package 'my_robot_interfaces' build argument 'cmake_args' from command line to 'None'
[0.625s] Level 5:colcon.colcon_core.verb:set package 'my_robot_interfaces' build argument 'cmake_target' from command line to 'None'
[0.625s] Level 5:colcon.colcon_core.verb:set package 'my_robot_interfaces' build argument 'cmake_target_skip_unavailable' from command line to 'False'
[0.625s] Level 5:colcon.colcon_core.verb:set package 'my_robot_interfaces' build argument 'cmake_clean_cache' from command line to 'False'
[0.625s] Level 5:colcon.colcon_core.verb:set package 'my_robot_interfaces' build argument 'cmake_clean_first' from command line to 'False'
[0.625s] Level 5:colcon.colcon_core.verb:set package 'my_robot_interfaces' build argument 'cmake_force_configure' from command line to 'False'
[0.625s] Level 5:colcon.colcon_core.verb:set package 'my_robot_interfaces' build argument 'ament_cmake_args' from command line to 'None'
[0.625s] Level 5:colcon.colcon_core.verb:set package 'my_robot_interfaces' build argument 'catkin_cmake_args' from command line to 'None'
[0.625s] Level 5:colcon.colcon_core.verb:set package 'my_robot_interfaces' build argument 'catkin_skip_building_tests' from command line to 'False'
[0.625s] DEBUG:colcon.colcon_core.verb:Building package 'my_robot_interfaces' with the following arguments: {'ament_cmake_args': None, 'build_base': '/home/tuaydin/Desktop/ros2_ws/build/my_robot_interfaces', 'catkin_cmake_args': None, 'catkin_skip_building_tests': False, 'cmake_args': None, 'cmake_clean_cache': False, 'cmake_clean_first': False, 'cmake_force_configure': False, 'cmake_target': None, 'cmake_target_skip_unavailable': False, 'install_base': '/home/tuaydin/Desktop/ros2_ws/install/my_robot_interfaces', 'merge_install': False, 'path': '/home/tuaydin/Desktop/ros2_ws/src/my_robot_interfaces', 'symlink_install': False, 'test_result_base': None}
[0.626s] Level 5:colcon.colcon_core.verb:set package 'my_cpp_pkg' build argument 'cmake_args' from command line to 'None'
[0.626s] Level 5:colcon.colcon_core.verb:set package 'my_cpp_pkg' build argument 'cmake_target' from command line to 'None'
[0.626s] Level 5:colcon.colcon_core.verb:set package 'my_cpp_pkg' build argument 'cmake_target_skip_unavailable' from command line to 'False'
[0.626s] Level 5:colcon.colcon_core.verb:set package 'my_cpp_pkg' build argument 'cmake_clean_cache' from command line to 'False'
[0.626s] Level 5:colcon.colcon_core.verb:set package 'my_cpp_pkg' build argument 'cmake_clean_first' from command line to 'False'
[0.626s] Level 5:colcon.colcon_core.verb:set package 'my_cpp_pkg' build argument 'cmake_force_configure' from command line to 'False'
[0.626s] Level 5:colcon.colcon_core.verb:set package 'my_cpp_pkg' build argument 'ament_cmake_args' from command line to 'None'
[0.627s] Level 5:colcon.colcon_core.verb:set package 'my_cpp_pkg' build argument 'catkin_cmake_args' from command line to 'None'
[0.627s] Level 5:colcon.colcon_core.verb:set package 'my_cpp_pkg' build argument 'catkin_skip_building_tests' from command line to 'False'
[0.627s] DEBUG:colcon.colcon_core.verb:Building package 'my_cpp_pkg' with the following arguments: {'ament_cmake_args': None, 'build_base': '/home/tuaydin/Desktop/ros2_ws/build/my_cpp_pkg', 'catkin_cmake_args': None, 'catkin_skip_building_tests': False, 'cmake_args': None, 'cmake_clean_cache': False, 'cmake_clean_first': False, 'cmake_force_configure': False, 'cmake_target': None, 'cmake_target_skip_unavailable': False, 'install_base': '/home/tuaydin/Desktop/ros2_ws/install/my_cpp_pkg', 'merge_install': False, 'path': '/home/tuaydin/Desktop/ros2_ws/src/my_cpp_pkg', 'symlink_install': False, 'test_result_base': None}
[0.628s] Level 5:colcon.colcon_core.verb:set package 'my_py_pkg' build argument 'cmake_args' from command line to 'None'
[0.628s] Level 5:colcon.colcon_core.verb:set package 'my_py_pkg' build argument 'cmake_target' from command line to 'None'
[0.628s] Level 5:colcon.colcon_core.verb:set package 'my_py_pkg' build argument 'cmake_target_skip_unavailable' from command line to 'False'
[0.628s] Level 5:colcon.colcon_core.verb:set package 'my_py_pkg' build argument 'cmake_clean_cache' from command line to 'False'
[0.628s] Level 5:colcon.colcon_core.verb:set package 'my_py_pkg' build argument 'cmake_clean_first' from command line to 'False'
[0.628s] Level 5:colcon.colcon_core.verb:set package 'my_py_pkg' build argument 'cmake_force_configure' from command line to 'False'
[0.628s] Level 5:colcon.colcon_core.verb:set package 'my_py_pkg' build argument 'ament_cmake_args' from command line to 'None'
[0.628s] Level 5:colcon.colcon_core.verb:set package 'my_py_pkg' build argument 'catkin_cmake_args' from command line to 'None'
[0.628s] Level 5:colcon.colcon_core.verb:set package 'my_py_pkg' build argument 'catkin_skip_building_tests' from command line to 'False'
[0.628s] DEBUG:colcon.colcon_core.verb:Building package 'my_py_pkg' with the following arguments: {'ament_cmake_args': None, 'build_base': '/home/tuaydin/Desktop/ros2_ws/build/my_py_pkg', 'catkin_cmake_args': None, 'catkin_skip_building_tests': False, 'cmake_args': None, 'cmake_clean_cache': False, 'cmake_clean_first': False, 'cmake_force_configure': False, 'cmake_target': None, 'cmake_target_skip_unavailable': False, 'install_base': '/home/tuaydin/Desktop/ros2_ws/install/my_py_pkg', 'merge_install': False, 'path': '/home/tuaydin/Desktop/ros2_ws/src/my_py_pkg', 'symlink_install': False, 'test_result_base': None}
[0.629s] Level 5:colcon.colcon_core.verb:set package 'my_robot_bringup' build argument 'cmake_args' from command line to 'None'
[0.629s] Level 5:colcon.colcon_core.verb:set package 'my_robot_bringup' build argument 'cmake_target' from command line to 'None'
[0.629s] Level 5:colcon.colcon_core.verb:set package 'my_robot_bringup' build argument 'cmake_target_skip_unavailable' from command line to 'False'
[0.629s] Level 5:colcon.colcon_core.verb:set package 'my_robot_bringup' build argument 'cmake_clean_cache' from command line to 'False'
[0.629s] Level 5:colcon.colcon_core.verb:set package 'my_robot_bringup' build argument 'cmake_clean_first' from command line to 'False'
[0.629s] Level 5:colcon.colcon_core.verb:set package 'my_robot_bringup' build argument 'cmake_force_configure' from command line to 'False'
[0.629s] Level 5:colcon.colcon_core.verb:set package 'my_robot_bringup' build argument 'ament_cmake_args' from command line to 'None'
[0.629s] Level 5:colcon.colcon_core.verb:set package 'my_robot_bringup' build argument 'catkin_cmake_args' from command line to 'None'
[0.629s] Level 5:colcon.colcon_core.verb:set package 'my_robot_bringup' build argument 'catkin_skip_building_tests' from command line to 'False'
[0.629s] DEBUG:colcon.colcon_core.verb:Building package 'my_robot_bringup' with the following arguments: {'ament_cmake_args': None, 'build_base': '/home/tuaydin/Desktop/ros2_ws/build/my_robot_bringup', 'catkin_cmake_args': None, 'catkin_skip_building_tests': False, 'cmake_args': None, 'cmake_clean_cache': False, 'cmake_clean_first': False, 'cmake_force_configure': False, 'cmake_target': None, 'cmake_target_skip_unavailable': False, 'install_base': '/home/tuaydin/Desktop/ros2_ws/install/my_robot_bringup', 'merge_install': False, 'path': '/home/tuaydin/Desktop/ros2_ws/src/my_robot_bringup', 'symlink_install': False, 'test_result_base': None}
[0.630s] INFO:colcon.colcon_core.executor:Executing jobs using 'parallel' executor
[0.632s] DEBUG:colcon.colcon_parallel_executor.executor.parallel:run_until_complete
[0.632s] INFO:colcon.colcon_ros.task.ament_cmake.build:Building ROS package in '/home/tuaydin/Desktop/ros2_ws/src/my_robot_interfaces' with build type 'ament_cmake'
[0.633s] INFO:colcon.colcon_cmake.task.cmake.build:Building CMake package in '/home/tuaydin/Desktop/ros2_ws/src/my_robot_interfaces'
[0.636s] INFO:colcon.colcon_core.plugin_system:Skipping extension 'colcon_core.shell.bat': Not used on non-Windows systems
[0.636s] INFO:colcon.colcon_core.shell:Skip shell extension 'powershell' for command environment: Not usable outside of PowerShell
[0.637s] DEBUG:colcon.colcon_core.shell:Skip shell extension 'dsv' for command environment
[0.650s] DEBUG:colcon.colcon_core.event_handler.log_command:Invoking command in '/home/tuaydin/Desktop/ros2_ws/build/my_robot_interfaces': CMAKE_PREFIX_PATH=${CMAKE_PREFIX_PATH}:/home/tuaydin/Desktop/ros2_ws/install/my_py_pkg:/home/tuaydin/Desktop/ros2_ws/src/install/my_py_pkg:/opt/ros/jazzy /usr/bin/cmake --build /home/tuaydin/Desktop/ros2_ws/build/my_robot_interfaces -- -j16 -l16
[1.649s] DEBUG:colcon.colcon_core.event_handler.log_command:Invoked command in '/home/tuaydin/Desktop/ros2_ws/build/my_robot_interfaces' returned '0': CMAKE_PREFIX_PATH=${CMAKE_PREFIX_PATH}:/home/tuaydin/Desktop/ros2_ws/install/my_py_pkg:/home/tuaydin/Desktop/ros2_ws/src/install/my_py_pkg:/opt/ros/jazzy /usr/bin/cmake --build /home/tuaydin/Desktop/ros2_ws/build/my_robot_interfaces -- -j16 -l16
[1.672s] DEBUG:colcon.colcon_core.event_handler.log_command:Invoking command in '/home/tuaydin/Desktop/ros2_ws/build/my_robot_interfaces': CMAKE_PREFIX_PATH=${CMAKE_PREFIX_PATH}:/home/tuaydin/Desktop/ros2_ws/install/my_py_pkg:/home/tuaydin/Desktop/ros2_ws/src/install/my_py_pkg:/opt/ros/jazzy /usr/bin/cmake --install /home/tuaydin/Desktop/ros2_ws/build/my_robot_interfaces
[1.792s] Level 1:colcon.colcon_core.environment:create_environment_scripts_only(my_robot_interfaces)
[1.793s] DEBUG:colcon.colcon_core.event_handler.log_command:Invoked command in '/home/tuaydin/Desktop/ros2_ws/build/my_robot_interfaces' returned '0': CMAKE_PREFIX_PATH=${CMAKE_PREFIX_PATH}:/home/tuaydin/Desktop/ros2_ws/install/my_py_pkg:/home/tuaydin/Desktop/ros2_ws/src/install/my_py_pkg:/opt/ros/jazzy /usr/bin/cmake --install /home/tuaydin/Desktop/ros2_ws/build/my_robot_interfaces
[1.797s] Level 1:colcon.colcon_core.environment:checking '/home/tuaydin/Desktop/ros2_ws/install/my_robot_interfaces' for CMake module files
[1.799s] Level 1:colcon.colcon_core.environment:checking '/home/tuaydin/Desktop/ros2_ws/install/my_robot_interfaces' for CMake config files
[1.800s] Level 1:colcon.colcon_core.shell:create_environment_hook('my_robot_interfaces', 'cmake_prefix_path')
[1.800s] INFO:colcon.colcon_core.shell:Creating environment hook '/home/tuaydin/Desktop/ros2_ws/install/my_robot_interfaces/share/my_robot_interfaces/hook/cmake_prefix_path.ps1'
[1.802s] INFO:colcon.colcon_core.shell:Creating environment descriptor '/home/tuaydin/Desktop/ros2_ws/install/my_robot_interfaces/share/my_robot_interfaces/hook/cmake_prefix_path.dsv'
[1.803s] INFO:colcon.colcon_core.shell:Creating environment hook '/home/tuaydin/Desktop/ros2_ws/install/my_robot_interfaces/share/my_robot_interfaces/hook/cmake_prefix_path.sh'
[1.805s] Level 1:colcon.colcon_core.environment:checking '/home/tuaydin/Desktop/ros2_ws/install/my_robot_interfaces/lib'
[1.805s] Level 1:colcon.colcon_core.shell:create_environment_hook('my_robot_interfaces', 'ld_library_path_lib')
[1.805s] INFO:colcon.colcon_core.shell:Creating environment hook '/home/tuaydin/Desktop/ros2_ws/install/my_robot_interfaces/share/my_robot_interfaces/hook/ld_library_path_lib.ps1'
[1.806s] INFO:colcon.colcon_core.shell:Creating environment descriptor '/home/tuaydin/Desktop/ros2_ws/install/my_robot_interfaces/share/my_robot_interfaces/hook/ld_library_path_lib.dsv'
[1.807s] INFO:colcon.colcon_core.shell:Creating environment hook '/home/tuaydin/Desktop/ros2_ws/install/my_robot_interfaces/share/my_robot_interfaces/hook/ld_library_path_lib.sh'
[1.808s] Level 1:colcon.colcon_core.environment:checking '/home/tuaydin/Desktop/ros2_ws/install/my_robot_interfaces/bin'
[1.808s] Level 1:colcon.colcon_core.environment:checking '/home/tuaydin/Desktop/ros2_ws/install/my_robot_interfaces/lib/pkgconfig/my_robot_interfaces.pc'
[1.809s] Level 1:colcon.colcon_core.environment:checking '/home/tuaydin/Desktop/ros2_ws/install/my_robot_interfaces/lib/python3.12/site-packages'
[1.809s] Level 1:colcon.colcon_core.shell:create_environment_hook('my_robot_interfaces', 'pythonpath')
[1.809s] INFO:colcon.colcon_core.shell:Creating environment hook '/home/tuaydin/Desktop/ros2_ws/install/my_robot_interfaces/share/my_robot_interfaces/hook/pythonpath.ps1'
[1.809s] INFO:colcon.colcon_core.shell:Creating environment descriptor '/home/tuaydin/Desktop/ros2_ws/install/my_robot_interfaces/share/my_robot_interfaces/hook/pythonpath.dsv'
[1.810s] INFO:colcon.colcon_core.shell:Creating environment hook '/home/tuaydin/Desktop/ros2_ws/install/my_robot_interfaces/share/my_robot_interfaces/hook/pythonpath.sh'
[1.811s] Level 1:colcon.colcon_core.environment:checking '/home/tuaydin/Desktop/ros2_ws/install/my_robot_interfaces/bin'
[1.811s] INFO:colcon.colcon_core.shell:Creating package script '/home/tuaydin/Desktop/ros2_ws/install/my_robot_interfaces/share/my_robot_interfaces/package.ps1'
[1.812s] INFO:colcon.colcon_core.shell:Creating package descriptor '/home/tuaydin/Desktop/ros2_ws/install/my_robot_interfaces/share/my_robot_interfaces/package.dsv'
[1.813s] INFO:colcon.colcon_core.shell:Creating package script '/home/tuaydin/Desktop/ros2_ws/install/my_robot_interfaces/share/my_robot_interfaces/package.sh'
[1.814s] INFO:colcon.colcon_core.shell:Creating package script '/home/tuaydin/Desktop/ros2_ws/install/my_robot_interfaces/share/my_robot_interfaces/package.bash'
[1.814s] INFO:colcon.colcon_core.shell:Creating package script '/home/tuaydin/Desktop/ros2_ws/install/my_robot_interfaces/share/my_robot_interfaces/package.zsh'
[1.815s] Level 1:colcon.colcon_core.environment:create_file_with_runtime_dependencies(/home/tuaydin/Desktop/ros2_ws/install/my_robot_interfaces/share/colcon-core/packages/my_robot_interfaces)
[1.816s] Level 1:colcon.colcon_core.environment:create_environment_scripts_only(my_robot_interfaces)
[1.816s] Level 1:colcon.colcon_core.environment:checking '/home/tuaydin/Desktop/ros2_ws/install/my_robot_interfaces' for CMake module files
[1.817s] Level 1:colcon.colcon_core.environment:checking '/home/tuaydin/Desktop/ros2_ws/install/my_robot_interfaces' for CMake config files
[1.818s] Level 1:colcon.colcon_core.shell:create_environment_hook('my_robot_interfaces', 'cmake_prefix_path')
[1.818s] INFO:colcon.colcon_core.shell:Creating environment hook '/home/tuaydin/Desktop/ros2_ws/install/my_robot_interfaces/share/my_robot_interfaces/hook/cmake_prefix_path.ps1'
[1.819s] INFO:colcon.colcon_core.shell:Creating environment descriptor '/home/tuaydin/Desktop/ros2_ws/install/my_robot_interfaces/share/my_robot_interfaces/hook/cmake_prefix_path.dsv'
[1.819s] INFO:colcon.colcon_core.shell:Creating environment hook '/home/tuaydin/Desktop/ros2_ws/install/my_robot_interfaces/share/my_robot_interfaces/hook/cmake_prefix_path.sh'
[1.820s] Level 1:colcon.colcon_core.environment:checking '/home/tuaydin/Desktop/ros2_ws/install/my_robot_interfaces/lib'
[1.820s] Level 1:colcon.colcon_core.shell:create_environment_hook('my_robot_interfaces', 'ld_library_path_lib')
[1.820s] INFO:colcon.colcon_core.shell:Creating environment hook '/home/tuaydin/Desktop/ros2_ws/install/my_robot_interfaces/share/my_robot_interfaces/hook/ld_library_path_lib.ps1'
[1.821s] INFO:colcon.colcon_core.shell:Creating environment descriptor '/home/tuaydin/Desktop/ros2_ws/install/my_robot_interfaces/share/my_robot_interfaces/hook/ld_library_path_lib.dsv'
[1.822s] INFO:colcon.colcon_core.shell:Creating environment hook '/home/tuaydin/Desktop/ros2_ws/install/my_robot_interfaces/share/my_robot_interfaces/hook/ld_library_path_lib.sh'
[1.822s] Level 1:colcon.colcon_core.environment:checking '/home/tuaydin/Desktop/ros2_ws/install/my_robot_interfaces/bin'
[1.822s] Level 1:colcon.colcon_core.environment:checking '/home/tuaydin/Desktop/ros2_ws/install/my_robot_interfaces/lib/pkgconfig/my_robot_interfaces.pc'
[1.822s] Level 1:colcon.colcon_core.environment:checking '/home/tuaydin/Desktop/ros2_ws/install/my_robot_interfaces/lib/python3.12/site-packages'
[1.823s] Level 1:colcon.colcon_core.shell:create_environment_hook('my_robot_interfaces', 'pythonpath')
[1.823s] INFO:colcon.colcon_core.shell:Creating environment hook '/home/tuaydin/Desktop/ros2_ws/install/my_robot_interfaces/share/my_robot_interfaces/hook/pythonpath.ps1'
[1.823s] INFO:colcon.colcon_core.shell:Creating environment descriptor '/home/tuaydin/Desktop/ros2_ws/install/my_robot_interfaces/share/my_robot_interfaces/hook/pythonpath.dsv'
[1.824s] INFO:colcon.colcon_core.shell:Creating environment hook '/home/tuaydin/Desktop/ros2_ws/install/my_robot_interfaces/share/my_robot_interfaces/hook/pythonpath.sh'
[1.825s] Level 1:colcon.colcon_core.environment:checking '/home/tuaydin/Desktop/ros2_ws/install/my_robot_interfaces/bin'
[1.825s] INFO:colcon.colcon_core.shell:Creating package script '/home/tuaydin/Desktop/ros2_ws/install/my_robot_interfaces/share/my_robot_interfaces/package.ps1'
[1.826s] INFO:colcon.colcon_core.shell:Creating package descriptor '/home/tuaydin/Desktop/ros2_ws/install/my_robot_interfaces/share/my_robot_interfaces/package.dsv'
[1.826s] INFO:colcon.colcon_core.shell:Creating package script '/home/tuaydin/Desktop/ros2_ws/install/my_robot_interfaces/share/my_robot_interfaces/package.sh'
[1.827s] INFO:colcon.colcon_core.shell:Creating package script '/home/tuaydin/Desktop/ros2_ws/install/my_robot_interfaces/share/my_robot_interfaces/package.bash'
[1.828s] INFO:colcon.colcon_core.shell:Creating package script '/home/tuaydin/Desktop/ros2_ws/install/my_robot_interfaces/share/my_robot_interfaces/package.zsh'
[1.828s] Level 1:colcon.colcon_core.environment:create_file_with_runtime_dependencies(/home/tuaydin/Desktop/ros2_ws/install/my_robot_interfaces/share/colcon-core/packages/my_robot_interfaces)
[1.828s] INFO:colcon.colcon_ros.task.ament_cmake.build:Building ROS package in '/home/tuaydin/Desktop/ros2_ws/src/my_cpp_pkg' with build type 'ament_cmake'
[1.829s] INFO:colcon.colcon_cmake.task.cmake.build:Building CMake package in '/home/tuaydin/Desktop/ros2_ws/src/my_cpp_pkg'
[1.829s] INFO:colcon.colcon_core.shell:Skip shell extension 'powershell' for command environment: Not usable outside of PowerShell
[1.829s] DEBUG:colcon.colcon_core.shell:Skip shell extension 'dsv' for command environment
[1.835s] INFO:colcon.colcon_ros.task.ament_python.build:Building ROS package in '/home/tuaydin/Desktop/ros2_ws/src/my_py_pkg' with build type 'ament_python'
[1.835s] Level 1:colcon.colcon_core.shell:create_environment_hook('my_py_pkg', 'ament_prefix_path')
[1.835s] INFO:colcon.colcon_core.shell:Creating environment hook '/home/tuaydin/Desktop/ros2_ws/install/my_py_pkg/share/my_py_pkg/hook/ament_prefix_path.ps1'
[1.836s] INFO:colcon.colcon_core.shell:Creating environment descriptor '/home/tuaydin/Desktop/ros2_ws/install/my_py_pkg/share/my_py_pkg/hook/ament_prefix_path.dsv'
[1.837s] INFO:colcon.colcon_core.shell:Creating environment hook '/home/tuaydin/Desktop/ros2_ws/install/my_py_pkg/share/my_py_pkg/hook/ament_prefix_path.sh'
[1.838s] INFO:colcon.colcon_core.shell:Skip shell extension 'powershell' for command environment: Not usable outside of PowerShell
[1.838s] DEBUG:colcon.colcon_core.shell:Skip shell extension 'dsv' for command environment
[1.848s] DEBUG:colcon.colcon_core.event_handler.log_command:Invoking command in '/home/tuaydin/Desktop/ros2_ws/build/my_cpp_pkg': CMAKE_PREFIX_PATH=/home/tuaydin/Desktop/ros2_ws/install/my_robot_interfaces:/home/tuaydin/Desktop/ros2_ws/install/my_robot_bringup:/home/tuaydin/Desktop/ros2_ws/install/my_cpp_pkg:/home/tuaydin/Desktop/ros2_ws/src/install/my_cpp_pkg:/opt/ros/jazzy/opt/gz_math_vendor:/opt/ros/jazzy/opt/gz_utils_vendor:/opt/ros/jazzy/opt/gz_cmake_vendor:/home/tuaydin/Desktop/ros2_ws/install/my_py_pkg:/home/tuaydin/Desktop/ros2_ws/src/install/my_py_pkg:/opt/ros/jazzy PYTHONPATH=/home/tuaydin/Desktop/ros2_ws/install/my_robot_interfaces/lib/python3.12/site-packages:/home/tuaydin/Desktop/ros2_ws/install/my_py_pkg/lib/python3.12/site-packages:/home/tuaydin/Desktop/ros2_ws/src/install/my_py_pkg/lib/python3.12/site-packages:/opt/ros/jazzy/lib/python3.12/site-packages /usr/bin/cmake --build /home/tuaydin/Desktop/ros2_ws/build/my_cpp_pkg -- -j16 -l16
[2.322s] INFO:colcon.colcon_core.task.python.build:Building Python package in '/home/tuaydin/Desktop/ros2_ws/src/my_py_pkg'
[2.322s] INFO:colcon.colcon_core.shell:Skip shell extension 'powershell' for command environment: Not usable outside of PowerShell
[2.322s] DEBUG:colcon.colcon_core.shell:Skip shell extension 'dsv' for command environment
[3.777s] DEBUG:colcon.colcon_core.event_handler.log_command:Invoking command in '/home/tuaydin/Desktop/ros2_ws/src/my_py_pkg': CMAKE_PREFIX_PATH=/home/tuaydin/Desktop/ros2_ws/install/my_robot_interfaces:/home/tuaydin/Desktop/ros2_ws/install/my_robot_bringup:/home/tuaydin/Desktop/ros2_ws/install/my_cpp_pkg:/home/tuaydin/Desktop/ros2_ws/src/install/my_cpp_pkg:/opt/ros/jazzy/opt/gz_math_vendor:/opt/ros/jazzy/opt/gz_utils_vendor:/opt/ros/jazzy/opt/gz_cmake_vendor PYTHONPATH=/home/tuaydin/Desktop/ros2_ws/build/my_py_pkg/prefix_override:/usr/lib/python3/dist-packages/colcon_core/task/python/colcon_distutils_commands:/home/tuaydin/Desktop/ros2_ws/install/my_py_pkg/lib/python3.12/site-packages:/home/tuaydin/Desktop/ros2_ws/install/my_robot_interfaces/lib/python3.12/site-packages:/home/tuaydin/Desktop/ros2_ws/install/my_py_pkg/lib/python3.12/site-packages:/home/tuaydin/Desktop/ros2_ws/src/install/my_py_pkg/lib/python3.12/site-packages:/opt/ros/jazzy/lib/python3.12/site-packages /usr/bin/python3 -W ignore:setup.py install is deprecated -W ignore:easy_install command is deprecated setup.py egg_info --egg-base ../../build/my_py_pkg build --build-base /home/tuaydin/Desktop/ros2_ws/build/my_py_pkg/build install --record /home/tuaydin/Desktop/ros2_ws/build/my_py_pkg/install.log --single-version-externally-managed install_data
[5.104s] Level 1:colcon.colcon_core.environment:checking '/home/tuaydin/Desktop/ros2_ws/install/my_py_pkg' for CMake module files
[5.106s] DEBUG:colcon.colcon_core.event_handler.log_command:Invoked command in '/home/tuaydin/Desktop/ros2_ws/src/my_py_pkg' returned '0': CMAKE_PREFIX_PATH=/home/tuaydin/Desktop/ros2_ws/install/my_robot_interfaces:/home/tuaydin/Desktop/ros2_ws/install/my_robot_bringup:/home/tuaydin/Desktop/ros2_ws/install/my_cpp_pkg:/home/tuaydin/Desktop/ros2_ws/src/install/my_cpp_pkg:/opt/ros/jazzy/opt/gz_math_vendor:/opt/ros/jazzy/opt/gz_utils_vendor:/opt/ros/jazzy/opt/gz_cmake_vendor PYTHONPATH=/home/tuaydin/Desktop/ros2_ws/build/my_py_pkg/prefix_override:/usr/lib/python3/dist-packages/colcon_core/task/python/colcon_distutils_commands:/home/tuaydin/Desktop/ros2_ws/install/my_py_pkg/lib/python3.12/site-packages:/home/tuaydin/Desktop/ros2_ws/install/my_robot_interfaces/lib/python3.12/site-packages:/home/tuaydin/Desktop/ros2_ws/install/my_py_pkg/lib/python3.12/site-packages:/home/tuaydin/Desktop/ros2_ws/src/install/my_py_pkg/lib/python3.12/site-packages:/opt/ros/jazzy/lib/python3.12/site-packages /usr/bin/python3 -W ignore:setup.py install is deprecated -W ignore:easy_install command is deprecated setup.py egg_info --egg-base ../../build/my_py_pkg build --build-base /home/tuaydin/Desktop/ros2_ws/build/my_py_pkg/build install --record /home/tuaydin/Desktop/ros2_ws/build/my_py_pkg/install.log --single-version-externally-managed install_data
[5.107s] Level 1:colcon.colcon_core.environment:checking '/home/tuaydin/Desktop/ros2_ws/install/my_py_pkg' for CMake config files
[5.108s] Level 1:colcon.colcon_core.environment:checking '/home/tuaydin/Desktop/ros2_ws/install/my_py_pkg/lib'
[5.109s] Level 1:colcon.colcon_core.environment:checking '/home/tuaydin/Desktop/ros2_ws/install/my_py_pkg/bin'
[5.109s] Level 1:colcon.colcon_core.environment:checking '/home/tuaydin/Desktop/ros2_ws/install/my_py_pkg/lib/pkgconfig/my_py_pkg.pc'
[5.109s] Level 1:colcon.colcon_core.environment:checking '/home/tuaydin/Desktop/ros2_ws/install/my_py_pkg/lib/python3.12/site-packages'
[5.109s] Level 1:colcon.colcon_core.shell:create_environment_hook('my_py_pkg', 'pythonpath')
[5.109s] INFO:colcon.colcon_core.shell:Creating environment hook '/home/tuaydin/Desktop/ros2_ws/install/my_py_pkg/share/my_py_pkg/hook/pythonpath.ps1'
[5.110s] INFO:colcon.colcon_core.shell:Creating environment descriptor '/home/tuaydin/Desktop/ros2_ws/install/my_py_pkg/share/my_py_pkg/hook/pythonpath.dsv'
[5.111s] INFO:colcon.colcon_core.shell:Creating environment hook '/home/tuaydin/Desktop/ros2_ws/install/my_py_pkg/share/my_py_pkg/hook/pythonpath.sh'
[5.112s] Level 1:colcon.colcon_core.environment:checking '/home/tuaydin/Desktop/ros2_ws/install/my_py_pkg/bin'
[5.112s] Level 1:colcon.colcon_core.environment:create_environment_scripts_only(my_py_pkg)
[5.112s] INFO:colcon.colcon_core.shell:Creating package script '/home/tuaydin/Desktop/ros2_ws/install/my_py_pkg/share/my_py_pkg/package.ps1'
[5.113s] INFO:colcon.colcon_core.shell:Creating package descriptor '/home/tuaydin/Desktop/ros2_ws/install/my_py_pkg/share/my_py_pkg/package.dsv'
[5.113s] INFO:colcon.colcon_core.shell:Creating package script '/home/tuaydin/Desktop/ros2_ws/install/my_py_pkg/share/my_py_pkg/package.sh'
[5.114s] INFO:colcon.colcon_core.shell:Creating package script '/home/tuaydin/Desktop/ros2_ws/install/my_py_pkg/share/my_py_pkg/package.bash'
[5.115s] INFO:colcon.colcon_core.shell:Creating package script '/home/tuaydin/Desktop/ros2_ws/install/my_py_pkg/share/my_py_pkg/package.zsh'
[5.115s] Level 1:colcon.colcon_core.environment:create_file_with_runtime_dependencies(/home/tuaydin/Desktop/ros2_ws/install/my_py_pkg/share/colcon-core/packages/my_py_pkg)
[12.203s] DEBUG:colcon.colcon_core.event_handler.log_command:Invoked command in '/home/tuaydin/Desktop/ros2_ws/build/my_cpp_pkg' returned '0': CMAKE_PREFIX_PATH=/home/tuaydin/Desktop/ros2_ws/install/my_robot_interfaces:/home/tuaydin/Desktop/ros2_ws/install/my_robot_bringup:/home/tuaydin/Desktop/ros2_ws/install/my_cpp_pkg:/home/tuaydin/Desktop/ros2_ws/src/install/my_cpp_pkg:/opt/ros/jazzy/opt/gz_math_vendor:/opt/ros/jazzy/opt/gz_utils_vendor:/opt/ros/jazzy/opt/gz_cmake_vendor:/home/tuaydin/Desktop/ros2_ws/install/my_py_pkg:/home/tuaydin/Desktop/ros2_ws/src/install/my_py_pkg:/opt/ros/jazzy PYTHONPATH=/home/tuaydin/Desktop/ros2_ws/install/my_robot_interfaces/lib/python3.12/site-packages:/home/tuaydin/Desktop/ros2_ws/install/my_py_pkg/lib/python3.12/site-packages:/home/tuaydin/Desktop/ros2_ws/src/install/my_py_pkg/lib/python3.12/site-packages:/opt/ros/jazzy/lib/python3.12/site-packages /usr/bin/cmake --build /home/tuaydin/Desktop/ros2_ws/build/my_cpp_pkg -- -j16 -l16
[12.204s] DEBUG:colcon.colcon_core.event_handler.log_command:Invoking command in '/home/tuaydin/Desktop/ros2_ws/build/my_cpp_pkg': CMAKE_PREFIX_PATH=/home/tuaydin/Desktop/ros2_ws/install/my_robot_interfaces:/home/tuaydin/Desktop/ros2_ws/install/my_robot_bringup:/home/tuaydin/Desktop/ros2_ws/install/my_cpp_pkg:/home/tuaydin/Desktop/ros2_ws/src/install/my_cpp_pkg:/opt/ros/jazzy/opt/gz_math_vendor:/opt/ros/jazzy/opt/gz_utils_vendor:/opt/ros/jazzy/opt/gz_cmake_vendor:/home/tuaydin/Desktop/ros2_ws/install/my_py_pkg:/home/tuaydin/Desktop/ros2_ws/src/install/my_py_pkg:/opt/ros/jazzy PYTHONPATH=/home/tuaydin/Desktop/ros2_ws/install/my_robot_interfaces/lib/python3.12/site-packages:/home/tuaydin/Desktop/ros2_ws/install/my_py_pkg/lib/python3.12/site-packages:/home/tuaydin/Desktop/ros2_ws/src/install/my_py_pkg/lib/python3.12/site-packages:/opt/ros/jazzy/lib/python3.12/site-packages /usr/bin/cmake --install /home/tuaydin/Desktop/ros2_ws/build/my_cpp_pkg
[12.222s] Level 1:colcon.colcon_core.environment:create_environment_scripts_only(my_cpp_pkg)
[12.223s] Level 1:colcon.colcon_core.environment:checking '/home/tuaydin/Desktop/ros2_ws/install/my_cpp_pkg' for CMake module files
[12.223s] DEBUG:colcon.colcon_core.event_handler.log_command:Invoked command in '/home/tuaydin/Desktop/ros2_ws/build/my_cpp_pkg' returned '0': CMAKE_PREFIX_PATH=/home/tuaydin/Desktop/ros2_ws/install/my_robot_interfaces:/home/tuaydin/Desktop/ros2_ws/install/my_robot_bringup:/home/tuaydin/Desktop/ros2_ws/install/my_cpp_pkg:/home/tuaydin/Desktop/ros2_ws/src/install/my_cpp_pkg:/opt/ros/jazzy/opt/gz_math_vendor:/opt/ros/jazzy/opt/gz_utils_vendor:/opt/ros/jazzy/opt/gz_cmake_vendor:/home/tuaydin/Desktop/ros2_ws/install/my_py_pkg:/home/tuaydin/Desktop/ros2_ws/src/install/my_py_pkg:/opt/ros/jazzy PYTHONPATH=/home/tuaydin/Desktop/ros2_ws/install/my_robot_interfaces/lib/python3.12/site-packages:/home/tuaydin/Desktop/ros2_ws/install/my_py_pkg/lib/python3.12/site-packages:/home/tuaydin/Desktop/ros2_ws/src/install/my_py_pkg/lib/python3.12/site-packages:/opt/ros/jazzy/lib/python3.12/site-packages /usr/bin/cmake --install /home/tuaydin/Desktop/ros2_ws/build/my_cpp_pkg
[12.223s] Level 1:colcon.colcon_core.environment:checking '/home/tuaydin/Desktop/ros2_ws/install/my_cpp_pkg' for CMake config files
[12.223s] Level 1:colcon.colcon_core.shell:create_environment_hook('my_cpp_pkg', 'cmake_prefix_path')
[12.224s] INFO:colcon.colcon_core.shell:Creating environment hook '/home/tuaydin/Desktop/ros2_ws/install/my_cpp_pkg/share/my_cpp_pkg/hook/cmake_prefix_path.ps1'
[12.224s] INFO:colcon.colcon_core.shell:Creating environment descriptor '/home/tuaydin/Desktop/ros2_ws/install/my_cpp_pkg/share/my_cpp_pkg/hook/cmake_prefix_path.dsv'
[12.224s] INFO:colcon.colcon_core.shell:Creating environment hook '/home/tuaydin/Desktop/ros2_ws/install/my_cpp_pkg/share/my_cpp_pkg/hook/cmake_prefix_path.sh'
[12.225s] Level 1:colcon.colcon_core.environment:checking '/home/tuaydin/Desktop/ros2_ws/install/my_cpp_pkg/lib'
[12.225s] Level 1:colcon.colcon_core.environment:checking '/home/tuaydin/Desktop/ros2_ws/install/my_cpp_pkg/bin'
[12.225s] Level 1:colcon.colcon_core.environment:checking '/home/tuaydin/Desktop/ros2_ws/install/my_cpp_pkg/lib/pkgconfig/my_cpp_pkg.pc'
[12.225s] Level 1:colcon.colcon_core.environment:checking '/home/tuaydin/Desktop/ros2_ws/install/my_cpp_pkg/lib/python3.12/site-packages'
[12.225s] Level 1:colcon.colcon_core.environment:checking '/home/tuaydin/Desktop/ros2_ws/install/my_cpp_pkg/bin'
[12.225s] INFO:colcon.colcon_core.shell:Creating package script '/home/tuaydin/Desktop/ros2_ws/install/my_cpp_pkg/share/my_cpp_pkg/package.ps1'
[12.225s] INFO:colcon.colcon_core.shell:Creating package descriptor '/home/tuaydin/Desktop/ros2_ws/install/my_cpp_pkg/share/my_cpp_pkg/package.dsv'
[12.226s] INFO:colcon.colcon_core.shell:Creating package script '/home/tuaydin/Desktop/ros2_ws/install/my_cpp_pkg/share/my_cpp_pkg/package.sh'
[12.226s] INFO:colcon.colcon_core.shell:Creating package script '/home/tuaydin/Desktop/ros2_ws/install/my_cpp_pkg/share/my_cpp_pkg/package.bash'
[12.226s] INFO:colcon.colcon_core.shell:Creating package script '/home/tuaydin/Desktop/ros2_ws/install/my_cpp_pkg/share/my_cpp_pkg/package.zsh'
[12.226s] Level 1:colcon.colcon_core.environment:create_file_with_runtime_dependencies(/home/tuaydin/Desktop/ros2_ws/install/my_cpp_pkg/share/colcon-core/packages/my_cpp_pkg)
[12.227s] Level 1:colcon.colcon_core.environment:create_environment_scripts_only(my_cpp_pkg)
[12.227s] Level 1:colcon.colcon_core.environment:checking '/home/tuaydin/Desktop/ros2_ws/install/my_cpp_pkg' for CMake module files
[12.227s] Level 1:colcon.colcon_core.environment:checking '/home/tuaydin/Desktop/ros2_ws/install/my_cpp_pkg' for CMake config files
[12.228s] Level 1:colcon.colcon_core.shell:create_environment_hook('my_cpp_pkg', 'cmake_prefix_path')
[12.228s] INFO:colcon.colcon_core.shell:Creating environment hook '/home/tuaydin/Desktop/ros2_ws/install/my_cpp_pkg/share/my_cpp_pkg/hook/cmake_prefix_path.ps1'
[12.228s] INFO:colcon.colcon_core.shell:Creating environment descriptor '/home/tuaydin/Desktop/ros2_ws/install/my_cpp_pkg/share/my_cpp_pkg/hook/cmake_prefix_path.dsv'
[12.228s] INFO:colcon.colcon_core.shell:Creating environment hook '/home/tuaydin/Desktop/ros2_ws/install/my_cpp_pkg/share/my_cpp_pkg/hook/cmake_prefix_path.sh'
[12.228s] Level 1:colcon.colcon_core.environment:checking '/home/tuaydin/Desktop/ros2_ws/install/my_cpp_pkg/lib'
[12.229s] Level 1:colcon.colcon_core.environment:checking '/home/tuaydin/Desktop/ros2_ws/install/my_cpp_pkg/bin'
[12.229s] Level 1:colcon.colcon_core.environment:checking '/home/tuaydin/Desktop/ros2_ws/install/my_cpp_pkg/lib/pkgconfig/my_cpp_pkg.pc'
[12.229s] Level 1:colcon.colcon_core.environment:checking '/home/tuaydin/Desktop/ros2_ws/install/my_cpp_pkg/lib/python3.12/site-packages'
[12.229s] Level 1:colcon.colcon_core.environment:checking '/home/tuaydin/Desktop/ros2_ws/install/my_cpp_pkg/bin'
[12.229s] INFO:colcon.colcon_core.shell:Creating package script '/home/tuaydin/Desktop/ros2_ws/install/my_cpp_pkg/share/my_cpp_pkg/package.ps1'
[12.229s] INFO:colcon.colcon_core.shell:Creating package descriptor '/home/tuaydin/Desktop/ros2_ws/install/my_cpp_pkg/share/my_cpp_pkg/package.dsv'
[12.230s] INFO:colcon.colcon_core.shell:Creating package script '/home/tuaydin/Desktop/ros2_ws/install/my_cpp_pkg/share/my_cpp_pkg/package.sh'
[12.230s] INFO:colcon.colcon_core.shell:Creating package script '/home/tuaydin/Desktop/ros2_ws/install/my_cpp_pkg/share/my_cpp_pkg/package.bash'
[12.230s] INFO:colcon.colcon_core.shell:Creating package script '/home/tuaydin/Desktop/ros2_ws/install/my_cpp_pkg/share/my_cpp_pkg/package.zsh'
[12.230s] Level 1:colcon.colcon_core.environment:create_file_with_runtime_dependencies(/home/tuaydin/Desktop/ros2_ws/install/my_cpp_pkg/share/colcon-core/packages/my_cpp_pkg)
[12.231s] INFO:colcon.colcon_ros.task.ament_cmake.build:Building ROS package in '/home/tuaydin/Desktop/ros2_ws/src/my_robot_bringup' with build type 'ament_cmake'
[12.231s] INFO:colcon.colcon_cmake.task.cmake.build:Building CMake package in '/home/tuaydin/Desktop/ros2_ws/src/my_robot_bringup'
[12.231s] INFO:colcon.colcon_core.shell:Skip shell extension 'powershell' for command environment: Not usable outside of PowerShell
[12.231s] DEBUG:colcon.colcon_core.shell:Skip shell extension 'dsv' for command environment
[12.243s] DEBUG:colcon.colcon_core.event_handler.log_command:Invoking command in '/home/tuaydin/Desktop/ros2_ws/build/my_robot_bringup': AMENT_PREFIX_PATH=/home/tuaydin/Desktop/ros2_ws/install/my_py_pkg:/home/tuaydin/Desktop/ros2_ws/install/my_robot_bringup:/home/tuaydin/Desktop/ros2_ws/install/my_cpp_pkg:/home/tuaydin/Desktop/ros2_ws/install/my_robot_interfaces:/home/tuaydin/Desktop/ros2_ws/src/install/my_py_pkg:/home/tuaydin/Desktop/ros2_ws/src/install/my_cpp_pkg:/opt/ros/jazzy CMAKE_PREFIX_PATH=/home/tuaydin/Desktop/ros2_ws/install/my_cpp_pkg:/home/tuaydin/Desktop/ros2_ws/install/my_robot_interfaces:/home/tuaydin/Desktop/ros2_ws/install/my_robot_bringup:/home/tuaydin/Desktop/ros2_ws/src/install/my_cpp_pkg:/opt/ros/jazzy/opt/gz_math_vendor:/opt/ros/jazzy/opt/gz_utils_vendor:/opt/ros/jazzy/opt/gz_cmake_vendor:/home/tuaydin/Desktop/ros2_ws/install/my_py_pkg:/home/tuaydin/Desktop/ros2_ws/src/install/my_py_pkg:/opt/ros/jazzy /usr/bin/cmake --build /home/tuaydin/Desktop/ros2_ws/build/my_robot_bringup -- -j16 -l16
[12.285s] DEBUG:colcon.colcon_core.event_handler.log_command:Invoked command in '/home/tuaydin/Desktop/ros2_ws/build/my_robot_bringup' returned '0': AMENT_PREFIX_PATH=/home/tuaydin/Desktop/ros2_ws/install/my_py_pkg:/home/tuaydin/Desktop/ros2_ws/install/my_robot_bringup:/home/tuaydin/Desktop/ros2_ws/install/my_cpp_pkg:/home/tuaydin/Desktop/ros2_ws/install/my_robot_interfaces:/home/tuaydin/Desktop/ros2_ws/src/install/my_py_pkg:/home/tuaydin/Desktop/ros2_ws/src/install/my_cpp_pkg:/opt/ros/jazzy CMAKE_PREFIX_PATH=/home/tuaydin/Desktop/ros2_ws/install/my_cpp_pkg:/home/tuaydin/Desktop/ros2_ws/install/my_robot_interfaces:/home/tuaydin/Desktop/ros2_ws/install/my_robot_bringup:/home/tuaydin/Desktop/ros2_ws/src/install/my_cpp_pkg:/opt/ros/jazzy/opt/gz_math_vendor:/opt/ros/jazzy/opt/gz_utils_vendor:/opt/ros/jazzy/opt/gz_cmake_vendor:/home/tuaydin/Desktop/ros2_ws/install/my_py_pkg:/home/tuaydin/Desktop/ros2_ws/src/install/my_py_pkg:/opt/ros/jazzy /usr/bin/cmake --build /home/tuaydin/Desktop/ros2_ws/build/my_robot_bringup -- -j16 -l16
[12.287s] DEBUG:colcon.colcon_core.event_handler.log_command:Invoking command in '/home/tuaydin/Desktop/ros2_ws/build/my_robot_bringup': AMENT_PREFIX_PATH=/home/tuaydin/Desktop/ros2_ws/install/my_py_pkg:/home/tuaydin/Desktop/ros2_ws/install/my_robot_bringup:/home/tuaydin/Desktop/ros2_ws/install/my_cpp_pkg:/home/tuaydin/Desktop/ros2_ws/install/my_robot_interfaces:/home/tuaydin/Desktop/ros2_ws/src/install/my_py_pkg:/home/tuaydin/Desktop/ros2_ws/src/install/my_cpp_pkg:/opt/ros/jazzy CMAKE_PREFIX_PATH=/home/tuaydin/Desktop/ros2_ws/install/my_cpp_pkg:/home/tuaydin/Desktop/ros2_ws/install/my_robot_interfaces:/home/tuaydin/Desktop/ros2_ws/install/my_robot_bringup:/home/tuaydin/Desktop/ros2_ws/src/install/my_cpp_pkg:/opt/ros/jazzy/opt/gz_math_vendor:/opt/ros/jazzy/opt/gz_utils_vendor:/opt/ros/jazzy/opt/gz_cmake_vendor:/home/tuaydin/Desktop/ros2_ws/install/my_py_pkg:/home/tuaydin/Desktop/ros2_ws/src/install/my_py_pkg:/opt/ros/jazzy /usr/bin/cmake --install /home/tuaydin/Desktop/ros2_ws/build/my_robot_bringup
[12.297s] Level 1:colcon.colcon_core.environment:create_environment_scripts_only(my_robot_bringup)
[12.297s] Level 1:colcon.colcon_core.environment:checking '/home/tuaydin/Desktop/ros2_ws/install/my_robot_bringup' for CMake module files
[12.297s] DEBUG:colcon.colcon_core.event_handler.log_command:Invoked command in '/home/tuaydin/Desktop/ros2_ws/build/my_robot_bringup' returned '0': AMENT_PREFIX_PATH=/home/tuaydin/Desktop/ros2_ws/install/my_py_pkg:/home/tuaydin/Desktop/ros2_ws/install/my_robot_bringup:/home/tuaydin/Desktop/ros2_ws/install/my_cpp_pkg:/home/tuaydin/Desktop/ros2_ws/install/my_robot_interfaces:/home/tuaydin/Desktop/ros2_ws/src/install/my_py_pkg:/home/tuaydin/Desktop/ros2_ws/src/install/my_cpp_pkg:/opt/ros/jazzy CMAKE_PREFIX_PATH=/home/tuaydin/Desktop/ros2_ws/install/my_cpp_pkg:/home/tuaydin/Desktop/ros2_ws/install/my_robot_interfaces:/home/tuaydin/Desktop/ros2_ws/install/my_robot_bringup:/home/tuaydin/Desktop/ros2_ws/src/install/my_cpp_pkg:/opt/ros/jazzy/opt/gz_math_vendor:/opt/ros/jazzy/opt/gz_utils_vendor:/opt/ros/jazzy/opt/gz_cmake_vendor:/home/tuaydin/Desktop/ros2_ws/install/my_py_pkg:/home/tuaydin/Desktop/ros2_ws/src/install/my_py_pkg:/opt/ros/jazzy /usr/bin/cmake --install /home/tuaydin/Desktop/ros2_ws/build/my_robot_bringup
[12.297s] Level 1:colcon.colcon_core.environment:checking '/home/tuaydin/Desktop/ros2_ws/install/my_robot_bringup' for CMake config files
[12.298s] Level 1:colcon.colcon_core.shell:create_environment_hook('my_robot_bringup', 'cmake_prefix_path')
[12.298s] INFO:colcon.colcon_core.shell:Creating environment hook '/home/tuaydin/Desktop/ros2_ws/install/my_robot_bringup/share/my_robot_bringup/hook/cmake_prefix_path.ps1'
[12.298s] INFO:colcon.colcon_core.shell:Creating environment descriptor '/home/tuaydin/Desktop/ros2_ws/install/my_robot_bringup/share/my_robot_bringup/hook/cmake_prefix_path.dsv'
[12.298s] INFO:colcon.colcon_core.shell:Creating environment hook '/home/tuaydin/Desktop/ros2_ws/install/my_robot_bringup/share/my_robot_bringup/hook/cmake_prefix_path.sh'
[12.299s] Level 1:colcon.colcon_core.environment:checking '/home/tuaydin/Desktop/ros2_ws/install/my_robot_bringup/bin'
[12.299s] Level 1:colcon.colcon_core.environment:checking '/home/tuaydin/Desktop/ros2_ws/install/my_robot_bringup/lib/pkgconfig/my_robot_bringup.pc'
[12.299s] Level 1:colcon.colcon_core.environment:checking '/home/tuaydin/Desktop/ros2_ws/install/my_robot_bringup/lib/python3.12/site-packages'
[12.299s] Level 1:colcon.colcon_core.environment:checking '/home/tuaydin/Desktop/ros2_ws/install/my_robot_bringup/bin'
[12.299s] INFO:colcon.colcon_core.shell:Creating package script '/home/tuaydin/Desktop/ros2_ws/install/my_robot_bringup/share/my_robot_bringup/package.ps1'
[12.300s] INFO:colcon.colcon_core.shell:Creating package descriptor '/home/tuaydin/Desktop/ros2_ws/install/my_robot_bringup/share/my_robot_bringup/package.dsv'
[12.300s] INFO:colcon.colcon_core.shell:Creating package script '/home/tuaydin/Desktop/ros2_ws/install/my_robot_bringup/share/my_robot_bringup/package.sh'
[12.300s] INFO:colcon.colcon_core.shell:Creating package script '/home/tuaydin/Desktop/ros2_ws/install/my_robot_bringup/share/my_robot_bringup/package.bash'
[12.301s] INFO:colcon.colcon_core.shell:Creating package script '/home/tuaydin/Desktop/ros2_ws/install/my_robot_bringup/share/my_robot_bringup/package.zsh'
[12.301s] Level 1:colcon.colcon_core.environment:create_file_with_runtime_dependencies(/home/tuaydin/Desktop/ros2_ws/install/my_robot_bringup/share/colcon-core/packages/my_robot_bringup)
[12.301s] Level 1:colcon.colcon_core.environment:create_environment_scripts_only(my_robot_bringup)
[12.301s] Level 1:colcon.colcon_core.environment:checking '/home/tuaydin/Desktop/ros2_ws/install/my_robot_bringup' for CMake module files
[12.302s] Level 1:colcon.colcon_core.environment:checking '/home/tuaydin/Desktop/ros2_ws/install/my_robot_bringup' for CMake config files
[12.302s] Level 1:colcon.colcon_core.shell:create_environment_hook('my_robot_bringup', 'cmake_prefix_path')
[12.302s] INFO:colcon.colcon_core.shell:Creating environment hook '/home/tuaydin/Desktop/ros2_ws/install/my_robot_bringup/share/my_robot_bringup/hook/cmake_prefix_path.ps1'
[12.302s] INFO:colcon.colcon_core.shell:Creating environment descriptor '/home/tuaydin/Desktop/ros2_ws/install/my_robot_bringup/share/my_robot_bringup/hook/cmake_prefix_path.dsv'
[12.302s] INFO:colcon.colcon_core.shell:Creating environment hook '/home/tuaydin/Desktop/ros2_ws/install/my_robot_bringup/share/my_robot_bringup/hook/cmake_prefix_path.sh'
[12.303s] Level 1:colcon.colcon_core.environment:checking '/home/tuaydin/Desktop/ros2_ws/install/my_robot_bringup/bin'
[12.303s] Level 1:colcon.colcon_core.environment:checking '/home/tuaydin/Desktop/ros2_ws/install/my_robot_bringup/lib/pkgconfig/my_robot_bringup.pc'
[12.303s] Level 1:colcon.colcon_core.environment:checking '/home/tuaydin/Desktop/ros2_ws/install/my_robot_bringup/lib/python3.12/site-packages'
[12.303s] Level 1:colcon.colcon_core.environment:checking '/home/tuaydin/Desktop/ros2_ws/install/my_robot_bringup/bin'
[12.303s] INFO:colcon.colcon_core.shell:Creating package script '/home/tuaydin/Desktop/ros2_ws/install/my_robot_bringup/share/my_robot_bringup/package.ps1'
[12.304s] INFO:colcon.colcon_core.shell:Creating package descriptor '/home/tuaydin/Desktop/ros2_ws/install/my_robot_bringup/share/my_robot_bringup/package.dsv'
[12.304s] INFO:colcon.colcon_core.shell:Creating package script '/home/tuaydin/Desktop/ros2_ws/install/my_robot_bringup/share/my_robot_bringup/package.sh'
[12.304s] INFO:colcon.colcon_core.shell:Creating package script '/home/tuaydin/Desktop/ros2_ws/install/my_robot_bringup/share/my_robot_bringup/package.bash'
[12.305s] INFO:colcon.colcon_core.shell:Creating package script '/home/tuaydin/Desktop/ros2_ws/install/my_robot_bringup/share/my_robot_bringup/package.zsh'
[12.305s] Level 1:colcon.colcon_core.environment:create_file_with_runtime_dependencies(/home/tuaydin/Desktop/ros2_ws/install/my_robot_bringup/share/colcon-core/packages/my_robot_bringup)
[12.305s] DEBUG:colcon.colcon_parallel_executor.executor.parallel:closing loop
[12.305s] DEBUG:colcon.colcon_parallel_executor.executor.parallel:loop closed
[12.306s] DEBUG:colcon.colcon_parallel_executor.executor.parallel:run_until_complete finished with '0'
[12.306s] DEBUG:colcon.colcon_core.event_reactor:joining thread
[12.311s] INFO:colcon.colcon_core.plugin_system:Skipping extension 'colcon_notification.desktop_notification.terminal_notifier': Not used on non-Darwin systems
[12.311s] INFO:colcon.colcon_core.plugin_system:Skipping extension 'colcon_notification.desktop_notification.win32': Not used on non-Windows systems
[12.311s] INFO:colcon.colcon_notification.desktop_notification:Sending desktop notification using 'notify2'
[12.321s] DEBUG:colcon.colcon_core.event_reactor:joined thread
[12.321s] INFO:colcon.colcon_core.shell:Creating prefix script '/home/tuaydin/Desktop/ros2_ws/install/local_setup.ps1'
[12.322s] INFO:colcon.colcon_core.shell:Creating prefix util module '/home/tuaydin/Desktop/ros2_ws/install/_local_setup_util_ps1.py'
[12.323s] INFO:colcon.colcon_core.shell:Creating prefix chain script '/home/tuaydin/Desktop/ros2_ws/install/setup.ps1'
[12.324s] INFO:colcon.colcon_core.shell:Creating prefix script '/home/tuaydin/Desktop/ros2_ws/install/local_setup.sh'
[12.324s] INFO:colcon.colcon_core.shell:Creating prefix util module '/home/tuaydin/Desktop/ros2_ws/install/_local_setup_util_sh.py'
[12.324s] INFO:colcon.colcon_core.shell:Creating prefix chain script '/home/tuaydin/Desktop/ros2_ws/install/setup.sh'
[12.325s] INFO:colcon.colcon_core.shell:Creating prefix script '/home/tuaydin/Desktop/ros2_ws/install/local_setup.bash'
[12.326s] INFO:colcon.colcon_core.shell:Creating prefix chain script '/home/tuaydin/Desktop/ros2_ws/install/setup.bash'
[12.327s] INFO:colcon.colcon_core.shell:Creating prefix script '/home/tuaydin/Desktop/ros2_ws/install/local_setup.zsh'
[12.327s] INFO:colcon.colcon_core.shell:Creating prefix chain script '/home/tuaydin/Desktop/ros2_ws/install/setup.zsh'
