running egg_info
creating ../../build/mp_py_pkg/mp_py_pkg.egg-info
writing ../../build/mp_py_pkg/mp_py_pkg.egg-info/PKG-INFO
writing dependency_links to ../../build/mp_py_pkg/mp_py_pkg.egg-info/dependency_links.txt
writing requirements to ../../build/mp_py_pkg/mp_py_pkg.egg-info/requires.txt
writing top-level names to ../../build/mp_py_pkg/mp_py_pkg.egg-info/top_level.txt
writing manifest file '../../build/mp_py_pkg/mp_py_pkg.egg-info/SOURCES.txt'
reading manifest file '../../build/mp_py_pkg/mp_py_pkg.egg-info/SOURCES.txt'
writing manifest file '../../build/mp_py_pkg/mp_py_pkg.egg-info/SOURCES.txt'
running build
running build_py
creating /home/tuaydin/ros2_ws/build/mp_py_pkg/build
creating /home/tuaydin/ros2_ws/build/mp_py_pkg/build/lib
creating /home/tuaydin/ros2_ws/build/mp_py_pkg/build/lib/mp_py_pkg
copying mp_py_pkg/__init__.py -> /home/tuaydin/ros2_ws/build/mp_py_pkg/build/lib/mp_py_pkg
running install
running install_lib
creating /home/tuaydin/ros2_ws/install/mp_py_pkg/lib/python3.12/site-packages/mp_py_pkg
copying /home/tuaydin/ros2_ws/build/mp_py_pkg/build/lib/mp_py_pkg/__init__.py -> /home/tuaydin/ros2_ws/install/mp_py_pkg/lib/python3.12/site-packages/mp_py_pkg
byte-compiling /home/tuaydin/ros2_ws/install/mp_py_pkg/lib/python3.12/site-packages/mp_py_pkg/__init__.py to __init__.cpython-312.pyc
running install_data
creating /home/tuaydin/ros2_ws/install/mp_py_pkg/share/ament_index
creating /home/tuaydin/ros2_ws/install/mp_py_pkg/share/ament_index/resource_index
creating /home/tuaydin/ros2_ws/install/mp_py_pkg/share/ament_index/resource_index/packages
copying resource/mp_py_pkg -> /home/tuaydin/ros2_ws/install/mp_py_pkg/share/ament_index/resource_index/packages
copying package.xml -> /home/tuaydin/ros2_ws/install/mp_py_pkg/share/mp_py_pkg
running install_egg_info
Copying ../../build/mp_py_pkg/mp_py_pkg.egg-info to /home/tuaydin/ros2_ws/install/mp_py_pkg/lib/python3.12/site-packages/mp_py_pkg-0.0.0-py3.12.egg-info
running install_scripts
writing list of installed files to '/home/tuaydin/ros2_ws/build/mp_py_pkg/install.log'
