[0.011s] Invoking command in '/home/tuaydin/ros2_ws/build/my_cpp_pkg': CMAKE_PREFIX_PATH=${CMAKE_PREFIX_PATH}:/home/tuaydin/ros2_ws/install/my_py_pkg:/opt/ros/jazzy /usr/bin/cmake --build /home/tuaydin/ros2_ws/build/my_cpp_pkg -- -j4 -l4
[0.068s] [ 33%] Built target cpp_node
[0.075s] [ 66%] Built target robot_news_station
[0.084s] [ 83%] [32mBuilding CXX object CMakeFiles/smartphone.dir/src/smartphone.cpp.o[0m
[10.112s] [100%] [32m[1mLinking CXX executable smartphone[0m
[10.568s] [100%] Built target smartphone
[10.584s] Invoked command in '/home/tuaydin/ros2_ws/build/my_cpp_pkg' returned '0': CMAKE_PREFIX_PATH=${CMAKE_PREFIX_PATH}:/home/tuaydin/ros2_ws/install/my_py_pkg:/opt/ros/jazzy /usr/bin/cmake --build /home/tuaydin/ros2_ws/build/my_cpp_pkg -- -j4 -l4
[10.596s] Invoking command in '/home/tuaydin/ros2_ws/build/my_cpp_pkg': CMAKE_PREFIX_PATH=${CMAKE_PREFIX_PATH}:/home/tuaydin/ros2_ws/install/my_py_pkg:/opt/ros/jazzy /usr/bin/cmake --install /home/tuaydin/ros2_ws/build/my_cpp_pkg
[10.604s] -- Install configuration: ""
[10.605s] -- Up-to-date: /home/tuaydin/ros2_ws/install/my_cpp_pkg/lib/my_cpp_pkg/cpp_node
[10.606s] -- Up-to-date: /home/tuaydin/ros2_ws/install/my_cpp_pkg/lib/my_cpp_pkg/robot_news_station
[10.606s] -- Up-to-date: /home/tuaydin/ros2_ws/install/my_cpp_pkg/share/ament_index/resource_index/package_run_dependencies/my_cpp_pkg
[10.607s] -- Up-to-date: /home/tuaydin/ros2_ws/install/my_cpp_pkg/share/ament_index/resource_index/parent_prefix_path/my_cpp_pkg
[10.608s] -- Up-to-date: /home/tuaydin/ros2_ws/install/my_cpp_pkg/share/my_cpp_pkg/environment/ament_prefix_path.sh
[10.609s] -- Up-to-date: /home/tuaydin/ros2_ws/install/my_cpp_pkg/share/my_cpp_pkg/environment/ament_prefix_path.dsv
[10.609s] -- Up-to-date: /home/tuaydin/ros2_ws/install/my_cpp_pkg/share/my_cpp_pkg/environment/path.sh
[10.609s] -- Up-to-date: /home/tuaydin/ros2_ws/install/my_cpp_pkg/share/my_cpp_pkg/environment/path.dsv
[10.609s] -- Up-to-date: /home/tuaydin/ros2_ws/install/my_cpp_pkg/share/my_cpp_pkg/local_setup.bash
[10.609s] -- Up-to-date: /home/tuaydin/ros2_ws/install/my_cpp_pkg/share/my_cpp_pkg/local_setup.sh
[10.609s] -- Up-to-date: /home/tuaydin/ros2_ws/install/my_cpp_pkg/share/my_cpp_pkg/local_setup.zsh
[10.609s] -- Up-to-date: /home/tuaydin/ros2_ws/install/my_cpp_pkg/share/my_cpp_pkg/local_setup.dsv
[10.609s] -- Installing: /home/tuaydin/ros2_ws/install/my_cpp_pkg/share/my_cpp_pkg/package.dsv
[10.610s] -- Up-to-date: /home/tuaydin/ros2_ws/install/my_cpp_pkg/share/ament_index/resource_index/packages/my_cpp_pkg
[10.610s] -- Up-to-date: /home/tuaydin/ros2_ws/install/my_cpp_pkg/share/my_cpp_pkg/cmake/my_cpp_pkgConfig.cmake
[10.610s] -- Up-to-date: /home/tuaydin/ros2_ws/install/my_cpp_pkg/share/my_cpp_pkg/cmake/my_cpp_pkgConfig-version.cmake
[10.611s] -- Up-to-date: /home/tuaydin/ros2_ws/install/my_cpp_pkg/share/my_cpp_pkg/package.xml
[10.614s] Invoked command in '/home/tuaydin/ros2_ws/build/my_cpp_pkg' returned '0': CMAKE_PREFIX_PATH=${CMAKE_PREFIX_PATH}:/home/tuaydin/ros2_ws/install/my_py_pkg:/opt/ros/jazzy /usr/bin/cmake --install /home/tuaydin/ros2_ws/build/my_cpp_pkg
