[0.092s] Invoking command in '/home/tuaydin/ros2_ws/build/my_robot_bringup': AMENT_PREFIX_PATH=/home/tuaydin/ros2_ws/install/my_py_pkg:/home/tuaydin/ros2_ws/install/my_robot_bringup:/home/tuaydin/ros2_ws/install/my_cpp_pkg:/opt/ros/jazzy CMAKE_PREFIX_PATH=/home/tuaydin/ros2_ws/install/my_cpp_pkg:/home/tuaydin/ros2_ws/install/my_robot_bringup:/opt/ros/jazzy/opt/gz_math_vendor:/opt/ros/jazzy/opt/gz_utils_vendor:/opt/ros/jazzy/opt/gz_cmake_vendor:/home/tuaydin/ros2_ws/install/my_py_pkg:/opt/ros/jazzy /usr/bin/cmake --build /home/tuaydin/ros2_ws/build/my_robot_bringup -- -j4 -l4
[0.124s] Invoked command in '/home/tuaydin/ros2_ws/build/my_robot_bringup' returned '0': AMENT_PREFIX_PATH=/home/tuaydin/ros2_ws/install/my_py_pkg:/home/tuaydin/ros2_ws/install/my_robot_bringup:/home/tuaydin/ros2_ws/install/my_cpp_pkg:/opt/ros/jazzy CMAKE_PREFIX_PATH=/home/tuaydin/ros2_ws/install/my_cpp_pkg:/home/tuaydin/ros2_ws/install/my_robot_bringup:/opt/ros/jazzy/opt/gz_math_vendor:/opt/ros/jazzy/opt/gz_utils_vendor:/opt/ros/jazzy/opt/gz_cmake_vendor:/home/tuaydin/ros2_ws/install/my_py_pkg:/opt/ros/jazzy /usr/bin/cmake --build /home/tuaydin/ros2_ws/build/my_robot_bringup -- -j4 -l4
[0.125s] Invoking command in '/home/tuaydin/ros2_ws/build/my_robot_bringup': AMENT_PREFIX_PATH=/home/tuaydin/ros2_ws/install/my_py_pkg:/home/tuaydin/ros2_ws/install/my_robot_bringup:/home/tuaydin/ros2_ws/install/my_cpp_pkg:/opt/ros/jazzy CMAKE_PREFIX_PATH=/home/tuaydin/ros2_ws/install/my_cpp_pkg:/home/tuaydin/ros2_ws/install/my_robot_bringup:/opt/ros/jazzy/opt/gz_math_vendor:/opt/ros/jazzy/opt/gz_utils_vendor:/opt/ros/jazzy/opt/gz_cmake_vendor:/home/tuaydin/ros2_ws/install/my_py_pkg:/opt/ros/jazzy /usr/bin/cmake --install /home/tuaydin/ros2_ws/build/my_robot_bringup
[0.134s] -- Install configuration: ""
[0.134s] -- Execute custom install script
[0.134s] -- Up-to-date symlink: /home/tuaydin/ros2_ws/install/my_robot_bringup/share/my_robot_bringup/launch/number_app.launch.py
[0.135s] -- Up-to-date symlink: /home/tuaydin/ros2_ws/install/my_robot_bringup/share/ament_index/resource_index/package_run_dependencies/my_robot_bringup
[0.135s] -- Up-to-date symlink: /home/tuaydin/ros2_ws/install/my_robot_bringup/share/ament_index/resource_index/parent_prefix_path/my_robot_bringup
[0.135s] -- Up-to-date symlink: /home/tuaydin/ros2_ws/install/my_robot_bringup/share/my_robot_bringup/environment/ament_prefix_path.sh
[0.135s] -- Up-to-date symlink: /home/tuaydin/ros2_ws/install/my_robot_bringup/share/my_robot_bringup/environment/ament_prefix_path.dsv
[0.135s] -- Up-to-date symlink: /home/tuaydin/ros2_ws/install/my_robot_bringup/share/my_robot_bringup/environment/path.sh
[0.135s] -- Up-to-date symlink: /home/tuaydin/ros2_ws/install/my_robot_bringup/share/my_robot_bringup/environment/path.dsv
[0.136s] -- Up-to-date symlink: /home/tuaydin/ros2_ws/install/my_robot_bringup/share/my_robot_bringup/local_setup.bash
[0.136s] -- Up-to-date symlink: /home/tuaydin/ros2_ws/install/my_robot_bringup/share/my_robot_bringup/local_setup.sh
[0.136s] -- Up-to-date symlink: /home/tuaydin/ros2_ws/install/my_robot_bringup/share/my_robot_bringup/local_setup.zsh
[0.136s] -- Up-to-date symlink: /home/tuaydin/ros2_ws/install/my_robot_bringup/share/my_robot_bringup/local_setup.dsv
[0.136s] -- Symlinking: /home/tuaydin/ros2_ws/install/my_robot_bringup/share/my_robot_bringup/package.dsv
[0.145s] -- Up-to-date symlink: /home/tuaydin/ros2_ws/install/my_robot_bringup/share/ament_index/resource_index/packages/my_robot_bringup
[0.145s] -- Up-to-date symlink: /home/tuaydin/ros2_ws/install/my_robot_bringup/share/my_robot_bringup/cmake/my_robot_bringupConfig.cmake
[0.145s] -- Up-to-date symlink: /home/tuaydin/ros2_ws/install/my_robot_bringup/share/my_robot_bringup/cmake/my_robot_bringupConfig-version.cmake
[0.145s] -- Up-to-date symlink: /home/tuaydin/ros2_ws/install/my_robot_bringup/share/my_robot_bringup/package.xml
[0.148s] Invoked command in '/home/tuaydin/ros2_ws/build/my_robot_bringup' returned '0': AMENT_PREFIX_PATH=/home/tuaydin/ros2_ws/install/my_py_pkg:/home/tuaydin/ros2_ws/install/my_robot_bringup:/home/tuaydin/ros2_ws/install/my_cpp_pkg:/opt/ros/jazzy CMAKE_PREFIX_PATH=/home/tuaydin/ros2_ws/install/my_cpp_pkg:/home/tuaydin/ros2_ws/install/my_robot_bringup:/opt/ros/jazzy/opt/gz_math_vendor:/opt/ros/jazzy/opt/gz_utils_vendor:/opt/ros/jazzy/opt/gz_cmake_vendor:/home/tuaydin/ros2_ws/install/my_py_pkg:/opt/ros/jazzy /usr/bin/cmake --install /home/tuaydin/ros2_ws/build/my_robot_bringup
