[0.945s] Invoking command in '/home/tuaydin/ros2_ws/src/my_py_pkg': PYTHONPATH=/home/tuaydin/ros2_ws/build/my_py_pkg/prefix_override:/usr/lib/python3/dist-packages/colcon_core/task/python/colcon_distutils_commands:/home/tuaydin/ros2_ws/install/my_py_pkg/lib/python3.12/site-packages:${PYTHONPATH} /usr/bin/python3 -W ignore:setup.py install is deprecated -W ignore:easy_install command is deprecated setup.py egg_info --egg-base ../../build/my_py_pkg build --build-base /home/tuaydin/ros2_ws/build/my_py_pkg/build install --record /home/tuaydin/ros2_ws/build/my_py_pkg/install.log --single-version-externally-managed install_data
[1.198s] running egg_info
[1.218s] writing ../../build/my_py_pkg/my_py_pkg.egg-info/PKG-INFO
[1.218s] writing dependency_links to ../../build/my_py_pkg/my_py_pkg.egg-info/dependency_links.txt
[1.218s] writing entry points to ../../build/my_py_pkg/my_py_pkg.egg-info/entry_points.txt
[1.219s] writing requirements to ../../build/my_py_pkg/my_py_pkg.egg-info/requires.txt
[1.219s] writing top-level names to ../../build/my_py_pkg/my_py_pkg.egg-info/top_level.txt
[1.256s] reading manifest file '../../build/my_py_pkg/my_py_pkg.egg-info/SOURCES.txt'
[1.256s] writing manifest file '../../build/my_py_pkg/my_py_pkg.egg-info/SOURCES.txt'
[1.256s] running build
[1.257s] running build_py
[1.257s] running install
[1.263s] running install_lib
[1.280s] running install_data
[1.280s] running install_egg_info
[1.300s] removing '/home/tuaydin/ros2_ws/install/my_py_pkg/lib/python3.12/site-packages/my_py_pkg-0.0.0-py3.12.egg-info' (and everything under it)
[1.301s] Copying ../../build/my_py_pkg/my_py_pkg.egg-info to /home/tuaydin/ros2_ws/install/my_py_pkg/lib/python3.12/site-packages/my_py_pkg-0.0.0-py3.12.egg-info
[1.302s] running install_scripts
[1.446s] Installing add_two_ints_client script to /home/tuaydin/ros2_ws/install/my_py_pkg/lib/my_py_pkg
[1.446s] Installing add_two_ints_client_no_oop script to /home/tuaydin/ros2_ws/install/my_py_pkg/lib/my_py_pkg
[1.446s] Installing add_two_ints_server script to /home/tuaydin/ros2_ws/install/my_py_pkg/lib/my_py_pkg
[1.447s] Installing number_publisher script to /home/tuaydin/ros2_ws/install/my_py_pkg/lib/my_py_pkg
[1.447s] Installing py_node script to /home/tuaydin/ros2_ws/install/my_py_pkg/lib/my_py_pkg
[1.447s] Installing robot_news_station script to /home/tuaydin/ros2_ws/install/my_py_pkg/lib/my_py_pkg
[1.447s] Installing smartphone script to /home/tuaydin/ros2_ws/install/my_py_pkg/lib/my_py_pkg
[1.447s] writing list of installed files to '/home/tuaydin/ros2_ws/build/my_py_pkg/install.log'
[1.496s] Invoked command in '/home/tuaydin/ros2_ws/src/my_py_pkg' returned '0': PYTHONPATH=/home/tuaydin/ros2_ws/build/my_py_pkg/prefix_override:/usr/lib/python3/dist-packages/colcon_core/task/python/colcon_distutils_commands:/home/tuaydin/ros2_ws/install/my_py_pkg/lib/python3.12/site-packages:${PYTHONPATH} /usr/bin/python3 -W ignore:setup.py install is deprecated -W ignore:easy_install command is deprecated setup.py egg_info --egg-base ../../build/my_py_pkg build --build-base /home/tuaydin/ros2_ws/build/my_py_pkg/build install --record /home/tuaydin/ros2_ws/build/my_py_pkg/install.log --single-version-externally-managed install_data
