-- Found ament_cmake: 2.5.3 (/opt/ros/jazzy/share/ament_cmake/cmake)
-- Found rclcpp: 28.1.6 (/opt/ros/jazzy/share/rclcpp/cmake)
-- Found rosidl_generator_c: 4.6.5 (/opt/ros/jazzy/share/rosidl_generator_c/cmake)
-- Found rosidl_generator_cpp: 4.6.5 (/opt/ros/jazzy/share/rosidl_generator_cpp/cmake)
-- Using all available rosidl_typesupport_c: rosidl_typesupport_fastrtps_c;rosidl_typesupport_introspection_c
-- Using all available rosidl_typesupport_cpp: rosidl_typesupport_fastrtps_cpp;rosidl_typesupport_introspection_cpp
-- Found rmw_implementation_cmake: 7.3.1 (/opt/ros/jazzy/share/rmw_implementation_cmake/cmake)
-- Found rmw_fastrtps_cpp: 8.4.1 (/opt/ros/jazzy/share/rmw_fastrtps_cpp/cmake)
-- Using RMW implementation 'rmw_fastrtps_cpp' as default
-- Found example_interfaces: 0.12.0 (/opt/ros/jazzy/share/example_interfaces/cmake)
-- Found my_robot_interfaces: 0.0.0 (/home/tuaydin/Desktop/ros2_ws/install/my_robot_interfaces/share/my_robot_interfaces/cmake)
-- Found turtlesim: 1.8.3 (/opt/ros/jazzy/share/turtlesim/cmake)
-- Found geometry_msgs: 5.3.5 (/opt/ros/jazzy/share/geometry_msgs/cmake)
-- Configuring done (1.7s)
-- Generating done (0.1s)
-- Build files have been written to: /home/tuaydin/Desktop/ros2_ws/build/my_cpp_pkg
[  8%] Built target add_two_ints_client
[ 12%] [32mBuilding CXX object CMakeFiles/turtle_controller.dir/src/turtle_controller.cpp.o[0m
[ 20%] Built target cpp_node
[ 29%] Built target battery
[ 37%] Built target robot_news_station
[ 45%] Built target add_two_ints_client_no_oop
[ 54%] Built target number_counter
[ 62%] Built target smartphone
[ 70%] Built target led_panel
[ 79%] Built target hardware_status_publisher
[ 95%] Built target turtle_spawner
[ 95%] Built target add_two_ints_server
[01m[K/home/tuaydin/Desktop/ros2_ws/src/my_cpp_pkg/src/turtle_controller.cpp:[m[K In member function ‘[01m[Kvoid TurtleControllerNode::[01;32m[Kcallback_turtle_pose[m[K(turtlesim::msg::Pose)[m[K’:
[01m[K/home/tuaydin/Desktop/ros2_ws/src/my_cpp_pkg/src/turtle_controller.cpp:22:58:[m[K [01;35m[Kwarning: [m[Kunused parameter ‘[01m[Kmsg[m[K’ [[01;35m[K]8;;https://gcc.gnu.org/onlinedocs/gcc/Warning-Options.html#index-Wunused-parameter-Wunused-parameter]8;;[m[K]
   22 |     void callback_turtle_pose([01;35m[Kconst turtlesim::msg::Pose msg[m[K)
      |                               [01;35m[K~~~~~~~~~~~~~~~~~~~~~~~~~~~^~~[m[K
[100%] [32m[1mLinking CXX executable turtle_controller[0m
[100%] Built target turtle_controller
-- Install configuration: ""
-- Up-to-date: /home/tuaydin/Desktop/ros2_ws/install/my_cpp_pkg/lib/my_cpp_pkg/cpp_node
-- Up-to-date: /home/tuaydin/Desktop/ros2_ws/install/my_cpp_pkg/lib/my_cpp_pkg/robot_news_station
-- Up-to-date: /home/tuaydin/Desktop/ros2_ws/install/my_cpp_pkg/lib/my_cpp_pkg/smartphone
-- Up-to-date: /home/tuaydin/Desktop/ros2_ws/install/my_cpp_pkg/lib/my_cpp_pkg/number_counter
-- Up-to-date: /home/tuaydin/Desktop/ros2_ws/install/my_cpp_pkg/lib/my_cpp_pkg/add_two_ints_server
-- Up-to-date: /home/tuaydin/Desktop/ros2_ws/install/my_cpp_pkg/lib/my_cpp_pkg/add_two_ints_client
-- Up-to-date: /home/tuaydin/Desktop/ros2_ws/install/my_cpp_pkg/lib/my_cpp_pkg/add_two_ints_client_no_oop
-- Up-to-date: /home/tuaydin/Desktop/ros2_ws/install/my_cpp_pkg/lib/my_cpp_pkg/hardware_status_publisher
-- Up-to-date: /home/tuaydin/Desktop/ros2_ws/install/my_cpp_pkg/lib/my_cpp_pkg/led_panel
-- Up-to-date: /home/tuaydin/Desktop/ros2_ws/install/my_cpp_pkg/lib/my_cpp_pkg/battery
-- Up-to-date: /home/tuaydin/Desktop/ros2_ws/install/my_cpp_pkg/lib/my_cpp_pkg/turtle_spawner
-- Installing: /home/tuaydin/Desktop/ros2_ws/install/my_cpp_pkg/lib/my_cpp_pkg/turtle_controller
-- Set non-toolchain portion of runtime path of "/home/tuaydin/Desktop/ros2_ws/install/my_cpp_pkg/lib/my_cpp_pkg/turtle_controller" to ""
-- Installing: /home/tuaydin/Desktop/ros2_ws/install/my_cpp_pkg/share/ament_index/resource_index/package_run_dependencies/my_cpp_pkg
-- Installing: /home/tuaydin/Desktop/ros2_ws/install/my_cpp_pkg/share/ament_index/resource_index/parent_prefix_path/my_cpp_pkg
-- Up-to-date: /home/tuaydin/Desktop/ros2_ws/install/my_cpp_pkg/share/my_cpp_pkg/environment/ament_prefix_path.sh
-- Up-to-date: /home/tuaydin/Desktop/ros2_ws/install/my_cpp_pkg/share/my_cpp_pkg/environment/ament_prefix_path.dsv
-- Up-to-date: /home/tuaydin/Desktop/ros2_ws/install/my_cpp_pkg/share/my_cpp_pkg/environment/path.sh
-- Up-to-date: /home/tuaydin/Desktop/ros2_ws/install/my_cpp_pkg/share/my_cpp_pkg/environment/path.dsv
-- Up-to-date: /home/tuaydin/Desktop/ros2_ws/install/my_cpp_pkg/share/my_cpp_pkg/local_setup.bash
-- Up-to-date: /home/tuaydin/Desktop/ros2_ws/install/my_cpp_pkg/share/my_cpp_pkg/local_setup.sh
-- Up-to-date: /home/tuaydin/Desktop/ros2_ws/install/my_cpp_pkg/share/my_cpp_pkg/local_setup.zsh
-- Up-to-date: /home/tuaydin/Desktop/ros2_ws/install/my_cpp_pkg/share/my_cpp_pkg/local_setup.dsv
-- Installing: /home/tuaydin/Desktop/ros2_ws/install/my_cpp_pkg/share/my_cpp_pkg/package.dsv
-- Up-to-date: /home/tuaydin/Desktop/ros2_ws/install/my_cpp_pkg/share/ament_index/resource_index/packages/my_cpp_pkg
-- Up-to-date: /home/tuaydin/Desktop/ros2_ws/install/my_cpp_pkg/share/my_cpp_pkg/cmake/my_cpp_pkgConfig.cmake
-- Up-to-date: /home/tuaydin/Desktop/ros2_ws/install/my_cpp_pkg/share/my_cpp_pkg/cmake/my_cpp_pkgConfig-version.cmake
-- Installing: /home/tuaydin/Desktop/ros2_ws/install/my_cpp_pkg/share/my_cpp_pkg/package.xml
