[0.014s] Invoking command in '/home/tuaydin/ros2_ws/build/my_cpp_pkg': CMAKE_PREFIX_PATH=${CMAKE_PREFIX_PATH}:/home/tuaydin/ros2_ws/install/my_py_pkg:/opt/ros/jazzy /usr/bin/cmake --build /home/tuaydin/ros2_ws/build/my_cpp_pkg -- -j4 -l4
[0.081s] [ 14%] Built target number_counter
[0.085s] [ 28%] Built target cpp_node
[0.087s] [ 42%] Built target smartphone
[0.093s] [ 50%] [32mBuilding CXX object CMakeFiles/robot_news_station.dir/src/robot_news_station.cpp.o[0m
[0.115s] [ 64%] Built target add_two_ints_server
[0.121s] [ 78%] Built target add_two_ints_client
[0.126s] [ 92%] Built target add_two_ints_client_no_oop
[4.888s] [100%] [32m[1mLinking CXX executable robot_news_station[0m
[5.159s] [100%] Built target robot_news_station
[5.170s] Invoked command in '/home/tuaydin/ros2_ws/build/my_cpp_pkg' returned '0': CMAKE_PREFIX_PATH=${CMAKE_PREFIX_PATH}:/home/tuaydin/ros2_ws/install/my_py_pkg:/opt/ros/jazzy /usr/bin/cmake --build /home/tuaydin/ros2_ws/build/my_cpp_pkg -- -j4 -l4
[5.179s] Invoking command in '/home/tuaydin/ros2_ws/build/my_cpp_pkg': CMAKE_PREFIX_PATH=${CMAKE_PREFIX_PATH}:/home/tuaydin/ros2_ws/install/my_py_pkg:/opt/ros/jazzy /usr/bin/cmake --install /home/tuaydin/ros2_ws/build/my_cpp_pkg
[5.187s] -- Install configuration: ""
[5.187s] -- Up-to-date: /home/tuaydin/ros2_ws/install/my_cpp_pkg/lib/my_cpp_pkg/cpp_node
[5.188s] -- Installing: /home/tuaydin/ros2_ws/install/my_cpp_pkg/lib/my_cpp_pkg/robot_news_station
[5.190s] -- Set non-toolchain portion of runtime path of "/home/tuaydin/ros2_ws/install/my_cpp_pkg/lib/my_cpp_pkg/robot_news_station" to ""
[5.190s] -- Up-to-date: /home/tuaydin/ros2_ws/install/my_cpp_pkg/lib/my_cpp_pkg/smartphone
[5.191s] -- Up-to-date: /home/tuaydin/ros2_ws/install/my_cpp_pkg/lib/my_cpp_pkg/number_counter
[5.191s] -- Up-to-date: /home/tuaydin/ros2_ws/install/my_cpp_pkg/lib/my_cpp_pkg/add_two_ints_server
[5.191s] -- Up-to-date: /home/tuaydin/ros2_ws/install/my_cpp_pkg/lib/my_cpp_pkg/add_two_ints_client
[5.192s] -- Up-to-date: /home/tuaydin/ros2_ws/install/my_cpp_pkg/lib/my_cpp_pkg/add_two_ints_client_no_oop
[5.192s] -- Up-to-date: /home/tuaydin/ros2_ws/install/my_cpp_pkg/share/ament_index/resource_index/package_run_dependencies/my_cpp_pkg
[5.192s] -- Up-to-date: /home/tuaydin/ros2_ws/install/my_cpp_pkg/share/ament_index/resource_index/parent_prefix_path/my_cpp_pkg
[5.192s] -- Up-to-date: /home/tuaydin/ros2_ws/install/my_cpp_pkg/share/my_cpp_pkg/environment/ament_prefix_path.sh
[5.192s] -- Up-to-date: /home/tuaydin/ros2_ws/install/my_cpp_pkg/share/my_cpp_pkg/environment/ament_prefix_path.dsv
[5.192s] -- Up-to-date: /home/tuaydin/ros2_ws/install/my_cpp_pkg/share/my_cpp_pkg/environment/path.sh
[5.192s] -- Up-to-date: /home/tuaydin/ros2_ws/install/my_cpp_pkg/share/my_cpp_pkg/environment/path.dsv
[5.192s] -- Up-to-date: /home/tuaydin/ros2_ws/install/my_cpp_pkg/share/my_cpp_pkg/local_setup.bash
[5.192s] -- Up-to-date: /home/tuaydin/ros2_ws/install/my_cpp_pkg/share/my_cpp_pkg/local_setup.sh
[5.192s] -- Up-to-date: /home/tuaydin/ros2_ws/install/my_cpp_pkg/share/my_cpp_pkg/local_setup.zsh
[5.193s] -- Up-to-date: /home/tuaydin/ros2_ws/install/my_cpp_pkg/share/my_cpp_pkg/local_setup.dsv
[5.193s] -- Installing: /home/tuaydin/ros2_ws/install/my_cpp_pkg/share/my_cpp_pkg/package.dsv
[5.193s] -- Up-to-date: /home/tuaydin/ros2_ws/install/my_cpp_pkg/share/ament_index/resource_index/packages/my_cpp_pkg
[5.193s] -- Up-to-date: /home/tuaydin/ros2_ws/install/my_cpp_pkg/share/my_cpp_pkg/cmake/my_cpp_pkgConfig.cmake
[5.193s] -- Up-to-date: /home/tuaydin/ros2_ws/install/my_cpp_pkg/share/my_cpp_pkg/cmake/my_cpp_pkgConfig-version.cmake
[5.193s] -- Up-to-date: /home/tuaydin/ros2_ws/install/my_cpp_pkg/share/my_cpp_pkg/package.xml
[5.195s] Invoked command in '/home/tuaydin/ros2_ws/build/my_cpp_pkg' returned '0': CMAKE_PREFIX_PATH=${CMAKE_PREFIX_PATH}:/home/tuaydin/ros2_ws/install/my_py_pkg:/opt/ros/jazzy /usr/bin/cmake --install /home/tuaydin/ros2_ws/build/my_cpp_pkg
