[0.021s] Invoking command in '/home/tuaydin/ros2_ws/build/my_robot_bringup': CMAKE_PREFIX_PATH=${CMAKE_PREFIX_PATH}:/home/tuaydin/ros2_ws/install/my_py_pkg:/opt/ros/jazzy /usr/bin/cmake /home/tuaydin/ros2_ws/src/my_robot_bringup -DAMENT_CMAKE_SYMLINK_INSTALL=1 -DCMAKE_INSTALL_PREFIX=/home/tuaydin/ros2_ws/install/my_robot_bringup
[0.220s] -- The C compiler identification is GNU 13.3.0
[0.687s] -- The CXX compiler identification is GNU 13.3.0
[1.069s] -- Detecting C compiler ABI info
[1.293s] -- Detecting C compiler ABI info - done
[1.300s] -- Check for working C compiler: /usr/bin/cc - skipped
[1.303s] -- Detecting C compile features
[1.303s] -- Detecting C compile features - done
[1.381s] -- Detecting CXX compiler ABI info
[1.588s] -- Detecting CXX compiler ABI info - done
[1.597s] -- Check for working CXX compiler: /usr/bin/c++ - skipped
[1.597s] -- Detecting CXX compile features
[1.597s] -- Detecting CXX compile features - done
[1.606s] -- Found ament_cmake: 2.5.2 (/opt/ros/jazzy/share/ament_cmake/cmake)
[1.759s] -- Found Python3: /usr/bin/python3 (found version "3.12.3") found components: Interpreter 
[1.841s] -- Override CMake install command with custom implementation using symlinks instead of copying resources
[1.993s] -- Configuring done (2.0s)
[1.999s] -- Generating done (0.0s)
[2.001s] -- Build files have been written to: /home/tuaydin/ros2_ws/build/my_robot_bringup
[2.007s] Invoked command in '/home/tuaydin/ros2_ws/build/my_robot_bringup' returned '0': CMAKE_PREFIX_PATH=${CMAKE_PREFIX_PATH}:/home/tuaydin/ros2_ws/install/my_py_pkg:/opt/ros/jazzy /usr/bin/cmake /home/tuaydin/ros2_ws/src/my_robot_bringup -DAMENT_CMAKE_SYMLINK_INSTALL=1 -DCMAKE_INSTALL_PREFIX=/home/tuaydin/ros2_ws/install/my_robot_bringup
[2.008s] Invoking command in '/home/tuaydin/ros2_ws/build/my_robot_bringup': CMAKE_PREFIX_PATH=${CMAKE_PREFIX_PATH}:/home/tuaydin/ros2_ws/install/my_py_pkg:/opt/ros/jazzy /usr/bin/cmake --build /home/tuaydin/ros2_ws/build/my_robot_bringup -- -j4 -l4
[2.046s] Invoked command in '/home/tuaydin/ros2_ws/build/my_robot_bringup' returned '0': CMAKE_PREFIX_PATH=${CMAKE_PREFIX_PATH}:/home/tuaydin/ros2_ws/install/my_py_pkg:/opt/ros/jazzy /usr/bin/cmake --build /home/tuaydin/ros2_ws/build/my_robot_bringup -- -j4 -l4
[2.054s] Invoking command in '/home/tuaydin/ros2_ws/build/my_robot_bringup': CMAKE_PREFIX_PATH=${CMAKE_PREFIX_PATH}:/home/tuaydin/ros2_ws/install/my_py_pkg:/opt/ros/jazzy /usr/bin/cmake --install /home/tuaydin/ros2_ws/build/my_robot_bringup
[2.061s] -- Install configuration: ""
[2.061s] -- Execute custom install script
[2.063s] -- Symlinking: /home/tuaydin/ros2_ws/install/my_robot_bringup/share/my_robot_bringup/launch/numver_app.launch.py
[2.072s] -- Symlinking: /home/tuaydin/ros2_ws/install/my_robot_bringup/share/ament_index/resource_index/package_run_dependencies/my_robot_bringup
[2.080s] -- Symlinking: /home/tuaydin/ros2_ws/install/my_robot_bringup/share/ament_index/resource_index/parent_prefix_path/my_robot_bringup
[2.089s] -- Symlinking: /home/tuaydin/ros2_ws/install/my_robot_bringup/share/my_robot_bringup/environment/ament_prefix_path.sh
[2.097s] -- Symlinking: /home/tuaydin/ros2_ws/install/my_robot_bringup/share/my_robot_bringup/environment/ament_prefix_path.dsv
[2.105s] -- Symlinking: /home/tuaydin/ros2_ws/install/my_robot_bringup/share/my_robot_bringup/environment/path.sh
[2.114s] -- Symlinking: /home/tuaydin/ros2_ws/install/my_robot_bringup/share/my_robot_bringup/environment/path.dsv
[2.123s] -- Symlinking: /home/tuaydin/ros2_ws/install/my_robot_bringup/share/my_robot_bringup/local_setup.bash
[2.132s] -- Symlinking: /home/tuaydin/ros2_ws/install/my_robot_bringup/share/my_robot_bringup/local_setup.sh
[2.140s] -- Symlinking: /home/tuaydin/ros2_ws/install/my_robot_bringup/share/my_robot_bringup/local_setup.zsh
[2.147s] -- Symlinking: /home/tuaydin/ros2_ws/install/my_robot_bringup/share/my_robot_bringup/local_setup.dsv
[2.154s] -- Symlinking: /home/tuaydin/ros2_ws/install/my_robot_bringup/share/my_robot_bringup/package.dsv
[2.163s] -- Symlinking: /home/tuaydin/ros2_ws/install/my_robot_bringup/share/ament_index/resource_index/packages/my_robot_bringup
[2.171s] -- Symlinking: /home/tuaydin/ros2_ws/install/my_robot_bringup/share/my_robot_bringup/cmake/my_robot_bringupConfig.cmake
[2.177s] -- Symlinking: /home/tuaydin/ros2_ws/install/my_robot_bringup/share/my_robot_bringup/cmake/my_robot_bringupConfig-version.cmake
[2.184s] -- Symlinking: /home/tuaydin/ros2_ws/install/my_robot_bringup/share/my_robot_bringup/package.xml
[2.193s] Invoked command in '/home/tuaydin/ros2_ws/build/my_robot_bringup' returned '0': CMAKE_PREFIX_PATH=${CMAKE_PREFIX_PATH}:/home/tuaydin/ros2_ws/install/my_py_pkg:/opt/ros/jazzy /usr/bin/cmake --install /home/tuaydin/ros2_ws/build/my_robot_bringup
