[0.851s] Invoking command in '/home/tuaydin/ros2_ws/src/my_py_pkg': PYTHONPATH=/home/tuaydin/ros2_ws/build/my_py_pkg/prefix_override:/usr/lib/python3/dist-packages/colcon_core/task/python/colcon_distutils_commands:/home/tuaydin/ros2_ws/install/my_py_pkg/lib/python3.12/site-packages:${PYTHONPATH} /usr/bin/python3 -W ignore:setup.py install is deprecated -W ignore:easy_install command is deprecated setup.py egg_info --egg-base ../../build/my_py_pkg build --build-base /home/tuaydin/ros2_ws/build/my_py_pkg/build install --record /home/tuaydin/ros2_ws/build/my_py_pkg/install.log --single-version-externally-managed install_data
[1.100s] running egg_info
[1.124s] writing ../../build/my_py_pkg/my_py_pkg.egg-info/PKG-INFO
[1.124s] writing dependency_links to ../../build/my_py_pkg/my_py_pkg.egg-info/dependency_links.txt
[1.125s] writing entry points to ../../build/my_py_pkg/my_py_pkg.egg-info/entry_points.txt
[1.125s] writing requirements to ../../build/my_py_pkg/my_py_pkg.egg-info/requires.txt
[1.125s] writing top-level names to ../../build/my_py_pkg/my_py_pkg.egg-info/top_level.txt
[1.158s] reading manifest file '../../build/my_py_pkg/my_py_pkg.egg-info/SOURCES.txt'
[1.159s] writing manifest file '../../build/my_py_pkg/my_py_pkg.egg-info/SOURCES.txt'
[1.159s] running build
[1.159s] running build_py
[1.159s] running install
[1.165s] running install_lib
[1.181s] running install_data
[1.181s] running install_egg_info
[1.199s] removing '/home/tuaydin/ros2_ws/install/my_py_pkg/lib/python3.12/site-packages/my_py_pkg-0.0.0-py3.12.egg-info' (and everything under it)
[1.199s] Copying ../../build/my_py_pkg/my_py_pkg.egg-info to /home/tuaydin/ros2_ws/install/my_py_pkg/lib/python3.12/site-packages/my_py_pkg-0.0.0-py3.12.egg-info
[1.200s] running install_scripts
[1.339s] Installing add_two_ints_client script to /home/tuaydin/ros2_ws/install/my_py_pkg/lib/my_py_pkg
[1.340s] Installing add_two_ints_client_no_oop script to /home/tuaydin/ros2_ws/install/my_py_pkg/lib/my_py_pkg
[1.340s] Installing add_two_ints_server script to /home/tuaydin/ros2_ws/install/my_py_pkg/lib/my_py_pkg
[1.340s] Installing number_publisher script to /home/tuaydin/ros2_ws/install/my_py_pkg/lib/my_py_pkg
[1.340s] Installing py_node script to /home/tuaydin/ros2_ws/install/my_py_pkg/lib/my_py_pkg
[1.340s] Installing robot_news_station script to /home/tuaydin/ros2_ws/install/my_py_pkg/lib/my_py_pkg
[1.341s] Installing smartphone script to /home/tuaydin/ros2_ws/install/my_py_pkg/lib/my_py_pkg
[1.341s] writing list of installed files to '/home/tuaydin/ros2_ws/build/my_py_pkg/install.log'
[1.396s] Invoked command in '/home/tuaydin/ros2_ws/src/my_py_pkg' returned '0': PYTHONPATH=/home/tuaydin/ros2_ws/build/my_py_pkg/prefix_override:/usr/lib/python3/dist-packages/colcon_core/task/python/colcon_distutils_commands:/home/tuaydin/ros2_ws/install/my_py_pkg/lib/python3.12/site-packages:${PYTHONPATH} /usr/bin/python3 -W ignore:setup.py install is deprecated -W ignore:easy_install command is deprecated setup.py egg_info --egg-base ../../build/my_py_pkg build --build-base /home/tuaydin/ros2_ws/build/my_py_pkg/build install --record /home/tuaydin/ros2_ws/build/my_py_pkg/install.log --single-version-externally-managed install_data
