[0.014s] Invoking command in '/home/tuaydin/ros2_ws/build/my_cpp_pkg': CMAKE_PREFIX_PATH=${CMAKE_PREFIX_PATH}:/home/tuaydin/ros2_ws/install/my_py_pkg:/opt/ros/jazzy /usr/bin/cmake --build /home/tuaydin/ros2_ws/build/my_cpp_pkg -- -j4 -l4
[0.064s] [ 14%] Built target robot_news_station
[0.064s] [ 28%] Built target smartphone
[0.071s] [ 42%] Built target cpp_node
[0.074s] [ 57%] Built target number_counter
[0.085s] [ 71%] Built target add_two_ints_server
[0.091s] [ 85%] Built target add_two_ints_client_no_oop
[0.104s] [ 92%] [32mBuilding CXX object CMakeFiles/add_two_ints_client.dir/src/add_two_ints_client.cpp.o[0m
[3.869s] [100%] [32m[1mLinking CXX executable add_two_ints_client[0m
[4.078s] [100%] Built target add_two_ints_client
[4.089s] Invoked command in '/home/tuaydin/ros2_ws/build/my_cpp_pkg' returned '0': CMAKE_PREFIX_PATH=${CMAKE_PREFIX_PATH}:/home/tuaydin/ros2_ws/install/my_py_pkg:/opt/ros/jazzy /usr/bin/cmake --build /home/tuaydin/ros2_ws/build/my_cpp_pkg -- -j4 -l4
[4.098s] Invoking command in '/home/tuaydin/ros2_ws/build/my_cpp_pkg': CMAKE_PREFIX_PATH=${CMAKE_PREFIX_PATH}:/home/tuaydin/ros2_ws/install/my_py_pkg:/opt/ros/jazzy /usr/bin/cmake --install /home/tuaydin/ros2_ws/build/my_cpp_pkg
[4.104s] -- Install configuration: ""
[4.104s] -- Up-to-date: /home/tuaydin/ros2_ws/install/my_cpp_pkg/lib/my_cpp_pkg/cpp_node
[4.104s] -- Up-to-date: /home/tuaydin/ros2_ws/install/my_cpp_pkg/lib/my_cpp_pkg/robot_news_station
[4.104s] -- Up-to-date: /home/tuaydin/ros2_ws/install/my_cpp_pkg/lib/my_cpp_pkg/smartphone
[4.105s] -- Up-to-date: /home/tuaydin/ros2_ws/install/my_cpp_pkg/lib/my_cpp_pkg/number_counter
[4.105s] -- Up-to-date: /home/tuaydin/ros2_ws/install/my_cpp_pkg/lib/my_cpp_pkg/add_two_ints_server
[4.105s] -- Installing: /home/tuaydin/ros2_ws/install/my_cpp_pkg/lib/my_cpp_pkg/add_two_ints_client
[4.107s] -- Set non-toolchain portion of runtime path of "/home/tuaydin/ros2_ws/install/my_cpp_pkg/lib/my_cpp_pkg/add_two_ints_client" to ""
[4.107s] -- Up-to-date: /home/tuaydin/ros2_ws/install/my_cpp_pkg/lib/my_cpp_pkg/add_two_ints_client_no_oop
[4.107s] -- Up-to-date: /home/tuaydin/ros2_ws/install/my_cpp_pkg/share/ament_index/resource_index/package_run_dependencies/my_cpp_pkg
[4.108s] -- Up-to-date: /home/tuaydin/ros2_ws/install/my_cpp_pkg/share/ament_index/resource_index/parent_prefix_path/my_cpp_pkg
[4.108s] -- Up-to-date: /home/tuaydin/ros2_ws/install/my_cpp_pkg/share/my_cpp_pkg/environment/ament_prefix_path.sh
[4.108s] -- Up-to-date: /home/tuaydin/ros2_ws/install/my_cpp_pkg/share/my_cpp_pkg/environment/ament_prefix_path.dsv
[4.108s] -- Up-to-date: /home/tuaydin/ros2_ws/install/my_cpp_pkg/share/my_cpp_pkg/environment/path.sh
[4.108s] -- Up-to-date: /home/tuaydin/ros2_ws/install/my_cpp_pkg/share/my_cpp_pkg/environment/path.dsv
[4.108s] -- Up-to-date: /home/tuaydin/ros2_ws/install/my_cpp_pkg/share/my_cpp_pkg/local_setup.bash
[4.108s] -- Up-to-date: /home/tuaydin/ros2_ws/install/my_cpp_pkg/share/my_cpp_pkg/local_setup.sh
[4.108s] -- Up-to-date: /home/tuaydin/ros2_ws/install/my_cpp_pkg/share/my_cpp_pkg/local_setup.zsh
[4.108s] -- Up-to-date: /home/tuaydin/ros2_ws/install/my_cpp_pkg/share/my_cpp_pkg/local_setup.dsv
[4.108s] -- Installing: /home/tuaydin/ros2_ws/install/my_cpp_pkg/share/my_cpp_pkg/package.dsv
[4.108s] -- Up-to-date: /home/tuaydin/ros2_ws/install/my_cpp_pkg/share/ament_index/resource_index/packages/my_cpp_pkg
[4.108s] -- Up-to-date: /home/tuaydin/ros2_ws/install/my_cpp_pkg/share/my_cpp_pkg/cmake/my_cpp_pkgConfig.cmake
[4.108s] -- Up-to-date: /home/tuaydin/ros2_ws/install/my_cpp_pkg/share/my_cpp_pkg/cmake/my_cpp_pkgConfig-version.cmake
[4.109s] -- Up-to-date: /home/tuaydin/ros2_ws/install/my_cpp_pkg/share/my_cpp_pkg/package.xml
[4.110s] Invoked command in '/home/tuaydin/ros2_ws/build/my_cpp_pkg' returned '0': CMAKE_PREFIX_PATH=${CMAKE_PREFIX_PATH}:/home/tuaydin/ros2_ws/install/my_py_pkg:/opt/ros/jazzy /usr/bin/cmake --install /home/tuaydin/ros2_ws/build/my_cpp_pkg
