[0.247s] DEBUG:colcon:Command line arguments: ['/usr/bin/colcon', 'build']
[0.247s] DEBUG:colcon:Parsed command line arguments: Namespace(log_base=None, log_level=None, verb_name='build', build_base='build', install_base='install', merge_install=False, symlink_install=False, test_result_base=None, continue_on_error=False, executor='parallel', parallel_workers=16, event_handlers=None, ignore_user_meta=False, metas=['./colcon.meta'], base_paths=['.'], packages_ignore=None, packages_ignore_regex=None, paths=None, packages_up_to=None, packages_up_to_regex=None, packages_above=None, packages_above_and_dependencies=None, packages_above_depth=None, packages_select_by_dep=None, packages_skip_by_dep=None, packages_skip_up_to=None, packages_select_build_failed=False, packages_skip_build_finished=False, packages_select_test_failures=False, packages_skip_test_passed=False, packages_select=None, packages_skip=None, packages_select_regex=None, packages_skip_regex=None, packages_start=None, packages_end=None, allow_overriding=[], cmake_args=None, cmake_target=None, cmake_target_skip_unavailable=False, cmake_clean_cache=False, cmake_clean_first=False, cmake_force_configure=False, ament_cmake_args=None, catkin_cmake_args=None, catkin_skip_building_tests=False, mixin_files=None, mixin=None, verb_parser=<colcon_mixin.mixin.mixin_argument.MixinArgumentDecorator object at 0x75cb7b563140>, verb_extension=<colcon_core.verb.build.BuildVerb object at 0x75cb7b562f30>, main=<bound method BuildVerb.main of <colcon_core.verb.build.BuildVerb object at 0x75cb7b562f30>>, mixin_verb=('build',))
[0.340s] Level 1:colcon.colcon_core.package_discovery:discover_packages(colcon_meta) check parameters
[0.340s] Level 1:colcon.colcon_core.package_discovery:discover_packages(recursive) check parameters
[0.341s] Level 1:colcon.colcon_core.package_discovery:discover_packages(ignore) check parameters
[0.341s] Level 1:colcon.colcon_core.package_discovery:discover_packages(path) check parameters
[0.341s] Level 1:colcon.colcon_core.package_discovery:discover_packages(colcon_meta) discover
[0.341s] Level 1:colcon.colcon_core.package_discovery:discover_packages(recursive) discover
[0.341s] INFO:colcon.colcon_core.package_discovery:Crawling recursively for packages in '/home/tuaydin/Desktop/ros2_ws'
[0.341s] Level 1:colcon.colcon_core.package_identification:_identify(.) by extensions ['ignore', 'ignore_ament_install']
[0.341s] Level 1:colcon.colcon_core.package_identification:_identify(.) by extension 'ignore'
[0.342s] Level 1:colcon.colcon_core.package_identification:_identify(.) by extension 'ignore_ament_install'
[0.342s] Level 1:colcon.colcon_core.package_identification:_identify(.) by extensions ['colcon_pkg']
[0.342s] Level 1:colcon.colcon_core.package_identification:_identify(.) by extension 'colcon_pkg'
[0.342s] Level 1:colcon.colcon_core.package_identification:_identify(.) by extensions ['colcon_meta']
[0.342s] Level 1:colcon.colcon_core.package_identification:_identify(.) by extension 'colcon_meta'
[0.342s] Level 1:colcon.colcon_core.package_identification:_identify(.) by extensions ['ros']
[0.342s] Level 1:colcon.colcon_core.package_identification:_identify(.) by extension 'ros'
[0.400s] Level 1:colcon.colcon_core.package_identification:_identify(.) by extensions ['cmake', 'python']
[0.400s] Level 1:colcon.colcon_core.package_identification:_identify(.) by extension 'cmake'
[0.401s] Level 1:colcon.colcon_core.package_identification:_identify(.) by extension 'python'
[0.401s] Level 1:colcon.colcon_core.package_identification:_identify(.) by extensions ['python_setup_py']
[0.401s] Level 1:colcon.colcon_core.package_identification:_identify(.) by extension 'python_setup_py'
[0.401s] Level 1:colcon.colcon_core.package_identification:_identify(build) by extensions ['ignore', 'ignore_ament_install']
[0.401s] Level 1:colcon.colcon_core.package_identification:_identify(build) by extension 'ignore'
[0.401s] Level 1:colcon.colcon_core.package_identification:_identify(build) ignored
[0.402s] Level 1:colcon.colcon_core.package_identification:_identify(install) by extensions ['ignore', 'ignore_ament_install']
[0.402s] Level 1:colcon.colcon_core.package_identification:_identify(install) by extension 'ignore'
[0.402s] Level 1:colcon.colcon_core.package_identification:_identify(install) ignored
[0.402s] Level 1:colcon.colcon_core.package_identification:_identify(log) by extensions ['ignore', 'ignore_ament_install']
[0.403s] Level 1:colcon.colcon_core.package_identification:_identify(log) by extension 'ignore'
[0.403s] Level 1:colcon.colcon_core.package_identification:_identify(log) ignored
[0.403s] Level 1:colcon.colcon_core.package_identification:_identify(src) by extensions ['ignore', 'ignore_ament_install']
[0.403s] Level 1:colcon.colcon_core.package_identification:_identify(src) by extension 'ignore'
[0.404s] Level 1:colcon.colcon_core.package_identification:_identify(src) by extension 'ignore_ament_install'
[0.404s] Level 1:colcon.colcon_core.package_identification:_identify(src) by extensions ['colcon_pkg']
[0.404s] Level 1:colcon.colcon_core.package_identification:_identify(src) by extension 'colcon_pkg'
[0.404s] Level 1:colcon.colcon_core.package_identification:_identify(src) by extensions ['colcon_meta']
[0.404s] Level 1:colcon.colcon_core.package_identification:_identify(src) by extension 'colcon_meta'
[0.404s] Level 1:colcon.colcon_core.package_identification:_identify(src) by extensions ['ros']
[0.404s] Level 1:colcon.colcon_core.package_identification:_identify(src) by extension 'ros'
[0.405s] Level 1:colcon.colcon_core.package_identification:_identify(src) by extensions ['cmake', 'python']
[0.405s] Level 1:colcon.colcon_core.package_identification:_identify(src) by extension 'cmake'
[0.405s] Level 1:colcon.colcon_core.package_identification:_identify(src) by extension 'python'
[0.405s] Level 1:colcon.colcon_core.package_identification:_identify(src) by extensions ['python_setup_py']
[0.405s] Level 1:colcon.colcon_core.package_identification:_identify(src) by extension 'python_setup_py'
[0.405s] Level 1:colcon.colcon_core.package_identification:_identify(src/build) by extensions ['ignore', 'ignore_ament_install']
[0.406s] Level 1:colcon.colcon_core.package_identification:_identify(src/build) by extension 'ignore'
[0.406s] Level 1:colcon.colcon_core.package_identification:_identify(src/build) ignored
[0.406s] Level 1:colcon.colcon_core.package_identification:_identify(src/install) by extensions ['ignore', 'ignore_ament_install']
[0.406s] Level 1:colcon.colcon_core.package_identification:_identify(src/install) by extension 'ignore'
[0.406s] Level 1:colcon.colcon_core.package_identification:_identify(src/install) ignored
[0.407s] Level 1:colcon.colcon_core.package_identification:_identify(src/log) by extensions ['ignore', 'ignore_ament_install']
[0.407s] Level 1:colcon.colcon_core.package_identification:_identify(src/log) by extension 'ignore'
[0.407s] Level 1:colcon.colcon_core.package_identification:_identify(src/log) ignored
[0.407s] Level 1:colcon.colcon_core.package_identification:_identify(src/my_cpp_pkg) by extensions ['ignore', 'ignore_ament_install']
[0.408s] Level 1:colcon.colcon_core.package_identification:_identify(src/my_cpp_pkg) by extension 'ignore'
[0.408s] Level 1:colcon.colcon_core.package_identification:_identify(src/my_cpp_pkg) by extension 'ignore_ament_install'
[0.408s] Level 1:colcon.colcon_core.package_identification:_identify(src/my_cpp_pkg) by extensions ['colcon_pkg']
[0.408s] Level 1:colcon.colcon_core.package_identification:_identify(src/my_cpp_pkg) by extension 'colcon_pkg'
[0.408s] Level 1:colcon.colcon_core.package_identification:_identify(src/my_cpp_pkg) by extensions ['colcon_meta']
[0.408s] Level 1:colcon.colcon_core.package_identification:_identify(src/my_cpp_pkg) by extension 'colcon_meta'
[0.408s] Level 1:colcon.colcon_core.package_identification:_identify(src/my_cpp_pkg) by extensions ['ros']
[0.408s] Level 1:colcon.colcon_core.package_identification:_identify(src/my_cpp_pkg) by extension 'ros'
[0.414s] DEBUG:colcon.colcon_core.package_identification:Package 'src/my_cpp_pkg' with type 'ros.ament_cmake' and name 'my_cpp_pkg'
[0.414s] Level 1:colcon.colcon_core.package_identification:_identify(src/my_py_pkg) by extensions ['ignore', 'ignore_ament_install']
[0.414s] Level 1:colcon.colcon_core.package_identification:_identify(src/my_py_pkg) by extension 'ignore'
[0.414s] Level 1:colcon.colcon_core.package_identification:_identify(src/my_py_pkg) by extension 'ignore_ament_install'
[0.415s] Level 1:colcon.colcon_core.package_identification:_identify(src/my_py_pkg) by extensions ['colcon_pkg']
[0.415s] Level 1:colcon.colcon_core.package_identification:_identify(src/my_py_pkg) by extension 'colcon_pkg'
[0.415s] Level 1:colcon.colcon_core.package_identification:_identify(src/my_py_pkg) by extensions ['colcon_meta']
[0.415s] Level 1:colcon.colcon_core.package_identification:_identify(src/my_py_pkg) by extension 'colcon_meta'
[0.415s] Level 1:colcon.colcon_core.package_identification:_identify(src/my_py_pkg) by extensions ['ros']
[0.415s] Level 1:colcon.colcon_core.package_identification:_identify(src/my_py_pkg) by extension 'ros'
[0.417s] DEBUG:colcon.colcon_core.package_identification:Package 'src/my_py_pkg' with type 'ros.ament_python' and name 'my_py_pkg'
[0.417s] Level 1:colcon.colcon_core.package_identification:_identify(src/my_robot_bringup) by extensions ['ignore', 'ignore_ament_install']
[0.417s] Level 1:colcon.colcon_core.package_identification:_identify(src/my_robot_bringup) by extension 'ignore'
[0.417s] Level 1:colcon.colcon_core.package_identification:_identify(src/my_robot_bringup) by extension 'ignore_ament_install'
[0.418s] Level 1:colcon.colcon_core.package_identification:_identify(src/my_robot_bringup) by extensions ['colcon_pkg']
[0.418s] Level 1:colcon.colcon_core.package_identification:_identify(src/my_robot_bringup) by extension 'colcon_pkg'
[0.418s] Level 1:colcon.colcon_core.package_identification:_identify(src/my_robot_bringup) by extensions ['colcon_meta']
[0.418s] Level 1:colcon.colcon_core.package_identification:_identify(src/my_robot_bringup) by extension 'colcon_meta'
[0.418s] Level 1:colcon.colcon_core.package_identification:_identify(src/my_robot_bringup) by extensions ['ros']
[0.418s] Level 1:colcon.colcon_core.package_identification:_identify(src/my_robot_bringup) by extension 'ros'
[0.419s] DEBUG:colcon.colcon_core.package_identification:Package 'src/my_robot_bringup' with type 'ros.ament_cmake' and name 'my_robot_bringup'
[0.419s] Level 1:colcon.colcon_core.package_identification:_identify(src/my_robot_interfaces) by extensions ['ignore', 'ignore_ament_install']
[0.419s] Level 1:colcon.colcon_core.package_identification:_identify(src/my_robot_interfaces) by extension 'ignore'
[0.420s] Level 1:colcon.colcon_core.package_identification:_identify(src/my_robot_interfaces) by extension 'ignore_ament_install'
[0.420s] Level 1:colcon.colcon_core.package_identification:_identify(src/my_robot_interfaces) by extensions ['colcon_pkg']
[0.420s] Level 1:colcon.colcon_core.package_identification:_identify(src/my_robot_interfaces) by extension 'colcon_pkg'
[0.420s] Level 1:colcon.colcon_core.package_identification:_identify(src/my_robot_interfaces) by extensions ['colcon_meta']
[0.420s] Level 1:colcon.colcon_core.package_identification:_identify(src/my_robot_interfaces) by extension 'colcon_meta'
[0.420s] Level 1:colcon.colcon_core.package_identification:_identify(src/my_robot_interfaces) by extensions ['ros']
[0.420s] Level 1:colcon.colcon_core.package_identification:_identify(src/my_robot_interfaces) by extension 'ros'
[0.421s] DEBUG:colcon.colcon_core.package_identification:Package 'src/my_robot_interfaces' with type 'ros.ament_cmake' and name 'my_robot_interfaces'
[0.421s] Level 1:colcon.colcon_core.package_discovery:discover_packages(recursive) using defaults
[0.421s] Level 1:colcon.colcon_core.package_discovery:discover_packages(ignore) discover
[0.421s] Level 1:colcon.colcon_core.package_discovery:discover_packages(ignore) using defaults
[0.421s] Level 1:colcon.colcon_core.package_discovery:discover_packages(path) discover
[0.421s] Level 1:colcon.colcon_core.package_discovery:discover_packages(path) using defaults
[0.462s] Level 1:colcon.colcon_core.package_discovery:discover_packages(prefix_path) check parameters
[0.462s] Level 1:colcon.colcon_core.package_discovery:discover_packages(prefix_path) discover
[0.467s] DEBUG:colcon.colcon_installed_package_information.package_discovery:Found 3 installed packages in /home/tuaydin/Desktop/ros2_ws/install
[0.470s] DEBUG:colcon.colcon_installed_package_information.package_discovery:Found 284 installed packages in /opt/ros/jazzy
[0.474s] Level 1:colcon.colcon_core.package_discovery:discover_packages(prefix_path) using defaults
[0.571s] Level 5:colcon.colcon_core.verb:set package 'my_cpp_pkg' build argument 'cmake_args' from command line to 'None'
[0.571s] Level 5:colcon.colcon_core.verb:set package 'my_cpp_pkg' build argument 'cmake_target' from command line to 'None'
[0.571s] Level 5:colcon.colcon_core.verb:set package 'my_cpp_pkg' build argument 'cmake_target_skip_unavailable' from command line to 'False'
[0.571s] Level 5:colcon.colcon_core.verb:set package 'my_cpp_pkg' build argument 'cmake_clean_cache' from command line to 'False'
[0.571s] Level 5:colcon.colcon_core.verb:set package 'my_cpp_pkg' build argument 'cmake_clean_first' from command line to 'False'
[0.571s] Level 5:colcon.colcon_core.verb:set package 'my_cpp_pkg' build argument 'cmake_force_configure' from command line to 'False'
[0.571s] Level 5:colcon.colcon_core.verb:set package 'my_cpp_pkg' build argument 'ament_cmake_args' from command line to 'None'
[0.572s] Level 5:colcon.colcon_core.verb:set package 'my_cpp_pkg' build argument 'catkin_cmake_args' from command line to 'None'
[0.572s] Level 5:colcon.colcon_core.verb:set package 'my_cpp_pkg' build argument 'catkin_skip_building_tests' from command line to 'False'
[0.572s] DEBUG:colcon.colcon_core.verb:Building package 'my_cpp_pkg' with the following arguments: {'ament_cmake_args': None, 'build_base': '/home/tuaydin/Desktop/ros2_ws/build/my_cpp_pkg', 'catkin_cmake_args': None, 'catkin_skip_building_tests': False, 'cmake_args': None, 'cmake_clean_cache': False, 'cmake_clean_first': False, 'cmake_force_configure': False, 'cmake_target': None, 'cmake_target_skip_unavailable': False, 'install_base': '/home/tuaydin/Desktop/ros2_ws/install/my_cpp_pkg', 'merge_install': False, 'path': '/home/tuaydin/Desktop/ros2_ws/src/my_cpp_pkg', 'symlink_install': False, 'test_result_base': None}
[0.572s] Level 5:colcon.colcon_core.verb:set package 'my_py_pkg' build argument 'cmake_args' from command line to 'None'
[0.572s] Level 5:colcon.colcon_core.verb:set package 'my_py_pkg' build argument 'cmake_target' from command line to 'None'
[0.572s] Level 5:colcon.colcon_core.verb:set package 'my_py_pkg' build argument 'cmake_target_skip_unavailable' from command line to 'False'
[0.573s] Level 5:colcon.colcon_core.verb:set package 'my_py_pkg' build argument 'cmake_clean_cache' from command line to 'False'
[0.573s] Level 5:colcon.colcon_core.verb:set package 'my_py_pkg' build argument 'cmake_clean_first' from command line to 'False'
[0.573s] Level 5:colcon.colcon_core.verb:set package 'my_py_pkg' build argument 'cmake_force_configure' from command line to 'False'
[0.573s] Level 5:colcon.colcon_core.verb:set package 'my_py_pkg' build argument 'ament_cmake_args' from command line to 'None'
[0.573s] Level 5:colcon.colcon_core.verb:set package 'my_py_pkg' build argument 'catkin_cmake_args' from command line to 'None'
[0.573s] Level 5:colcon.colcon_core.verb:set package 'my_py_pkg' build argument 'catkin_skip_building_tests' from command line to 'False'
[0.573s] DEBUG:colcon.colcon_core.verb:Building package 'my_py_pkg' with the following arguments: {'ament_cmake_args': None, 'build_base': '/home/tuaydin/Desktop/ros2_ws/build/my_py_pkg', 'catkin_cmake_args': None, 'catkin_skip_building_tests': False, 'cmake_args': None, 'cmake_clean_cache': False, 'cmake_clean_first': False, 'cmake_force_configure': False, 'cmake_target': None, 'cmake_target_skip_unavailable': False, 'install_base': '/home/tuaydin/Desktop/ros2_ws/install/my_py_pkg', 'merge_install': False, 'path': '/home/tuaydin/Desktop/ros2_ws/src/my_py_pkg', 'symlink_install': False, 'test_result_base': None}
[0.574s] Level 5:colcon.colcon_core.verb:set package 'my_robot_interfaces' build argument 'cmake_args' from command line to 'None'
[0.574s] Level 5:colcon.colcon_core.verb:set package 'my_robot_interfaces' build argument 'cmake_target' from command line to 'None'
[0.574s] Level 5:colcon.colcon_core.verb:set package 'my_robot_interfaces' build argument 'cmake_target_skip_unavailable' from command line to 'False'
[0.574s] Level 5:colcon.colcon_core.verb:set package 'my_robot_interfaces' build argument 'cmake_clean_cache' from command line to 'False'
[0.574s] Level 5:colcon.colcon_core.verb:set package 'my_robot_interfaces' build argument 'cmake_clean_first' from command line to 'False'
[0.574s] Level 5:colcon.colcon_core.verb:set package 'my_robot_interfaces' build argument 'cmake_force_configure' from command line to 'False'
[0.574s] Level 5:colcon.colcon_core.verb:set package 'my_robot_interfaces' build argument 'ament_cmake_args' from command line to 'None'
[0.574s] Level 5:colcon.colcon_core.verb:set package 'my_robot_interfaces' build argument 'catkin_cmake_args' from command line to 'None'
[0.574s] Level 5:colcon.colcon_core.verb:set package 'my_robot_interfaces' build argument 'catkin_skip_building_tests' from command line to 'False'
[0.574s] DEBUG:colcon.colcon_core.verb:Building package 'my_robot_interfaces' with the following arguments: {'ament_cmake_args': None, 'build_base': '/home/tuaydin/Desktop/ros2_ws/build/my_robot_interfaces', 'catkin_cmake_args': None, 'catkin_skip_building_tests': False, 'cmake_args': None, 'cmake_clean_cache': False, 'cmake_clean_first': False, 'cmake_force_configure': False, 'cmake_target': None, 'cmake_target_skip_unavailable': False, 'install_base': '/home/tuaydin/Desktop/ros2_ws/install/my_robot_interfaces', 'merge_install': False, 'path': '/home/tuaydin/Desktop/ros2_ws/src/my_robot_interfaces', 'symlink_install': False, 'test_result_base': None}
[0.575s] Level 5:colcon.colcon_core.verb:set package 'my_robot_bringup' build argument 'cmake_args' from command line to 'None'
[0.575s] Level 5:colcon.colcon_core.verb:set package 'my_robot_bringup' build argument 'cmake_target' from command line to 'None'
[0.575s] Level 5:colcon.colcon_core.verb:set package 'my_robot_bringup' build argument 'cmake_target_skip_unavailable' from command line to 'False'
[0.575s] Level 5:colcon.colcon_core.verb:set package 'my_robot_bringup' build argument 'cmake_clean_cache' from command line to 'False'
[0.575s] Level 5:colcon.colcon_core.verb:set package 'my_robot_bringup' build argument 'cmake_clean_first' from command line to 'False'
[0.575s] Level 5:colcon.colcon_core.verb:set package 'my_robot_bringup' build argument 'cmake_force_configure' from command line to 'False'
[0.575s] Level 5:colcon.colcon_core.verb:set package 'my_robot_bringup' build argument 'ament_cmake_args' from command line to 'None'
[0.575s] Level 5:colcon.colcon_core.verb:set package 'my_robot_bringup' build argument 'catkin_cmake_args' from command line to 'None'
[0.575s] Level 5:colcon.colcon_core.verb:set package 'my_robot_bringup' build argument 'catkin_skip_building_tests' from command line to 'False'
[0.576s] DEBUG:colcon.colcon_core.verb:Building package 'my_robot_bringup' with the following arguments: {'ament_cmake_args': None, 'build_base': '/home/tuaydin/Desktop/ros2_ws/build/my_robot_bringup', 'catkin_cmake_args': None, 'catkin_skip_building_tests': False, 'cmake_args': None, 'cmake_clean_cache': False, 'cmake_clean_first': False, 'cmake_force_configure': False, 'cmake_target': None, 'cmake_target_skip_unavailable': False, 'install_base': '/home/tuaydin/Desktop/ros2_ws/install/my_robot_bringup', 'merge_install': False, 'path': '/home/tuaydin/Desktop/ros2_ws/src/my_robot_bringup', 'symlink_install': False, 'test_result_base': None}
[0.576s] INFO:colcon.colcon_core.executor:Executing jobs using 'parallel' executor
[0.577s] DEBUG:colcon.colcon_parallel_executor.executor.parallel:run_until_complete
[0.578s] INFO:colcon.colcon_ros.task.ament_cmake.build:Building ROS package in '/home/tuaydin/Desktop/ros2_ws/src/my_cpp_pkg' with build type 'ament_cmake'
[0.578s] INFO:colcon.colcon_cmake.task.cmake.build:Building CMake package in '/home/tuaydin/Desktop/ros2_ws/src/my_cpp_pkg'
[0.582s] INFO:colcon.colcon_core.plugin_system:Skipping extension 'colcon_core.shell.bat': Not used on non-Windows systems
[0.582s] INFO:colcon.colcon_core.shell:Skip shell extension 'powershell' for command environment: Not usable outside of PowerShell
[0.583s] DEBUG:colcon.colcon_core.shell:Skip shell extension 'dsv' for command environment
[0.590s] INFO:colcon.colcon_ros.task.ament_python.build:Building ROS package in '/home/tuaydin/Desktop/ros2_ws/src/my_py_pkg' with build type 'ament_python'
[0.590s] Level 1:colcon.colcon_core.shell:create_environment_hook('my_py_pkg', 'ament_prefix_path')
[0.591s] INFO:colcon.colcon_core.shell:Creating environment hook '/home/tuaydin/Desktop/ros2_ws/install/my_py_pkg/share/my_py_pkg/hook/ament_prefix_path.ps1'
[0.592s] INFO:colcon.colcon_core.shell:Creating environment descriptor '/home/tuaydin/Desktop/ros2_ws/install/my_py_pkg/share/my_py_pkg/hook/ament_prefix_path.dsv'
[0.593s] INFO:colcon.colcon_core.shell:Creating environment hook '/home/tuaydin/Desktop/ros2_ws/install/my_py_pkg/share/my_py_pkg/hook/ament_prefix_path.sh'
[0.594s] INFO:colcon.colcon_core.shell:Skip shell extension 'powershell' for command environment: Not usable outside of PowerShell
[0.594s] DEBUG:colcon.colcon_core.shell:Skip shell extension 'dsv' for command environment
[0.601s] INFO:colcon.colcon_ros.task.ament_cmake.build:Building ROS package in '/home/tuaydin/Desktop/ros2_ws/src/my_robot_interfaces' with build type 'ament_cmake'
[0.601s] INFO:colcon.colcon_cmake.task.cmake.build:Building CMake package in '/home/tuaydin/Desktop/ros2_ws/src/my_robot_interfaces'
[0.601s] INFO:colcon.colcon_core.shell:Skip shell extension 'powershell' for command environment: Not usable outside of PowerShell
[0.602s] DEBUG:colcon.colcon_core.shell:Skip shell extension 'dsv' for command environment
[0.618s] DEBUG:colcon.colcon_core.event_handler.log_command:Invoking command in '/home/tuaydin/Desktop/ros2_ws/build/my_cpp_pkg': CMAKE_PREFIX_PATH=${CMAKE_PREFIX_PATH}:/home/tuaydin/Desktop/ros2_ws/install/my_py_pkg:/opt/ros/jazzy /usr/bin/cmake --build /home/tuaydin/Desktop/ros2_ws/build/my_cpp_pkg -- -j16 -l16
[1.077s] INFO:colcon.colcon_core.task.python.build:Building Python package in '/home/tuaydin/Desktop/ros2_ws/src/my_py_pkg'
[1.078s] INFO:colcon.colcon_core.shell:Skip shell extension 'powershell' for command environment: Not usable outside of PowerShell
[1.078s] DEBUG:colcon.colcon_core.shell:Skip shell extension 'dsv' for command environment
[1.094s] DEBUG:colcon.colcon_core.event_handler.log_command:Invoking command in '/home/tuaydin/Desktop/ros2_ws/build/my_robot_interfaces': CMAKE_PREFIX_PATH=${CMAKE_PREFIX_PATH}:/home/tuaydin/Desktop/ros2_ws/install/my_py_pkg:/opt/ros/jazzy /usr/bin/cmake /home/tuaydin/Desktop/ros2_ws/src/my_robot_interfaces -DCMAKE_INSTALL_PREFIX=/home/tuaydin/Desktop/ros2_ws/install/my_robot_interfaces
[1.095s] DEBUG:colcon.colcon_core.event_handler.log_command:Invoked command in '/home/tuaydin/Desktop/ros2_ws/build/my_cpp_pkg' returned '0': CMAKE_PREFIX_PATH=${CMAKE_PREFIX_PATH}:/home/tuaydin/Desktop/ros2_ws/install/my_py_pkg:/opt/ros/jazzy /usr/bin/cmake --build /home/tuaydin/Desktop/ros2_ws/build/my_cpp_pkg -- -j16 -l16
[1.113s] DEBUG:colcon.colcon_core.event_handler.log_command:Invoking command in '/home/tuaydin/Desktop/ros2_ws/build/my_cpp_pkg': CMAKE_PREFIX_PATH=${CMAKE_PREFIX_PATH}:/home/tuaydin/Desktop/ros2_ws/install/my_py_pkg:/opt/ros/jazzy /usr/bin/cmake --install /home/tuaydin/Desktop/ros2_ws/build/my_cpp_pkg
[1.140s] Level 1:colcon.colcon_core.environment:create_environment_scripts_only(my_cpp_pkg)
[1.141s] DEBUG:colcon.colcon_core.event_handler.log_command:Invoked command in '/home/tuaydin/Desktop/ros2_ws/build/my_cpp_pkg' returned '0': CMAKE_PREFIX_PATH=${CMAKE_PREFIX_PATH}:/home/tuaydin/Desktop/ros2_ws/install/my_py_pkg:/opt/ros/jazzy /usr/bin/cmake --install /home/tuaydin/Desktop/ros2_ws/build/my_cpp_pkg
[1.143s] Level 1:colcon.colcon_core.environment:checking '/home/tuaydin/Desktop/ros2_ws/install/my_cpp_pkg' for CMake module files
[1.145s] Level 1:colcon.colcon_core.environment:checking '/home/tuaydin/Desktop/ros2_ws/install/my_cpp_pkg' for CMake config files
[1.145s] Level 1:colcon.colcon_core.shell:create_environment_hook('my_cpp_pkg', 'cmake_prefix_path')
[1.145s] INFO:colcon.colcon_core.shell:Creating environment hook '/home/tuaydin/Desktop/ros2_ws/install/my_cpp_pkg/share/my_cpp_pkg/hook/cmake_prefix_path.ps1'
[1.146s] INFO:colcon.colcon_core.shell:Creating environment descriptor '/home/tuaydin/Desktop/ros2_ws/install/my_cpp_pkg/share/my_cpp_pkg/hook/cmake_prefix_path.dsv'
[1.147s] INFO:colcon.colcon_core.shell:Creating environment hook '/home/tuaydin/Desktop/ros2_ws/install/my_cpp_pkg/share/my_cpp_pkg/hook/cmake_prefix_path.sh'
[1.149s] Level 1:colcon.colcon_core.environment:checking '/home/tuaydin/Desktop/ros2_ws/install/my_cpp_pkg/lib'
[1.149s] Level 1:colcon.colcon_core.environment:checking '/home/tuaydin/Desktop/ros2_ws/install/my_cpp_pkg/bin'
[1.149s] Level 1:colcon.colcon_core.environment:checking '/home/tuaydin/Desktop/ros2_ws/install/my_cpp_pkg/lib/pkgconfig/my_cpp_pkg.pc'
[1.150s] Level 1:colcon.colcon_core.environment:checking '/home/tuaydin/Desktop/ros2_ws/install/my_cpp_pkg/lib/python3.12/site-packages'
[1.150s] Level 1:colcon.colcon_core.environment:checking '/home/tuaydin/Desktop/ros2_ws/install/my_cpp_pkg/bin'
[1.151s] INFO:colcon.colcon_core.shell:Creating package script '/home/tuaydin/Desktop/ros2_ws/install/my_cpp_pkg/share/my_cpp_pkg/package.ps1'
[1.152s] INFO:colcon.colcon_core.shell:Creating package descriptor '/home/tuaydin/Desktop/ros2_ws/install/my_cpp_pkg/share/my_cpp_pkg/package.dsv'
[1.153s] INFO:colcon.colcon_core.shell:Creating package script '/home/tuaydin/Desktop/ros2_ws/install/my_cpp_pkg/share/my_cpp_pkg/package.sh'
[1.155s] INFO:colcon.colcon_core.shell:Creating package script '/home/tuaydin/Desktop/ros2_ws/install/my_cpp_pkg/share/my_cpp_pkg/package.bash'
[1.156s] INFO:colcon.colcon_core.shell:Creating package script '/home/tuaydin/Desktop/ros2_ws/install/my_cpp_pkg/share/my_cpp_pkg/package.zsh'
[1.157s] Level 1:colcon.colcon_core.environment:create_file_with_runtime_dependencies(/home/tuaydin/Desktop/ros2_ws/install/my_cpp_pkg/share/colcon-core/packages/my_cpp_pkg)
[1.158s] Level 1:colcon.colcon_core.environment:create_environment_scripts_only(my_cpp_pkg)
[1.159s] Level 1:colcon.colcon_core.environment:checking '/home/tuaydin/Desktop/ros2_ws/install/my_cpp_pkg' for CMake module files
[1.160s] Level 1:colcon.colcon_core.environment:checking '/home/tuaydin/Desktop/ros2_ws/install/my_cpp_pkg' for CMake config files
[1.161s] Level 1:colcon.colcon_core.shell:create_environment_hook('my_cpp_pkg', 'cmake_prefix_path')
[1.161s] INFO:colcon.colcon_core.shell:Creating environment hook '/home/tuaydin/Desktop/ros2_ws/install/my_cpp_pkg/share/my_cpp_pkg/hook/cmake_prefix_path.ps1'
[1.162s] INFO:colcon.colcon_core.shell:Creating environment descriptor '/home/tuaydin/Desktop/ros2_ws/install/my_cpp_pkg/share/my_cpp_pkg/hook/cmake_prefix_path.dsv'
[1.163s] INFO:colcon.colcon_core.shell:Creating environment hook '/home/tuaydin/Desktop/ros2_ws/install/my_cpp_pkg/share/my_cpp_pkg/hook/cmake_prefix_path.sh'
[1.164s] Level 1:colcon.colcon_core.environment:checking '/home/tuaydin/Desktop/ros2_ws/install/my_cpp_pkg/lib'
[1.164s] Level 1:colcon.colcon_core.environment:checking '/home/tuaydin/Desktop/ros2_ws/install/my_cpp_pkg/bin'
[1.164s] Level 1:colcon.colcon_core.environment:checking '/home/tuaydin/Desktop/ros2_ws/install/my_cpp_pkg/lib/pkgconfig/my_cpp_pkg.pc'
[1.165s] Level 1:colcon.colcon_core.environment:checking '/home/tuaydin/Desktop/ros2_ws/install/my_cpp_pkg/lib/python3.12/site-packages'
[1.165s] Level 1:colcon.colcon_core.environment:checking '/home/tuaydin/Desktop/ros2_ws/install/my_cpp_pkg/bin'
[1.165s] INFO:colcon.colcon_core.shell:Creating package script '/home/tuaydin/Desktop/ros2_ws/install/my_cpp_pkg/share/my_cpp_pkg/package.ps1'
[1.166s] INFO:colcon.colcon_core.shell:Creating package descriptor '/home/tuaydin/Desktop/ros2_ws/install/my_cpp_pkg/share/my_cpp_pkg/package.dsv'
[1.167s] INFO:colcon.colcon_core.shell:Creating package script '/home/tuaydin/Desktop/ros2_ws/install/my_cpp_pkg/share/my_cpp_pkg/package.sh'
[1.168s] INFO:colcon.colcon_core.shell:Creating package script '/home/tuaydin/Desktop/ros2_ws/install/my_cpp_pkg/share/my_cpp_pkg/package.bash'
[1.169s] INFO:colcon.colcon_core.shell:Creating package script '/home/tuaydin/Desktop/ros2_ws/install/my_cpp_pkg/share/my_cpp_pkg/package.zsh'
[1.170s] Level 1:colcon.colcon_core.environment:create_file_with_runtime_dependencies(/home/tuaydin/Desktop/ros2_ws/install/my_cpp_pkg/share/colcon-core/packages/my_cpp_pkg)
[2.457s] DEBUG:colcon.colcon_core.event_handler.log_command:Invoking command in '/home/tuaydin/Desktop/ros2_ws/src/my_py_pkg': PYTHONPATH=/home/tuaydin/Desktop/ros2_ws/build/my_py_pkg/prefix_override:/usr/lib/python3/dist-packages/colcon_core/task/python/colcon_distutils_commands:/home/tuaydin/Desktop/ros2_ws/install/my_py_pkg/lib/python3.12/site-packages:${PYTHONPATH} /usr/bin/python3 -W ignore:setup.py install is deprecated -W ignore:easy_install command is deprecated setup.py egg_info --egg-base ../../build/my_py_pkg build --build-base /home/tuaydin/Desktop/ros2_ws/build/my_py_pkg/build install --record /home/tuaydin/Desktop/ros2_ws/build/my_py_pkg/install.log --single-version-externally-managed install_data
[3.711s] Level 1:colcon.colcon_core.environment:checking '/home/tuaydin/Desktop/ros2_ws/install/my_py_pkg' for CMake module files
[3.712s] DEBUG:colcon.colcon_core.event_handler.log_command:Invoked command in '/home/tuaydin/Desktop/ros2_ws/src/my_py_pkg' returned '0': PYTHONPATH=/home/tuaydin/Desktop/ros2_ws/build/my_py_pkg/prefix_override:/usr/lib/python3/dist-packages/colcon_core/task/python/colcon_distutils_commands:/home/tuaydin/Desktop/ros2_ws/install/my_py_pkg/lib/python3.12/site-packages:${PYTHONPATH} /usr/bin/python3 -W ignore:setup.py install is deprecated -W ignore:easy_install command is deprecated setup.py egg_info --egg-base ../../build/my_py_pkg build --build-base /home/tuaydin/Desktop/ros2_ws/build/my_py_pkg/build install --record /home/tuaydin/Desktop/ros2_ws/build/my_py_pkg/install.log --single-version-externally-managed install_data
[3.713s] Level 1:colcon.colcon_core.environment:checking '/home/tuaydin/Desktop/ros2_ws/install/my_py_pkg' for CMake config files
[3.714s] Level 1:colcon.colcon_core.environment:checking '/home/tuaydin/Desktop/ros2_ws/install/my_py_pkg/lib'
[3.714s] Level 1:colcon.colcon_core.environment:checking '/home/tuaydin/Desktop/ros2_ws/install/my_py_pkg/bin'
[3.715s] Level 1:colcon.colcon_core.environment:checking '/home/tuaydin/Desktop/ros2_ws/install/my_py_pkg/lib/pkgconfig/my_py_pkg.pc'
[3.715s] Level 1:colcon.colcon_core.environment:checking '/home/tuaydin/Desktop/ros2_ws/install/my_py_pkg/lib/python3.12/site-packages'
[3.715s] Level 1:colcon.colcon_core.shell:create_environment_hook('my_py_pkg', 'pythonpath')
[3.716s] INFO:colcon.colcon_core.shell:Creating environment hook '/home/tuaydin/Desktop/ros2_ws/install/my_py_pkg/share/my_py_pkg/hook/pythonpath.ps1'
[3.717s] INFO:colcon.colcon_core.shell:Creating environment descriptor '/home/tuaydin/Desktop/ros2_ws/install/my_py_pkg/share/my_py_pkg/hook/pythonpath.dsv'
[3.717s] INFO:colcon.colcon_core.shell:Creating environment hook '/home/tuaydin/Desktop/ros2_ws/install/my_py_pkg/share/my_py_pkg/hook/pythonpath.sh'
[3.719s] Level 1:colcon.colcon_core.environment:checking '/home/tuaydin/Desktop/ros2_ws/install/my_py_pkg/bin'
[3.719s] Level 1:colcon.colcon_core.environment:create_environment_scripts_only(my_py_pkg)
[3.719s] INFO:colcon.colcon_core.shell:Creating package script '/home/tuaydin/Desktop/ros2_ws/install/my_py_pkg/share/my_py_pkg/package.ps1'
[3.720s] INFO:colcon.colcon_core.shell:Creating package descriptor '/home/tuaydin/Desktop/ros2_ws/install/my_py_pkg/share/my_py_pkg/package.dsv'
[3.721s] INFO:colcon.colcon_core.shell:Creating package script '/home/tuaydin/Desktop/ros2_ws/install/my_py_pkg/share/my_py_pkg/package.sh'
[3.722s] INFO:colcon.colcon_core.shell:Creating package script '/home/tuaydin/Desktop/ros2_ws/install/my_py_pkg/share/my_py_pkg/package.bash'
[3.723s] INFO:colcon.colcon_core.shell:Creating package script '/home/tuaydin/Desktop/ros2_ws/install/my_py_pkg/share/my_py_pkg/package.zsh'
[3.724s] Level 1:colcon.colcon_core.environment:create_file_with_runtime_dependencies(/home/tuaydin/Desktop/ros2_ws/install/my_py_pkg/share/colcon-core/packages/my_py_pkg)
[3.724s] INFO:colcon.colcon_ros.task.ament_cmake.build:Building ROS package in '/home/tuaydin/Desktop/ros2_ws/src/my_robot_bringup' with build type 'ament_cmake'
[3.725s] INFO:colcon.colcon_cmake.task.cmake.build:Building CMake package in '/home/tuaydin/Desktop/ros2_ws/src/my_robot_bringup'
[3.725s] INFO:colcon.colcon_core.shell:Skip shell extension 'powershell' for command environment: Not usable outside of PowerShell
[3.725s] DEBUG:colcon.colcon_core.shell:Skip shell extension 'dsv' for command environment
[3.739s] DEBUG:colcon.colcon_core.event_handler.log_command:Invoking command in '/home/tuaydin/Desktop/ros2_ws/build/my_robot_bringup': AMENT_PREFIX_PATH=/home/tuaydin/Desktop/ros2_ws/install/my_py_pkg:/home/tuaydin/Desktop/ros2_ws/install/my_robot_bringup:/home/tuaydin/Desktop/ros2_ws/install/my_cpp_pkg:/opt/ros/jazzy CMAKE_PREFIX_PATH=/home/tuaydin/Desktop/ros2_ws/install/my_cpp_pkg:/home/tuaydin/Desktop/ros2_ws/install/my_robot_bringup:/opt/ros/jazzy/opt/gz_math_vendor:/opt/ros/jazzy/opt/gz_utils_vendor:/opt/ros/jazzy/opt/gz_cmake_vendor:/home/tuaydin/Desktop/ros2_ws/install/my_py_pkg:/opt/ros/jazzy /usr/bin/cmake --build /home/tuaydin/Desktop/ros2_ws/build/my_robot_bringup -- -j16 -l16
[3.808s] DEBUG:colcon.colcon_core.event_handler.log_command:Invoked command in '/home/tuaydin/Desktop/ros2_ws/build/my_robot_bringup' returned '0': AMENT_PREFIX_PATH=/home/tuaydin/Desktop/ros2_ws/install/my_py_pkg:/home/tuaydin/Desktop/ros2_ws/install/my_robot_bringup:/home/tuaydin/Desktop/ros2_ws/install/my_cpp_pkg:/opt/ros/jazzy CMAKE_PREFIX_PATH=/home/tuaydin/Desktop/ros2_ws/install/my_cpp_pkg:/home/tuaydin/Desktop/ros2_ws/install/my_robot_bringup:/opt/ros/jazzy/opt/gz_math_vendor:/opt/ros/jazzy/opt/gz_utils_vendor:/opt/ros/jazzy/opt/gz_cmake_vendor:/home/tuaydin/Desktop/ros2_ws/install/my_py_pkg:/opt/ros/jazzy /usr/bin/cmake --build /home/tuaydin/Desktop/ros2_ws/build/my_robot_bringup -- -j16 -l16
[3.810s] DEBUG:colcon.colcon_core.event_handler.log_command:Invoking command in '/home/tuaydin/Desktop/ros2_ws/build/my_robot_bringup': AMENT_PREFIX_PATH=/home/tuaydin/Desktop/ros2_ws/install/my_py_pkg:/home/tuaydin/Desktop/ros2_ws/install/my_robot_bringup:/home/tuaydin/Desktop/ros2_ws/install/my_cpp_pkg:/opt/ros/jazzy CMAKE_PREFIX_PATH=/home/tuaydin/Desktop/ros2_ws/install/my_cpp_pkg:/home/tuaydin/Desktop/ros2_ws/install/my_robot_bringup:/opt/ros/jazzy/opt/gz_math_vendor:/opt/ros/jazzy/opt/gz_utils_vendor:/opt/ros/jazzy/opt/gz_cmake_vendor:/home/tuaydin/Desktop/ros2_ws/install/my_py_pkg:/opt/ros/jazzy /usr/bin/cmake --install /home/tuaydin/Desktop/ros2_ws/build/my_robot_bringup
[3.834s] Level 1:colcon.colcon_core.environment:create_environment_scripts_only(my_robot_bringup)
[3.834s] DEBUG:colcon.colcon_core.event_handler.log_command:Invoked command in '/home/tuaydin/Desktop/ros2_ws/build/my_robot_bringup' returned '0': AMENT_PREFIX_PATH=/home/tuaydin/Desktop/ros2_ws/install/my_py_pkg:/home/tuaydin/Desktop/ros2_ws/install/my_robot_bringup:/home/tuaydin/Desktop/ros2_ws/install/my_cpp_pkg:/opt/ros/jazzy CMAKE_PREFIX_PATH=/home/tuaydin/Desktop/ros2_ws/install/my_cpp_pkg:/home/tuaydin/Desktop/ros2_ws/install/my_robot_bringup:/opt/ros/jazzy/opt/gz_math_vendor:/opt/ros/jazzy/opt/gz_utils_vendor:/opt/ros/jazzy/opt/gz_cmake_vendor:/home/tuaydin/Desktop/ros2_ws/install/my_py_pkg:/opt/ros/jazzy /usr/bin/cmake --install /home/tuaydin/Desktop/ros2_ws/build/my_robot_bringup
[3.835s] Level 1:colcon.colcon_core.environment:checking '/home/tuaydin/Desktop/ros2_ws/install/my_robot_bringup' for CMake module files
[3.836s] Level 1:colcon.colcon_core.environment:checking '/home/tuaydin/Desktop/ros2_ws/install/my_robot_bringup' for CMake config files
[3.837s] Level 1:colcon.colcon_core.shell:create_environment_hook('my_robot_bringup', 'cmake_prefix_path')
[3.837s] INFO:colcon.colcon_core.shell:Creating environment hook '/home/tuaydin/Desktop/ros2_ws/install/my_robot_bringup/share/my_robot_bringup/hook/cmake_prefix_path.ps1'
[3.838s] INFO:colcon.colcon_core.shell:Creating environment descriptor '/home/tuaydin/Desktop/ros2_ws/install/my_robot_bringup/share/my_robot_bringup/hook/cmake_prefix_path.dsv'
[3.838s] INFO:colcon.colcon_core.shell:Creating environment hook '/home/tuaydin/Desktop/ros2_ws/install/my_robot_bringup/share/my_robot_bringup/hook/cmake_prefix_path.sh'
[3.839s] Level 1:colcon.colcon_core.environment:checking '/home/tuaydin/Desktop/ros2_ws/install/my_robot_bringup/bin'
[3.839s] Level 1:colcon.colcon_core.environment:checking '/home/tuaydin/Desktop/ros2_ws/install/my_robot_bringup/lib/pkgconfig/my_robot_bringup.pc'
[3.839s] Level 1:colcon.colcon_core.environment:checking '/home/tuaydin/Desktop/ros2_ws/install/my_robot_bringup/lib/python3.12/site-packages'
[3.840s] Level 1:colcon.colcon_core.environment:checking '/home/tuaydin/Desktop/ros2_ws/install/my_robot_bringup/bin'
[3.840s] INFO:colcon.colcon_core.shell:Creating package script '/home/tuaydin/Desktop/ros2_ws/install/my_robot_bringup/share/my_robot_bringup/package.ps1'
[3.841s] INFO:colcon.colcon_core.shell:Creating package descriptor '/home/tuaydin/Desktop/ros2_ws/install/my_robot_bringup/share/my_robot_bringup/package.dsv'
[3.841s] INFO:colcon.colcon_core.shell:Creating package script '/home/tuaydin/Desktop/ros2_ws/install/my_robot_bringup/share/my_robot_bringup/package.sh'
[3.842s] INFO:colcon.colcon_core.shell:Creating package script '/home/tuaydin/Desktop/ros2_ws/install/my_robot_bringup/share/my_robot_bringup/package.bash'
[3.842s] INFO:colcon.colcon_core.shell:Creating package script '/home/tuaydin/Desktop/ros2_ws/install/my_robot_bringup/share/my_robot_bringup/package.zsh'
[3.843s] Level 1:colcon.colcon_core.environment:create_file_with_runtime_dependencies(/home/tuaydin/Desktop/ros2_ws/install/my_robot_bringup/share/colcon-core/packages/my_robot_bringup)
[3.844s] Level 1:colcon.colcon_core.environment:create_environment_scripts_only(my_robot_bringup)
[3.844s] Level 1:colcon.colcon_core.environment:checking '/home/tuaydin/Desktop/ros2_ws/install/my_robot_bringup' for CMake module files
[3.845s] Level 1:colcon.colcon_core.environment:checking '/home/tuaydin/Desktop/ros2_ws/install/my_robot_bringup' for CMake config files
[3.845s] Level 1:colcon.colcon_core.shell:create_environment_hook('my_robot_bringup', 'cmake_prefix_path')
[3.845s] INFO:colcon.colcon_core.shell:Creating environment hook '/home/tuaydin/Desktop/ros2_ws/install/my_robot_bringup/share/my_robot_bringup/hook/cmake_prefix_path.ps1'
[3.846s] INFO:colcon.colcon_core.shell:Creating environment descriptor '/home/tuaydin/Desktop/ros2_ws/install/my_robot_bringup/share/my_robot_bringup/hook/cmake_prefix_path.dsv'
[3.847s] INFO:colcon.colcon_core.shell:Creating environment hook '/home/tuaydin/Desktop/ros2_ws/install/my_robot_bringup/share/my_robot_bringup/hook/cmake_prefix_path.sh'
[3.847s] Level 1:colcon.colcon_core.environment:checking '/home/tuaydin/Desktop/ros2_ws/install/my_robot_bringup/bin'
[3.847s] Level 1:colcon.colcon_core.environment:checking '/home/tuaydin/Desktop/ros2_ws/install/my_robot_bringup/lib/pkgconfig/my_robot_bringup.pc'
[3.848s] Level 1:colcon.colcon_core.environment:checking '/home/tuaydin/Desktop/ros2_ws/install/my_robot_bringup/lib/python3.12/site-packages'
[3.849s] Level 1:colcon.colcon_core.environment:checking '/home/tuaydin/Desktop/ros2_ws/install/my_robot_bringup/bin'
[3.849s] INFO:colcon.colcon_core.shell:Creating package script '/home/tuaydin/Desktop/ros2_ws/install/my_robot_bringup/share/my_robot_bringup/package.ps1'
[3.850s] INFO:colcon.colcon_core.shell:Creating package descriptor '/home/tuaydin/Desktop/ros2_ws/install/my_robot_bringup/share/my_robot_bringup/package.dsv'
[3.851s] INFO:colcon.colcon_core.shell:Creating package script '/home/tuaydin/Desktop/ros2_ws/install/my_robot_bringup/share/my_robot_bringup/package.sh'
[3.852s] INFO:colcon.colcon_core.shell:Creating package script '/home/tuaydin/Desktop/ros2_ws/install/my_robot_bringup/share/my_robot_bringup/package.bash'
[3.853s] INFO:colcon.colcon_core.shell:Creating package script '/home/tuaydin/Desktop/ros2_ws/install/my_robot_bringup/share/my_robot_bringup/package.zsh'
[3.854s] Level 1:colcon.colcon_core.environment:create_file_with_runtime_dependencies(/home/tuaydin/Desktop/ros2_ws/install/my_robot_bringup/share/colcon-core/packages/my_robot_bringup)
[7.839s] DEBUG:colcon.colcon_core.event_handler.log_command:Invoked command in '/home/tuaydin/Desktop/ros2_ws/build/my_robot_interfaces' returned '0': CMAKE_PREFIX_PATH=${CMAKE_PREFIX_PATH}:/home/tuaydin/Desktop/ros2_ws/install/my_py_pkg:/opt/ros/jazzy /usr/bin/cmake /home/tuaydin/Desktop/ros2_ws/src/my_robot_interfaces -DCMAKE_INSTALL_PREFIX=/home/tuaydin/Desktop/ros2_ws/install/my_robot_interfaces
[7.841s] DEBUG:colcon.colcon_core.event_handler.log_command:Invoking command in '/home/tuaydin/Desktop/ros2_ws/build/my_robot_interfaces': CMAKE_PREFIX_PATH=${CMAKE_PREFIX_PATH}:/home/tuaydin/Desktop/ros2_ws/install/my_py_pkg:/opt/ros/jazzy /usr/bin/cmake --build /home/tuaydin/Desktop/ros2_ws/build/my_robot_interfaces -- -j16 -l16
[11.361s] DEBUG:colcon.colcon_core.event_handler.log_command:Invoked command in '/home/tuaydin/Desktop/ros2_ws/build/my_robot_interfaces' returned '0': CMAKE_PREFIX_PATH=${CMAKE_PREFIX_PATH}:/home/tuaydin/Desktop/ros2_ws/install/my_py_pkg:/opt/ros/jazzy /usr/bin/cmake --build /home/tuaydin/Desktop/ros2_ws/build/my_robot_interfaces -- -j16 -l16
[11.362s] DEBUG:colcon.colcon_core.event_handler.log_command:Invoking command in '/home/tuaydin/Desktop/ros2_ws/build/my_robot_interfaces': CMAKE_PREFIX_PATH=${CMAKE_PREFIX_PATH}:/home/tuaydin/Desktop/ros2_ws/install/my_py_pkg:/opt/ros/jazzy /usr/bin/cmake --install /home/tuaydin/Desktop/ros2_ws/build/my_robot_interfaces
[11.441s] Level 1:colcon.colcon_core.environment:create_environment_scripts_only(my_robot_interfaces)
[11.441s] Level 1:colcon.colcon_core.environment:checking '/home/tuaydin/Desktop/ros2_ws/install/my_robot_interfaces' for CMake module files
[11.442s] DEBUG:colcon.colcon_core.event_handler.log_command:Invoked command in '/home/tuaydin/Desktop/ros2_ws/build/my_robot_interfaces' returned '0': CMAKE_PREFIX_PATH=${CMAKE_PREFIX_PATH}:/home/tuaydin/Desktop/ros2_ws/install/my_py_pkg:/opt/ros/jazzy /usr/bin/cmake --install /home/tuaydin/Desktop/ros2_ws/build/my_robot_interfaces
[11.442s] Level 1:colcon.colcon_core.environment:checking '/home/tuaydin/Desktop/ros2_ws/install/my_robot_interfaces' for CMake config files
[11.443s] Level 1:colcon.colcon_core.shell:create_environment_hook('my_robot_interfaces', 'cmake_prefix_path')
[11.443s] INFO:colcon.colcon_core.shell:Creating environment hook '/home/tuaydin/Desktop/ros2_ws/install/my_robot_interfaces/share/my_robot_interfaces/hook/cmake_prefix_path.ps1'
[11.443s] INFO:colcon.colcon_core.shell:Creating environment descriptor '/home/tuaydin/Desktop/ros2_ws/install/my_robot_interfaces/share/my_robot_interfaces/hook/cmake_prefix_path.dsv'
[11.444s] INFO:colcon.colcon_core.shell:Creating environment hook '/home/tuaydin/Desktop/ros2_ws/install/my_robot_interfaces/share/my_robot_interfaces/hook/cmake_prefix_path.sh'
[11.444s] Level 1:colcon.colcon_core.environment:checking '/home/tuaydin/Desktop/ros2_ws/install/my_robot_interfaces/lib'
[11.444s] Level 1:colcon.colcon_core.shell:create_environment_hook('my_robot_interfaces', 'ld_library_path_lib')
[11.445s] INFO:colcon.colcon_core.shell:Creating environment hook '/home/tuaydin/Desktop/ros2_ws/install/my_robot_interfaces/share/my_robot_interfaces/hook/ld_library_path_lib.ps1'
[11.445s] INFO:colcon.colcon_core.shell:Creating environment descriptor '/home/tuaydin/Desktop/ros2_ws/install/my_robot_interfaces/share/my_robot_interfaces/hook/ld_library_path_lib.dsv'
[11.445s] INFO:colcon.colcon_core.shell:Creating environment hook '/home/tuaydin/Desktop/ros2_ws/install/my_robot_interfaces/share/my_robot_interfaces/hook/ld_library_path_lib.sh'
[11.445s] Level 1:colcon.colcon_core.environment:checking '/home/tuaydin/Desktop/ros2_ws/install/my_robot_interfaces/bin'
[11.445s] Level 1:colcon.colcon_core.environment:checking '/home/tuaydin/Desktop/ros2_ws/install/my_robot_interfaces/lib/pkgconfig/my_robot_interfaces.pc'
[11.446s] Level 1:colcon.colcon_core.environment:checking '/home/tuaydin/Desktop/ros2_ws/install/my_robot_interfaces/lib/python3.12/site-packages'
[11.446s] Level 1:colcon.colcon_core.shell:create_environment_hook('my_robot_interfaces', 'pythonpath')
[11.446s] INFO:colcon.colcon_core.shell:Creating environment hook '/home/tuaydin/Desktop/ros2_ws/install/my_robot_interfaces/share/my_robot_interfaces/hook/pythonpath.ps1'
[11.446s] INFO:colcon.colcon_core.shell:Creating environment descriptor '/home/tuaydin/Desktop/ros2_ws/install/my_robot_interfaces/share/my_robot_interfaces/hook/pythonpath.dsv'
[11.446s] INFO:colcon.colcon_core.shell:Creating environment hook '/home/tuaydin/Desktop/ros2_ws/install/my_robot_interfaces/share/my_robot_interfaces/hook/pythonpath.sh'
[11.447s] Level 1:colcon.colcon_core.environment:checking '/home/tuaydin/Desktop/ros2_ws/install/my_robot_interfaces/bin'
[11.447s] INFO:colcon.colcon_core.shell:Creating package script '/home/tuaydin/Desktop/ros2_ws/install/my_robot_interfaces/share/my_robot_interfaces/package.ps1'
[11.447s] INFO:colcon.colcon_core.shell:Creating package descriptor '/home/tuaydin/Desktop/ros2_ws/install/my_robot_interfaces/share/my_robot_interfaces/package.dsv'
[11.448s] INFO:colcon.colcon_core.shell:Creating package script '/home/tuaydin/Desktop/ros2_ws/install/my_robot_interfaces/share/my_robot_interfaces/package.sh'
[11.448s] INFO:colcon.colcon_core.shell:Creating package script '/home/tuaydin/Desktop/ros2_ws/install/my_robot_interfaces/share/my_robot_interfaces/package.bash'
[11.449s] INFO:colcon.colcon_core.shell:Creating package script '/home/tuaydin/Desktop/ros2_ws/install/my_robot_interfaces/share/my_robot_interfaces/package.zsh'
[11.449s] Level 1:colcon.colcon_core.environment:create_file_with_runtime_dependencies(/home/tuaydin/Desktop/ros2_ws/install/my_robot_interfaces/share/colcon-core/packages/my_robot_interfaces)
[11.449s] Level 1:colcon.colcon_core.environment:create_environment_scripts_only(my_robot_interfaces)
[11.450s] Level 1:colcon.colcon_core.environment:checking '/home/tuaydin/Desktop/ros2_ws/install/my_robot_interfaces' for CMake module files
[11.450s] Level 1:colcon.colcon_core.environment:checking '/home/tuaydin/Desktop/ros2_ws/install/my_robot_interfaces' for CMake config files
[11.451s] Level 1:colcon.colcon_core.shell:create_environment_hook('my_robot_interfaces', 'cmake_prefix_path')
[11.451s] INFO:colcon.colcon_core.shell:Creating environment hook '/home/tuaydin/Desktop/ros2_ws/install/my_robot_interfaces/share/my_robot_interfaces/hook/cmake_prefix_path.ps1'
[11.451s] INFO:colcon.colcon_core.shell:Creating environment descriptor '/home/tuaydin/Desktop/ros2_ws/install/my_robot_interfaces/share/my_robot_interfaces/hook/cmake_prefix_path.dsv'
[11.452s] INFO:colcon.colcon_core.shell:Creating environment hook '/home/tuaydin/Desktop/ros2_ws/install/my_robot_interfaces/share/my_robot_interfaces/hook/cmake_prefix_path.sh'
[11.452s] Level 1:colcon.colcon_core.environment:checking '/home/tuaydin/Desktop/ros2_ws/install/my_robot_interfaces/lib'
[11.452s] Level 1:colcon.colcon_core.shell:create_environment_hook('my_robot_interfaces', 'ld_library_path_lib')
[11.453s] INFO:colcon.colcon_core.shell:Creating environment hook '/home/tuaydin/Desktop/ros2_ws/install/my_robot_interfaces/share/my_robot_interfaces/hook/ld_library_path_lib.ps1'
[11.453s] INFO:colcon.colcon_core.shell:Creating environment descriptor '/home/tuaydin/Desktop/ros2_ws/install/my_robot_interfaces/share/my_robot_interfaces/hook/ld_library_path_lib.dsv'
[11.453s] INFO:colcon.colcon_core.shell:Creating environment hook '/home/tuaydin/Desktop/ros2_ws/install/my_robot_interfaces/share/my_robot_interfaces/hook/ld_library_path_lib.sh'
[11.454s] Level 1:colcon.colcon_core.environment:checking '/home/tuaydin/Desktop/ros2_ws/install/my_robot_interfaces/bin'
[11.454s] Level 1:colcon.colcon_core.environment:checking '/home/tuaydin/Desktop/ros2_ws/install/my_robot_interfaces/lib/pkgconfig/my_robot_interfaces.pc'
[11.454s] Level 1:colcon.colcon_core.environment:checking '/home/tuaydin/Desktop/ros2_ws/install/my_robot_interfaces/lib/python3.12/site-packages'
[11.454s] Level 1:colcon.colcon_core.shell:create_environment_hook('my_robot_interfaces', 'pythonpath')
[11.454s] INFO:colcon.colcon_core.shell:Creating environment hook '/home/tuaydin/Desktop/ros2_ws/install/my_robot_interfaces/share/my_robot_interfaces/hook/pythonpath.ps1'
[11.454s] INFO:colcon.colcon_core.shell:Creating environment descriptor '/home/tuaydin/Desktop/ros2_ws/install/my_robot_interfaces/share/my_robot_interfaces/hook/pythonpath.dsv'
[11.455s] INFO:colcon.colcon_core.shell:Creating environment hook '/home/tuaydin/Desktop/ros2_ws/install/my_robot_interfaces/share/my_robot_interfaces/hook/pythonpath.sh'
[11.455s] Level 1:colcon.colcon_core.environment:checking '/home/tuaydin/Desktop/ros2_ws/install/my_robot_interfaces/bin'
[11.455s] INFO:colcon.colcon_core.shell:Creating package script '/home/tuaydin/Desktop/ros2_ws/install/my_robot_interfaces/share/my_robot_interfaces/package.ps1'
[11.456s] INFO:colcon.colcon_core.shell:Creating package descriptor '/home/tuaydin/Desktop/ros2_ws/install/my_robot_interfaces/share/my_robot_interfaces/package.dsv'
[11.456s] INFO:colcon.colcon_core.shell:Creating package script '/home/tuaydin/Desktop/ros2_ws/install/my_robot_interfaces/share/my_robot_interfaces/package.sh'
[11.457s] INFO:colcon.colcon_core.shell:Creating package script '/home/tuaydin/Desktop/ros2_ws/install/my_robot_interfaces/share/my_robot_interfaces/package.bash'
[11.457s] INFO:colcon.colcon_core.shell:Creating package script '/home/tuaydin/Desktop/ros2_ws/install/my_robot_interfaces/share/my_robot_interfaces/package.zsh'
[11.458s] Level 1:colcon.colcon_core.environment:create_file_with_runtime_dependencies(/home/tuaydin/Desktop/ros2_ws/install/my_robot_interfaces/share/colcon-core/packages/my_robot_interfaces)
[11.458s] DEBUG:colcon.colcon_parallel_executor.executor.parallel:closing loop
[11.458s] DEBUG:colcon.colcon_parallel_executor.executor.parallel:loop closed
[11.458s] DEBUG:colcon.colcon_parallel_executor.executor.parallel:run_until_complete finished with '0'
[11.458s] DEBUG:colcon.colcon_core.event_reactor:joining thread
[11.463s] INFO:colcon.colcon_core.plugin_system:Skipping extension 'colcon_notification.desktop_notification.terminal_notifier': Not used on non-Darwin systems
[11.463s] INFO:colcon.colcon_core.plugin_system:Skipping extension 'colcon_notification.desktop_notification.win32': Not used on non-Windows systems
[11.463s] INFO:colcon.colcon_notification.desktop_notification:Sending desktop notification using 'notify2'
[11.476s] DEBUG:colcon.colcon_core.event_reactor:joined thread
[11.476s] INFO:colcon.colcon_core.shell:Creating prefix script '/home/tuaydin/Desktop/ros2_ws/install/local_setup.ps1'
[11.477s] INFO:colcon.colcon_core.shell:Creating prefix util module '/home/tuaydin/Desktop/ros2_ws/install/_local_setup_util_ps1.py'
[11.479s] INFO:colcon.colcon_core.shell:Creating prefix chain script '/home/tuaydin/Desktop/ros2_ws/install/setup.ps1'
[11.480s] INFO:colcon.colcon_core.shell:Creating prefix script '/home/tuaydin/Desktop/ros2_ws/install/local_setup.sh'
[11.480s] INFO:colcon.colcon_core.shell:Creating prefix util module '/home/tuaydin/Desktop/ros2_ws/install/_local_setup_util_sh.py'
[11.481s] INFO:colcon.colcon_core.shell:Creating prefix chain script '/home/tuaydin/Desktop/ros2_ws/install/setup.sh'
[11.482s] INFO:colcon.colcon_core.shell:Creating prefix script '/home/tuaydin/Desktop/ros2_ws/install/local_setup.bash'
[11.482s] INFO:colcon.colcon_core.shell:Creating prefix chain script '/home/tuaydin/Desktop/ros2_ws/install/setup.bash'
[11.483s] INFO:colcon.colcon_core.shell:Creating prefix script '/home/tuaydin/Desktop/ros2_ws/install/local_setup.zsh'
[11.483s] INFO:colcon.colcon_core.shell:Creating prefix chain script '/home/tuaydin/Desktop/ros2_ws/install/setup.zsh'
