In file included from [01m[K/opt/ros/jazzy/include/rclcpp/rclcpp/logging.hpp:24[m[K,
                 from [01m[K/opt/ros/jazzy/include/rclcpp/rclcpp/copy_all_parameter_values.hpp:27[m[K,
                 from [01m[K/opt/ros/jazzy/include/rclcpp/rclcpp/rclcpp.hpp:171[m[K,
                 from [01m[K/home/tuaydin/ros2_ws/src/my_cpp_pkg/src/add_two_ints_client.cpp:1[m[K:
[01m[K/home/tuaydin/ros2_ws/src/my_cpp_pkg/src/add_two_ints_client.cpp:[m[K In member function ‘[01m[Kvoid AddTwoIntsClientNode::[01;32m[KcallAddTwoIntsService[m[K(int, int)[m[K’:
[01m[K/home/tuaydin/ros2_ws/src/my_cpp_pkg/src/add_two_ints_client.cpp:26:57:[m[K [01;35m[Kwarning: [m[Kformat ‘[01m[K%ld[m[K’ expects argument of type ‘[01m[Klong int[m[K’, but argument 5 has type ‘[01m[Kint[m[K’ [[01;35m[K]8;;https://gcc.gnu.org/onlinedocs/gcc/Warning-Options.html#index-Wformat=-Wformat=]8;;[m[K]
   26 |                         RCLCPP_INFO(this->get_logger(), [01;35m[K"%ld + %ld = %ld"[m[K, [32m[Ka[m[K, b, response->sum);
      |                                                         [01;35m[K^~~~~~~~~~~~~~~~~[m[K  [32m[K~[m[K
      |                                                                            [32m[K|[m[K
      |                                                                            [32m[Kint[m[K
[01m[K/home/tuaydin/ros2_ws/src/my_cpp_pkg/src/add_two_ints_client.cpp:26:60:[m[K [01;36m[Knote: [m[Kformat string is defined here
   26 |                         RCLCPP_INFO(this->get_logger(), "[01;36m[K%ld[m[K + %ld = %ld", a, b, response->sum);
      |                                                          [01;36m[K~~^[m[K
      |                                                            [01;36m[K|[m[K
      |                                                            [01;36m[Klong int[m[K
      |                                                          [32m[K%d[m[K
[01m[K/home/tuaydin/ros2_ws/src/my_cpp_pkg/src/add_two_ints_client.cpp:26:57:[m[K [01;35m[Kwarning: [m[Kformat ‘[01m[K%ld[m[K’ expects argument of type ‘[01m[Klong int[m[K’, but argument 6 has type ‘[01m[Kint[m[K’ [[01;35m[K]8;;https://gcc.gnu.org/onlinedocs/gcc/Warning-Options.html#index-Wformat=-Wformat=]8;;[m[K]
   26 |                         RCLCPP_INFO(this->get_logger(), [01;35m[K"%ld + %ld = %ld"[m[K, a, [32m[Kb[m[K, response->sum);
      |                                                         [01;35m[K^~~~~~~~~~~~~~~~~[m[K     [32m[K~[m[K
      |                                                                               [32m[K|[m[K
      |                                                                               [32m[Kint[m[K
[01m[K/home/tuaydin/ros2_ws/src/my_cpp_pkg/src/add_two_ints_client.cpp:26:66:[m[K [01;36m[Knote: [m[Kformat string is defined here
   26 |                         RCLCPP_INFO(this->get_logger(), "%ld + [01;36m[K%ld[m[K = %ld", a, b, response->sum);
      |                                                                [01;36m[K~~^[m[K
      |                                                                  [01;36m[K|[m[K
      |                                                                  [01;36m[Klong int[m[K
      |                                                                [32m[K%d[m[K
