[0.019s] Invoking command in '/home/tuaydin/Desktop/ros2_ws/src/my_robot_interfaces/build/my_robot_interfaces': CMAKE_PREFIX_PATH=${CMAKE_PREFIX_PATH}:/opt/ros/jazzy /usr/bin/cmake /home/tuaydin/Desktop/ros2_ws/src/my_robot_interfaces -DCMAKE_INSTALL_PREFIX=/home/tuaydin/Desktop/ros2_ws/src/my_robot_interfaces/install/my_robot_interfaces
[0.139s] -- The C compiler identification is GNU 13.3.0
[0.262s] -- The CXX compiler identification is GNU 13.3.0
[0.301s] -- Detecting C compiler ABI info
[0.506s] -- Detecting C compiler ABI info - done
[0.529s] -- Check for working C compiler: /usr/bin/cc - skipped
[0.529s] -- Detecting C compile features
[0.531s] -- Detecting C compile features - done
[0.550s] -- Detecting CXX compiler ABI info
[0.773s] -- Detecting CXX compiler ABI info - done
[0.797s] -- Check for working CXX compiler: /usr/bin/c++ - skipped
[0.798s] -- Detecting CXX compile features
[0.799s] -- Detecting CXX compile features - done
[0.806s] -- Found ament_cmake: 2.5.3 (/opt/ros/jazzy/share/ament_cmake/cmake)
[1.128s] -- Found Python3: /usr/bin/python3 (found version "3.12.3") found components: Interpreter 
[1.359s] -- Found rosidl_default_generators: 1.6.0 (/opt/ros/jazzy/share/rosidl_default_generators/cmake)
[1.371s] -- Using all available rosidl_typesupport_c: rosidl_typesupport_fastrtps_c;rosidl_typesupport_introspection_c
[1.488s] -- Using all available rosidl_typesupport_cpp: rosidl_typesupport_fastrtps_cpp;rosidl_typesupport_introspection_cpp
[1.584s] -- Found rosidl_adapter: 4.6.5 (/opt/ros/jazzy/share/rosidl_adapter/cmake)
[2.855s] -- Found ament_cmake_ros: 0.12.0 (/opt/ros/jazzy/share/ament_cmake_ros/cmake)
[3.799s] -- Using all available rosidl_typesupport_c: rosidl_typesupport_fastrtps_c;rosidl_typesupport_introspection_c
[5.041s] -- Using all available rosidl_typesupport_cpp: rosidl_typesupport_fastrtps_cpp;rosidl_typesupport_introspection_cpp
[5.047s] -- Found python_cmake_module: 0.11.1 (/opt/ros/jazzy/share/python_cmake_module/cmake)
[5.350s] -- Found PythonExtra: /usr/bin/python3  
[6.317s] -- Found Python3: /usr/bin/python3 (found version "3.12.3") found components: Interpreter Development NumPy Development.Module Development.Embed 
[6.406s] -- Configuring done (6.4s)
[6.488s] -- Generating done (0.1s)
[6.516s] -- Build files have been written to: /home/tuaydin/Desktop/ros2_ws/src/my_robot_interfaces/build/my_robot_interfaces
[6.529s] Invoked command in '/home/tuaydin/Desktop/ros2_ws/src/my_robot_interfaces/build/my_robot_interfaces' returned '0': CMAKE_PREFIX_PATH=${CMAKE_PREFIX_PATH}:/opt/ros/jazzy /usr/bin/cmake /home/tuaydin/Desktop/ros2_ws/src/my_robot_interfaces -DCMAKE_INSTALL_PREFIX=/home/tuaydin/Desktop/ros2_ws/src/my_robot_interfaces/install/my_robot_interfaces
[6.531s] Invoking command in '/home/tuaydin/Desktop/ros2_ws/src/my_robot_interfaces/build/my_robot_interfaces': CMAKE_PREFIX_PATH=${CMAKE_PREFIX_PATH}:/opt/ros/jazzy /usr/bin/cmake --build /home/tuaydin/Desktop/ros2_ws/src/my_robot_interfaces/build/my_robot_interfaces -- -j16 -l16
[6.633s] [  2%] [34m[1mGenerating type hashes for ROS interfaces[0m
[6.648s] [  2%] Built target ament_cmake_python_copy_my_robot_interfaces
[7.038s] [  2%] Built target my_robot_interfaces__rosidl_generator_type_description
[7.059s] [  5%] [34m[1mGenerating C code for ROS interfaces[0m
[7.082s] [  8%] [34m[1mGenerating C++ code for ROS interfaces[0m
[7.107s] running egg_info
[7.109s] creating my_robot_interfaces.egg-info
[7.156s] writing my_robot_interfaces.egg-info/PKG-INFO
[7.156s] writing dependency_links to my_robot_interfaces.egg-info/dependency_links.txt
[7.156s] writing top-level names to my_robot_interfaces.egg-info/top_level.txt
[7.157s] writing manifest file 'my_robot_interfaces.egg-info/SOURCES.txt'
[7.292s] reading manifest file 'my_robot_interfaces.egg-info/SOURCES.txt'
[7.293s] writing manifest file 'my_robot_interfaces.egg-info/SOURCES.txt'
[7.350s] [  8%] Built target ament_cmake_python_build_my_robot_interfaces_egg
[7.577s] [  8%] Built target my_robot_interfaces__cpp
[7.605s] [ 11%] [32mBuilding C object CMakeFiles/my_robot_interfaces__rosidl_generator_c.dir/rosidl_generator_c/my_robot_interfaces/msg/detail/hardware_status__type_support.c.o[0m
[7.609s] [ 14%] [32mBuilding C object CMakeFiles/my_robot_interfaces__rosidl_generator_c.dir/rosidl_generator_c/my_robot_interfaces/msg/detail/hardware_status__description.c.o[0m
[7.609s] [ 17%] [32mBuilding C object CMakeFiles/my_robot_interfaces__rosidl_generator_c.dir/rosidl_generator_c/my_robot_interfaces/msg/detail/hardware_status__functions.c.o[0m
[7.715s] [ 20%] [32m[1mLinking C shared library libmy_robot_interfaces__rosidl_generator_c.so[0m
[7.797s] [ 20%] Built target my_robot_interfaces__rosidl_generator_c
[7.817s] [ 26%] [34m[1mGenerating C++ introspection for ROS interfaces[0m
[7.817s] [ 26%] [34m[1mGenerating C introspection for ROS interfaces[0m
[7.822s] [ 32%] [34m[1mGenerating C type support for eProsima Fast-RTPS[0m
[7.822s] [ 32%] [34m[1mGenerating C++ type support dispatch for ROS interfaces[0m
[7.823s] [ 35%] [34m[1mGenerating C type support dispatch for ROS interfaces[0m
[7.824s] [ 38%] [34m[1mGenerating C++ type support for eProsima Fast-RTPS[0m
[8.165s] [ 41%] [32mBuilding C object CMakeFiles/my_robot_interfaces__rosidl_typesupport_introspection_c.dir/rosidl_typesupport_introspection_c/my_robot_interfaces/msg/detail/hardware_status__type_support.c.o[0m
[8.242s] [ 44%] [32m[1mLinking C shared library libmy_robot_interfaces__rosidl_typesupport_introspection_c.so[0m
[8.262s] [ 47%] [32mBuilding CXX object CMakeFiles/my_robot_interfaces__rosidl_typesupport_introspection_cpp.dir/rosidl_typesupport_introspection_cpp/my_robot_interfaces/msg/detail/hardware_status__type_support.cpp.o[0m
[8.285s] [ 50%] [32mBuilding CXX object CMakeFiles/my_robot_interfaces__rosidl_typesupport_cpp.dir/rosidl_typesupport_cpp/my_robot_interfaces/msg/hardware_status__type_support.cpp.o[0m
[8.295s] [ 52%] [32mBuilding CXX object CMakeFiles/my_robot_interfaces__rosidl_typesupport_c.dir/rosidl_typesupport_c/my_robot_interfaces/msg/hardware_status__type_support.cpp.o[0m
[8.296s] [ 52%] Built target my_robot_interfaces__rosidl_typesupport_introspection_c
[8.358s] [ 55%] [32mBuilding CXX object CMakeFiles/my_robot_interfaces__rosidl_typesupport_fastrtps_c.dir/rosidl_typesupport_fastrtps_c/my_robot_interfaces/msg/detail/hardware_status__type_support_c.cpp.o[0m
[8.363s] [ 58%] [32mBuilding CXX object CMakeFiles/my_robot_interfaces__rosidl_typesupport_fastrtps_cpp.dir/rosidl_typesupport_fastrtps_cpp/my_robot_interfaces/msg/detail/dds_fastrtps/hardware_status__type_support.cpp.o[0m
[8.375s] [ 61%] [32m[1mLinking CXX shared library libmy_robot_interfaces__rosidl_typesupport_c.so[0m
[8.461s] [ 61%] Built target my_robot_interfaces__rosidl_typesupport_c
[8.743s] [ 64%] [32m[1mLinking CXX shared library libmy_robot_interfaces__rosidl_typesupport_cpp.so[0m
[8.813s] [ 64%] Built target my_robot_interfaces__rosidl_typesupport_cpp
[8.918s] [ 67%] [32m[1mLinking CXX shared library libmy_robot_interfaces__rosidl_typesupport_introspection_cpp.so[0m
[9.039s] [ 67%] Built target my_robot_interfaces__rosidl_typesupport_introspection_cpp
[9.304s] [ 70%] [32m[1mLinking CXX shared library libmy_robot_interfaces__rosidl_typesupport_fastrtps_c.so[0m
[9.308s] [ 73%] [32m[1mLinking CXX shared library libmy_robot_interfaces__rosidl_typesupport_fastrtps_cpp.so[0m
[9.447s] [ 73%] Built target my_robot_interfaces__rosidl_typesupport_fastrtps_cpp
[9.447s] [ 73%] Built target my_robot_interfaces__rosidl_typesupport_fastrtps_c
[9.485s] [ 73%] Built target my_robot_interfaces
[9.527s] [ 76%] [34m[1mGenerating Python code for ROS interfaces[0m
[9.939s] [ 76%] Built target my_robot_interfaces__py
[9.975s] [ 79%] [32mBuilding C object CMakeFiles/my_robot_interfaces__rosidl_generator_py.dir/rosidl_generator_py/my_robot_interfaces/msg/_hardware_status_s.c.o[0m
[10.142s] [ 82%] [32m[1mLinking C shared library libmy_robot_interfaces__rosidl_generator_py.so[0m
[10.199s] [ 82%] Built target my_robot_interfaces__rosidl_generator_py
[10.229s] [ 91%] [32mBuilding C object CMakeFiles/my_robot_interfaces_s__rosidl_typesupport_fastrtps_c.dir/rosidl_generator_py/my_robot_interfaces/_my_robot_interfaces_s.ep.rosidl_typesupport_fastrtps_c.c.o[0m
[10.229s] [ 91%] [32mBuilding C object CMakeFiles/my_robot_interfaces_s__rosidl_typesupport_introspection_c.dir/rosidl_generator_py/my_robot_interfaces/_my_robot_interfaces_s.ep.rosidl_typesupport_introspection_c.c.o[0m
[10.229s] [ 91%] [32mBuilding C object CMakeFiles/my_robot_interfaces_s__rosidl_typesupport_c.dir/rosidl_generator_py/my_robot_interfaces/_my_robot_interfaces_s.ep.rosidl_typesupport_c.c.o[0m
[10.354s] [ 94%] [32m[1mLinking C shared module rosidl_generator_py/my_robot_interfaces/my_robot_interfaces_s__rosidl_typesupport_c.so[0m
[10.354s] [ 97%] [32m[1mLinking C shared module rosidl_generator_py/my_robot_interfaces/my_robot_interfaces_s__rosidl_typesupport_introspection_c.so[0m
[10.364s] [100%] [32m[1mLinking C shared module rosidl_generator_py/my_robot_interfaces/my_robot_interfaces_s__rosidl_typesupport_fastrtps_c.so[0m
[10.396s] [100%] Built target my_robot_interfaces_s__rosidl_typesupport_introspection_c
[10.396s] [100%] Built target my_robot_interfaces_s__rosidl_typesupport_c
[10.407s] [100%] Built target my_robot_interfaces_s__rosidl_typesupport_fastrtps_c
[10.423s] Invoked command in '/home/tuaydin/Desktop/ros2_ws/src/my_robot_interfaces/build/my_robot_interfaces' returned '0': CMAKE_PREFIX_PATH=${CMAKE_PREFIX_PATH}:/opt/ros/jazzy /usr/bin/cmake --build /home/tuaydin/Desktop/ros2_ws/src/my_robot_interfaces/build/my_robot_interfaces -- -j16 -l16
[10.436s] Invoking command in '/home/tuaydin/Desktop/ros2_ws/src/my_robot_interfaces/build/my_robot_interfaces': CMAKE_PREFIX_PATH=${CMAKE_PREFIX_PATH}:/opt/ros/jazzy /usr/bin/cmake --install /home/tuaydin/Desktop/ros2_ws/src/my_robot_interfaces/build/my_robot_interfaces
[10.448s] -- Install configuration: ""
[10.448s] -- Installing: /home/tuaydin/Desktop/ros2_ws/src/my_robot_interfaces/install/my_robot_interfaces/share/ament_index/resource_index/rosidl_interfaces/my_robot_interfaces
[10.449s] -- Installing: /home/tuaydin/Desktop/ros2_ws/src/my_robot_interfaces/install/my_robot_interfaces/share/my_robot_interfaces/msg/HardwareStatus.json
[10.449s] -- Installing: /home/tuaydin/Desktop/ros2_ws/src/my_robot_interfaces/install/my_robot_interfaces/include/my_robot_interfaces/my_robot_interfaces
[10.449s] -- Installing: /home/tuaydin/Desktop/ros2_ws/src/my_robot_interfaces/install/my_robot_interfaces/include/my_robot_interfaces/my_robot_interfaces/msg
[10.450s] -- Installing: /home/tuaydin/Desktop/ros2_ws/src/my_robot_interfaces/install/my_robot_interfaces/include/my_robot_interfaces/my_robot_interfaces/msg/detail
[10.450s] -- Installing: /home/tuaydin/Desktop/ros2_ws/src/my_robot_interfaces/install/my_robot_interfaces/include/my_robot_interfaces/my_robot_interfaces/msg/detail/hardware_status__description.c
[10.450s] -- Installing: /home/tuaydin/Desktop/ros2_ws/src/my_robot_interfaces/install/my_robot_interfaces/include/my_robot_interfaces/my_robot_interfaces/msg/detail/hardware_status__struct.h
[10.450s] -- Installing: /home/tuaydin/Desktop/ros2_ws/src/my_robot_interfaces/install/my_robot_interfaces/include/my_robot_interfaces/my_robot_interfaces/msg/detail/hardware_status__type_support.h
[10.450s] -- Installing: /home/tuaydin/Desktop/ros2_ws/src/my_robot_interfaces/install/my_robot_interfaces/include/my_robot_interfaces/my_robot_interfaces/msg/detail/hardware_status__functions.h
[10.450s] -- Installing: /home/tuaydin/Desktop/ros2_ws/src/my_robot_interfaces/install/my_robot_interfaces/include/my_robot_interfaces/my_robot_interfaces/msg/detail/hardware_status__functions.c
[10.450s] -- Installing: /home/tuaydin/Desktop/ros2_ws/src/my_robot_interfaces/install/my_robot_interfaces/include/my_robot_interfaces/my_robot_interfaces/msg/detail/hardware_status__type_support.c
[10.450s] -- Installing: /home/tuaydin/Desktop/ros2_ws/src/my_robot_interfaces/install/my_robot_interfaces/include/my_robot_interfaces/my_robot_interfaces/msg/rosidl_generator_c__visibility_control.h
[10.451s] -- Installing: /home/tuaydin/Desktop/ros2_ws/src/my_robot_interfaces/install/my_robot_interfaces/include/my_robot_interfaces/my_robot_interfaces/msg/hardware_status.h
[10.451s] -- Installing: /home/tuaydin/Desktop/ros2_ws/src/my_robot_interfaces/install/my_robot_interfaces/share/my_robot_interfaces/environment/library_path.sh
[10.451s] -- Installing: /home/tuaydin/Desktop/ros2_ws/src/my_robot_interfaces/install/my_robot_interfaces/share/my_robot_interfaces/environment/library_path.dsv
[10.452s] -- Installing: /home/tuaydin/Desktop/ros2_ws/src/my_robot_interfaces/install/my_robot_interfaces/lib/libmy_robot_interfaces__rosidl_generator_c.so
[10.452s] -- Set non-toolchain portion of runtime path of "/home/tuaydin/Desktop/ros2_ws/src/my_robot_interfaces/install/my_robot_interfaces/lib/libmy_robot_interfaces__rosidl_generator_c.so" to ""
[10.452s] -- Up-to-date: /home/tuaydin/Desktop/ros2_ws/src/my_robot_interfaces/install/my_robot_interfaces/include/my_robot_interfaces/my_robot_interfaces
[10.452s] -- Up-to-date: /home/tuaydin/Desktop/ros2_ws/src/my_robot_interfaces/install/my_robot_interfaces/include/my_robot_interfaces/my_robot_interfaces/msg
[10.453s] -- Installing: /home/tuaydin/Desktop/ros2_ws/src/my_robot_interfaces/install/my_robot_interfaces/include/my_robot_interfaces/my_robot_interfaces/msg/rosidl_typesupport_fastrtps_c__visibility_control.h
[10.453s] -- Up-to-date: /home/tuaydin/Desktop/ros2_ws/src/my_robot_interfaces/install/my_robot_interfaces/include/my_robot_interfaces/my_robot_interfaces/msg/detail
[10.453s] -- Installing: /home/tuaydin/Desktop/ros2_ws/src/my_robot_interfaces/install/my_robot_interfaces/include/my_robot_interfaces/my_robot_interfaces/msg/detail/hardware_status__rosidl_typesupport_fastrtps_c.h
[10.453s] -- Installing: /home/tuaydin/Desktop/ros2_ws/src/my_robot_interfaces/install/my_robot_interfaces/lib/libmy_robot_interfaces__rosidl_typesupport_fastrtps_c.so
[10.454s] -- Set non-toolchain portion of runtime path of "/home/tuaydin/Desktop/ros2_ws/src/my_robot_interfaces/install/my_robot_interfaces/lib/libmy_robot_interfaces__rosidl_typesupport_fastrtps_c.so" to ""
[10.454s] -- Up-to-date: /home/tuaydin/Desktop/ros2_ws/src/my_robot_interfaces/install/my_robot_interfaces/include/my_robot_interfaces/my_robot_interfaces
[10.454s] -- Up-to-date: /home/tuaydin/Desktop/ros2_ws/src/my_robot_interfaces/install/my_robot_interfaces/include/my_robot_interfaces/my_robot_interfaces/msg
[10.454s] -- Up-to-date: /home/tuaydin/Desktop/ros2_ws/src/my_robot_interfaces/install/my_robot_interfaces/include/my_robot_interfaces/my_robot_interfaces/msg/detail
[10.454s] -- Installing: /home/tuaydin/Desktop/ros2_ws/src/my_robot_interfaces/install/my_robot_interfaces/include/my_robot_interfaces/my_robot_interfaces/msg/detail/hardware_status__rosidl_typesupport_introspection_c.h
[10.454s] -- Installing: /home/tuaydin/Desktop/ros2_ws/src/my_robot_interfaces/install/my_robot_interfaces/include/my_robot_interfaces/my_robot_interfaces/msg/detail/hardware_status__type_support.c
[10.454s] -- Installing: /home/tuaydin/Desktop/ros2_ws/src/my_robot_interfaces/install/my_robot_interfaces/include/my_robot_interfaces/my_robot_interfaces/msg/rosidl_typesupport_introspection_c__visibility_control.h
[10.454s] -- Installing: /home/tuaydin/Desktop/ros2_ws/src/my_robot_interfaces/install/my_robot_interfaces/lib/libmy_robot_interfaces__rosidl_typesupport_introspection_c.so
[10.455s] -- Set non-toolchain portion of runtime path of "/home/tuaydin/Desktop/ros2_ws/src/my_robot_interfaces/install/my_robot_interfaces/lib/libmy_robot_interfaces__rosidl_typesupport_introspection_c.so" to ""
[10.455s] -- Installing: /home/tuaydin/Desktop/ros2_ws/src/my_robot_interfaces/install/my_robot_interfaces/lib/libmy_robot_interfaces__rosidl_typesupport_c.so
[10.455s] -- Set non-toolchain portion of runtime path of "/home/tuaydin/Desktop/ros2_ws/src/my_robot_interfaces/install/my_robot_interfaces/lib/libmy_robot_interfaces__rosidl_typesupport_c.so" to ""
[10.455s] -- Up-to-date: /home/tuaydin/Desktop/ros2_ws/src/my_robot_interfaces/install/my_robot_interfaces/include/my_robot_interfaces/my_robot_interfaces
[10.456s] -- Up-to-date: /home/tuaydin/Desktop/ros2_ws/src/my_robot_interfaces/install/my_robot_interfaces/include/my_robot_interfaces/my_robot_interfaces/msg
[10.456s] -- Installing: /home/tuaydin/Desktop/ros2_ws/src/my_robot_interfaces/install/my_robot_interfaces/include/my_robot_interfaces/my_robot_interfaces/msg/rosidl_generator_cpp__visibility_control.hpp
[10.456s] -- Installing: /home/tuaydin/Desktop/ros2_ws/src/my_robot_interfaces/install/my_robot_interfaces/include/my_robot_interfaces/my_robot_interfaces/msg/hardware_status.hpp
[10.456s] -- Up-to-date: /home/tuaydin/Desktop/ros2_ws/src/my_robot_interfaces/install/my_robot_interfaces/include/my_robot_interfaces/my_robot_interfaces/msg/detail
[10.456s] -- Installing: /home/tuaydin/Desktop/ros2_ws/src/my_robot_interfaces/install/my_robot_interfaces/include/my_robot_interfaces/my_robot_interfaces/msg/detail/hardware_status__builder.hpp
[10.456s] -- Installing: /home/tuaydin/Desktop/ros2_ws/src/my_robot_interfaces/install/my_robot_interfaces/include/my_robot_interfaces/my_robot_interfaces/msg/detail/hardware_status__traits.hpp
[10.456s] -- Installing: /home/tuaydin/Desktop/ros2_ws/src/my_robot_interfaces/install/my_robot_interfaces/include/my_robot_interfaces/my_robot_interfaces/msg/detail/hardware_status__struct.hpp
[10.456s] -- Installing: /home/tuaydin/Desktop/ros2_ws/src/my_robot_interfaces/install/my_robot_interfaces/include/my_robot_interfaces/my_robot_interfaces/msg/detail/hardware_status__type_support.hpp
[10.457s] -- Up-to-date: /home/tuaydin/Desktop/ros2_ws/src/my_robot_interfaces/install/my_robot_interfaces/include/my_robot_interfaces/my_robot_interfaces
[10.457s] -- Up-to-date: /home/tuaydin/Desktop/ros2_ws/src/my_robot_interfaces/install/my_robot_interfaces/include/my_robot_interfaces/my_robot_interfaces/msg
[10.457s] -- Up-to-date: /home/tuaydin/Desktop/ros2_ws/src/my_robot_interfaces/install/my_robot_interfaces/include/my_robot_interfaces/my_robot_interfaces/msg/detail
[10.457s] -- Installing: /home/tuaydin/Desktop/ros2_ws/src/my_robot_interfaces/install/my_robot_interfaces/include/my_robot_interfaces/my_robot_interfaces/msg/detail/hardware_status__rosidl_typesupport_fastrtps_cpp.hpp
[10.457s] -- Installing: /home/tuaydin/Desktop/ros2_ws/src/my_robot_interfaces/install/my_robot_interfaces/include/my_robot_interfaces/my_robot_interfaces/msg/detail/dds_fastrtps
[10.457s] -- Installing: /home/tuaydin/Desktop/ros2_ws/src/my_robot_interfaces/install/my_robot_interfaces/include/my_robot_interfaces/my_robot_interfaces/msg/rosidl_typesupport_fastrtps_cpp__visibility_control.h
[10.457s] -- Installing: /home/tuaydin/Desktop/ros2_ws/src/my_robot_interfaces/install/my_robot_interfaces/lib/libmy_robot_interfaces__rosidl_typesupport_fastrtps_cpp.so
[10.458s] -- Set non-toolchain portion of runtime path of "/home/tuaydin/Desktop/ros2_ws/src/my_robot_interfaces/install/my_robot_interfaces/lib/libmy_robot_interfaces__rosidl_typesupport_fastrtps_cpp.so" to ""
[10.458s] -- Up-to-date: /home/tuaydin/Desktop/ros2_ws/src/my_robot_interfaces/install/my_robot_interfaces/include/my_robot_interfaces/my_robot_interfaces
[10.459s] -- Up-to-date: /home/tuaydin/Desktop/ros2_ws/src/my_robot_interfaces/install/my_robot_interfaces/include/my_robot_interfaces/my_robot_interfaces/msg
[10.459s] -- Up-to-date: /home/tuaydin/Desktop/ros2_ws/src/my_robot_interfaces/install/my_robot_interfaces/include/my_robot_interfaces/my_robot_interfaces/msg/detail
[10.459s] -- Installing: /home/tuaydin/Desktop/ros2_ws/src/my_robot_interfaces/install/my_robot_interfaces/include/my_robot_interfaces/my_robot_interfaces/msg/detail/hardware_status__rosidl_typesupport_introspection_cpp.hpp
[10.459s] -- Installing: /home/tuaydin/Desktop/ros2_ws/src/my_robot_interfaces/install/my_robot_interfaces/include/my_robot_interfaces/my_robot_interfaces/msg/detail/hardware_status__type_support.cpp
[10.459s] -- Installing: /home/tuaydin/Desktop/ros2_ws/src/my_robot_interfaces/install/my_robot_interfaces/lib/libmy_robot_interfaces__rosidl_typesupport_introspection_cpp.so
[10.459s] -- Set non-toolchain portion of runtime path of "/home/tuaydin/Desktop/ros2_ws/src/my_robot_interfaces/install/my_robot_interfaces/lib/libmy_robot_interfaces__rosidl_typesupport_introspection_cpp.so" to ""
[10.459s] -- Installing: /home/tuaydin/Desktop/ros2_ws/src/my_robot_interfaces/install/my_robot_interfaces/lib/libmy_robot_interfaces__rosidl_typesupport_cpp.so
[10.460s] -- Set non-toolchain portion of runtime path of "/home/tuaydin/Desktop/ros2_ws/src/my_robot_interfaces/install/my_robot_interfaces/lib/libmy_robot_interfaces__rosidl_typesupport_cpp.so" to ""
[10.460s] -- Installing: /home/tuaydin/Desktop/ros2_ws/src/my_robot_interfaces/install/my_robot_interfaces/share/my_robot_interfaces/environment/pythonpath.sh
[10.460s] -- Installing: /home/tuaydin/Desktop/ros2_ws/src/my_robot_interfaces/install/my_robot_interfaces/share/my_robot_interfaces/environment/pythonpath.dsv
[10.460s] -- Installing: /home/tuaydin/Desktop/ros2_ws/src/my_robot_interfaces/install/my_robot_interfaces/lib/python3.12/site-packages/my_robot_interfaces-0.0.0-py3.12.egg-info
[10.460s] -- Installing: /home/tuaydin/Desktop/ros2_ws/src/my_robot_interfaces/install/my_robot_interfaces/lib/python3.12/site-packages/my_robot_interfaces-0.0.0-py3.12.egg-info/top_level.txt
[10.461s] -- Installing: /home/tuaydin/Desktop/ros2_ws/src/my_robot_interfaces/install/my_robot_interfaces/lib/python3.12/site-packages/my_robot_interfaces-0.0.0-py3.12.egg-info/dependency_links.txt
[10.461s] -- Installing: /home/tuaydin/Desktop/ros2_ws/src/my_robot_interfaces/install/my_robot_interfaces/lib/python3.12/site-packages/my_robot_interfaces-0.0.0-py3.12.egg-info/SOURCES.txt
[10.461s] -- Installing: /home/tuaydin/Desktop/ros2_ws/src/my_robot_interfaces/install/my_robot_interfaces/lib/python3.12/site-packages/my_robot_interfaces-0.0.0-py3.12.egg-info/PKG-INFO
[10.461s] -- Installing: /home/tuaydin/Desktop/ros2_ws/src/my_robot_interfaces/install/my_robot_interfaces/lib/python3.12/site-packages/my_robot_interfaces
[10.462s] -- Installing: /home/tuaydin/Desktop/ros2_ws/src/my_robot_interfaces/install/my_robot_interfaces/lib/python3.12/site-packages/my_robot_interfaces/_my_robot_interfaces_s.ep.rosidl_typesupport_introspection_c.c
[10.462s] -- Installing: /home/tuaydin/Desktop/ros2_ws/src/my_robot_interfaces/install/my_robot_interfaces/lib/python3.12/site-packages/my_robot_interfaces/my_robot_interfaces_s__rosidl_typesupport_fastrtps_c.so
[10.462s] -- Installing: /home/tuaydin/Desktop/ros2_ws/src/my_robot_interfaces/install/my_robot_interfaces/lib/python3.12/site-packages/my_robot_interfaces/_my_robot_interfaces_s.ep.rosidl_typesupport_c.c
[10.462s] -- Installing: /home/tuaydin/Desktop/ros2_ws/src/my_robot_interfaces/install/my_robot_interfaces/lib/python3.12/site-packages/my_robot_interfaces/my_robot_interfaces_s__rosidl_typesupport_introspection_c.so
[10.462s] -- Installing: /home/tuaydin/Desktop/ros2_ws/src/my_robot_interfaces/install/my_robot_interfaces/lib/python3.12/site-packages/my_robot_interfaces/msg
[10.462s] -- Installing: /home/tuaydin/Desktop/ros2_ws/src/my_robot_interfaces/install/my_robot_interfaces/lib/python3.12/site-packages/my_robot_interfaces/msg/_hardware_status.py
[10.463s] -- Installing: /home/tuaydin/Desktop/ros2_ws/src/my_robot_interfaces/install/my_robot_interfaces/lib/python3.12/site-packages/my_robot_interfaces/msg/_hardware_status_s.c
[10.463s] -- Installing: /home/tuaydin/Desktop/ros2_ws/src/my_robot_interfaces/install/my_robot_interfaces/lib/python3.12/site-packages/my_robot_interfaces/msg/__init__.py
[10.463s] -- Installing: /home/tuaydin/Desktop/ros2_ws/src/my_robot_interfaces/install/my_robot_interfaces/lib/python3.12/site-packages/my_robot_interfaces/__init__.py
[10.463s] -- Installing: /home/tuaydin/Desktop/ros2_ws/src/my_robot_interfaces/install/my_robot_interfaces/lib/python3.12/site-packages/my_robot_interfaces/_my_robot_interfaces_s.ep.rosidl_typesupport_fastrtps_c.c
[10.463s] -- Installing: /home/tuaydin/Desktop/ros2_ws/src/my_robot_interfaces/install/my_robot_interfaces/lib/python3.12/site-packages/my_robot_interfaces/my_robot_interfaces_s__rosidl_typesupport_c.so
[10.507s] Listing '/home/tuaydin/Desktop/ros2_ws/src/my_robot_interfaces/install/my_robot_interfaces/lib/python3.12/site-packages/my_robot_interfaces'...
[10.508s] Compiling '/home/tuaydin/Desktop/ros2_ws/src/my_robot_interfaces/install/my_robot_interfaces/lib/python3.12/site-packages/my_robot_interfaces/__init__.py'...
[10.508s] Listing '/home/tuaydin/Desktop/ros2_ws/src/my_robot_interfaces/install/my_robot_interfaces/lib/python3.12/site-packages/my_robot_interfaces/msg'...
[10.508s] Compiling '/home/tuaydin/Desktop/ros2_ws/src/my_robot_interfaces/install/my_robot_interfaces/lib/python3.12/site-packages/my_robot_interfaces/msg/__init__.py'...
[10.508s] Compiling '/home/tuaydin/Desktop/ros2_ws/src/my_robot_interfaces/install/my_robot_interfaces/lib/python3.12/site-packages/my_robot_interfaces/msg/_hardware_status.py'...
[10.514s] -- Installing: /home/tuaydin/Desktop/ros2_ws/src/my_robot_interfaces/install/my_robot_interfaces/lib/python3.12/site-packages/my_robot_interfaces/my_robot_interfaces_s__rosidl_typesupport_fastrtps_c.so
[10.514s] -- Set non-toolchain portion of runtime path of "/home/tuaydin/Desktop/ros2_ws/src/my_robot_interfaces/install/my_robot_interfaces/lib/python3.12/site-packages/my_robot_interfaces/my_robot_interfaces_s__rosidl_typesupport_fastrtps_c.so" to ""
[10.515s] -- Installing: /home/tuaydin/Desktop/ros2_ws/src/my_robot_interfaces/install/my_robot_interfaces/lib/python3.12/site-packages/my_robot_interfaces/my_robot_interfaces_s__rosidl_typesupport_introspection_c.so
[10.515s] -- Set non-toolchain portion of runtime path of "/home/tuaydin/Desktop/ros2_ws/src/my_robot_interfaces/install/my_robot_interfaces/lib/python3.12/site-packages/my_robot_interfaces/my_robot_interfaces_s__rosidl_typesupport_introspection_c.so" to ""
[10.515s] -- Installing: /home/tuaydin/Desktop/ros2_ws/src/my_robot_interfaces/install/my_robot_interfaces/lib/python3.12/site-packages/my_robot_interfaces/my_robot_interfaces_s__rosidl_typesupport_c.so
[10.516s] -- Set non-toolchain portion of runtime path of "/home/tuaydin/Desktop/ros2_ws/src/my_robot_interfaces/install/my_robot_interfaces/lib/python3.12/site-packages/my_robot_interfaces/my_robot_interfaces_s__rosidl_typesupport_c.so" to ""
[10.516s] -- Installing: /home/tuaydin/Desktop/ros2_ws/src/my_robot_interfaces/install/my_robot_interfaces/lib/libmy_robot_interfaces__rosidl_generator_py.so
[10.517s] -- Set non-toolchain portion of runtime path of "/home/tuaydin/Desktop/ros2_ws/src/my_robot_interfaces/install/my_robot_interfaces/lib/libmy_robot_interfaces__rosidl_generator_py.so" to ""
[10.517s] -- Installing: /home/tuaydin/Desktop/ros2_ws/src/my_robot_interfaces/install/my_robot_interfaces/share/my_robot_interfaces/msg/HardwareStatus.idl
[10.517s] -- Installing: /home/tuaydin/Desktop/ros2_ws/src/my_robot_interfaces/install/my_robot_interfaces/share/my_robot_interfaces/msg/HardwareStatus.msg
[10.517s] -- Installing: /home/tuaydin/Desktop/ros2_ws/src/my_robot_interfaces/install/my_robot_interfaces/share/ament_index/resource_index/package_run_dependencies/my_robot_interfaces
[10.517s] -- Installing: /home/tuaydin/Desktop/ros2_ws/src/my_robot_interfaces/install/my_robot_interfaces/share/ament_index/resource_index/parent_prefix_path/my_robot_interfaces
[10.518s] -- Installing: /home/tuaydin/Desktop/ros2_ws/src/my_robot_interfaces/install/my_robot_interfaces/share/my_robot_interfaces/environment/ament_prefix_path.sh
[10.518s] -- Installing: /home/tuaydin/Desktop/ros2_ws/src/my_robot_interfaces/install/my_robot_interfaces/share/my_robot_interfaces/environment/ament_prefix_path.dsv
[10.518s] -- Installing: /home/tuaydin/Desktop/ros2_ws/src/my_robot_interfaces/install/my_robot_interfaces/share/my_robot_interfaces/environment/path.sh
[10.518s] -- Installing: /home/tuaydin/Desktop/ros2_ws/src/my_robot_interfaces/install/my_robot_interfaces/share/my_robot_interfaces/environment/path.dsv
[10.519s] -- Installing: /home/tuaydin/Desktop/ros2_ws/src/my_robot_interfaces/install/my_robot_interfaces/share/my_robot_interfaces/local_setup.bash
[10.519s] -- Installing: /home/tuaydin/Desktop/ros2_ws/src/my_robot_interfaces/install/my_robot_interfaces/share/my_robot_interfaces/local_setup.sh
[10.519s] -- Installing: /home/tuaydin/Desktop/ros2_ws/src/my_robot_interfaces/install/my_robot_interfaces/share/my_robot_interfaces/local_setup.zsh
[10.519s] -- Installing: /home/tuaydin/Desktop/ros2_ws/src/my_robot_interfaces/install/my_robot_interfaces/share/my_robot_interfaces/local_setup.dsv
[10.520s] -- Installing: /home/tuaydin/Desktop/ros2_ws/src/my_robot_interfaces/install/my_robot_interfaces/share/my_robot_interfaces/package.dsv
[10.520s] -- Installing: /home/tuaydin/Desktop/ros2_ws/src/my_robot_interfaces/install/my_robot_interfaces/share/ament_index/resource_index/packages/my_robot_interfaces
[10.520s] -- Installing: /home/tuaydin/Desktop/ros2_ws/src/my_robot_interfaces/install/my_robot_interfaces/share/my_robot_interfaces/cmake/export_my_robot_interfaces__rosidl_generator_cExport.cmake
[10.520s] -- Installing: /home/tuaydin/Desktop/ros2_ws/src/my_robot_interfaces/install/my_robot_interfaces/share/my_robot_interfaces/cmake/export_my_robot_interfaces__rosidl_generator_cExport-noconfig.cmake
[10.521s] -- Installing: /home/tuaydin/Desktop/ros2_ws/src/my_robot_interfaces/install/my_robot_interfaces/share/my_robot_interfaces/cmake/export_my_robot_interfaces__rosidl_typesupport_fastrtps_cExport.cmake
[10.521s] -- Installing: /home/tuaydin/Desktop/ros2_ws/src/my_robot_interfaces/install/my_robot_interfaces/share/my_robot_interfaces/cmake/export_my_robot_interfaces__rosidl_typesupport_fastrtps_cExport-noconfig.cmake
[10.521s] -- Installing: /home/tuaydin/Desktop/ros2_ws/src/my_robot_interfaces/install/my_robot_interfaces/share/my_robot_interfaces/cmake/my_robot_interfaces__rosidl_typesupport_introspection_cExport.cmake
[10.521s] -- Installing: /home/tuaydin/Desktop/ros2_ws/src/my_robot_interfaces/install/my_robot_interfaces/share/my_robot_interfaces/cmake/my_robot_interfaces__rosidl_typesupport_introspection_cExport-noconfig.cmake
[10.521s] -- Installing: /home/tuaydin/Desktop/ros2_ws/src/my_robot_interfaces/install/my_robot_interfaces/share/my_robot_interfaces/cmake/my_robot_interfaces__rosidl_typesupport_cExport.cmake
[10.522s] -- Installing: /home/tuaydin/Desktop/ros2_ws/src/my_robot_interfaces/install/my_robot_interfaces/share/my_robot_interfaces/cmake/my_robot_interfaces__rosidl_typesupport_cExport-noconfig.cmake
[10.522s] -- Installing: /home/tuaydin/Desktop/ros2_ws/src/my_robot_interfaces/install/my_robot_interfaces/share/my_robot_interfaces/cmake/export_my_robot_interfaces__rosidl_generator_cppExport.cmake
[10.522s] -- Installing: /home/tuaydin/Desktop/ros2_ws/src/my_robot_interfaces/install/my_robot_interfaces/share/my_robot_interfaces/cmake/export_my_robot_interfaces__rosidl_typesupport_fastrtps_cppExport.cmake
[10.522s] -- Installing: /home/tuaydin/Desktop/ros2_ws/src/my_robot_interfaces/install/my_robot_interfaces/share/my_robot_interfaces/cmake/export_my_robot_interfaces__rosidl_typesupport_fastrtps_cppExport-noconfig.cmake
[10.522s] -- Installing: /home/tuaydin/Desktop/ros2_ws/src/my_robot_interfaces/install/my_robot_interfaces/share/my_robot_interfaces/cmake/my_robot_interfaces__rosidl_typesupport_introspection_cppExport.cmake
[10.523s] -- Installing: /home/tuaydin/Desktop/ros2_ws/src/my_robot_interfaces/install/my_robot_interfaces/share/my_robot_interfaces/cmake/my_robot_interfaces__rosidl_typesupport_introspection_cppExport-noconfig.cmake
[10.523s] -- Installing: /home/tuaydin/Desktop/ros2_ws/src/my_robot_interfaces/install/my_robot_interfaces/share/my_robot_interfaces/cmake/my_robot_interfaces__rosidl_typesupport_cppExport.cmake
[10.523s] -- Installing: /home/tuaydin/Desktop/ros2_ws/src/my_robot_interfaces/install/my_robot_interfaces/share/my_robot_interfaces/cmake/my_robot_interfaces__rosidl_typesupport_cppExport-noconfig.cmake
[10.523s] -- Installing: /home/tuaydin/Desktop/ros2_ws/src/my_robot_interfaces/install/my_robot_interfaces/share/my_robot_interfaces/cmake/export_my_robot_interfaces__rosidl_generator_pyExport.cmake
[10.524s] -- Installing: /home/tuaydin/Desktop/ros2_ws/src/my_robot_interfaces/install/my_robot_interfaces/share/my_robot_interfaces/cmake/export_my_robot_interfaces__rosidl_generator_pyExport-noconfig.cmake
[10.524s] -- Installing: /home/tuaydin/Desktop/ros2_ws/src/my_robot_interfaces/install/my_robot_interfaces/share/my_robot_interfaces/cmake/rosidl_cmake-extras.cmake
[10.524s] -- Installing: /home/tuaydin/Desktop/ros2_ws/src/my_robot_interfaces/install/my_robot_interfaces/share/my_robot_interfaces/cmake/ament_cmake_export_include_directories-extras.cmake
[10.524s] -- Installing: /home/tuaydin/Desktop/ros2_ws/src/my_robot_interfaces/install/my_robot_interfaces/share/my_robot_interfaces/cmake/ament_cmake_export_libraries-extras.cmake
[10.524s] -- Installing: /home/tuaydin/Desktop/ros2_ws/src/my_robot_interfaces/install/my_robot_interfaces/share/my_robot_interfaces/cmake/ament_cmake_export_targets-extras.cmake
[10.525s] -- Installing: /home/tuaydin/Desktop/ros2_ws/src/my_robot_interfaces/install/my_robot_interfaces/share/my_robot_interfaces/cmake/rosidl_cmake_export_typesupport_targets-extras.cmake
[10.525s] -- Installing: /home/tuaydin/Desktop/ros2_ws/src/my_robot_interfaces/install/my_robot_interfaces/share/my_robot_interfaces/cmake/ament_cmake_export_dependencies-extras.cmake
[10.525s] -- Installing: /home/tuaydin/Desktop/ros2_ws/src/my_robot_interfaces/install/my_robot_interfaces/share/my_robot_interfaces/cmake/rosidl_cmake_export_typesupport_libraries-extras.cmake
[10.525s] -- Installing: /home/tuaydin/Desktop/ros2_ws/src/my_robot_interfaces/install/my_robot_interfaces/share/my_robot_interfaces/cmake/my_robot_interfacesConfig.cmake
[10.525s] -- Installing: /home/tuaydin/Desktop/ros2_ws/src/my_robot_interfaces/install/my_robot_interfaces/share/my_robot_interfaces/cmake/my_robot_interfacesConfig-version.cmake
[10.525s] -- Installing: /home/tuaydin/Desktop/ros2_ws/src/my_robot_interfaces/install/my_robot_interfaces/share/my_robot_interfaces/package.xml
[10.529s] Invoked command in '/home/tuaydin/Desktop/ros2_ws/src/my_robot_interfaces/build/my_robot_interfaces' returned '0': CMAKE_PREFIX_PATH=${CMAKE_PREFIX_PATH}:/opt/ros/jazzy /usr/bin/cmake --install /home/tuaydin/Desktop/ros2_ws/src/my_robot_interfaces/build/my_robot_interfaces
