[0.027s] Invoking command in '/home/tuaydin/ros2_ws/build/my_cpp_pkg': CMAKE_PREFIX_PATH=${CMAKE_PREFIX_PATH}:/home/tuaydin/ros2_ws/install/my_py_pkg:/opt/ros/jazzy /usr/bin/cmake --build /home/tuaydin/ros2_ws/build/my_cpp_pkg -- -j4 -l4
[0.120s] -- Found ament_cmake: 2.5.2 (/opt/ros/jazzy/share/ament_cmake/cmake)
[0.550s] -- Found rclcpp: 28.1.5 (/opt/ros/jazzy/share/rclcpp/cmake)
[0.730s] -- Found rosidl_generator_c: 4.6.4 (/opt/ros/jazzy/share/rosidl_generator_c/cmake)
[0.742s] -- Found rosidl_generator_cpp: 4.6.4 (/opt/ros/jazzy/share/rosidl_generator_cpp/cmake)
[0.764s] -- Using all available rosidl_typesupport_c: rosidl_typesupport_fastrtps_c;rosidl_typesupport_introspection_c
[0.785s] -- Using all available rosidl_typesupport_cpp: rosidl_typesupport_fastrtps_cpp;rosidl_typesupport_introspection_cpp
[0.888s] -- Found rmw_implementation_cmake: 7.3.1 (/opt/ros/jazzy/share/rmw_implementation_cmake/cmake)
[0.892s] -- Found rmw_fastrtps_cpp: 8.4.1 (/opt/ros/jazzy/share/rmw_fastrtps_cpp/cmake)
[1.093s] -- Using RMW implementation 'rmw_fastrtps_cpp' as default
[1.278s] -- Found example_interfaces: 0.12.0 (/opt/ros/jazzy/share/example_interfaces/cmake)
[1.460s] -- Configuring done (1.4s)
[1.511s] -- Generating done (0.0s)
[1.527s] -- Build files have been written to: /home/tuaydin/ros2_ws/build/my_cpp_pkg
[1.601s] [ 14%] Built target robot_news_station
[1.611s] [ 28%] Built target number_counter
[1.614s] [ 42%] Built target cpp_node
[1.621s] [ 57%] Built target smartphone
[1.648s] [ 64%] [32mBuilding CXX object CMakeFiles/add_two_ints_client.dir/src/add_two_ints_client.cpp.o[0m
[1.655s] [ 78%] Built target add_two_ints_server
[1.662s] [ 92%] Built target add_two_ints_client_no_oop
[4.292s] In file included from [01m[K/opt/ros/jazzy/include/rclcpp/rclcpp/logging.hpp:24[m[K,
[4.292s]                  from [01m[K/opt/ros/jazzy/include/rclcpp/rclcpp/copy_all_parameter_values.hpp:27[m[K,
[4.292s]                  from [01m[K/opt/ros/jazzy/include/rclcpp/rclcpp/rclcpp.hpp:171[m[K,
[4.292s]                  from [01m[K/home/tuaydin/ros2_ws/src/my_cpp_pkg/src/add_two_ints_client.cpp:1[m[K:
[4.292s] [01m[K/home/tuaydin/ros2_ws/src/my_cpp_pkg/src/add_two_ints_client.cpp:[m[K In member function ‘[01m[Kvoid AddTwoIntsClientNode::[01;32m[KcallAddTwoIntsService[m[K(int, int)[m[K’:
[4.292s] [01m[K/home/tuaydin/ros2_ws/src/my_cpp_pkg/src/add_two_ints_client.cpp:28:57:[m[K [01;35m[Kwarning: [m[Kformat ‘[01m[K%d[m[K’ expects argument of type ‘[01m[Kint[m[K’, but argument 7 has type ‘[01m[Kexample_interfaces::srv::AddTwoInts_Response_<std::allocator<void> >::_sum_type[m[K’ {aka ‘[01m[Klong int[m[K’} [[01;35m[K]8;;https://gcc.gnu.org/onlinedocs/gcc/Warning-Options.html#index-Wformat=-Wformat=]8;;[m[K]
[4.292s]    28 |                         RCLCPP_INFO(this->get_logger(), [01;35m[K"%d + %d = %d"[m[K, a, b, [32m[Kresponse->sum[m[K);
[4.292s]       |                                                         [01;35m[K^~~~~~~~~~~~~~[m[K        [32m[K~~~~~~~~~~~~~[m[K
[4.292s]       |                                                                                         [32m[K|[m[K
[4.292s]       |                                                                                         [32m[Kexample_interfaces::srv::AddTwoInts_Response_<std::allocator<void> >::_sum_type {aka long int}[m[K
[4.292s] [01m[K/home/tuaydin/ros2_ws/src/my_cpp_pkg/src/add_two_ints_client.cpp:28:69:[m[K [01;36m[Knote: [m[Kformat string is defined here
[4.293s]    28 |                         RCLCPP_INFO(this->get_logger(), "%d + %d = [01;36m[K%d[m[K", a, b, response->sum);
[4.293s]       |                                                                    [01;36m[K~^[m[K
[4.293s]       |                                                                     [01;36m[K|[m[K
[4.293s]       |                                                                     [01;36m[Kint[m[K
[4.293s]       |                                                                    [32m[K%ld[m[K
[4.416s] In file included from [01m[K/usr/include/c++/13/future:51[m[K,
[4.416s]                  from [01m[K/opt/ros/jazzy/include/rclcpp/rclcpp/executors.hpp:18[m[K,
[4.416s]                  from [01m[K/opt/ros/jazzy/include/rclcpp/rclcpp/rclcpp.hpp:172[m[K:
[4.416s] /usr/include/c++/13/bits/std_thread.h: In instantiation of ‘[01m[Kstd::thread::[01;32m[Kthread[m[K(_Callable&&, _Args&& ...) [35m[K[with _Callable = std::_Bind<void (AddTwoIntsClientNode::*(AddTwoIntsClientNode*, std::_Placeholder<1>, std::_Placeholder<2>))(int, int)>; _Args = {}; <template-parameter-1-3> = void][m[K[m[K’:
[4.416s] [01m[K/home/tuaydin/ros2_ws/src/my_cpp_pkg/src/add_two_ints_client.cpp:11:95:[m[K   required from here
[4.416s] [01m[K/usr/include/c++/13/bits/std_thread.h:157:72:[m[K [01;31m[Kerror: [m[Kstatic assertion failed: std::thread arguments must be invocable after conversion to rvalues
[4.417s]   157 |                                       typename decay<_Args>::type...>::[01;31m[Kvalue[m[K,
[4.417s]       |                                                                        [01;31m[K^~~~~[m[K
[4.417s] [01m[K/usr/include/c++/13/bits/std_thread.h:157:72:[m[K [01;36m[Knote: [m[K‘[01m[Kstd::integral_constant<bool, false>::value[m[K’ evaluates to false
[4.418s] /usr/include/c++/13/bits/std_thread.h: In instantiation of ‘[01m[Kstruct std::thread::_Invoker<std::tuple<std::_Bind<void (AddTwoIntsClientNode::*(AddTwoIntsClientNode*, std::_Placeholder<1>, std::_Placeholder<2>))(int, int)> > >[m[K’:
[4.419s] [01m[K/usr/include/c++/13/bits/std_thread.h:236:13:[m[K   required from ‘[01m[Kstruct std::thread::_State_impl<std::thread::_Invoker<std::tuple<std::_Bind<void (AddTwoIntsClientNode::*(AddTwoIntsClientNode*, std::_Placeholder<1>, std::_Placeholder<2>))(int, int)> > > >[m[K’
[4.419s] [01m[K/usr/include/c++/13/bits/std_thread.h:164:29:[m[K   required from ‘[01m[Kstd::thread::[01;32m[Kthread[m[K(_Callable&&, _Args&& ...) [35m[K[with _Callable = std::_Bind<void (AddTwoIntsClientNode::*(AddTwoIntsClientNode*, std::_Placeholder<1>, std::_Placeholder<2>))(int, int)>; _Args = {}; <template-parameter-1-3> = void][m[K[m[K’
[4.419s] [01m[K/home/tuaydin/ros2_ws/src/my_cpp_pkg/src/add_two_ints_client.cpp:11:95:[m[K   required from here
[4.419s] [01m[K/usr/include/c++/13/bits/std_thread.h:291:11:[m[K [01;31m[Kerror: [m[Kno type named ‘[01m[Ktype[m[K’ in ‘[01m[Kstruct std::thread::_Invoker<std::tuple<std::_Bind<void (AddTwoIntsClientNode::*(AddTwoIntsClientNode*, std::_Placeholder<1>, std::_Placeholder<2>))(int, int)> > >::__result<std::tuple<std::_Bind<void (AddTwoIntsClientNode::*(AddTwoIntsClientNode*, std::_Placeholder<1>, std::_Placeholder<2>))(int, int)> > >[m[K’
[4.419s]   291 |           [01;31m[K_M_invoke[m[K(_Index_tuple<_Ind...>)
[4.420s]       |           [01;31m[K^~~~~~~~~[m[K
[4.420s] [01m[K/usr/include/c++/13/bits/std_thread.h:295:9:[m[K [01;31m[Kerror: [m[Kno type named ‘[01m[Ktype[m[K’ in ‘[01m[Kstruct std::thread::_Invoker<std::tuple<std::_Bind<void (AddTwoIntsClientNode::*(AddTwoIntsClientNode*, std::_Placeholder<1>, std::_Placeholder<2>))(int, int)> > >::__result<std::tuple<std::_Bind<void (AddTwoIntsClientNode::*(AddTwoIntsClientNode*, std::_Placeholder<1>, std::_Placeholder<2>))(int, int)> > >[m[K’
[4.420s]   295 |         [01;31m[Koperator[m[K()()
[4.420s]       |         [01;31m[K^~~~~~~~[m[K
[5.320s] gmake[2]: *** [CMakeFiles/add_two_ints_client.dir/build.make:76: CMakeFiles/add_two_ints_client.dir/src/add_two_ints_client.cpp.o] Error 1
[5.320s] gmake[1]: *** [CMakeFiles/Makefile2:305: CMakeFiles/add_two_ints_client.dir/all] Error 2
[5.320s] gmake: *** [Makefile:146: all] Error 2
[5.322s] Invoked command in '/home/tuaydin/ros2_ws/build/my_cpp_pkg' returned '2': CMAKE_PREFIX_PATH=${CMAKE_PREFIX_PATH}:/home/tuaydin/ros2_ws/install/my_py_pkg:/opt/ros/jazzy /usr/bin/cmake --build /home/tuaydin/ros2_ws/build/my_cpp_pkg -- -j4 -l4
