[0.008s] Invoking command in '/home/tuaydin/Desktop/ros2_ws/build/my_robot_bringup': CMAKE_PREFIX_PATH=/home/tuaydin/Desktop/ros2_ws/install/my_cpp_pkg:/home/tuaydin/Desktop/ros2_ws/install/my_robot_bringup:/opt/ros/jazzy/opt/gz_math_vendor:/opt/ros/jazzy/opt/gz_utils_vendor:/opt/ros/jazzy/opt/gz_cmake_vendor:/home/tuaydin/Desktop/ros2_ws/install/my_py_pkg:/opt/ros/jazzy DEBUGINFOD_URLS=https://debuginfod.ubuntu.com /usr/bin/cmake --build /home/tuaydin/Desktop/ros2_ws/build/my_robot_bringup -- -j16 -l16
[0.045s] Invoked command in '/home/tuaydin/Desktop/ros2_ws/build/my_robot_bringup' returned '0': CMAKE_PREFIX_PATH=/home/tuaydin/Desktop/ros2_ws/install/my_cpp_pkg:/home/tuaydin/Desktop/ros2_ws/install/my_robot_bringup:/opt/ros/jazzy/opt/gz_math_vendor:/opt/ros/jazzy/opt/gz_utils_vendor:/opt/ros/jazzy/opt/gz_cmake_vendor:/home/tuaydin/Desktop/ros2_ws/install/my_py_pkg:/opt/ros/jazzy DEBUGINFOD_URLS=https://debuginfod.ubuntu.com /usr/bin/cmake --build /home/tuaydin/Desktop/ros2_ws/build/my_robot_bringup -- -j16 -l16
[0.045s] Invoking command in '/home/tuaydin/Desktop/ros2_ws/build/my_robot_bringup': CMAKE_PREFIX_PATH=/home/tuaydin/Desktop/ros2_ws/install/my_cpp_pkg:/home/tuaydin/Desktop/ros2_ws/install/my_robot_bringup:/opt/ros/jazzy/opt/gz_math_vendor:/opt/ros/jazzy/opt/gz_utils_vendor:/opt/ros/jazzy/opt/gz_cmake_vendor:/home/tuaydin/Desktop/ros2_ws/install/my_py_pkg:/opt/ros/jazzy DEBUGINFOD_URLS=https://debuginfod.ubuntu.com /usr/bin/cmake --install /home/tuaydin/Desktop/ros2_ws/build/my_robot_bringup
[0.054s] -- Install configuration: ""
[0.054s] -- Up-to-date: /home/tuaydin/Desktop/ros2_ws/install/my_robot_bringup/share/my_robot_bringup/launch
[0.054s] -- Up-to-date: /home/tuaydin/Desktop/ros2_ws/install/my_robot_bringup/share/my_robot_bringup/launch/number_app.launch.py
[0.054s] -- Up-to-date: /home/tuaydin/Desktop/ros2_ws/install/my_robot_bringup/share/my_robot_bringup/launch/news_station_app.launch.py
[0.054s] -- Up-to-date: /home/tuaydin/Desktop/ros2_ws/install/my_robot_bringup/share/ament_index/resource_index/package_run_dependencies/my_robot_bringup
[0.054s] -- Up-to-date: /home/tuaydin/Desktop/ros2_ws/install/my_robot_bringup/share/ament_index/resource_index/parent_prefix_path/my_robot_bringup
[0.054s] -- Up-to-date: /home/tuaydin/Desktop/ros2_ws/install/my_robot_bringup/share/my_robot_bringup/environment/ament_prefix_path.sh
[0.054s] -- Up-to-date: /home/tuaydin/Desktop/ros2_ws/install/my_robot_bringup/share/my_robot_bringup/environment/ament_prefix_path.dsv
[0.054s] -- Up-to-date: /home/tuaydin/Desktop/ros2_ws/install/my_robot_bringup/share/my_robot_bringup/environment/path.sh
[0.054s] -- Up-to-date: /home/tuaydin/Desktop/ros2_ws/install/my_robot_bringup/share/my_robot_bringup/environment/path.dsv
[0.054s] -- Up-to-date: /home/tuaydin/Desktop/ros2_ws/install/my_robot_bringup/share/my_robot_bringup/local_setup.bash
[0.054s] -- Up-to-date: /home/tuaydin/Desktop/ros2_ws/install/my_robot_bringup/share/my_robot_bringup/local_setup.sh
[0.054s] -- Up-to-date: /home/tuaydin/Desktop/ros2_ws/install/my_robot_bringup/share/my_robot_bringup/local_setup.zsh
[0.055s] -- Up-to-date: /home/tuaydin/Desktop/ros2_ws/install/my_robot_bringup/share/my_robot_bringup/local_setup.dsv
[0.055s] -- Up-to-date: /home/tuaydin/Desktop/ros2_ws/install/my_robot_bringup/share/my_robot_bringup/package.dsv
[0.055s] -- Up-to-date: /home/tuaydin/Desktop/ros2_ws/install/my_robot_bringup/share/ament_index/resource_index/packages/my_robot_bringup
[0.055s] -- Up-to-date: /home/tuaydin/Desktop/ros2_ws/install/my_robot_bringup/share/my_robot_bringup/cmake/my_robot_bringupConfig.cmake
[0.055s] -- Up-to-date: /home/tuaydin/Desktop/ros2_ws/install/my_robot_bringup/share/my_robot_bringup/cmake/my_robot_bringupConfig-version.cmake
[0.055s] -- Up-to-date: /home/tuaydin/Desktop/ros2_ws/install/my_robot_bringup/share/my_robot_bringup/package.xml
[0.056s] Invoked command in '/home/tuaydin/Desktop/ros2_ws/build/my_robot_bringup' returned '0': CMAKE_PREFIX_PATH=/home/tuaydin/Desktop/ros2_ws/install/my_cpp_pkg:/home/tuaydin/Desktop/ros2_ws/install/my_robot_bringup:/opt/ros/jazzy/opt/gz_math_vendor:/opt/ros/jazzy/opt/gz_utils_vendor:/opt/ros/jazzy/opt/gz_cmake_vendor:/home/tuaydin/Desktop/ros2_ws/install/my_py_pkg:/opt/ros/jazzy DEBUGINFOD_URLS=https://debuginfod.ubuntu.com /usr/bin/cmake --install /home/tuaydin/Desktop/ros2_ws/build/my_robot_bringup
