[0.020s] Invoking command in '/home/tuaydin/ros2_ws/build/my_cpp_pkg': CMAKE_PREFIX_PATH=${CMAKE_PREFIX_PATH}:/home/tuaydin/ros2_ws/install/my_py_pkg:/opt/ros/jazzy /usr/bin/cmake --build /home/tuaydin/ros2_ws/build/my_cpp_pkg -- -j4 -l4
[0.039s] -- Found ament_cmake: 2.5.2 (/opt/ros/jazzy/share/ament_cmake/cmake)
[0.259s] -- Found rclcpp: 28.1.5 (/opt/ros/jazzy/share/rclcpp/cmake)
[0.374s] -- Found rosidl_generator_c: 4.6.4 (/opt/ros/jazzy/share/rosidl_generator_c/cmake)
[0.382s] -- Found rosidl_generator_cpp: 4.6.4 (/opt/ros/jazzy/share/rosidl_generator_cpp/cmake)
[0.393s] -- Using all available rosidl_typesupport_c: rosidl_typesupport_fastrtps_c;rosidl_typesupport_introspection_c
[0.405s] -- Using all available rosidl_typesupport_cpp: rosidl_typesupport_fastrtps_cpp;rosidl_typesupport_introspection_cpp
[0.470s] -- Found rmw_implementation_cmake: 7.3.1 (/opt/ros/jazzy/share/rmw_implementation_cmake/cmake)
[0.471s] -- Found rmw_fastrtps_cpp: 8.4.1 (/opt/ros/jazzy/share/rmw_fastrtps_cpp/cmake)
[0.650s] -- Using RMW implementation 'rmw_fastrtps_cpp' as default
[0.790s] -- Found example_interfaces: 0.12.0 (/opt/ros/jazzy/share/example_interfaces/cmake)
[0.916s] -- Configuring done (0.9s)
[0.950s] -- Generating done (0.0s)
[0.958s] -- Build files have been written to: /home/tuaydin/ros2_ws/build/my_cpp_pkg
[1.023s] [ 25%] Built target smartphone
[1.026s] [ 50%] Built target robot_news_station
[1.034s] [ 75%] Built target cpp_node
[1.041s] [ 87%] [32mBuilding CXX object CMakeFiles/number_counter.dir/src/number_counter.cpp.o[0m
[1.311s] [01m[K/home/tuaydin/ros2_ws/src/my_cpp_pkg/src/number_counter.cpp:2:10:[m[K [01;31m[Kfatal error: [m[Kstd_msgs/msg/int64.hpp: No such file or directory
[1.311s]     2 | #include [01;31m[K"std_msgs/msg/int64.hpp"[m[K
[1.311s]       |          [01;31m[K^~~~~~~~~~~~~~~~~~~~~~~~[m[K
[1.312s] compilation terminated.
[1.315s] gmake[2]: *** [CMakeFiles/number_counter.dir/build.make:76: CMakeFiles/number_counter.dir/src/number_counter.cpp.o] Error 1
[1.316s] gmake[1]: *** [CMakeFiles/Makefile2:221: CMakeFiles/number_counter.dir/all] Error 2
[1.316s] gmake: *** [Makefile:146: all] Error 2
[1.319s] Invoked command in '/home/tuaydin/ros2_ws/build/my_cpp_pkg' returned '2': CMAKE_PREFIX_PATH=${CMAKE_PREFIX_PATH}:/home/tuaydin/ros2_ws/install/my_py_pkg:/opt/ros/jazzy /usr/bin/cmake --build /home/tuaydin/ros2_ws/build/my_cpp_pkg -- -j4 -l4
